[06 Feb 13:32:14] Created new character, ReEdiT(268489123), karolusw89 
[06 Feb 13:32:17] Logged in, ReEdiT(268489123) 
[06 Feb 13:51:21] Logged out, ReEdiT(268489123) 
[06 Feb 13:52:49] Logged in, ReEdiT(268489123) 
[06 Feb 13:59:49] Logged in, ReEdiT(268489123) 
[06 Feb 14:16:10] Logged out, ReEdiT(268489123) 
[06 Feb 14:16:13] Logged in, ReEdiT(268489123) 
[06 Feb 14:23:07] Logged in, ReEdiT(268489123) 
[06 Feb 14:24:19] Created new character, Nerfyo(268486660), nerfyo 
[06 Feb 14:24:28] Logged in, Nerfyo(268486660) 
[06 Feb 14:25:30] Logged out, Nerfyo(268486660) 
[06 Feb 14:25:51] Logged in, Nerfyo(268486660) 
[06 Feb 14:36:06] Logged out, ReEdiT(268489123) 
[06 Feb 14:36:09] Logged in, ReEdiT(268489123) 
[06 Feb 14:47:52] Logged out, ReEdiT(268489123) 
[06 Feb 14:47:57] Logged in, ReEdiT(268489123) 
[06 Feb 14:52:24] Logged out, ReEdiT(268489123) 
[06 Feb 14:52:32] Logged in, ReEdiT(268489123) 
[06 Feb 14:56:00] Logged out, ReEdiT(268489123) 
[06 Feb 14:56:07] Logged in, ReEdiT(268489123) 
[06 Feb 15:09:35] Created new character, GravieR(268487827), gravier666 
[06 Feb 15:09:38] Logged in, GravieR(268487827) 
[06 Feb 15:23:30] Logged in, GravieR(268487827) 
[06 Feb 15:39:44] Disconnected, Nerfyo(268486660) 
[06 Feb 15:43:33] Created new character, Nina(268488639), piecpo5 
[06 Feb 15:43:35] Logged in, Nina(268488639) 
[06 Feb 16:10:35] Created new character, lechu(268490492), lechu 
[06 Feb 16:10:38] Logged in, lechu(268490492) 
[06 Feb 16:54:22] Logged in, ReEdiT(268489123) 
[06 Feb 16:54:27] Logged in, GravieR(268487827) 
[06 Feb 16:55:06] Logged in, lechu(268490492) 
[06 Feb 16:55:30] Logged out, ReEdiT(268489123) 
[06 Feb 16:55:45] Created new character, test(268487091), karolusw89 
[06 Feb 16:55:48] Logged in, test(268487091) 
[06 Feb 16:56:14] Logged out, test(268487091) 
[06 Feb 16:56:25] Logged in, ReEdiT(268489123) 
[06 Feb 17:07:47] Logged in, test(268487091) 
[06 Feb 17:08:04] Logged out, test(268487091) 
[06 Feb 17:08:17] Logged in, ReEdiT(268489123) 
[06 Feb 17:09:15] Logged in, GravieR(268487827) 
[06 Feb 17:48:47] Created new character, Neema(268488058), piecpo55 
[06 Feb 17:49:48] Logged in, Neema(268488058) 
[06 Feb 17:50:55] Logged out, GravieR(268487827) 
[06 Feb 17:50:59] Logged in, GravieR(268487827) 
[06 Feb 17:56:39] Logged out, Neema(268488058) 
[06 Feb 17:56:43] Logged in, Neema(268488058) 
[06 Feb 18:01:07] Logged out, GravieR(268487827) 
[06 Feb 18:01:11] Logged in, GravieR(268487827) 
[06 Feb 18:08:30] Disconnected, Neema(268488058) 
[06 Feb 18:38:36] Disconnected, ReEdiT(268489123) 
[06 Feb 19:19:47] Created new character, HAZ(268490511), lechu666 
[06 Feb 19:19:51] Logged in, Neema(268488058) 
[06 Feb 19:19:57] Logged in, HAZ(268490511) 
[06 Feb 19:36:38] Logged out, Neema(268488058) 
[06 Feb 19:38:05] Logged in, lechu(268490492) 
[06 Feb 20:13:35] Logged out, GravieR(268487827) 
[06 Feb 21:51:35] Disconnected, HAZ(268490511) 
[06 Feb 21:51:41] Disconnected, lechu(268490492) 
[07 Feb 10:16:43] Kicked by login, gravier666 
[07 Feb 10:17:11] Logged in, GravieR(268487827) 
[07 Feb 11:09:36] Logged in, ReEdiT(268489123) 
[07 Feb 11:50:10] Logged in, Neema(268488058) 
[07 Feb 13:25:35] Logged in, Nerfyo(268486660) 
[07 Feb 13:26:01] Logged in, lechu(268490492) 
[07 Feb 14:29:09] Logged out, Neema(268488058) 
[07 Feb 14:34:06] Created new character, HYza(268534776), nevario 
[07 Feb 14:34:11] Logged in, HYza(268534776) 
[07 Feb 14:34:26] Disconnected abnormally, HYza(268534776) 
[07 Feb 14:35:17] Logged in, HYza(268534776) 
[07 Feb 15:07:58] Disconnected, Nerfyo(268486660) 
[07 Feb 15:35:27] Disconnected, ReEdiT(268489123) 
[07 Feb 16:44:16] Logged in, Nerfyo(268486660) 
[07 Feb 17:43:34] Logged out, Nerfyo(268486660) 
[07 Feb 17:43:41] Logged in, Nerfyo(268486660) 
[07 Feb 17:54:56] Logged out, HYza(268534776) 
[07 Feb 17:55:30] Logged in, Neema(268488058) 
[07 Feb 18:03:21] Logged in, ReEdiT(268489123) 
[07 Feb 18:55:39] Logged out, Nerfyo(268486660) 
[07 Feb 18:55:42] Logged in, Nerfyo(268486660) 
[07 Feb 18:57:09] Logged out, ReEdiT(268489123) 
[07 Feb 18:57:17] Logged in, ReEdiT(268489123) 
[07 Feb 19:02:18] Logged out, ReEdiT(268489123) 
[07 Feb 19:02:22] Logged in, ReEdiT(268489123) 
[07 Feb 19:28:28] Logged out, lechu(268490492) 
[07 Feb 19:28:33] Logged in, lechu(268490492) 
[07 Feb 19:28:48] Logged out, GravieR(268487827) 
[07 Feb 19:28:54] Logged in, GravieR(268487827) 
[07 Feb 19:39:42] Disconnected, Nerfyo(268486660) 
[07 Feb 20:16:57] Logged out, GravieR(268487827) 
[07 Feb 20:17:01] Logged in, GravieR(268487827) 
[07 Feb 20:30:38] Disconnected, ReEdiT(268489123) 
[07 Feb 20:43:28] Disconnected, lechu(268490492) 
[07 Feb 20:43:33] Disconnected, GravieR(268487827) 
[07 Feb 20:49:53] Disconnected, Neema(268488058) 
[08 Feb 19:18:46] Logged in, GravieR(268487827) 
[08 Feb 19:26:21] Logged in, Nerfyo(268486660) 
[08 Feb 19:50:38] Logged out, Nerfyo(268486660) 
[08 Feb 19:50:42] Logged in, Nerfyo(268486660) 
[08 Feb 19:52:08] Logged in, Neema(268488058) 
[08 Feb 20:23:11] Disconnected, Nerfyo(268486660) 
[08 Feb 21:04:07] Disconnected abnormally, Neema(268488058) 
[08 Feb 21:04:08] Disconnected abnormally, GravieR(268487827) 
[08 Feb 21:29:40] Logged in, GravieR(268487827) 
[08 Feb 21:37:10] Logged in, Neema(268488058) 
[08 Feb 22:00:47] Logged out, GravieR(268487827) 
[08 Feb 22:01:00] Logged in, GravieR(268487827) 
[08 Feb 22:11:29] Disconnected abnormally, Neema(268488058) 
[08 Feb 22:11:35] Disconnected abnormally, GravieR(268487827) 
[08 Feb 22:16:51] Logged in, ReEdiT(268489123) 
[08 Feb 22:35:31] Logged in, Neema(268488058) 
[08 Feb 22:35:36] Logged in, GravieR(268487827) 
[08 Feb 23:02:48] Disconnected, GravieR(268487827) 
[08 Feb 23:02:54] Disconnected, Neema(268488058) 
[08 Feb 23:23:54] Logged out, ReEdiT(268489123) 
[08 Feb 23:23:59] Logged in, ReEdiT(268489123) 
[08 Feb 23:28:41] Disconnected, ReEdiT(268489123) 
[09 Feb 15:20:30] Logged in, GravieR(268487827) 
[09 Feb 15:21:19] Logged in, Neema(268488058) 
[09 Feb 15:22:36] Logged in, lechu(268490492) 
[09 Feb 16:40:57] Logged in, Nerfyo(268486660) 
[09 Feb 17:05:50] Logged out, Nerfyo(268486660) 
[09 Feb 17:05:54] Logged in, Nerfyo(268486660) 
[09 Feb 17:09:41] Disconnected abnormally, Neema(268488058) 
[09 Feb 17:09:44] Disconnected abnormally, GravieR(268487827) 
[09 Feb 17:09:46] Disconnected abnormally, lechu(268490492) 
[09 Feb 17:15:50] Logged in, GravieR(268487827) 
[09 Feb 17:28:34] Logged out, GravieR(268487827) 
[09 Feb 17:28:40] Disconnected, Nerfyo(268486660) 
[09 Feb 18:32:37] Kicked by login, gravier666 
[09 Feb 18:32:46] Logged in, GravieR(268487827) 
[09 Feb 20:30:03] Logged in, lechu(268490492) 
[09 Feb 20:30:47] Logged in, Nerfyo(268486660) 
[09 Feb 20:50:37] Logged out, GravieR(268487827) 
[09 Feb 20:51:02] Logged in, GravieR(268487827) 
[09 Feb 21:14:51] Logged out, Nerfyo(268486660) 
[09 Feb 21:14:56] Logged in, Nerfyo(268486660) 
[09 Feb 21:24:14] Logged out, Nerfyo(268486660) 
[09 Feb 21:24:17] Logged in, Nerfyo(268486660) 
[09 Feb 21:31:19] Disconnected, Nerfyo(268486660) 
[09 Feb 21:31:22] Disconnected, GravieR(268487827) 
[09 Feb 22:16:23] Disconnected, lechu(268490492) 
[11 Feb 12:23:51] Created new character, ReEdiT(268487088), karolusw89 
[11 Feb 12:23:59] Logged in, ReEdiT(268487088) 
[12 Feb 0:26:05] Disconnected abnormally, karolusw89 
[12 Feb 0:43:11] Disconnected abnormally, karolusw89 
[12 Feb 0:45:47] Disconnected abnormally, karolusw89 
[12 Feb 0:58:54] Logged in, ReEdiT(268487088) 
[12 Feb 1:02:36] Disconnected, ReEdiT(268487088) 
[12 Feb 1:11:20] Logged in, ReEdiT(268487088) 
[12 Feb 1:18:26] Disconnected, ReEdiT(268487088) 
