Feb 06, 2016 2:30:50 PM com.l2jmobius.gameserver.model.actor.instance.L2PcInstance storeCharBase
WARNING: Could not store char base data: L2PcInstance:Nerfyo[268486660] - Data truncation: Out of range value for column 'reputation' at row 1
com.mysql.jdbc.MysqlDataTruncation: Data truncation: Out of range value for column 'reputation' at row 1
	at com.mysql.jdbc.MysqlIO.checkErrorPacket(MysqlIO.java:3876)
	at com.mysql.jdbc.MysqlIO.checkErrorPacket(MysqlIO.java:3814)
	at com.mysql.jdbc.MysqlIO.sendCommand(MysqlIO.java:2478)
	at com.mysql.jdbc.MysqlIO.sqlQueryDirect(MysqlIO.java:2625)
	at com.mysql.jdbc.ConnectionImpl.execSQL(ConnectionImpl.java:2551)
	at com.mysql.jdbc.PreparedStatement.executeInternal(PreparedStatement.java:1861)
	at com.mysql.jdbc.PreparedStatement.execute(PreparedStatement.java:1192)
	at com.mchange.v2.c3p0.impl.NewProxyPreparedStatement.execute(NewProxyPreparedStatement.java:67)
	at com.l2jmobius.gameserver.model.actor.instance.L2PcInstance.storeCharBase(L2PcInstance.java:7780)
	at com.l2jmobius.gameserver.model.actor.instance.L2PcInstance.store(L2PcInstance.java:7668)
	at com.l2jmobius.gameserver.model.actor.instance.L2PcInstance.storeMe(L2PcInstance.java:7699)
	at com.l2jmobius.gameserver.network.L2GameClient.saveCharToDisk(L2GameClient.java:381)
	at com.l2jmobius.gameserver.network.L2GameClient$AutoSaveTask.run(L2GameClient.java:956)
	at com.l2jmobius.gameserver.ThreadPoolManager$RunnableWrapper.run(ThreadPoolManager.java:87)
	at java.util.concurrent.Executors$RunnableAdapter.call(Unknown Source)
	at java.util.concurrent.FutureTask.runAndReset(Unknown Source)
	at java.util.concurrent.ScheduledThreadPoolExecutor$ScheduledFutureTask.access$301(Unknown Source)
	at java.util.concurrent.ScheduledThreadPoolExecutor$ScheduledFutureTask.run(Unknown Source)
	at java.util.concurrent.ThreadPoolExecutor.runWorker(Unknown Source)
	at java.util.concurrent.ThreadPoolExecutor$Worker.run(Unknown Source)
	at java.lang.Thread.run(Unknown Source)

Feb 06, 2016 3:22:36 PM com.l2jmobius.gameserver.model.actor.instance.L2PcInstance storeCharBase
WARNING: Could not store char base data: L2PcInstance:GravieR[268487827] - Data truncation: Out of range value for column 'reputation' at row 1
com.mysql.jdbc.MysqlDataTruncation: Data truncation: Out of range value for column 'reputation' at row 1
	at com.mysql.jdbc.MysqlIO.checkErrorPacket(MysqlIO.java:3876)
	at com.mysql.jdbc.MysqlIO.checkErrorPacket(MysqlIO.java:3814)
	at com.mysql.jdbc.MysqlIO.sendCommand(MysqlIO.java:2478)
	at com.mysql.jdbc.MysqlIO.sqlQueryDirect(MysqlIO.java:2625)
	at com.mysql.jdbc.ConnectionImpl.execSQL(ConnectionImpl.java:2551)
	at com.mysql.jdbc.PreparedStatement.executeInternal(PreparedStatement.java:1861)
	at com.mysql.jdbc.PreparedStatement.execute(PreparedStatement.java:1192)
	at com.mchange.v2.c3p0.impl.NewProxyPreparedStatement.execute(NewProxyPreparedStatement.java:67)
	at com.l2jmobius.gameserver.model.actor.instance.L2PcInstance.storeCharBase(L2PcInstance.java:7780)
	at com.l2jmobius.gameserver.model.actor.instance.L2PcInstance.store(L2PcInstance.java:7668)
	at com.l2jmobius.gameserver.model.actor.instance.L2PcInstance.storeMe(L2PcInstance.java:7699)
	at com.l2jmobius.gameserver.model.actor.instance.L2PcInstance.deleteMe(L2PcInstance.java:11689)
	at com.l2jmobius.gameserver.network.L2GameClient$CleanupTask.run(L2GameClient.java:929)
	at com.l2jmobius.gameserver.ThreadPoolManager$RunnableWrapper.run(ThreadPoolManager.java:87)
	at java.util.concurrent.Executors$RunnableAdapter.call(Unknown Source)
	at java.util.concurrent.FutureTask.run(Unknown Source)
	at java.util.concurrent.ScheduledThreadPoolExecutor$ScheduledFutureTask.access$201(Unknown Source)
	at java.util.concurrent.ScheduledThreadPoolExecutor$ScheduledFutureTask.run(Unknown Source)
	at java.util.concurrent.ThreadPoolExecutor.runWorker(Unknown Source)
	at java.util.concurrent.ThreadPoolExecutor$Worker.run(Unknown Source)
	at java.lang.Thread.run(Unknown Source)

Feb 06, 2016 3:30:50 PM com.l2jmobius.gameserver.model.actor.instance.L2PcInstance storeCharBase
WARNING: Could not store char base data: L2PcInstance:Nerfyo[268486660] - Data truncation: Out of range value for column 'reputation' at row 1
com.mysql.jdbc.MysqlDataTruncation: Data truncation: Out of range value for column 'reputation' at row 1
	at com.mysql.jdbc.MysqlIO.checkErrorPacket(MysqlIO.java:3876)
	at com.mysql.jdbc.MysqlIO.checkErrorPacket(MysqlIO.java:3814)
	at com.mysql.jdbc.MysqlIO.sendCommand(MysqlIO.java:2478)
	at com.mysql.jdbc.MysqlIO.sqlQueryDirect(MysqlIO.java:2625)
	at com.mysql.jdbc.ConnectionImpl.execSQL(ConnectionImpl.java:2551)
	at com.mysql.jdbc.PreparedStatement.executeInternal(PreparedStatement.java:1861)
	at com.mysql.jdbc.PreparedStatement.execute(PreparedStatement.java:1192)
	at com.mchange.v2.c3p0.impl.NewProxyPreparedStatement.execute(NewProxyPreparedStatement.java:67)
	at com.l2jmobius.gameserver.model.actor.instance.L2PcInstance.storeCharBase(L2PcInstance.java:7780)
	at com.l2jmobius.gameserver.model.actor.instance.L2PcInstance.store(L2PcInstance.java:7668)
	at com.l2jmobius.gameserver.model.actor.instance.L2PcInstance.storeMe(L2PcInstance.java:7699)
	at com.l2jmobius.gameserver.network.L2GameClient.saveCharToDisk(L2GameClient.java:381)
	at com.l2jmobius.gameserver.network.L2GameClient$AutoSaveTask.run(L2GameClient.java:956)
	at com.l2jmobius.gameserver.ThreadPoolManager$RunnableWrapper.run(ThreadPoolManager.java:87)
	at java.util.concurrent.Executors$RunnableAdapter.call(Unknown Source)
	at java.util.concurrent.FutureTask.runAndReset(Unknown Source)
	at java.util.concurrent.ScheduledThreadPoolExecutor$ScheduledFutureTask.access$301(Unknown Source)
	at java.util.concurrent.ScheduledThreadPoolExecutor$ScheduledFutureTask.run(Unknown Source)
	at java.util.concurrent.ThreadPoolExecutor.runWorker(Unknown Source)
	at java.util.concurrent.ThreadPoolExecutor$Worker.run(Unknown Source)
	at java.lang.Thread.run(Unknown Source)

