2016.02.06 12:01:32,315	INFO	1	com.l2jmobius.gameserver.GameServer	-----------------------------------=[ Network Configuration ]
2016.02.06 12:01:32,410	INFO	1	com.l2jmobius.util.data.xml.IXmlReader	Using existing ipconfig.xml.
2016.02.06 12:01:34,099	INFO	1	com.l2jmobius.Config	Loaded 6 Filter Words.
2016.02.06 12:01:34,112	INFO	1	com.l2jmobius.gameserver.GameServer	------------------------------------------------=[ Database ]
2016.02.06 12:01:37,798	INFO	1	com.l2jmobius.gameserver.idfactory.BitSetIDFactory	Updated characters online status.
2016.02.06 12:01:38,656	INFO	1	com.l2jmobius.gameserver.idfactory.BitSetIDFactory	Cleaned 0 elements from database in 0 s
2016.02.06 12:01:38,707	INFO	1	com.l2jmobius.gameserver.idfactory.BitSetIDFactory	Cleaned 1 expired timestamps from database.
2016.02.06 12:01:38,756	INFO	1	com.l2jmobius.gameserver.idfactory.BitSetIDFactory	BitSetIDFactory: 411648 id's available.
2016.02.06 12:01:38,758	INFO	1	com.l2jmobius.gameserver.GameServer	-------------------------------------------------=[ Engines ]
2016.02.06 12:01:38,809	INFO	1	com.l2jmobius.gameserver.scripting.L2ScriptEngineManager	Script Engine: java 1.8 - Language: java - Language Version: 1.8
2016.02.06 12:01:38,809	INFO	1	com.l2jmobius.gameserver.GameServer	---------------------------------------------------=[ World ]
2016.02.06 12:01:38,818	CONFIG	18	com.l2jmobius.gameserver.GameTimeController	GameTimeController: Started.
2016.02.06 12:01:38,836	INFO	1	com.l2jmobius.util.data.xml.IXmlReader	InstanceManager: Multiverse Instance created.
2016.02.06 12:01:38,836	INFO	1	com.l2jmobius.util.data.xml.IXmlReader	InstanceManager: Universe Instance created.
2016.02.06 12:01:38,933	INFO	1	com.l2jmobius.util.data.xml.IXmlReader	InstanceManager: Loaded 263 instance names.
2016.02.06 12:01:39,013	INFO	1	com.l2jmobius.gameserver.model.L2World	L2World: (144 by 136) World Region Grid set up.
2016.02.06 12:01:40,557	INFO	1	com.l2jmobius.util.data.xml.IXmlReader	MapRegionManager: Loaded 59 map regions.
2016.02.06 12:01:40,914	INFO	1	com.l2jmobius.gameserver.instancemanager.GlobalVariablesManager	GlobalVariablesManager: Loaded 5 variables.
2016.02.06 12:01:40,914	INFO	1	com.l2jmobius.gameserver.GameServer	----------------------------------------------------=[ Data ]
2016.02.06 12:01:41,162	INFO	1	com.l2jmobius.gameserver.data.xml.impl.CategoryData	CategoryData: Loaded 142 Categories.
2016.02.06 12:01:41,283	INFO	1	com.l2jmobius.util.data.xml.IXmlReader	SecondaryAuthData: Loaded 328 forbidden passwords.
2016.02.06 12:01:41,310	INFO	1	com.l2jmobius.util.data.xml.IXmlReader	AbilityPointsData: Loaded: 4 range fees.
2016.02.06 12:01:41,311	INFO	1	com.l2jmobius.gameserver.GameServer	-------------------------------------------------=[ Effects ]
2016.02.06 12:02:03,762	INFO	1	handlers.EffectMasterHandler	EffectMasterHandler: Loaded 178 effect handlers.
2016.02.06 12:02:03,763	INFO	1	com.l2jmobius.gameserver.GameServer	------------------------------------=[ Enchant Skill Groups ]
2016.02.06 12:02:03,987	INFO	1	com.l2jmobius.util.data.xml.IXmlReader	EnchantSkillGroupsData: Loaded 5 groups and 100 routes.
2016.02.06 12:02:03,987	INFO	1	com.l2jmobius.gameserver.GameServer	---------------------------------------------=[ Skill Trees ]
2016.02.06 12:02:14,776	INFO	1	com.l2jmobius.util.data.xml.IXmlReader	SkillTreesData: Loaded 27675 Class Skills for 145 Class Skill Trees.
2016.02.06 12:02:14,776	INFO	1	com.l2jmobius.util.data.xml.IXmlReader	SkillTreesData: Loaded 24 Sub-Class Skills.
2016.02.06 12:02:14,776	INFO	1	com.l2jmobius.util.data.xml.IXmlReader	SkillTreesData: Loaded 38 Dual-Class Skills.
2016.02.06 12:02:14,776	INFO	1	com.l2jmobius.util.data.xml.IXmlReader	SkillTreesData: Loaded 105 Transfer Skills for 3 Transfer Skill Trees.
2016.02.06 12:02:14,783	INFO	1	com.l2jmobius.util.data.xml.IXmlReader	SkillTreesData: Loaded 14 Race skills for 6 Race Skill Trees.
2016.02.06 12:02:14,783	INFO	1	com.l2jmobius.util.data.xml.IXmlReader	SkillTreesData: Loaded 35 Fishing Skills, 8 Dwarven only Fishing Skills.
2016.02.06 12:02:14,783	INFO	1	com.l2jmobius.util.data.xml.IXmlReader	SkillTreesData: Loaded 3 Collect Skills.
2016.02.06 12:02:14,783	INFO	1	com.l2jmobius.util.data.xml.IXmlReader	SkillTreesData: Loaded 172 Pledge Skills, 142 for Pledge and 30 Residential.
2016.02.06 12:02:14,783	INFO	1	com.l2jmobius.util.data.xml.IXmlReader	SkillTreesData: Loaded 18 Sub-Pledge Skills.
2016.02.06 12:02:14,783	INFO	1	com.l2jmobius.util.data.xml.IXmlReader	SkillTreesData: Loaded 32 Transform Skills.
2016.02.06 12:02:14,783	INFO	1	com.l2jmobius.util.data.xml.IXmlReader	SkillTreesData: Loaded 8 Noble Skills.
2016.02.06 12:02:14,783	INFO	1	com.l2jmobius.util.data.xml.IXmlReader	SkillTreesData: Loaded 5 Hero Skills.
2016.02.06 12:02:14,783	INFO	1	com.l2jmobius.util.data.xml.IXmlReader	SkillTreesData: Loaded 14 Game Master Skills.
2016.02.06 12:02:14,783	INFO	1	com.l2jmobius.util.data.xml.IXmlReader	SkillTreesData: Loaded 14 Game Master Aura Skills.
2016.02.06 12:02:14,783	INFO	1	com.l2jmobius.util.data.xml.IXmlReader	SkillTreesData: Loaded 138 Ability Skills.
2016.02.06 12:02:14,783	INFO	1	com.l2jmobius.util.data.xml.IXmlReader	SkillTreesData: Loaded 120 Alchemy Skills.
2016.02.06 12:02:14,783	INFO	1	com.l2jmobius.util.data.xml.IXmlReader	SkillTreesData: Loaded 20 Revelation Skills.
2016.02.06 12:02:14,783	INFO	1	com.l2jmobius.util.data.xml.IXmlReader	SkillTreesData: Loaded 4 Subclass change Skills.
2016.02.06 12:02:14,783	INFO	1	com.l2jmobius.gameserver.GameServer	--------------------------------------------------=[ Skills ]
2016.02.06 12:02:55,297	INFO	1	com.l2jmobius.gameserver.engines.DocumentEngine	DocumentEngine: Loaded 88396 Skill templates from XML files.
2016.02.06 12:02:55,711	INFO	1	com.l2jmobius.gameserver.data.sql.impl.SummonSkillsTable	SummonSkillsTable: Loaded 2674 skills.
2016.02.06 12:02:55,720	INFO	1	com.l2jmobius.gameserver.GameServer	---------------------------------------------------=[ Items ]
2016.02.06 12:03:08,378	INFO	1	com.l2jmobius.gameserver.datatables.ItemTable	ItemTable: Highest item id used:46692
2016.02.06 12:03:08,398	INFO	1	com.l2jmobius.gameserver.datatables.ItemTable	ItemTable: Loaded: 20025 Etc Items
2016.02.06 12:03:08,398	INFO	1	com.l2jmobius.gameserver.datatables.ItemTable	ItemTable: Loaded: 10168 Armor Items
2016.02.06 12:03:08,398	INFO	1	com.l2jmobius.gameserver.datatables.ItemTable	ItemTable: Loaded: 8490 Weapon Items
2016.02.06 12:03:08,398	INFO	1	com.l2jmobius.gameserver.datatables.ItemTable	ItemTable: Loaded: 38683 Items in total.
2016.02.06 12:03:08,776	INFO	1	com.l2jmobius.util.data.xml.IXmlReader	EnchantItemGroupsData: Loaded: 4 item group templates.
2016.02.06 12:03:08,776	INFO	1	com.l2jmobius.util.data.xml.IXmlReader	EnchantItemGroupsData: Loaded: 1 scroll group templates.
2016.02.06 12:03:08,831	INFO	1	com.l2jmobius.util.data.xml.IXmlReader	EnchantItemData: Loaded 251 Enchant Scrolls.
2016.02.06 12:03:08,832	INFO	1	com.l2jmobius.util.data.xml.IXmlReader	EnchantItemData: Loaded 97 Support Items.
2016.02.06 12:03:08,867	INFO	1	com.l2jmobius.util.data.xml.IXmlReader	EnchantItemOptionsData: Loaded: 24 Items and 1107 Options.
2016.02.06 12:03:08,900	INFO	1	com.l2jmobius.util.data.xml.IXmlReader	ItemCrystalizationData: Loaded: 170 Items
2016.02.06 12:03:16,186	INFO	1	com.l2jmobius.util.data.xml.IXmlReader	OptionData: Loaded: 25035 Options.
2016.02.06 12:03:16,222	INFO	1	com.l2jmobius.util.data.xml.IXmlReader	EnchantItemHPBonusData: Loaded 11 Enchant HP Bonuses.
2016.02.06 12:03:16,231	INFO	1	com.l2jmobius.gameserver.datatables.MerchantPriceConfigTable	MerchantPriceConfigTable: Loaded 28 merchant price configs.
2016.02.06 12:03:20,813	INFO	1	com.l2jmobius.util.data.xml.IXmlReader	BuyListData: Loaded 850 BuyLists.
2016.02.06 12:03:23,669	INFO	1	com.l2jmobius.util.data.xml.IXmlReader	MultisellData: Loaded 331 multisell lists.
2016.02.06 12:03:24,011	INFO	1	com.l2jmobius.util.data.xml.IXmlReader	RecipeData: Loaded 1611 recipes.
2016.02.06 12:03:24,236	INFO	1	com.l2jmobius.util.data.xml.IXmlReader	ArmorSetsData: Loaded 297 Armor sets.
2016.02.06 12:03:24,379	INFO	1	com.l2jmobius.util.data.xml.IXmlReader	HennaData: Loaded 440 Henna data.
2016.02.06 12:03:24,426	INFO	1	com.l2jmobius.util.data.xml.IXmlReader	FishData: Loaded 321 Fishes.
2016.02.06 12:03:24,443	INFO	1	com.l2jmobius.util.data.xml.IXmlReader	FishingMonstersData: Loaded 8 Fishing Monsters.
2016.02.06 12:03:24,452	INFO	1	com.l2jmobius.util.data.xml.IXmlReader	FishingRodsData: Loaded 8 Fishing Rods.
2016.02.06 12:03:24,527	INFO	1	com.l2jmobius.util.data.xml.IXmlReader	PrimeShopData: Loaded 194 items
2016.02.06 12:03:24,561	INFO	1	com.l2jmobius.util.data.xml.IXmlReader	AppearanceItemData: Loaded: 246 Stones
2016.02.06 12:03:24,581	INFO	1	com.l2jmobius.util.data.xml.IXmlReader	LuckyGameData: Loaded 52 Normal item rewards.
2016.02.06 12:03:24,581	INFO	1	com.l2jmobius.util.data.xml.IXmlReader	LuckyGameData: Loaded 96 Luxury item rewards.
2016.02.06 12:03:24,581	INFO	1	com.l2jmobius.util.data.xml.IXmlReader	LuckyGameData: Loaded 68 Rare item rewards.
2016.02.06 12:03:24,582	INFO	1	com.l2jmobius.gameserver.GameServer	----------------------------------------------=[ Characters ]
2016.02.06 12:03:24,601	INFO	1	com.l2jmobius.util.data.xml.IXmlReader	ClassListData: Loaded 157 Class data.
2016.02.06 12:03:24,611	INFO	1	com.l2jmobius.util.data.xml.IXmlReader	InitialEquipmentData: Loaded 13 Initial Equipment data.
2016.02.06 12:03:24,637	INFO	1	com.l2jmobius.util.data.xml.IXmlReader	InitialShortcutData: Loaded 5 Initial Global Shortcuts data.
2016.02.06 12:03:24,637	INFO	1	com.l2jmobius.util.data.xml.IXmlReader	InitialShortcutData: Loaded 5 Initial Shortcuts data.
2016.02.06 12:03:24,637	INFO	1	com.l2jmobius.util.data.xml.IXmlReader	InitialShortcutData: Loaded 0 Macros presets.
2016.02.06 12:03:24,647	INFO	1	com.l2jmobius.util.data.xml.IXmlReader	ExperienceData: Loaded 75 levels.
2016.02.06 12:03:24,647	INFO	1	com.l2jmobius.util.data.xml.IXmlReader	ExperienceData: Max Player Level is: 75
2016.02.06 12:03:24,647	INFO	1	com.l2jmobius.util.data.xml.IXmlReader	ExperienceData: Max Pet Level is: 75
2016.02.06 12:03:24,667	INFO	1	com.l2jmobius.util.data.xml.IXmlReader	KarmaData: Loaded 75 karma modifiers.
2016.02.06 12:03:24,670	INFO	1	com.l2jmobius.util.data.xml.IXmlReader	HitConditionBonusData: Loaded Hit Condition bonuses.
2016.02.06 12:03:26,873	INFO	1	com.l2jmobius.gameserver.data.xml.impl.PlayerTemplateData	PlayerTemplateData: Loaded 145 character templates.
2016.02.06 12:03:26,879	INFO	1	com.l2jmobius.gameserver.data.xml.impl.PlayerTemplateData	PlayerTemplateData: Loaded 65250 level up gain records.
2016.02.06 12:03:26,924	INFO	1	com.l2jmobius.gameserver.data.sql.impl.CharNameTable	CharNameTable: Loaded 7 char names.
2016.02.06 12:03:26,975	INFO	1	com.l2jmobius.util.data.xml.IXmlReader	AdminData: Loaded: 10 Access Levels.
2016.02.06 12:03:26,987	INFO	1	com.l2jmobius.util.data.xml.IXmlReader	AdminData: Loaded: 438 Access Commands.
2016.02.06 12:03:28,111	INFO	1	com.l2jmobius.util.data.xml.IXmlReader	PetDataTable: Loaded 49 Pets.
2016.02.06 12:03:28,128	INFO	1	com.l2jmobius.gameserver.GameServer	---------------------------------------------------=[ Clans ]
2016.02.06 12:03:28,175	INFO	1	com.l2jmobius.gameserver.communitybbs.Manager.ForumsBBSManager	Loaded 5 forums. Last forum id used: 5
2016.02.06 12:03:28,307	INFO	1	com.l2jmobius.gameserver.data.sql.impl.ClanTable	ClanTable: Restored 2 clans from the database.
2016.02.06 12:03:28,342	INFO	1	com.l2jmobius.gameserver.instancemanager.CHSiegeManager	CHSiegeManager: Loaded 6 conquerable clan halls.
2016.02.06 12:03:28,567	INFO	1	com.l2jmobius.gameserver.instancemanager.ClanHallAuctionManager	ClanHallAuctionManager: Loaded: 38 auction(s)
2016.02.06 12:03:28,573	INFO	1	com.l2jmobius.gameserver.instancemanager.ClanHallManager	ClanHallManager: Loaded: 0 clan halls
2016.02.06 12:03:28,573	INFO	1	com.l2jmobius.gameserver.instancemanager.ClanHallManager	ClanHallManager: Loaded: 38 free clan halls
2016.02.06 12:03:28,878	INFO	1	com.l2jmobius.gameserver.instancemanager.ClanEntryManager	ClanEntryManager: Loaded: 0 clan entry
2016.02.06 12:03:28,895	INFO	1	com.l2jmobius.gameserver.instancemanager.ClanEntryManager	ClanEntryManager: Loaded: 0 player in waiting list
2016.02.06 12:03:28,915	INFO	1	com.l2jmobius.gameserver.instancemanager.ClanEntryManager	ClanEntryManager: Loaded: 0 player application
2016.02.06 12:03:28,916	INFO	1	com.l2jmobius.gameserver.GameServer	-------------------------------------------------=[ Geodata ]
2016.02.06 12:03:29,109	INFO	1	com.l2jmobius.gameserver.GeoData	GeoData: Loaded 0 regions.
2016.02.06 12:03:29,115	INFO	1	com.l2jmobius.gameserver.GameServer	----------------------------------------------------=[ NPCs ]
2016.02.06 12:03:29,142	INFO	1	com.l2jmobius.util.data.xml.IXmlReader	SkillLearnData: Loaded 256 Skill Learn data.
2016.02.06 12:03:29,244	INFO	1	com.l2jmobius.util.data.xml.IXmlReader	MinionData: Loaded 128 minions data.
2016.02.06 12:03:41,447	INFO	1	com.l2jmobius.util.data.xml.IXmlReader	NpcData: Loaded 13835 NPCs.
2016.02.06 12:03:41,466	INFO	1	com.l2jmobius.util.data.xml.IXmlReader	NpcData: Loaded 10 Custom NPCs.
2016.02.06 12:03:42,855	INFO	1	com.l2jmobius.util.data.xml.IXmlReader	WalkingManager: Loaded 141 walking routes.
2016.02.06 12:03:43,061	INFO	1	com.l2jmobius.util.data.xml.IXmlReader	StaticObjectData: Loaded 51 static object templates.
2016.02.06 12:03:44,803	INFO	1	com.l2jmobius.gameserver.instancemanager.GrandBossManager	GrandBossManager: Queen Ant(29001) status is 0.
2016.02.06 12:03:44,803	INFO	1	com.l2jmobius.gameserver.instancemanager.GrandBossManager	GrandBossManager: Core(29006) status is 0.
2016.02.06 12:03:44,803	INFO	1	com.l2jmobius.gameserver.instancemanager.GrandBossManager	GrandBossManager: Orfen(29014) status is 0.
2016.02.06 12:03:44,803	INFO	1	com.l2jmobius.gameserver.instancemanager.GrandBossManager	GrandBossManager: Baium(29020) status is 0.
2016.02.06 12:03:44,804	INFO	1	com.l2jmobius.gameserver.instancemanager.GrandBossManager	GrandBossManager: Valakas(29028) status is 0.
2016.02.06 12:03:44,804	INFO	1	com.l2jmobius.gameserver.instancemanager.GrandBossManager	GrandBossManager: Antharas(29068) status is 0.
2016.02.06 12:03:44,804	INFO	1	com.l2jmobius.gameserver.instancemanager.GrandBossManager	GrandBossManager: Beleth(29118) status is 0.
2016.02.06 12:03:44,805	INFO	1	com.l2jmobius.gameserver.instancemanager.GrandBossManager	GrandBossManager: Loaded 7 Instances
2016.02.06 12:03:50,611	INFO	1	com.l2jmobius.util.data.xml.IXmlReader	DoorData: Loaded 1435 Door Templates for 22 regions.
2016.02.06 12:03:53,820	INFO	1	com.l2jmobius.util.data.xml.IXmlReader	ZoneManager: Loaded 29 zone classes and 2878 zones.
2016.02.06 12:03:53,820	INFO	1	com.l2jmobius.util.data.xml.IXmlReader	ZoneManager: Loaded 0 NPC spawn territoriers.
2016.02.06 12:03:56,907	INFO	1	com.l2jmobius.gameserver.instancemanager.CastleManager	CastleManager: Loaded: 9 castles
2016.02.06 12:03:56,948	INFO	1	com.l2jmobius.gameserver.data.sql.impl.NpcBufferTable	NpcBufferTable: Loaded 2 buffers and 64 skills.
2016.02.06 12:03:56,948	INFO	1	com.l2jmobius.gameserver.instancemanager.GrandBossManager	GrandBossManager: Initialized 12 Grand Boss Zones
2016.02.06 12:03:56,956	INFO	1	com.l2jmobius.gameserver.GameServer	-----------------------------------------=[ Auction Manager ]
2016.02.06 12:03:57,052	INFO	1	com.l2jmobius.gameserver.model.itemauction.ItemAuctionInstance	ItemAuctionInstance: Clearing expired auction: 1
2016.02.06 12:03:57,158	INFO	1	com.l2jmobius.gameserver.model.itemauction.ItemAuctionInstance	ItemAuctionInstance: Loaded 49 item(s) and registered 3 auction(s) for instance 32320.
2016.02.06 12:03:57,158	INFO	1	com.l2jmobius.gameserver.model.itemauction.ItemAuctionInstance	ItemAuctionInstance: Schedule next auction 12 on 17:00:00 12.02.16 for instance 32320
2016.02.06 12:03:57,173	INFO	1	com.l2jmobius.gameserver.model.itemauction.ItemAuctionInstance	ItemAuctionInstance: Loaded 49 item(s) and registered 3 auction(s) for instance 32321.
2016.02.06 12:03:57,173	INFO	1	com.l2jmobius.gameserver.model.itemauction.ItemAuctionInstance	ItemAuctionInstance: Schedule next auction 10 on 17:00:00 08.02.16 for instance 32321
2016.02.06 12:03:57,209	INFO	1	com.l2jmobius.gameserver.model.itemauction.ItemAuctionInstance	ItemAuctionInstance: Loaded 49 item(s) and registered 3 auction(s) for instance 32322.
2016.02.06 12:03:57,209	INFO	1	com.l2jmobius.gameserver.model.itemauction.ItemAuctionInstance	ItemAuctionInstance: Schedule next auction 11 on 17:00:00 10.02.16 for instance 32322
2016.02.06 12:03:57,209	INFO	1	com.l2jmobius.gameserver.instancemanager.ItemAuctionManager	ItemAuctionManager: Loaded 3 instance(s).
2016.02.06 12:03:57,215	INFO	1	com.l2jmobius.gameserver.GameServer	------------------------------------------------=[ Olympiad ]
2016.02.06 12:03:57,288	INFO	1	com.l2jmobius.gameserver.model.olympiad.Olympiad	Olympiad System: Loading Olympiad System....
2016.02.06 12:03:57,288	INFO	1	com.l2jmobius.gameserver.model.olympiad.Olympiad	Olympiad System: Currently in Olympiad Period
2016.02.06 12:03:57,288	INFO	1	com.l2jmobius.gameserver.model.olympiad.Olympiad	Olympiad System: 34556 minutes until period ends
2016.02.06 12:03:57,288	INFO	1	com.l2jmobius.gameserver.model.olympiad.Olympiad	Olympiad System: Next weekly change is in 6237 minutes
2016.02.06 12:03:57,288	INFO	1	com.l2jmobius.gameserver.model.olympiad.Olympiad	Olympiad System: Loaded 0 Nobles
2016.02.06 12:03:57,320	INFO	1	com.l2jmobius.gameserver.model.olympiad.Olympiad	Olympiad System: Competition Period Starts in 0 days, 5 hours and 56 mins.
2016.02.06 12:03:57,385	INFO	1	com.l2jmobius.gameserver.model.olympiad.Olympiad	Olympiad System: Event starts/started : Sat Feb 06 18:00:57 UTC 2016
2016.02.06 12:03:57,423	INFO	1	com.l2jmobius.gameserver.model.entity.Hero	Hero System: Loaded 0 Heroes.
2016.02.06 12:03:57,423	INFO	1	com.l2jmobius.gameserver.model.entity.Hero	Hero System: Loaded 0 all time Heroes.
2016.02.06 12:03:57,423	INFO	1	com.l2jmobius.gameserver.GameServer	---------------------------------------------------=[ Cache ]
2016.02.06 12:03:57,432	INFO	1	com.l2jmobius.gameserver.cache.HtmCache	Html cache start...
2016.02.06 12:04:12,385	INFO	1	com.l2jmobius.gameserver.cache.HtmCache	Cache[HTML]: 5.954 megabytes on 11133 files loaded
2016.02.06 12:04:12,389	INFO	1	com.l2jmobius.gameserver.data.sql.impl.CrestTable	CrestTable: Loaded 0 Crests.
2016.02.06 12:04:12,400	INFO	1	com.l2jmobius.gameserver.data.sql.impl.TeleportLocationTable	TeleportLocationTable: Loaded 1008 Teleport Location Templates.
2016.02.06 12:04:12,536	INFO	1	com.l2jmobius.util.data.xml.IXmlReader	Loaded: 21 npc teleporters.
2016.02.06 12:04:12,547	INFO	1	com.l2jmobius.gameserver.data.xml.impl.UIData	UIData: Loaded 4 keys 5 categories.
2016.02.06 12:04:12,775	INFO	1	com.l2jmobius.gameserver.datatables.AugmentationData	AugmentationData: Loaded: 40756 augmentations.
2016.02.06 12:04:12,775	INFO	1	com.l2jmobius.gameserver.datatables.AugmentationData	AugmentationData: Loaded: 3060 accessory augmentations.
2016.02.06 12:04:12,788	INFO	1	com.l2jmobius.gameserver.instancemanager.CursedWeaponsManager	CursedWeaponsManager: Loaded : 2 cursed weapon(s).
2016.02.06 12:04:14,019	INFO	1	com.l2jmobius.util.data.xml.IXmlReader	TransformData: Loaded: 124 transform templates.
2016.02.06 12:04:14,052	INFO	1	com.l2jmobius.gameserver.datatables.BotReportTable	BotReportTable: Loaded 0 bot reports
2016.02.06 12:04:14,071	INFO	1	com.l2jmobius.util.data.xml.IXmlReader	DailyMissionData: Loaded 91 daily missions.
2016.02.06 12:04:14,071	INFO	1	com.l2jmobius.gameserver.GameServer	-------------------------------------------------=[ Scripts ]
2016.02.06 12:04:14,114	INFO	1	com.l2jmobius.gameserver.instancemanager.AirShipManager	AirShipManager: Loaded 0 private airships
2016.02.06 12:04:14,134	INFO	1	com.l2jmobius.util.data.xml.IXmlReader	ShuttleData: Loaded: 3 Shuttles.
2016.02.06 12:04:14,153	INFO	1	com.l2jmobius.gameserver.instancemanager.JumpManager	JumpManager: Loaded 32 Jump Routes.
2016.02.06 12:04:14,159	INFO	1	com.l2jmobius.gameserver.GameServer	GameServer: Loading server scripts:
2016.02.06 12:04:23,431	INFO	1	handlers.MasterHandler	Loading Handlers...
2016.02.06 12:04:23,772	INFO	1	handlers.MasterHandler	ActionHandler: Loaded 10 Handlers
2016.02.06 12:04:23,773	INFO	1	handlers.MasterHandler	ActionShiftHandler: Loaded 6 Handlers
2016.02.06 12:04:23,773	INFO	1	handlers.MasterHandler	AdminCommandHandler: Loaded 436 Handlers
2016.02.06 12:04:23,773	INFO	1	handlers.MasterHandler	BypassHandler: Loaded 42 Handlers
2016.02.06 12:04:23,773	INFO	1	handlers.MasterHandler	ChatHandler: Loaded 14 Handlers
2016.02.06 12:04:23,773	INFO	1	handlers.MasterHandler	CommunityBoardHandler: Loaded 19 Handlers
2016.02.06 12:04:23,773	INFO	1	handlers.MasterHandler	ItemHandler: Loaded 31 Handlers
2016.02.06 12:04:23,773	INFO	1	handlers.MasterHandler	PunishmentHandler: Loaded 3 Handlers
2016.02.06 12:04:23,773	INFO	1	handlers.MasterHandler	UserCommandHandler: Loaded 16 Handlers
2016.02.06 12:04:23,773	INFO	1	handlers.MasterHandler	VoicedCommandHandler: Loaded 5 Handlers
2016.02.06 12:04:23,773	INFO	1	handlers.MasterHandler	TargetHandler: Loaded 35 Handlers
2016.02.06 12:04:23,780	INFO	1	handlers.MasterHandler	TelnetHandler: Loaded 20 Handlers
2016.02.06 12:04:23,780	INFO	1	handlers.MasterHandler	Handlers Loaded...
2016.02.06 12:04:55,081	INFO	1	com.l2jmobius.util.data.xml.IXmlReader	MentorGuide: Loaded: 41 mentee coins
2016.02.06 12:04:58,229	INFO	1	com.l2jmobius.util.data.xml.IXmlReader	NpcBuffersData: Loaded: 40 buffers data.
2016.02.06 12:05:14,819	INFO	1	com.l2jmobius.gameserver.model.events.AbstractScript	Handy's Block Checker Event is enabled
2016.02.06 12:05:15,188	INFO	1	com.l2jmobius.gameserver.model.events.AbstractScript	Fantasy Isle: Parade starting at 2016/02/06 13:20 and is scheduled each next 1 hours.
2016.02.06 12:05:51,825	INFO	1	instances.InstanceLoader	InstanceLoader: Loading Instances scripts.
2016.02.06 12:05:52,966	INFO	1	gracia.GraciaLoader	GraciaLoader: Loading Gracia related scripts.
2016.02.06 12:06:00,456	INFO	1	com.l2jmobius.gameserver.model.events.AbstractScript	[EnhanceYourWeapon] Loaded 54 Soul Crystal data.
2016.02.06 12:06:00,456	INFO	1	com.l2jmobius.gameserver.model.events.AbstractScript	[EnhanceYourWeapon] Loaded 240 npc Leveling info data.
2016.02.06 12:06:04,400	CONFIG	1	conquerablehalls.flagwar.BanditStronghold.BanditStronghold	Bandit StrongHold siege scheduled for Wed Feb 17 12:00:00 UTC 2016.
2016.02.06 12:06:04,688	CONFIG	1	conquerablehalls.flagwar.WildBeastReserve.WildBeastReserve	Beast Farm siege scheduled for Wed Feb 17 12:00:00 UTC 2016.
2016.02.06 12:06:05,116	CONFIG	1	conquerablehalls.DevastatedCastle.DevastatedCastle	Devastated Castle siege scheduled for Wed Feb 17 12:00:00 UTC 2016.
2016.02.06 12:06:05,447	CONFIG	1	conquerablehalls.FortressOfResistance.FortressOfResistance	Fortress of Resistance siege scheduled for Wed Feb 17 12:00:00 UTC 2016.
2016.02.06 12:06:05,796	CONFIG	1	conquerablehalls.FortressOfTheDead.FortressOfTheDead	Fortresss of the Dead siege scheduled for Wed Feb 17 12:00:00 UTC 2016.
2016.02.06 12:06:06,069	CONFIG	1	conquerablehalls.RainbowSpringsChateau.RainbowSpringsChateau	Rainbow Springs siege scheduled for Wed Feb 17 12:00:00 UTC 2016.
2016.02.06 12:06:06,634	INFO	1	com.l2jmobius.gameserver.model.events.AbstractScript	Event Eve the Fortune Teller has passed... Ignored 
2016.02.06 12:06:06,843	INFO	1	com.l2jmobius.gameserver.model.events.AbstractScript	Event Hunt for Santa has passed... Ignored 
2016.02.06 12:06:07,037	INFO	1	com.l2jmobius.gameserver.model.events.AbstractScript	Event Red Libra has passed... Ignored 
2016.02.06 12:06:18,599	INFO	1	com.l2jmobius.gameserver.datatables.SpawnTable	SpawnTable: Loaded 3603 npc spawns.
2016.02.06 12:06:18,997	INFO	1	com.l2jmobius.gameserver.datatables.SpawnTable	SpawnTable: Loaded 0 custom npc spawns.
2016.02.06 12:06:19,097	INFO	1	com.l2jmobius.gameserver.datatables.SpawnTable	SpawnTable: Loaded 914 npc spawns from XML.
2016.02.06 12:06:19,098	INFO	1	com.l2jmobius.gameserver.instancemanager.DayNightSpawnManager	DayNightSpawnManager: Removed 0 day creatures
2016.02.06 12:06:19,130	INFO	1	com.l2jmobius.gameserver.instancemanager.DayNightSpawnManager	DayNightSpawnManager: Spawned 1162 night creatures
2016.02.06 12:06:19,205	INFO	1	com.l2jmobius.gameserver.instancemanager.RaidBossSpawnManager	RaidBossSpawnManager: Loaded 180 Instances
2016.02.06 12:06:19,208	INFO	1	com.l2jmobius.gameserver.instancemanager.RaidBossSpawnManager	RaidBossSpawnManager: Scheduled 0 Instances
2016.02.06 12:06:19,224	INFO	1	com.l2jmobius.gameserver.instancemanager.FourSepulchersManager	FourSepulchersManager: loaded 20 Mysterious-Box spawns.
2016.02.06 12:06:19,316	INFO	1	com.l2jmobius.gameserver.instancemanager.FourSepulchersManager	FourSepulchersManager: loaded 716 Physical type monsters spawns.
2016.02.06 12:06:19,441	INFO	1	com.l2jmobius.gameserver.instancemanager.FourSepulchersManager	FourSepulchersManager: loaded 716 Magical type monsters spawns.
2016.02.06 12:06:19,471	INFO	1	com.l2jmobius.gameserver.instancemanager.FourSepulchersManager	FourSepulchersManager: loaded 92 Church of duke monsters spawns.
2016.02.06 12:06:19,481	INFO	1	com.l2jmobius.gameserver.instancemanager.FourSepulchersManager	FourSepulchersManager: loaded 68 Emperor's grave NPC spawns.
2016.02.06 12:06:19,481	INFO	1	com.l2jmobius.gameserver.instancemanager.FourSepulchersManager	FourSepulchersManager: spawned Conquerors' Sepulcher Manager
2016.02.06 12:06:19,481	INFO	1	com.l2jmobius.gameserver.instancemanager.FourSepulchersManager	FourSepulchersManager: spawned Sepulcher of Rulers Manager
2016.02.06 12:06:19,481	INFO	1	com.l2jmobius.gameserver.instancemanager.FourSepulchersManager	FourSepulchersManager: spawned Great Sages' Sepulcher Manager
2016.02.06 12:06:19,481	INFO	1	com.l2jmobius.gameserver.instancemanager.FourSepulchersManager	FourSepulchersManager: spawned Judges' Sepulcher Manager
2016.02.06 12:06:19,491	INFO	1	com.l2jmobius.gameserver.instancemanager.FourSepulchersManager	FourSepulchersManager: Beginning in Attack time
2016.02.06 12:06:19,491	INFO	1	com.l2jmobius.gameserver.GameServer	---------------------------------------------------=[ Siege ]
2016.02.06 12:06:19,519	INFO	1	com.l2jmobius.gameserver.model.entity.Siege	Siege of Gludio: Sun Feb 14 16:00:00 UTC 2016
2016.02.06 12:06:19,529	INFO	1	com.l2jmobius.gameserver.model.entity.Siege	Siege of Dion: Sun Feb 14 16:00:00 UTC 2016
2016.02.06 12:06:19,529	INFO	1	com.l2jmobius.gameserver.model.entity.Siege	Siege of Giran: Sun Feb 14 16:00:00 UTC 2016
2016.02.06 12:06:19,529	INFO	1	com.l2jmobius.gameserver.model.entity.Siege	Siege of Oren: Sun Feb 14 16:00:00 UTC 2016
2016.02.06 12:06:19,536	INFO	1	com.l2jmobius.gameserver.model.entity.Siege	Siege of Aden: Sun Feb 14 16:00:00 UTC 2016
2016.02.06 12:06:19,539	INFO	1	com.l2jmobius.gameserver.model.entity.Siege	Siege of Innadril: Sun Feb 14 20:00:00 UTC 2016
2016.02.06 12:06:19,539	INFO	1	com.l2jmobius.gameserver.model.entity.Siege	Siege of Goddard: Sun Feb 14 20:00:00 UTC 2016
2016.02.06 12:06:19,539	INFO	1	com.l2jmobius.gameserver.model.entity.Siege	Siege of Rune: Sun Feb 14 20:00:00 UTC 2016
2016.02.06 12:06:19,545	INFO	1	com.l2jmobius.gameserver.model.entity.Siege	Siege of Schuttgart: Sun Feb 14 20:00:00 UTC 2016
2016.02.06 12:06:19,858	INFO	1	com.l2jmobius.gameserver.instancemanager.FortManager	FortManager: Loaded: 20 fortress
2016.02.06 12:06:21,508	INFO	1	com.l2jmobius.util.data.xml.IXmlReader	SiegeScheduleData: Loaded: 2 siege schedulers.
2016.02.06 12:06:21,602	INFO	1	com.l2jmobius.util.data.xml.IXmlReader	CastleManorManager: Loaded 258 seeds.
2016.02.06 12:06:21,654	INFO	1	com.l2jmobius.util.data.xml.IXmlReader	CastleManorManager: Manor data loaded.
2016.02.06 12:06:21,668	INFO	1	com.l2jmobius.gameserver.instancemanager.MercTicketManager	MercTicketManager: Loaded: 0 Mercenary Tickets
2016.02.06 12:06:21,668	INFO	1	com.l2jmobius.gameserver.instancemanager.QuestManager	QuestManager: Loaded: 243 quests.
2016.02.06 12:06:21,668	INFO	1	com.l2jmobius.gameserver.instancemanager.QuestManager	QuestManager: Loaded: 265 scripts.
2016.02.06 12:06:21,880	INFO	1	com.l2jmobius.gameserver.script.faenor.FaenorEventParser	Event ID: (Valentines Event) has passed... Ignored.
2016.02.06 12:06:21,880	INFO	1	com.l2jmobius.gameserver.script.faenor.FaenorScriptEngine	FaenorScriptEngine: Loaded  Valentines.xml successfully.
2016.02.06 12:06:21,881	INFO	1	com.l2jmobius.gameserver.GameServer	AutoSpawnHandler: Loaded 6 handlers in total.
2016.02.06 12:06:24,588	INFO	1	com.l2jmobius.gameserver.taskmanager.TaskManager	TaskManager: Loaded: 12 Tasks
2016.02.06 12:06:24,994	INFO	1	com.l2jmobius.gameserver.instancemanager.MailManager	MailManager: Successfully loaded 0 messages.
2016.02.06 12:06:25,042	INFO	1	com.l2jmobius.gameserver.instancemanager.PunishmentManager	PunishmentManager: Loaded 0 active and 0 expired punishments.
2016.02.06 12:06:25,050	INFO	1	com.l2jmobius.gameserver.GameServer	IdFactory: Free ObjectID's remaining: 1878996828
2016.02.06 12:06:25,051	INFO	1	com.l2jmobius.gameserver.model.entity.TvTManager	TvTEventEngine[TvTManager.TvTManager()]: Engine is disabled.
2016.02.06 12:06:25,091	INFO	1	com.l2jmobius.gameserver.data.sql.impl.OfflineTradersTable	OfflineTradersTable: Loading offline traders...
2016.02.06 12:06:25,105	INFO	1	com.l2jmobius.gameserver.data.sql.impl.OfflineTradersTable	OfflineTradersTable: Loaded: 0 offline trader(s)
2016.02.06 12:06:29,227	INFO	1	com.l2jmobius.gameserver.GameServer	GameServer: Started, using 482 of 796 MB total memory.
2016.02.06 12:06:29,234	INFO	1	com.l2jmobius.gameserver.GameServer	GameServer: Geodata use 0 MB of memory.
2016.02.06 12:06:29,234	INFO	1	com.l2jmobius.gameserver.GameServer	GameServer: Maximum number of connected players is 2000.
2016.02.06 12:06:29,234	INFO	1	com.l2jmobius.gameserver.GameServer	GameServer: Server loaded in 291 seconds.
2016.02.06 12:06:29,847	INFO	1	com.l2jmobius.gameserver.GameServer	GameServer: is now listening on: *:7777
2016.02.06 12:06:29,963	INFO	429	com.l2jmobius.gameserver.LoginServerThread	Connecting to login on 127.0.0.1:9014
2016.02.06 12:06:30,825	INFO	429	com.l2jmobius.gameserver.LoginServerThread	Registered on login as Server 2 : Sieghardt
2016.02.06 12:20:12,060	INFO	428	com.l2jmobius.util.IPv4Filter	IPv4Filter: Someone tried to connect from something other than IPv4: 0:0:0:0:0:0:0:1
2016.02.06 12:22:59,025	WARNING	429	com.l2jmobius.gameserver.LoginServerThread	LoginServer not avaible, trying to reconnect...
2016.02.06 12:23:04,032	INFO	429	com.l2jmobius.gameserver.LoginServerThread	Connecting to login on 127.0.0.1:9014
2016.02.06 12:23:05,040	WARNING	429	com.l2jmobius.gameserver.LoginServerThread	LoginServer not avaible, trying to reconnect...
2016.02.06 12:23:10,041	INFO	429	com.l2jmobius.gameserver.LoginServerThread	Connecting to login on 127.0.0.1:9014
2016.02.06 12:23:11,047	WARNING	429	com.l2jmobius.gameserver.LoginServerThread	LoginServer not avaible, trying to reconnect...
2016.02.06 12:23:16,064	INFO	429	com.l2jmobius.gameserver.LoginServerThread	Connecting to login on 127.0.0.1:9014
2016.02.06 12:23:17,159	WARNING	429	com.l2jmobius.gameserver.LoginServerThread	LoginServer not avaible, trying to reconnect...
2016.02.06 12:23:22,160	INFO	429	com.l2jmobius.gameserver.LoginServerThread	Connecting to login on 127.0.0.1:9014
2016.02.06 12:23:23,360	WARNING	429	com.l2jmobius.gameserver.LoginServerThread	LoginServer not avaible, trying to reconnect...
2016.02.06 12:23:28,382	INFO	429	com.l2jmobius.gameserver.LoginServerThread	Connecting to login on 127.0.0.1:9014
2016.02.06 12:23:29,458	WARNING	429	com.l2jmobius.gameserver.LoginServerThread	LoginServer not avaible, trying to reconnect...
2016.02.06 12:23:34,458	INFO	429	com.l2jmobius.gameserver.LoginServerThread	Connecting to login on 127.0.0.1:9014
2016.02.06 12:23:35,837	WARNING	429	com.l2jmobius.gameserver.LoginServerThread	LoginServer not avaible, trying to reconnect...
2016.02.06 12:23:40,847	INFO	429	com.l2jmobius.gameserver.LoginServerThread	Connecting to login on 127.0.0.1:9014
2016.02.06 12:23:42,065	WARNING	429	com.l2jmobius.gameserver.LoginServerThread	LoginServer not avaible, trying to reconnect...
2016.02.06 12:23:47,117	INFO	429	com.l2jmobius.gameserver.LoginServerThread	Connecting to login on 127.0.0.1:9014
2016.02.06 12:23:48,123	WARNING	429	com.l2jmobius.gameserver.LoginServerThread	LoginServer not avaible, trying to reconnect...
2016.02.06 12:23:53,152	INFO	429	com.l2jmobius.gameserver.LoginServerThread	Connecting to login on 127.0.0.1:9014
2016.02.06 12:23:54,217	WARNING	429	com.l2jmobius.gameserver.LoginServerThread	LoginServer not avaible, trying to reconnect...
2016.02.06 12:23:59,217	INFO	429	com.l2jmobius.gameserver.LoginServerThread	Connecting to login on 127.0.0.1:9014
2016.02.06 12:24:00,547	WARNING	429	com.l2jmobius.gameserver.LoginServerThread	LoginServer not avaible, trying to reconnect...
2016.02.06 12:24:05,548	INFO	429	com.l2jmobius.gameserver.LoginServerThread	Connecting to login on 127.0.0.1:9014
2016.02.06 12:24:06,720	WARNING	429	com.l2jmobius.gameserver.LoginServerThread	LoginServer not avaible, trying to reconnect...
2016.02.06 12:24:11,736	INFO	429	com.l2jmobius.gameserver.LoginServerThread	Connecting to login on 127.0.0.1:9014
2016.02.06 12:24:12,938	WARNING	429	com.l2jmobius.gameserver.LoginServerThread	LoginServer not avaible, trying to reconnect...
2016.02.06 12:24:17,994	INFO	429	com.l2jmobius.gameserver.LoginServerThread	Connecting to login on 127.0.0.1:9014
2016.02.06 12:24:19,255	WARNING	429	com.l2jmobius.gameserver.LoginServerThread	LoginServer not avaible, trying to reconnect...
2016.02.06 12:24:24,375	INFO	429	com.l2jmobius.gameserver.LoginServerThread	Connecting to login on 127.0.0.1:9014
2016.02.06 12:24:29,815	WARNING	429	com.l2jmobius.gameserver.LoginServerThread	LoginServer not avaible, trying to reconnect...
2016.02.06 12:24:34,830	INFO	429	com.l2jmobius.gameserver.LoginServerThread	Connecting to login on 127.0.0.1:9014
2016.02.06 12:24:35,846	WARNING	429	com.l2jmobius.gameserver.LoginServerThread	LoginServer not avaible, trying to reconnect...
2016.02.06 12:24:40,847	INFO	429	com.l2jmobius.gameserver.LoginServerThread	Connecting to login on 127.0.0.1:9014
2016.02.06 12:24:41,857	WARNING	429	com.l2jmobius.gameserver.LoginServerThread	LoginServer not avaible, trying to reconnect...
2016.02.06 12:24:46,857	INFO	429	com.l2jmobius.gameserver.LoginServerThread	Connecting to login on 127.0.0.1:9014
2016.02.06 12:24:47,913	WARNING	429	com.l2jmobius.gameserver.LoginServerThread	LoginServer not avaible, trying to reconnect...
2016.02.06 12:24:52,914	INFO	429	com.l2jmobius.gameserver.LoginServerThread	Connecting to login on 127.0.0.1:9014
2016.02.06 12:24:53,937	WARNING	429	com.l2jmobius.gameserver.LoginServerThread	LoginServer not avaible, trying to reconnect...
2016.02.06 12:24:58,940	INFO	429	com.l2jmobius.gameserver.LoginServerThread	Connecting to login on 127.0.0.1:9014
2016.02.06 12:24:59,948	WARNING	429	com.l2jmobius.gameserver.LoginServerThread	LoginServer not avaible, trying to reconnect...
2016.02.06 12:25:04,953	INFO	429	com.l2jmobius.gameserver.LoginServerThread	Connecting to login on 127.0.0.1:9014
2016.02.06 12:25:06,149	WARNING	429	com.l2jmobius.gameserver.LoginServerThread	LoginServer not avaible, trying to reconnect...
2016.02.06 12:25:11,154	INFO	429	com.l2jmobius.gameserver.LoginServerThread	Connecting to login on 127.0.0.1:9014
2016.02.06 12:25:12,235	WARNING	429	com.l2jmobius.gameserver.LoginServerThread	LoginServer not avaible, trying to reconnect...
2016.02.06 12:25:17,237	INFO	429	com.l2jmobius.gameserver.LoginServerThread	Connecting to login on 127.0.0.1:9014
2016.02.06 12:25:18,348	WARNING	429	com.l2jmobius.gameserver.LoginServerThread	LoginServer not avaible, trying to reconnect...
2016.02.06 12:25:23,348	INFO	429	com.l2jmobius.gameserver.LoginServerThread	Connecting to login on 127.0.0.1:9014
2016.02.06 12:25:24,732	WARNING	429	com.l2jmobius.gameserver.LoginServerThread	LoginServer not avaible, trying to reconnect...
2016.02.06 12:25:29,732	INFO	429	com.l2jmobius.gameserver.LoginServerThread	Connecting to login on 127.0.0.1:9014
2016.02.06 12:25:30,832	WARNING	429	com.l2jmobius.gameserver.LoginServerThread	LoginServer not avaible, trying to reconnect...
2016.02.06 12:25:35,833	INFO	429	com.l2jmobius.gameserver.LoginServerThread	Connecting to login on 127.0.0.1:9014
2016.02.06 12:25:36,844	WARNING	429	com.l2jmobius.gameserver.LoginServerThread	LoginServer not avaible, trying to reconnect...
2016.02.06 12:25:41,848	INFO	429	com.l2jmobius.gameserver.LoginServerThread	Connecting to login on 127.0.0.1:9014
2016.02.06 12:25:43,031	WARNING	429	com.l2jmobius.gameserver.LoginServerThread	LoginServer not avaible, trying to reconnect...
2016.02.06 12:25:48,036	INFO	429	com.l2jmobius.gameserver.LoginServerThread	Connecting to login on 127.0.0.1:9014
2016.02.06 12:25:49,186	WARNING	429	com.l2jmobius.gameserver.LoginServerThread	LoginServer not avaible, trying to reconnect...
2016.02.06 12:25:54,186	INFO	429	com.l2jmobius.gameserver.LoginServerThread	Connecting to login on 127.0.0.1:9014
2016.02.06 12:25:55,190	WARNING	429	com.l2jmobius.gameserver.LoginServerThread	LoginServer not avaible, trying to reconnect...
2016.02.06 12:26:00,203	INFO	429	com.l2jmobius.gameserver.LoginServerThread	Connecting to login on 127.0.0.1:9014
2016.02.06 12:26:01,235	WARNING	429	com.l2jmobius.gameserver.LoginServerThread	LoginServer not avaible, trying to reconnect...
2016.02.06 12:26:06,239	INFO	429	com.l2jmobius.gameserver.LoginServerThread	Connecting to login on 127.0.0.1:9014
2016.02.06 12:26:07,249	WARNING	429	com.l2jmobius.gameserver.LoginServerThread	LoginServer not avaible, trying to reconnect...
2016.02.06 12:26:12,254	INFO	429	com.l2jmobius.gameserver.LoginServerThread	Connecting to login on 127.0.0.1:9014
2016.02.06 12:26:13,425	WARNING	429	com.l2jmobius.gameserver.LoginServerThread	LoginServer not avaible, trying to reconnect...
2016.02.06 12:26:18,426	INFO	429	com.l2jmobius.gameserver.LoginServerThread	Connecting to login on 127.0.0.1:9014
2016.02.06 12:26:19,442	WARNING	429	com.l2jmobius.gameserver.LoginServerThread	LoginServer not avaible, trying to reconnect...
2016.02.06 12:26:24,443	INFO	429	com.l2jmobius.gameserver.LoginServerThread	Connecting to login on 127.0.0.1:9014
2016.02.06 12:26:25,450	WARNING	429	com.l2jmobius.gameserver.LoginServerThread	LoginServer not avaible, trying to reconnect...
2016.02.06 12:26:30,450	INFO	429	com.l2jmobius.gameserver.LoginServerThread	Connecting to login on 127.0.0.1:9014
2016.02.06 12:26:31,641	WARNING	429	com.l2jmobius.gameserver.LoginServerThread	LoginServer not avaible, trying to reconnect...
2016.02.06 12:26:36,643	INFO	429	com.l2jmobius.gameserver.LoginServerThread	Connecting to login on 127.0.0.1:9014
2016.02.06 12:26:37,645	WARNING	429	com.l2jmobius.gameserver.LoginServerThread	LoginServer not avaible, trying to reconnect...
2016.02.06 12:26:42,647	INFO	429	com.l2jmobius.gameserver.LoginServerThread	Connecting to login on 127.0.0.1:9014
2016.02.06 12:26:43,663	WARNING	429	com.l2jmobius.gameserver.LoginServerThread	LoginServer not avaible, trying to reconnect...
2016.02.06 12:26:48,664	INFO	429	com.l2jmobius.gameserver.LoginServerThread	Connecting to login on 127.0.0.1:9014
2016.02.06 12:26:49,688	WARNING	429	com.l2jmobius.gameserver.LoginServerThread	LoginServer not avaible, trying to reconnect...
2016.02.06 12:26:54,688	INFO	429	com.l2jmobius.gameserver.LoginServerThread	Connecting to login on 127.0.0.1:9014
2016.02.06 12:26:55,691	WARNING	429	com.l2jmobius.gameserver.LoginServerThread	LoginServer not avaible, trying to reconnect...
2016.02.06 12:27:00,691	INFO	429	com.l2jmobius.gameserver.LoginServerThread	Connecting to login on 127.0.0.1:9014
2016.02.06 12:27:01,694	WARNING	429	com.l2jmobius.gameserver.LoginServerThread	LoginServer not avaible, trying to reconnect...
2016.02.06 12:27:06,694	INFO	429	com.l2jmobius.gameserver.LoginServerThread	Connecting to login on 127.0.0.1:9014
2016.02.06 12:27:07,694	WARNING	429	com.l2jmobius.gameserver.LoginServerThread	LoginServer not avaible, trying to reconnect...
2016.02.06 12:27:12,695	INFO	429	com.l2jmobius.gameserver.LoginServerThread	Connecting to login on 127.0.0.1:9014
2016.02.06 12:27:13,697	WARNING	429	com.l2jmobius.gameserver.LoginServerThread	LoginServer not avaible, trying to reconnect...
2016.02.06 12:27:18,697	INFO	429	com.l2jmobius.gameserver.LoginServerThread	Connecting to login on 127.0.0.1:9014
2016.02.06 12:27:19,716	WARNING	429	com.l2jmobius.gameserver.LoginServerThread	LoginServer not avaible, trying to reconnect...
2016.02.06 12:27:24,725	INFO	429	com.l2jmobius.gameserver.LoginServerThread	Connecting to login on 127.0.0.1:9014
2016.02.06 12:27:25,731	WARNING	429	com.l2jmobius.gameserver.LoginServerThread	LoginServer not avaible, trying to reconnect...
2016.02.06 12:27:30,731	INFO	429	com.l2jmobius.gameserver.LoginServerThread	Connecting to login on 127.0.0.1:9014
2016.02.06 12:27:31,747	WARNING	429	com.l2jmobius.gameserver.LoginServerThread	LoginServer not avaible, trying to reconnect...
2016.02.06 12:27:36,747	INFO	429	com.l2jmobius.gameserver.LoginServerThread	Connecting to login on 127.0.0.1:9014
2016.02.06 12:27:37,748	WARNING	429	com.l2jmobius.gameserver.LoginServerThread	LoginServer not avaible, trying to reconnect...
2016.02.06 12:27:42,756	INFO	429	com.l2jmobius.gameserver.LoginServerThread	Connecting to login on 127.0.0.1:9014
2016.02.06 12:27:43,763	WARNING	429	com.l2jmobius.gameserver.LoginServerThread	LoginServer not avaible, trying to reconnect...
2016.02.06 12:27:48,772	INFO	429	com.l2jmobius.gameserver.LoginServerThread	Connecting to login on 127.0.0.1:9014
2016.02.06 12:27:49,775	WARNING	429	com.l2jmobius.gameserver.LoginServerThread	LoginServer not avaible, trying to reconnect...
2016.02.06 12:27:54,778	INFO	429	com.l2jmobius.gameserver.LoginServerThread	Connecting to login on 127.0.0.1:9014
2016.02.06 12:27:55,781	WARNING	429	com.l2jmobius.gameserver.LoginServerThread	LoginServer not avaible, trying to reconnect...
2016.02.06 12:28:00,781	INFO	429	com.l2jmobius.gameserver.LoginServerThread	Connecting to login on 127.0.0.1:9014
2016.02.06 12:28:01,796	WARNING	429	com.l2jmobius.gameserver.LoginServerThread	LoginServer not avaible, trying to reconnect...
2016.02.06 12:28:06,796	INFO	429	com.l2jmobius.gameserver.LoginServerThread	Connecting to login on 127.0.0.1:9014
2016.02.06 12:28:07,797	WARNING	429	com.l2jmobius.gameserver.LoginServerThread	LoginServer not avaible, trying to reconnect...
2016.02.06 12:28:12,809	INFO	429	com.l2jmobius.gameserver.LoginServerThread	Connecting to login on 127.0.0.1:9014
2016.02.06 12:28:13,816	WARNING	429	com.l2jmobius.gameserver.LoginServerThread	LoginServer not avaible, trying to reconnect...
2016.02.06 12:28:18,816	INFO	429	com.l2jmobius.gameserver.LoginServerThread	Connecting to login on 127.0.0.1:9014
2016.02.06 12:28:19,817	WARNING	429	com.l2jmobius.gameserver.LoginServerThread	LoginServer not avaible, trying to reconnect...
2016.02.06 12:28:24,818	INFO	429	com.l2jmobius.gameserver.LoginServerThread	Connecting to login on 127.0.0.1:9014
2016.02.06 12:28:25,832	WARNING	429	com.l2jmobius.gameserver.LoginServerThread	LoginServer not avaible, trying to reconnect...
2016.02.06 12:28:30,835	INFO	429	com.l2jmobius.gameserver.LoginServerThread	Connecting to login on 127.0.0.1:9014
2016.02.06 12:28:31,840	WARNING	429	com.l2jmobius.gameserver.LoginServerThread	LoginServer not avaible, trying to reconnect...
2016.02.06 12:28:36,847	INFO	429	com.l2jmobius.gameserver.LoginServerThread	Connecting to login on 127.0.0.1:9014
2016.02.06 12:28:37,847	WARNING	429	com.l2jmobius.gameserver.LoginServerThread	LoginServer not avaible, trying to reconnect...
2016.02.06 12:28:42,847	INFO	429	com.l2jmobius.gameserver.LoginServerThread	Connecting to login on 127.0.0.1:9014
2016.02.06 12:28:43,853	WARNING	429	com.l2jmobius.gameserver.LoginServerThread	LoginServer not avaible, trying to reconnect...
2016.02.06 12:28:48,868	INFO	429	com.l2jmobius.gameserver.LoginServerThread	Connecting to login on 127.0.0.1:9014
2016.02.06 12:28:49,872	WARNING	429	com.l2jmobius.gameserver.LoginServerThread	LoginServer not avaible, trying to reconnect...
2016.02.06 12:28:54,873	INFO	429	com.l2jmobius.gameserver.LoginServerThread	Connecting to login on 127.0.0.1:9014
2016.02.06 12:28:55,888	WARNING	429	com.l2jmobius.gameserver.LoginServerThread	LoginServer not avaible, trying to reconnect...
2016.02.06 12:29:00,889	INFO	429	com.l2jmobius.gameserver.LoginServerThread	Connecting to login on 127.0.0.1:9014
2016.02.06 12:29:01,903	WARNING	429	com.l2jmobius.gameserver.LoginServerThread	LoginServer not avaible, trying to reconnect...
2016.02.06 12:29:06,904	INFO	429	com.l2jmobius.gameserver.LoginServerThread	Connecting to login on 127.0.0.1:9014
2016.02.06 12:29:07,905	WARNING	429	com.l2jmobius.gameserver.LoginServerThread	LoginServer not avaible, trying to reconnect...
2016.02.06 12:29:12,909	INFO	429	com.l2jmobius.gameserver.LoginServerThread	Connecting to login on 127.0.0.1:9014
2016.02.06 12:29:13,911	WARNING	429	com.l2jmobius.gameserver.LoginServerThread	LoginServer not avaible, trying to reconnect...
2016.02.06 12:29:18,911	INFO	429	com.l2jmobius.gameserver.LoginServerThread	Connecting to login on 127.0.0.1:9014
2016.02.06 12:29:19,925	WARNING	429	com.l2jmobius.gameserver.LoginServerThread	LoginServer not avaible, trying to reconnect...
2016.02.06 12:29:24,925	INFO	429	com.l2jmobius.gameserver.LoginServerThread	Connecting to login on 127.0.0.1:9014
2016.02.06 12:29:25,927	WARNING	429	com.l2jmobius.gameserver.LoginServerThread	LoginServer not avaible, trying to reconnect...
2016.02.06 12:29:30,927	INFO	429	com.l2jmobius.gameserver.LoginServerThread	Connecting to login on 127.0.0.1:9014
2016.02.06 12:29:31,941	WARNING	429	com.l2jmobius.gameserver.LoginServerThread	LoginServer not avaible, trying to reconnect...
2016.02.06 12:29:36,942	INFO	429	com.l2jmobius.gameserver.LoginServerThread	Connecting to login on 127.0.0.1:9014
2016.02.06 12:29:37,947	WARNING	429	com.l2jmobius.gameserver.LoginServerThread	LoginServer not avaible, trying to reconnect...
2016.02.06 12:29:42,948	INFO	429	com.l2jmobius.gameserver.LoginServerThread	Connecting to login on 127.0.0.1:9014
2016.02.06 12:29:43,962	WARNING	429	com.l2jmobius.gameserver.LoginServerThread	LoginServer not avaible, trying to reconnect...
2016.02.06 12:29:48,963	INFO	429	com.l2jmobius.gameserver.LoginServerThread	Connecting to login on 127.0.0.1:9014
2016.02.06 12:29:49,979	WARNING	429	com.l2jmobius.gameserver.LoginServerThread	LoginServer not avaible, trying to reconnect...
2016.02.06 12:29:54,979	INFO	429	com.l2jmobius.gameserver.LoginServerThread	Connecting to login on 127.0.0.1:9014
2016.02.06 12:29:55,980	WARNING	429	com.l2jmobius.gameserver.LoginServerThread	LoginServer not avaible, trying to reconnect...
2016.02.06 12:30:00,980	INFO	429	com.l2jmobius.gameserver.LoginServerThread	Connecting to login on 127.0.0.1:9014
2016.02.06 12:30:01,994	WARNING	429	com.l2jmobius.gameserver.LoginServerThread	LoginServer not avaible, trying to reconnect...
2016.02.06 12:30:06,994	INFO	429	com.l2jmobius.gameserver.LoginServerThread	Connecting to login on 127.0.0.1:9014
2016.02.06 12:30:08,000	WARNING	429	com.l2jmobius.gameserver.LoginServerThread	LoginServer not avaible, trying to reconnect...
2016.02.06 12:30:13,003	INFO	429	com.l2jmobius.gameserver.LoginServerThread	Connecting to login on 127.0.0.1:9014
2016.02.06 12:30:14,005	WARNING	429	com.l2jmobius.gameserver.LoginServerThread	LoginServer not avaible, trying to reconnect...
2016.02.06 12:30:19,009	INFO	429	com.l2jmobius.gameserver.LoginServerThread	Connecting to login on 127.0.0.1:9014
2016.02.06 12:30:20,016	WARNING	429	com.l2jmobius.gameserver.LoginServerThread	LoginServer not avaible, trying to reconnect...
2016.02.06 12:30:25,017	INFO	429	com.l2jmobius.gameserver.LoginServerThread	Connecting to login on 127.0.0.1:9014
2016.02.06 12:30:26,019	WARNING	429	com.l2jmobius.gameserver.LoginServerThread	LoginServer not avaible, trying to reconnect...
2016.02.06 12:30:31,025	INFO	429	com.l2jmobius.gameserver.LoginServerThread	Connecting to login on 127.0.0.1:9014
2016.02.06 12:30:32,031	WARNING	429	com.l2jmobius.gameserver.LoginServerThread	LoginServer not avaible, trying to reconnect...
2016.02.06 12:30:37,041	INFO	429	com.l2jmobius.gameserver.LoginServerThread	Connecting to login on 127.0.0.1:9014
2016.02.06 12:30:38,047	WARNING	429	com.l2jmobius.gameserver.LoginServerThread	LoginServer not avaible, trying to reconnect...
2016.02.06 12:30:43,048	INFO	429	com.l2jmobius.gameserver.LoginServerThread	Connecting to login on 127.0.0.1:9014
2016.02.06 12:30:44,063	WARNING	429	com.l2jmobius.gameserver.LoginServerThread	LoginServer not avaible, trying to reconnect...
2016.02.06 12:30:49,064	INFO	429	com.l2jmobius.gameserver.LoginServerThread	Connecting to login on 127.0.0.1:9014
2016.02.06 12:30:50,079	WARNING	429	com.l2jmobius.gameserver.LoginServerThread	LoginServer not avaible, trying to reconnect...
2016.02.06 12:30:55,094	INFO	429	com.l2jmobius.gameserver.LoginServerThread	Connecting to login on 127.0.0.1:9014
2016.02.06 12:30:56,097	WARNING	429	com.l2jmobius.gameserver.LoginServerThread	LoginServer not avaible, trying to reconnect...
2016.02.06 12:31:01,098	INFO	429	com.l2jmobius.gameserver.LoginServerThread	Connecting to login on 127.0.0.1:9014
2016.02.06 12:31:02,099	WARNING	429	com.l2jmobius.gameserver.LoginServerThread	LoginServer not avaible, trying to reconnect...
2016.02.06 12:31:07,103	INFO	429	com.l2jmobius.gameserver.LoginServerThread	Connecting to login on 127.0.0.1:9014
2016.02.06 12:31:08,105	WARNING	429	com.l2jmobius.gameserver.LoginServerThread	LoginServer not avaible, trying to reconnect...
2016.02.06 12:31:13,109	INFO	429	com.l2jmobius.gameserver.LoginServerThread	Connecting to login on 127.0.0.1:9014
2016.02.06 12:31:14,131	WARNING	429	com.l2jmobius.gameserver.LoginServerThread	LoginServer not avaible, trying to reconnect...
2016.02.06 12:31:19,132	INFO	429	com.l2jmobius.gameserver.LoginServerThread	Connecting to login on 127.0.0.1:9014
2016.02.06 12:31:20,133	WARNING	429	com.l2jmobius.gameserver.LoginServerThread	LoginServer not avaible, trying to reconnect...
2016.02.06 12:31:25,136	INFO	429	com.l2jmobius.gameserver.LoginServerThread	Connecting to login on 127.0.0.1:9014
2016.02.06 12:31:26,147	WARNING	429	com.l2jmobius.gameserver.LoginServerThread	LoginServer not avaible, trying to reconnect...
2016.02.06 12:31:31,147	INFO	429	com.l2jmobius.gameserver.LoginServerThread	Connecting to login on 127.0.0.1:9014
2016.02.06 12:31:32,164	WARNING	429	com.l2jmobius.gameserver.LoginServerThread	LoginServer not avaible, trying to reconnect...
2016.02.06 12:31:37,164	INFO	429	com.l2jmobius.gameserver.LoginServerThread	Connecting to login on 127.0.0.1:9014
2016.02.06 12:31:38,173	WARNING	429	com.l2jmobius.gameserver.LoginServerThread	LoginServer not avaible, trying to reconnect...
2016.02.06 12:31:43,174	INFO	429	com.l2jmobius.gameserver.LoginServerThread	Connecting to login on 127.0.0.1:9014
2016.02.06 12:31:44,176	WARNING	429	com.l2jmobius.gameserver.LoginServerThread	LoginServer not avaible, trying to reconnect...
2016.02.06 12:31:49,182	INFO	429	com.l2jmobius.gameserver.LoginServerThread	Connecting to login on 127.0.0.1:9014
2016.02.06 12:31:50,185	WARNING	429	com.l2jmobius.gameserver.LoginServerThread	LoginServer not avaible, trying to reconnect...
2016.02.06 12:31:55,187	INFO	429	com.l2jmobius.gameserver.LoginServerThread	Connecting to login on 127.0.0.1:9014
2016.02.06 12:31:56,192	WARNING	429	com.l2jmobius.gameserver.LoginServerThread	LoginServer not avaible, trying to reconnect...
2016.02.06 12:32:01,197	INFO	429	com.l2jmobius.gameserver.LoginServerThread	Connecting to login on 127.0.0.1:9014
2016.02.06 12:32:02,316	WARNING	429	com.l2jmobius.gameserver.LoginServerThread	LoginServer not avaible, trying to reconnect...
2016.02.06 12:32:07,316	INFO	429	com.l2jmobius.gameserver.LoginServerThread	Connecting to login on 127.0.0.1:9014
2016.02.06 12:32:08,515	WARNING	429	com.l2jmobius.gameserver.LoginServerThread	LoginServer not avaible, trying to reconnect...
2016.02.06 12:32:13,521	INFO	429	com.l2jmobius.gameserver.LoginServerThread	Connecting to login on 127.0.0.1:9014
2016.02.06 12:32:14,740	WARNING	429	com.l2jmobius.gameserver.LoginServerThread	LoginServer not avaible, trying to reconnect...
2016.02.06 12:32:19,743	INFO	429	com.l2jmobius.gameserver.LoginServerThread	Connecting to login on 127.0.0.1:9014
2016.02.06 12:32:20,935	WARNING	429	com.l2jmobius.gameserver.LoginServerThread	LoginServer not avaible, trying to reconnect...
2016.02.06 12:32:25,940	INFO	429	com.l2jmobius.gameserver.LoginServerThread	Connecting to login on 127.0.0.1:9014
2016.02.06 12:32:26,946	WARNING	429	com.l2jmobius.gameserver.LoginServerThread	LoginServer not avaible, trying to reconnect...
2016.02.06 12:32:31,953	INFO	429	com.l2jmobius.gameserver.LoginServerThread	Connecting to login on 127.0.0.1:9014
2016.02.06 12:32:33,110	WARNING	429	com.l2jmobius.gameserver.LoginServerThread	LoginServer not avaible, trying to reconnect...
2016.02.06 12:32:38,111	INFO	429	com.l2jmobius.gameserver.LoginServerThread	Connecting to login on 127.0.0.1:9014
2016.02.06 12:32:39,210	WARNING	429	com.l2jmobius.gameserver.LoginServerThread	LoginServer not avaible, trying to reconnect...
2016.02.06 12:32:44,211	INFO	429	com.l2jmobius.gameserver.LoginServerThread	Connecting to login on 127.0.0.1:9014
2016.02.06 12:32:45,416	WARNING	429	com.l2jmobius.gameserver.LoginServerThread	LoginServer not avaible, trying to reconnect...
2016.02.06 12:32:50,417	INFO	429	com.l2jmobius.gameserver.LoginServerThread	Connecting to login on 127.0.0.1:9014
2016.02.06 12:32:51,612	WARNING	429	com.l2jmobius.gameserver.LoginServerThread	LoginServer not avaible, trying to reconnect...
2016.02.06 12:32:56,612	INFO	429	com.l2jmobius.gameserver.LoginServerThread	Connecting to login on 127.0.0.1:9014
2016.02.06 12:32:57,751	WARNING	429	com.l2jmobius.gameserver.LoginServerThread	LoginServer not avaible, trying to reconnect...
2016.02.06 12:33:02,757	INFO	429	com.l2jmobius.gameserver.LoginServerThread	Connecting to login on 127.0.0.1:9014
2016.02.06 12:33:03,957	WARNING	429	com.l2jmobius.gameserver.LoginServerThread	LoginServer not avaible, trying to reconnect...
2016.02.06 12:33:08,960	INFO	429	com.l2jmobius.gameserver.LoginServerThread	Connecting to login on 127.0.0.1:9014
2016.02.06 12:33:10,149	WARNING	429	com.l2jmobius.gameserver.LoginServerThread	LoginServer not avaible, trying to reconnect...
2016.02.06 12:33:15,150	INFO	429	com.l2jmobius.gameserver.LoginServerThread	Connecting to login on 127.0.0.1:9014
2016.02.06 12:33:16,309	WARNING	429	com.l2jmobius.gameserver.LoginServerThread	LoginServer not avaible, trying to reconnect...
2016.02.06 12:33:21,309	INFO	429	com.l2jmobius.gameserver.LoginServerThread	Connecting to login on 127.0.0.1:9014
2016.02.06 12:33:22,455	WARNING	429	com.l2jmobius.gameserver.LoginServerThread	LoginServer not avaible, trying to reconnect...
2016.02.06 12:33:27,463	INFO	429	com.l2jmobius.gameserver.LoginServerThread	Connecting to login on 127.0.0.1:9014
2016.02.06 12:33:28,712	WARNING	429	com.l2jmobius.gameserver.LoginServerThread	LoginServer not avaible, trying to reconnect...
2016.02.06 12:33:33,715	INFO	429	com.l2jmobius.gameserver.LoginServerThread	Connecting to login on 127.0.0.1:9014
2016.02.06 12:33:35,043	WARNING	429	com.l2jmobius.gameserver.LoginServerThread	LoginServer not avaible, trying to reconnect...
2016.02.06 12:33:40,047	INFO	429	com.l2jmobius.gameserver.LoginServerThread	Connecting to login on 127.0.0.1:9014
2016.02.06 12:33:41,064	WARNING	429	com.l2jmobius.gameserver.LoginServerThread	LoginServer not avaible, trying to reconnect...
2016.02.06 12:33:46,066	INFO	429	com.l2jmobius.gameserver.LoginServerThread	Connecting to login on 127.0.0.1:9014
2016.02.06 12:33:47,264	WARNING	429	com.l2jmobius.gameserver.LoginServerThread	LoginServer not avaible, trying to reconnect...
2016.02.06 12:33:52,268	INFO	429	com.l2jmobius.gameserver.LoginServerThread	Connecting to login on 127.0.0.1:9014
2016.02.06 12:33:53,405	WARNING	429	com.l2jmobius.gameserver.LoginServerThread	LoginServer not avaible, trying to reconnect...
2016.02.06 12:33:58,405	INFO	429	com.l2jmobius.gameserver.LoginServerThread	Connecting to login on 127.0.0.1:9014
2016.02.06 12:33:59,769	WARNING	429	com.l2jmobius.gameserver.LoginServerThread	LoginServer not avaible, trying to reconnect...
2016.02.06 12:34:04,770	INFO	429	com.l2jmobius.gameserver.LoginServerThread	Connecting to login on 127.0.0.1:9014
2016.02.06 12:34:05,910	WARNING	429	com.l2jmobius.gameserver.LoginServerThread	LoginServer not avaible, trying to reconnect...
2016.02.06 12:34:10,911	INFO	429	com.l2jmobius.gameserver.LoginServerThread	Connecting to login on 127.0.0.1:9014
2016.02.06 12:34:12,105	WARNING	429	com.l2jmobius.gameserver.LoginServerThread	LoginServer not avaible, trying to reconnect...
2016.02.06 12:34:17,107	INFO	429	com.l2jmobius.gameserver.LoginServerThread	Connecting to login on 127.0.0.1:9014
2016.02.06 12:34:18,168	WARNING	429	com.l2jmobius.gameserver.LoginServerThread	LoginServer not avaible, trying to reconnect...
2016.02.06 12:34:23,178	INFO	429	com.l2jmobius.gameserver.LoginServerThread	Connecting to login on 127.0.0.1:9014
2016.02.06 12:34:24,305	WARNING	429	com.l2jmobius.gameserver.LoginServerThread	LoginServer not avaible, trying to reconnect...
2016.02.06 12:34:29,306	INFO	429	com.l2jmobius.gameserver.LoginServerThread	Connecting to login on 127.0.0.1:9014
2016.02.06 12:34:30,316	WARNING	429	com.l2jmobius.gameserver.LoginServerThread	LoginServer not avaible, trying to reconnect...
2016.02.06 12:34:35,316	INFO	429	com.l2jmobius.gameserver.LoginServerThread	Connecting to login on 127.0.0.1:9014
2016.02.06 12:34:36,392	WARNING	429	com.l2jmobius.gameserver.LoginServerThread	LoginServer not avaible, trying to reconnect...
2016.02.06 12:34:41,394	INFO	429	com.l2jmobius.gameserver.LoginServerThread	Connecting to login on 127.0.0.1:9014
2016.02.06 12:34:42,511	WARNING	429	com.l2jmobius.gameserver.LoginServerThread	LoginServer not avaible, trying to reconnect...
2016.02.06 12:34:47,511	INFO	429	com.l2jmobius.gameserver.LoginServerThread	Connecting to login on 127.0.0.1:9014
2016.02.06 12:34:48,792	WARNING	429	com.l2jmobius.gameserver.LoginServerThread	LoginServer not avaible, trying to reconnect...
2016.02.06 12:34:53,795	INFO	429	com.l2jmobius.gameserver.LoginServerThread	Connecting to login on 127.0.0.1:9014
2016.02.06 12:34:54,908	WARNING	429	com.l2jmobius.gameserver.LoginServerThread	LoginServer not avaible, trying to reconnect...
2016.02.06 12:34:59,909	INFO	429	com.l2jmobius.gameserver.LoginServerThread	Connecting to login on 127.0.0.1:9014
2016.02.06 12:35:01,009	WARNING	429	com.l2jmobius.gameserver.LoginServerThread	LoginServer not avaible, trying to reconnect...
2016.02.06 12:35:06,009	INFO	429	com.l2jmobius.gameserver.LoginServerThread	Connecting to login on 127.0.0.1:9014
2016.02.06 12:35:07,206	WARNING	429	com.l2jmobius.gameserver.LoginServerThread	LoginServer not avaible, trying to reconnect...
2016.02.06 12:35:12,216	INFO	429	com.l2jmobius.gameserver.LoginServerThread	Connecting to login on 127.0.0.1:9014
2016.02.06 12:35:13,505	WARNING	429	com.l2jmobius.gameserver.LoginServerThread	LoginServer not avaible, trying to reconnect...
2016.02.06 12:35:18,507	INFO	429	com.l2jmobius.gameserver.LoginServerThread	Connecting to login on 127.0.0.1:9014
2016.02.06 12:35:19,520	WARNING	429	com.l2jmobius.gameserver.LoginServerThread	LoginServer not avaible, trying to reconnect...
2016.02.06 12:35:24,520	INFO	429	com.l2jmobius.gameserver.LoginServerThread	Connecting to login on 127.0.0.1:9014
2016.02.06 12:35:25,716	WARNING	429	com.l2jmobius.gameserver.LoginServerThread	LoginServer not avaible, trying to reconnect...
2016.02.06 12:35:30,717	INFO	429	com.l2jmobius.gameserver.LoginServerThread	Connecting to login on 127.0.0.1:9014
2016.02.06 12:35:32,053	WARNING	429	com.l2jmobius.gameserver.LoginServerThread	LoginServer not avaible, trying to reconnect...
2016.02.06 12:35:37,054	INFO	429	com.l2jmobius.gameserver.LoginServerThread	Connecting to login on 127.0.0.1:9014
2016.02.06 12:35:38,120	WARNING	429	com.l2jmobius.gameserver.LoginServerThread	LoginServer not avaible, trying to reconnect...
2016.02.06 12:35:43,121	INFO	429	com.l2jmobius.gameserver.LoginServerThread	Connecting to login on 127.0.0.1:9014
2016.02.06 12:35:44,122	WARNING	429	com.l2jmobius.gameserver.LoginServerThread	LoginServer not avaible, trying to reconnect...
2016.02.06 12:35:49,123	INFO	429	com.l2jmobius.gameserver.LoginServerThread	Connecting to login on 127.0.0.1:9014
2016.02.06 12:35:50,125	WARNING	429	com.l2jmobius.gameserver.LoginServerThread	LoginServer not avaible, trying to reconnect...
2016.02.06 12:35:55,125	INFO	429	com.l2jmobius.gameserver.LoginServerThread	Connecting to login on 127.0.0.1:9014
2016.02.06 12:35:56,131	WARNING	429	com.l2jmobius.gameserver.LoginServerThread	LoginServer not avaible, trying to reconnect...
2016.02.06 12:36:01,142	INFO	429	com.l2jmobius.gameserver.LoginServerThread	Connecting to login on 127.0.0.1:9014
2016.02.06 12:36:02,147	WARNING	429	com.l2jmobius.gameserver.LoginServerThread	LoginServer not avaible, trying to reconnect...
2016.02.06 12:36:07,147	INFO	429	com.l2jmobius.gameserver.LoginServerThread	Connecting to login on 127.0.0.1:9014
2016.02.06 12:36:08,167	WARNING	429	com.l2jmobius.gameserver.LoginServerThread	LoginServer not avaible, trying to reconnect...
2016.02.06 12:36:13,172	INFO	429	com.l2jmobius.gameserver.LoginServerThread	Connecting to login on 127.0.0.1:9014
2016.02.06 12:36:14,173	WARNING	429	com.l2jmobius.gameserver.LoginServerThread	LoginServer not avaible, trying to reconnect...
2016.02.06 12:36:19,173	INFO	429	com.l2jmobius.gameserver.LoginServerThread	Connecting to login on 127.0.0.1:9014
2016.02.06 12:36:20,193	WARNING	429	com.l2jmobius.gameserver.LoginServerThread	LoginServer not avaible, trying to reconnect...
2016.02.06 12:36:25,194	INFO	429	com.l2jmobius.gameserver.LoginServerThread	Connecting to login on 127.0.0.1:9014
2016.02.06 12:36:26,196	WARNING	429	com.l2jmobius.gameserver.LoginServerThread	LoginServer not avaible, trying to reconnect...
2016.02.06 12:36:31,199	INFO	429	com.l2jmobius.gameserver.LoginServerThread	Connecting to login on 127.0.0.1:9014
2016.02.06 12:36:32,210	WARNING	429	com.l2jmobius.gameserver.LoginServerThread	LoginServer not avaible, trying to reconnect...
2016.02.06 12:36:37,210	INFO	429	com.l2jmobius.gameserver.LoginServerThread	Connecting to login on 127.0.0.1:9014
2016.02.06 12:36:38,211	WARNING	429	com.l2jmobius.gameserver.LoginServerThread	LoginServer not avaible, trying to reconnect...
2016.02.06 12:36:43,211	INFO	429	com.l2jmobius.gameserver.LoginServerThread	Connecting to login on 127.0.0.1:9014
2016.02.06 12:36:44,212	WARNING	429	com.l2jmobius.gameserver.LoginServerThread	LoginServer not avaible, trying to reconnect...
2016.02.06 12:36:49,212	INFO	429	com.l2jmobius.gameserver.LoginServerThread	Connecting to login on 127.0.0.1:9014
2016.02.06 12:36:50,213	WARNING	429	com.l2jmobius.gameserver.LoginServerThread	LoginServer not avaible, trying to reconnect...
2016.02.06 12:36:55,213	INFO	429	com.l2jmobius.gameserver.LoginServerThread	Connecting to login on 127.0.0.1:9014
2016.02.06 12:36:56,241	WARNING	429	com.l2jmobius.gameserver.LoginServerThread	LoginServer not avaible, trying to reconnect...
2016.02.06 12:37:01,242	INFO	429	com.l2jmobius.gameserver.LoginServerThread	Connecting to login on 127.0.0.1:9014
2016.02.06 12:37:02,247	WARNING	429	com.l2jmobius.gameserver.LoginServerThread	LoginServer not avaible, trying to reconnect...
2016.02.06 12:37:07,247	INFO	429	com.l2jmobius.gameserver.LoginServerThread	Connecting to login on 127.0.0.1:9014
2016.02.06 12:37:08,248	WARNING	429	com.l2jmobius.gameserver.LoginServerThread	LoginServer not avaible, trying to reconnect...
2016.02.06 12:37:13,257	INFO	429	com.l2jmobius.gameserver.LoginServerThread	Connecting to login on 127.0.0.1:9014
2016.02.06 12:37:14,272	WARNING	429	com.l2jmobius.gameserver.LoginServerThread	LoginServer not avaible, trying to reconnect...
2016.02.06 12:37:19,272	INFO	429	com.l2jmobius.gameserver.LoginServerThread	Connecting to login on 127.0.0.1:9014
2016.02.06 12:37:20,274	WARNING	429	com.l2jmobius.gameserver.LoginServerThread	LoginServer not avaible, trying to reconnect...
2016.02.06 12:37:25,275	INFO	429	com.l2jmobius.gameserver.LoginServerThread	Connecting to login on 127.0.0.1:9014
2016.02.06 12:37:26,279	WARNING	429	com.l2jmobius.gameserver.LoginServerThread	LoginServer not avaible, trying to reconnect...
2016.02.06 12:37:31,294	INFO	429	com.l2jmobius.gameserver.LoginServerThread	Connecting to login on 127.0.0.1:9014
2016.02.06 12:37:32,296	WARNING	429	com.l2jmobius.gameserver.LoginServerThread	LoginServer not avaible, trying to reconnect...
2016.02.06 12:37:37,297	INFO	429	com.l2jmobius.gameserver.LoginServerThread	Connecting to login on 127.0.0.1:9014
2016.02.06 12:37:38,311	WARNING	429	com.l2jmobius.gameserver.LoginServerThread	LoginServer not avaible, trying to reconnect...
2016.02.06 12:37:43,311	INFO	429	com.l2jmobius.gameserver.LoginServerThread	Connecting to login on 127.0.0.1:9014
2016.02.06 12:37:44,312	WARNING	429	com.l2jmobius.gameserver.LoginServerThread	LoginServer not avaible, trying to reconnect...
2016.02.06 12:37:49,312	INFO	429	com.l2jmobius.gameserver.LoginServerThread	Connecting to login on 127.0.0.1:9014
2016.02.06 12:37:50,315	WARNING	429	com.l2jmobius.gameserver.LoginServerThread	LoginServer not avaible, trying to reconnect...
2016.02.06 12:37:55,316	INFO	429	com.l2jmobius.gameserver.LoginServerThread	Connecting to login on 127.0.0.1:9014
2016.02.06 12:37:56,326	WARNING	429	com.l2jmobius.gameserver.LoginServerThread	LoginServer not avaible, trying to reconnect...
2016.02.06 12:38:01,341	INFO	429	com.l2jmobius.gameserver.LoginServerThread	Connecting to login on 127.0.0.1:9014
2016.02.06 12:38:02,344	WARNING	429	com.l2jmobius.gameserver.LoginServerThread	LoginServer not avaible, trying to reconnect...
2016.02.06 12:38:07,347	INFO	429	com.l2jmobius.gameserver.LoginServerThread	Connecting to login on 127.0.0.1:9014
2016.02.06 12:38:08,372	WARNING	429	com.l2jmobius.gameserver.LoginServerThread	LoginServer not avaible, trying to reconnect...
2016.02.06 12:38:13,373	INFO	429	com.l2jmobius.gameserver.LoginServerThread	Connecting to login on 127.0.0.1:9014
2016.02.06 12:38:14,375	WARNING	429	com.l2jmobius.gameserver.LoginServerThread	LoginServer not avaible, trying to reconnect...
2016.02.06 12:38:19,375	INFO	429	com.l2jmobius.gameserver.LoginServerThread	Connecting to login on 127.0.0.1:9014
2016.02.06 12:38:20,377	WARNING	429	com.l2jmobius.gameserver.LoginServerThread	LoginServer not avaible, trying to reconnect...
2016.02.06 12:38:25,388	INFO	429	com.l2jmobius.gameserver.LoginServerThread	Connecting to login on 127.0.0.1:9014
2016.02.06 12:38:26,403	WARNING	429	com.l2jmobius.gameserver.LoginServerThread	LoginServer not avaible, trying to reconnect...
2016.02.06 12:38:31,405	INFO	429	com.l2jmobius.gameserver.LoginServerThread	Connecting to login on 127.0.0.1:9014
2016.02.06 12:38:32,416	WARNING	429	com.l2jmobius.gameserver.LoginServerThread	LoginServer not avaible, trying to reconnect...
2016.02.06 12:38:37,417	INFO	429	com.l2jmobius.gameserver.LoginServerThread	Connecting to login on 127.0.0.1:9014
2016.02.06 12:38:38,418	WARNING	429	com.l2jmobius.gameserver.LoginServerThread	LoginServer not avaible, trying to reconnect...
2016.02.06 12:38:43,431	INFO	429	com.l2jmobius.gameserver.LoginServerThread	Connecting to login on 127.0.0.1:9014
2016.02.06 12:38:44,442	WARNING	429	com.l2jmobius.gameserver.LoginServerThread	LoginServer not avaible, trying to reconnect...
2016.02.06 12:38:49,442	INFO	429	com.l2jmobius.gameserver.LoginServerThread	Connecting to login on 127.0.0.1:9014
2016.02.06 12:38:50,463	WARNING	429	com.l2jmobius.gameserver.LoginServerThread	LoginServer not avaible, trying to reconnect...
2016.02.06 12:38:55,478	INFO	429	com.l2jmobius.gameserver.LoginServerThread	Connecting to login on 127.0.0.1:9014
2016.02.06 12:38:56,494	WARNING	429	com.l2jmobius.gameserver.LoginServerThread	LoginServer not avaible, trying to reconnect...
2016.02.06 12:39:01,504	INFO	429	com.l2jmobius.gameserver.LoginServerThread	Connecting to login on 127.0.0.1:9014
2016.02.06 12:39:02,510	WARNING	429	com.l2jmobius.gameserver.LoginServerThread	LoginServer not avaible, trying to reconnect...
2016.02.06 12:39:07,525	INFO	429	com.l2jmobius.gameserver.LoginServerThread	Connecting to login on 127.0.0.1:9014
2016.02.06 12:39:08,532	WARNING	429	com.l2jmobius.gameserver.LoginServerThread	LoginServer not avaible, trying to reconnect...
2016.02.06 12:39:13,534	INFO	429	com.l2jmobius.gameserver.LoginServerThread	Connecting to login on 127.0.0.1:9014
2016.02.06 12:39:14,542	WARNING	429	com.l2jmobius.gameserver.LoginServerThread	LoginServer not avaible, trying to reconnect...
2016.02.06 12:39:19,542	INFO	429	com.l2jmobius.gameserver.LoginServerThread	Connecting to login on 127.0.0.1:9014
2016.02.06 12:39:20,547	WARNING	429	com.l2jmobius.gameserver.LoginServerThread	LoginServer not avaible, trying to reconnect...
2016.02.06 12:39:25,547	INFO	429	com.l2jmobius.gameserver.LoginServerThread	Connecting to login on 127.0.0.1:9014
2016.02.06 12:39:26,548	WARNING	429	com.l2jmobius.gameserver.LoginServerThread	LoginServer not avaible, trying to reconnect...
2016.02.06 12:39:31,563	INFO	429	com.l2jmobius.gameserver.LoginServerThread	Connecting to login on 127.0.0.1:9014
2016.02.06 12:39:32,563	WARNING	429	com.l2jmobius.gameserver.LoginServerThread	LoginServer not avaible, trying to reconnect...
2016.02.06 12:39:37,578	INFO	429	com.l2jmobius.gameserver.LoginServerThread	Connecting to login on 127.0.0.1:9014
2016.02.06 12:39:38,594	WARNING	429	com.l2jmobius.gameserver.LoginServerThread	LoginServer not avaible, trying to reconnect...
2016.02.06 12:39:43,594	INFO	429	com.l2jmobius.gameserver.LoginServerThread	Connecting to login on 127.0.0.1:9014
2016.02.06 12:39:44,595	WARNING	429	com.l2jmobius.gameserver.LoginServerThread	LoginServer not avaible, trying to reconnect...
2016.02.06 12:39:49,596	INFO	429	com.l2jmobius.gameserver.LoginServerThread	Connecting to login on 127.0.0.1:9014
2016.02.06 12:39:50,610	WARNING	429	com.l2jmobius.gameserver.LoginServerThread	LoginServer not avaible, trying to reconnect...
2016.02.06 12:39:55,625	INFO	429	com.l2jmobius.gameserver.LoginServerThread	Connecting to login on 127.0.0.1:9014
2016.02.06 12:39:56,641	WARNING	429	com.l2jmobius.gameserver.LoginServerThread	LoginServer not avaible, trying to reconnect...
2016.02.06 12:40:01,642	INFO	429	com.l2jmobius.gameserver.LoginServerThread	Connecting to login on 127.0.0.1:9014
2016.02.06 12:40:02,657	WARNING	429	com.l2jmobius.gameserver.LoginServerThread	LoginServer not avaible, trying to reconnect...
2016.02.06 12:40:07,657	INFO	429	com.l2jmobius.gameserver.LoginServerThread	Connecting to login on 127.0.0.1:9014
2016.02.06 12:40:08,661	WARNING	429	com.l2jmobius.gameserver.LoginServerThread	LoginServer not avaible, trying to reconnect...
2016.02.06 12:40:13,663	INFO	429	com.l2jmobius.gameserver.LoginServerThread	Connecting to login on 127.0.0.1:9014
2016.02.06 12:40:14,664	WARNING	429	com.l2jmobius.gameserver.LoginServerThread	LoginServer not avaible, trying to reconnect...
2016.02.06 12:40:19,665	INFO	429	com.l2jmobius.gameserver.LoginServerThread	Connecting to login on 127.0.0.1:9014
2016.02.06 12:40:20,665	WARNING	429	com.l2jmobius.gameserver.LoginServerThread	LoginServer not avaible, trying to reconnect...
2016.02.06 12:40:25,666	INFO	429	com.l2jmobius.gameserver.LoginServerThread	Connecting to login on 127.0.0.1:9014
2016.02.06 12:40:26,672	WARNING	429	com.l2jmobius.gameserver.LoginServerThread	LoginServer not avaible, trying to reconnect...
2016.02.06 12:40:31,678	INFO	429	com.l2jmobius.gameserver.LoginServerThread	Connecting to login on 127.0.0.1:9014
2016.02.06 12:40:32,678	WARNING	429	com.l2jmobius.gameserver.LoginServerThread	LoginServer not avaible, trying to reconnect...
2016.02.06 12:40:37,679	INFO	429	com.l2jmobius.gameserver.LoginServerThread	Connecting to login on 127.0.0.1:9014
2016.02.06 12:40:38,681	WARNING	429	com.l2jmobius.gameserver.LoginServerThread	LoginServer not avaible, trying to reconnect...
2016.02.06 12:40:43,681	INFO	429	com.l2jmobius.gameserver.LoginServerThread	Connecting to login on 127.0.0.1:9014
2016.02.06 12:40:44,686	WARNING	429	com.l2jmobius.gameserver.LoginServerThread	LoginServer not avaible, trying to reconnect...
2016.02.06 12:40:49,705	INFO	429	com.l2jmobius.gameserver.LoginServerThread	Connecting to login on 127.0.0.1:9014
2016.02.06 12:40:50,748	WARNING	429	com.l2jmobius.gameserver.LoginServerThread	LoginServer not avaible, trying to reconnect...
2016.02.06 12:40:55,749	INFO	429	com.l2jmobius.gameserver.LoginServerThread	Connecting to login on 127.0.0.1:9014
2016.02.06 12:40:56,807	WARNING	429	com.l2jmobius.gameserver.LoginServerThread	LoginServer not avaible, trying to reconnect...
2016.02.06 12:41:01,808	INFO	429	com.l2jmobius.gameserver.LoginServerThread	Connecting to login on 127.0.0.1:9014
2016.02.06 12:41:03,046	WARNING	429	com.l2jmobius.gameserver.LoginServerThread	LoginServer not avaible, trying to reconnect...
2016.02.06 12:41:08,048	INFO	429	com.l2jmobius.gameserver.LoginServerThread	Connecting to login on 127.0.0.1:9014
2016.02.06 12:41:09,362	WARNING	429	com.l2jmobius.gameserver.LoginServerThread	LoginServer not avaible, trying to reconnect...
2016.02.06 12:41:14,362	INFO	429	com.l2jmobius.gameserver.LoginServerThread	Connecting to login on 127.0.0.1:9014
2016.02.06 12:41:15,563	WARNING	429	com.l2jmobius.gameserver.LoginServerThread	LoginServer not avaible, trying to reconnect...
2016.02.06 12:41:20,568	INFO	429	com.l2jmobius.gameserver.LoginServerThread	Connecting to login on 127.0.0.1:9014
2016.02.06 12:41:21,673	WARNING	429	com.l2jmobius.gameserver.LoginServerThread	LoginServer not avaible, trying to reconnect...
2016.02.06 12:41:26,673	INFO	429	com.l2jmobius.gameserver.LoginServerThread	Connecting to login on 127.0.0.1:9014
2016.02.06 12:41:27,859	WARNING	429	com.l2jmobius.gameserver.LoginServerThread	LoginServer not avaible, trying to reconnect...
2016.02.06 12:41:32,882	INFO	429	com.l2jmobius.gameserver.LoginServerThread	Connecting to login on 127.0.0.1:9014
2016.02.06 12:41:33,915	WARNING	429	com.l2jmobius.gameserver.LoginServerThread	LoginServer not avaible, trying to reconnect...
2016.02.06 12:41:38,952	INFO	429	com.l2jmobius.gameserver.LoginServerThread	Connecting to login on 127.0.0.1:9014
2016.02.06 12:41:40,031	WARNING	429	com.l2jmobius.gameserver.LoginServerThread	LoginServer not avaible, trying to reconnect...
2016.02.06 12:41:45,036	INFO	429	com.l2jmobius.gameserver.LoginServerThread	Connecting to login on 127.0.0.1:9014
2016.02.06 12:41:46,310	WARNING	429	com.l2jmobius.gameserver.LoginServerThread	LoginServer not avaible, trying to reconnect...
2016.02.06 12:41:51,350	INFO	429	com.l2jmobius.gameserver.LoginServerThread	Connecting to login on 127.0.0.1:9014
2016.02.06 12:41:52,546	WARNING	429	com.l2jmobius.gameserver.LoginServerThread	LoginServer not avaible, trying to reconnect...
2016.02.06 12:41:57,546	INFO	429	com.l2jmobius.gameserver.LoginServerThread	Connecting to login on 127.0.0.1:9014
2016.02.06 12:41:58,731	WARNING	429	com.l2jmobius.gameserver.LoginServerThread	LoginServer not avaible, trying to reconnect...
2016.02.06 12:42:03,736	INFO	429	com.l2jmobius.gameserver.LoginServerThread	Connecting to login on 127.0.0.1:9014
2016.02.06 12:42:04,863	WARNING	429	com.l2jmobius.gameserver.LoginServerThread	LoginServer not avaible, trying to reconnect...
2016.02.06 12:42:09,886	INFO	429	com.l2jmobius.gameserver.LoginServerThread	Connecting to login on 127.0.0.1:9014
2016.02.06 12:42:11,072	WARNING	429	com.l2jmobius.gameserver.LoginServerThread	LoginServer not avaible, trying to reconnect...
2016.02.06 12:42:16,088	INFO	429	com.l2jmobius.gameserver.LoginServerThread	Connecting to login on 127.0.0.1:9014
2016.02.06 12:42:17,196	WARNING	429	com.l2jmobius.gameserver.LoginServerThread	LoginServer not avaible, trying to reconnect...
2016.02.06 12:42:22,364	INFO	429	com.l2jmobius.gameserver.LoginServerThread	Connecting to login on 127.0.0.1:9014
2016.02.06 12:42:23,570	WARNING	429	com.l2jmobius.gameserver.LoginServerThread	LoginServer not avaible, trying to reconnect...
2016.02.06 12:42:28,891	INFO	429	com.l2jmobius.gameserver.LoginServerThread	Connecting to login on 127.0.0.1:9014
2016.02.06 12:42:30,163	WARNING	429	com.l2jmobius.gameserver.LoginServerThread	LoginServer not avaible, trying to reconnect...
2016.02.06 12:42:35,404	INFO	429	com.l2jmobius.gameserver.LoginServerThread	Connecting to login on 127.0.0.1:9014
2016.02.06 12:42:36,566	WARNING	429	com.l2jmobius.gameserver.LoginServerThread	LoginServer not avaible, trying to reconnect...
2016.02.06 12:42:41,578	INFO	429	com.l2jmobius.gameserver.LoginServerThread	Connecting to login on 127.0.0.1:9014
2016.02.06 12:42:42,942	WARNING	429	com.l2jmobius.gameserver.LoginServerThread	LoginServer not avaible, trying to reconnect...
2016.02.06 12:42:47,972	INFO	429	com.l2jmobius.gameserver.LoginServerThread	Connecting to login on 127.0.0.1:9014
2016.02.06 12:42:49,266	WARNING	429	com.l2jmobius.gameserver.LoginServerThread	LoginServer not avaible, trying to reconnect...
2016.02.06 12:42:54,425	INFO	429	com.l2jmobius.gameserver.LoginServerThread	Connecting to login on 127.0.0.1:9014
2016.02.06 12:42:55,562	WARNING	429	com.l2jmobius.gameserver.LoginServerThread	LoginServer not avaible, trying to reconnect...
2016.02.06 12:43:00,563	INFO	429	com.l2jmobius.gameserver.LoginServerThread	Connecting to login on 127.0.0.1:9014
2016.02.06 12:43:01,660	WARNING	429	com.l2jmobius.gameserver.LoginServerThread	LoginServer not avaible, trying to reconnect...
2016.02.06 12:43:06,661	INFO	429	com.l2jmobius.gameserver.LoginServerThread	Connecting to login on 127.0.0.1:9014
2016.02.06 12:43:07,769	WARNING	429	com.l2jmobius.gameserver.LoginServerThread	LoginServer not avaible, trying to reconnect...
2016.02.06 12:43:12,852	INFO	429	com.l2jmobius.gameserver.LoginServerThread	Connecting to login on 127.0.0.1:9014
2016.02.06 12:43:13,858	WARNING	429	com.l2jmobius.gameserver.LoginServerThread	LoginServer not avaible, trying to reconnect...
2016.02.06 12:43:19,084	INFO	429	com.l2jmobius.gameserver.LoginServerThread	Connecting to login on 127.0.0.1:9014
2016.02.06 12:43:20,361	WARNING	429	com.l2jmobius.gameserver.LoginServerThread	LoginServer not avaible, trying to reconnect...
2016.02.06 12:43:25,361	INFO	429	com.l2jmobius.gameserver.LoginServerThread	Connecting to login on 127.0.0.1:9014
2016.02.06 12:43:26,363	WARNING	429	com.l2jmobius.gameserver.LoginServerThread	LoginServer not avaible, trying to reconnect...
2016.02.06 12:43:31,378	INFO	429	com.l2jmobius.gameserver.LoginServerThread	Connecting to login on 127.0.0.1:9014
2016.02.06 12:43:32,380	WARNING	429	com.l2jmobius.gameserver.LoginServerThread	LoginServer not avaible, trying to reconnect...
2016.02.06 12:43:37,381	INFO	429	com.l2jmobius.gameserver.LoginServerThread	Connecting to login on 127.0.0.1:9014
2016.02.06 12:43:38,563	WARNING	429	com.l2jmobius.gameserver.LoginServerThread	LoginServer not avaible, trying to reconnect...
2016.02.06 12:43:43,563	INFO	429	com.l2jmobius.gameserver.LoginServerThread	Connecting to login on 127.0.0.1:9014
2016.02.06 12:43:44,808	WARNING	429	com.l2jmobius.gameserver.LoginServerThread	LoginServer not avaible, trying to reconnect...
2016.02.06 12:43:49,931	INFO	429	com.l2jmobius.gameserver.LoginServerThread	Connecting to login on 127.0.0.1:9014
2016.02.06 12:43:51,060	WARNING	429	com.l2jmobius.gameserver.LoginServerThread	LoginServer not avaible, trying to reconnect...
2016.02.06 12:43:56,116	INFO	429	com.l2jmobius.gameserver.LoginServerThread	Connecting to login on 127.0.0.1:9014
2016.02.06 12:43:57,446	WARNING	429	com.l2jmobius.gameserver.LoginServerThread	LoginServer not avaible, trying to reconnect...
2016.02.06 12:44:02,452	INFO	429	com.l2jmobius.gameserver.LoginServerThread	Connecting to login on 127.0.0.1:9014
2016.02.06 12:44:03,561	WARNING	429	com.l2jmobius.gameserver.LoginServerThread	LoginServer not avaible, trying to reconnect...
2016.02.06 12:44:08,567	INFO	429	com.l2jmobius.gameserver.LoginServerThread	Connecting to login on 127.0.0.1:9014
2016.02.06 12:44:09,573	WARNING	429	com.l2jmobius.gameserver.LoginServerThread	LoginServer not avaible, trying to reconnect...
2016.02.06 12:44:14,576	INFO	429	com.l2jmobius.gameserver.LoginServerThread	Connecting to login on 127.0.0.1:9014
2016.02.06 12:44:15,576	WARNING	429	com.l2jmobius.gameserver.LoginServerThread	LoginServer not avaible, trying to reconnect...
2016.02.06 12:44:20,577	INFO	429	com.l2jmobius.gameserver.LoginServerThread	Connecting to login on 127.0.0.1:9014
2016.02.06 12:44:21,588	WARNING	429	com.l2jmobius.gameserver.LoginServerThread	LoginServer not avaible, trying to reconnect...
2016.02.06 12:44:26,589	INFO	429	com.l2jmobius.gameserver.LoginServerThread	Connecting to login on 127.0.0.1:9014
2016.02.06 12:44:27,594	WARNING	429	com.l2jmobius.gameserver.LoginServerThread	LoginServer not avaible, trying to reconnect...
2016.02.06 12:44:32,595	INFO	429	com.l2jmobius.gameserver.LoginServerThread	Connecting to login on 127.0.0.1:9014
2016.02.06 12:44:33,610	WARNING	429	com.l2jmobius.gameserver.LoginServerThread	LoginServer not avaible, trying to reconnect...
2016.02.06 12:44:38,610	INFO	429	com.l2jmobius.gameserver.LoginServerThread	Connecting to login on 127.0.0.1:9014
2016.02.06 12:44:39,613	WARNING	429	com.l2jmobius.gameserver.LoginServerThread	LoginServer not avaible, trying to reconnect...
2016.02.06 12:44:44,613	INFO	429	com.l2jmobius.gameserver.LoginServerThread	Connecting to login on 127.0.0.1:9014
2016.02.06 12:44:45,614	WARNING	429	com.l2jmobius.gameserver.LoginServerThread	LoginServer not avaible, trying to reconnect...
2016.02.06 12:44:50,614	INFO	429	com.l2jmobius.gameserver.LoginServerThread	Connecting to login on 127.0.0.1:9014
2016.02.06 12:44:51,625	WARNING	429	com.l2jmobius.gameserver.LoginServerThread	LoginServer not avaible, trying to reconnect...
2016.02.06 12:44:56,625	INFO	429	com.l2jmobius.gameserver.LoginServerThread	Connecting to login on 127.0.0.1:9014
2016.02.06 12:44:57,642	WARNING	429	com.l2jmobius.gameserver.LoginServerThread	LoginServer not avaible, trying to reconnect...
2016.02.06 12:45:02,657	INFO	429	com.l2jmobius.gameserver.LoginServerThread	Connecting to login on 127.0.0.1:9014
2016.02.06 12:45:03,678	WARNING	429	com.l2jmobius.gameserver.LoginServerThread	LoginServer not avaible, trying to reconnect...
2016.02.06 12:45:08,679	INFO	429	com.l2jmobius.gameserver.LoginServerThread	Connecting to login on 127.0.0.1:9014
2016.02.06 12:45:09,694	WARNING	429	com.l2jmobius.gameserver.LoginServerThread	LoginServer not avaible, trying to reconnect...
2016.02.06 12:45:14,694	INFO	429	com.l2jmobius.gameserver.LoginServerThread	Connecting to login on 127.0.0.1:9014
2016.02.06 12:45:15,710	WARNING	429	com.l2jmobius.gameserver.LoginServerThread	LoginServer not avaible, trying to reconnect...
2016.02.06 12:45:20,711	INFO	429	com.l2jmobius.gameserver.LoginServerThread	Connecting to login on 127.0.0.1:9014
2016.02.06 12:45:21,713	WARNING	429	com.l2jmobius.gameserver.LoginServerThread	LoginServer not avaible, trying to reconnect...
2016.02.06 12:45:26,714	INFO	429	com.l2jmobius.gameserver.LoginServerThread	Connecting to login on 127.0.0.1:9014
2016.02.06 12:45:27,717	WARNING	429	com.l2jmobius.gameserver.LoginServerThread	LoginServer not avaible, trying to reconnect...
2016.02.06 12:45:32,718	INFO	429	com.l2jmobius.gameserver.LoginServerThread	Connecting to login on 127.0.0.1:9014
2016.02.06 12:45:33,726	WARNING	429	com.l2jmobius.gameserver.LoginServerThread	LoginServer not avaible, trying to reconnect...
2016.02.06 12:45:38,728	INFO	429	com.l2jmobius.gameserver.LoginServerThread	Connecting to login on 127.0.0.1:9014
2016.02.06 12:45:39,729	WARNING	429	com.l2jmobius.gameserver.LoginServerThread	LoginServer not avaible, trying to reconnect...
2016.02.06 12:45:44,730	INFO	429	com.l2jmobius.gameserver.LoginServerThread	Connecting to login on 127.0.0.1:9014
2016.02.06 12:45:45,747	WARNING	429	com.l2jmobius.gameserver.LoginServerThread	LoginServer not avaible, trying to reconnect...
2016.02.06 12:45:50,747	INFO	429	com.l2jmobius.gameserver.LoginServerThread	Connecting to login on 127.0.0.1:9014
2016.02.06 12:45:51,757	WARNING	429	com.l2jmobius.gameserver.LoginServerThread	LoginServer not avaible, trying to reconnect...
2016.02.06 12:45:56,758	INFO	429	com.l2jmobius.gameserver.LoginServerThread	Connecting to login on 127.0.0.1:9014
2016.02.06 12:45:57,765	WARNING	429	com.l2jmobius.gameserver.LoginServerThread	LoginServer not avaible, trying to reconnect...
2016.02.06 12:46:02,766	INFO	429	com.l2jmobius.gameserver.LoginServerThread	Connecting to login on 127.0.0.1:9014
2016.02.06 12:46:03,779	WARNING	429	com.l2jmobius.gameserver.LoginServerThread	LoginServer not avaible, trying to reconnect...
2016.02.06 12:46:08,779	INFO	429	com.l2jmobius.gameserver.LoginServerThread	Connecting to login on 127.0.0.1:9014
2016.02.06 12:46:09,780	WARNING	429	com.l2jmobius.gameserver.LoginServerThread	LoginServer not avaible, trying to reconnect...
2016.02.06 12:46:14,782	INFO	429	com.l2jmobius.gameserver.LoginServerThread	Connecting to login on 127.0.0.1:9014
2016.02.06 12:46:15,784	WARNING	429	com.l2jmobius.gameserver.LoginServerThread	LoginServer not avaible, trying to reconnect...
2016.02.06 12:46:20,784	INFO	429	com.l2jmobius.gameserver.LoginServerThread	Connecting to login on 127.0.0.1:9014
2016.02.06 12:46:21,804	WARNING	429	com.l2jmobius.gameserver.LoginServerThread	LoginServer not avaible, trying to reconnect...
2016.02.06 12:46:26,809	INFO	429	com.l2jmobius.gameserver.LoginServerThread	Connecting to login on 127.0.0.1:9014
2016.02.06 12:46:27,811	WARNING	429	com.l2jmobius.gameserver.LoginServerThread	LoginServer not avaible, trying to reconnect...
2016.02.06 12:46:32,816	INFO	429	com.l2jmobius.gameserver.LoginServerThread	Connecting to login on 127.0.0.1:9014
2016.02.06 12:46:33,832	WARNING	429	com.l2jmobius.gameserver.LoginServerThread	LoginServer not avaible, trying to reconnect...
2016.02.06 12:46:38,832	INFO	429	com.l2jmobius.gameserver.LoginServerThread	Connecting to login on 127.0.0.1:9014
2016.02.06 12:46:39,847	WARNING	429	com.l2jmobius.gameserver.LoginServerThread	LoginServer not avaible, trying to reconnect...
2016.02.06 12:46:44,848	INFO	429	com.l2jmobius.gameserver.LoginServerThread	Connecting to login on 127.0.0.1:9014
2016.02.06 12:46:45,855	WARNING	429	com.l2jmobius.gameserver.LoginServerThread	LoginServer not avaible, trying to reconnect...
2016.02.06 12:46:50,856	INFO	429	com.l2jmobius.gameserver.LoginServerThread	Connecting to login on 127.0.0.1:9014
2016.02.06 12:46:51,857	WARNING	429	com.l2jmobius.gameserver.LoginServerThread	LoginServer not avaible, trying to reconnect...
2016.02.06 12:46:56,872	INFO	429	com.l2jmobius.gameserver.LoginServerThread	Connecting to login on 127.0.0.1:9014
2016.02.06 12:46:57,878	WARNING	429	com.l2jmobius.gameserver.LoginServerThread	LoginServer not avaible, trying to reconnect...
2016.02.06 12:47:02,888	INFO	429	com.l2jmobius.gameserver.LoginServerThread	Connecting to login on 127.0.0.1:9014
2016.02.06 12:47:03,894	WARNING	429	com.l2jmobius.gameserver.LoginServerThread	LoginServer not avaible, trying to reconnect...
2016.02.06 12:47:08,894	INFO	429	com.l2jmobius.gameserver.LoginServerThread	Connecting to login on 127.0.0.1:9014
2016.02.06 12:47:09,916	WARNING	429	com.l2jmobius.gameserver.LoginServerThread	LoginServer not avaible, trying to reconnect...
2016.02.06 12:47:14,925	INFO	429	com.l2jmobius.gameserver.LoginServerThread	Connecting to login on 127.0.0.1:9014
2016.02.06 12:47:15,947	WARNING	429	com.l2jmobius.gameserver.LoginServerThread	LoginServer not avaible, trying to reconnect...
2016.02.06 12:47:20,947	INFO	429	com.l2jmobius.gameserver.LoginServerThread	Connecting to login on 127.0.0.1:9014
2016.02.06 12:47:21,950	WARNING	429	com.l2jmobius.gameserver.LoginServerThread	LoginServer not avaible, trying to reconnect...
2016.02.06 12:47:26,950	INFO	429	com.l2jmobius.gameserver.LoginServerThread	Connecting to login on 127.0.0.1:9014
2016.02.06 12:47:27,954	WARNING	429	com.l2jmobius.gameserver.LoginServerThread	LoginServer not avaible, trying to reconnect...
2016.02.06 12:47:32,955	INFO	429	com.l2jmobius.gameserver.LoginServerThread	Connecting to login on 127.0.0.1:9014
2016.02.06 12:47:33,956	WARNING	429	com.l2jmobius.gameserver.LoginServerThread	LoginServer not avaible, trying to reconnect...
2016.02.06 12:47:38,963	INFO	429	com.l2jmobius.gameserver.LoginServerThread	Connecting to login on 127.0.0.1:9014
2016.02.06 12:47:39,965	WARNING	429	com.l2jmobius.gameserver.LoginServerThread	LoginServer not avaible, trying to reconnect...
2016.02.06 12:47:44,965	INFO	429	com.l2jmobius.gameserver.LoginServerThread	Connecting to login on 127.0.0.1:9014
2016.02.06 12:47:46,178	WARNING	429	com.l2jmobius.gameserver.LoginServerThread	LoginServer not avaible, trying to reconnect...
2016.02.06 12:47:51,178	INFO	429	com.l2jmobius.gameserver.LoginServerThread	Connecting to login on 127.0.0.1:9014
2016.02.06 12:47:52,180	WARNING	429	com.l2jmobius.gameserver.LoginServerThread	LoginServer not avaible, trying to reconnect...
2016.02.06 12:47:57,194	INFO	429	com.l2jmobius.gameserver.LoginServerThread	Connecting to login on 127.0.0.1:9014
2016.02.06 12:47:58,209	WARNING	429	com.l2jmobius.gameserver.LoginServerThread	LoginServer not avaible, trying to reconnect...
2016.02.06 12:48:03,216	INFO	429	com.l2jmobius.gameserver.LoginServerThread	Connecting to login on 127.0.0.1:9014
2016.02.06 12:48:04,218	WARNING	429	com.l2jmobius.gameserver.LoginServerThread	LoginServer not avaible, trying to reconnect...
2016.02.06 12:48:09,219	INFO	429	com.l2jmobius.gameserver.LoginServerThread	Connecting to login on 127.0.0.1:9014
2016.02.06 12:48:10,228	WARNING	429	com.l2jmobius.gameserver.LoginServerThread	LoginServer not avaible, trying to reconnect...
2016.02.06 12:48:15,432	INFO	429	com.l2jmobius.gameserver.LoginServerThread	Connecting to login on 127.0.0.1:9014
2016.02.06 12:48:16,435	WARNING	429	com.l2jmobius.gameserver.LoginServerThread	LoginServer not avaible, trying to reconnect...
2016.02.06 12:48:21,441	INFO	429	com.l2jmobius.gameserver.LoginServerThread	Connecting to login on 127.0.0.1:9014
2016.02.06 12:48:22,444	WARNING	429	com.l2jmobius.gameserver.LoginServerThread	LoginServer not avaible, trying to reconnect...
2016.02.06 12:48:27,445	INFO	429	com.l2jmobius.gameserver.LoginServerThread	Connecting to login on 127.0.0.1:9014
2016.02.06 12:48:28,445	WARNING	429	com.l2jmobius.gameserver.LoginServerThread	LoginServer not avaible, trying to reconnect...
2016.02.06 12:48:33,446	INFO	429	com.l2jmobius.gameserver.LoginServerThread	Connecting to login on 127.0.0.1:9014
2016.02.06 12:48:34,447	WARNING	429	com.l2jmobius.gameserver.LoginServerThread	LoginServer not avaible, trying to reconnect...
2016.02.06 12:48:39,463	INFO	429	com.l2jmobius.gameserver.LoginServerThread	Connecting to login on 127.0.0.1:9014
2016.02.06 12:48:40,474	WARNING	429	com.l2jmobius.gameserver.LoginServerThread	LoginServer not avaible, trying to reconnect...
2016.02.06 12:48:45,475	INFO	429	com.l2jmobius.gameserver.LoginServerThread	Connecting to login on 127.0.0.1:9014
2016.02.06 12:48:46,479	WARNING	429	com.l2jmobius.gameserver.LoginServerThread	LoginServer not avaible, trying to reconnect...
2016.02.06 12:48:51,508	INFO	429	com.l2jmobius.gameserver.LoginServerThread	Connecting to login on 127.0.0.1:9014
2016.02.06 12:48:52,513	WARNING	429	com.l2jmobius.gameserver.LoginServerThread	LoginServer not avaible, trying to reconnect...
2016.02.06 12:48:57,514	INFO	429	com.l2jmobius.gameserver.LoginServerThread	Connecting to login on 127.0.0.1:9014
2016.02.06 12:48:58,748	WARNING	429	com.l2jmobius.gameserver.LoginServerThread	LoginServer not avaible, trying to reconnect...
2016.02.06 12:49:03,763	INFO	429	com.l2jmobius.gameserver.LoginServerThread	Connecting to login on 127.0.0.1:9014
2016.02.06 12:49:04,948	WARNING	429	com.l2jmobius.gameserver.LoginServerThread	LoginServer not avaible, trying to reconnect...
2016.02.06 12:49:09,950	INFO	429	com.l2jmobius.gameserver.LoginServerThread	Connecting to login on 127.0.0.1:9014
2016.02.06 12:49:11,152	WARNING	429	com.l2jmobius.gameserver.LoginServerThread	LoginServer not avaible, trying to reconnect...
2016.02.06 12:49:16,157	INFO	429	com.l2jmobius.gameserver.LoginServerThread	Connecting to login on 127.0.0.1:9014
2016.02.06 12:49:17,357	WARNING	429	com.l2jmobius.gameserver.LoginServerThread	LoginServer not avaible, trying to reconnect...
2016.02.06 12:49:22,367	INFO	429	com.l2jmobius.gameserver.LoginServerThread	Connecting to login on 127.0.0.1:9014
2016.02.06 12:49:23,522	WARNING	429	com.l2jmobius.gameserver.LoginServerThread	LoginServer not avaible, trying to reconnect...
2016.02.06 12:49:28,593	INFO	429	com.l2jmobius.gameserver.LoginServerThread	Connecting to login on 127.0.0.1:9014
2016.02.06 12:49:29,741	WARNING	429	com.l2jmobius.gameserver.LoginServerThread	LoginServer not avaible, trying to reconnect...
2016.02.06 12:49:34,748	INFO	429	com.l2jmobius.gameserver.LoginServerThread	Connecting to login on 127.0.0.1:9014
2016.02.06 12:49:35,851	WARNING	429	com.l2jmobius.gameserver.LoginServerThread	LoginServer not avaible, trying to reconnect...
2016.02.06 12:49:40,863	INFO	429	com.l2jmobius.gameserver.LoginServerThread	Connecting to login on 127.0.0.1:9014
2016.02.06 12:49:42,037	WARNING	429	com.l2jmobius.gameserver.LoginServerThread	LoginServer not avaible, trying to reconnect...
2016.02.06 12:49:47,037	INFO	429	com.l2jmobius.gameserver.LoginServerThread	Connecting to login on 127.0.0.1:9014
2016.02.06 12:49:48,242	WARNING	429	com.l2jmobius.gameserver.LoginServerThread	LoginServer not avaible, trying to reconnect...
2016.02.06 12:49:53,271	INFO	429	com.l2jmobius.gameserver.LoginServerThread	Connecting to login on 127.0.0.1:9014
2016.02.06 12:49:54,601	WARNING	429	com.l2jmobius.gameserver.LoginServerThread	LoginServer not avaible, trying to reconnect...
2016.02.06 12:50:03,114	INFO	429	com.l2jmobius.gameserver.LoginServerThread	Connecting to login on 127.0.0.1:9014
2016.02.06 12:50:04,137	WARNING	429	com.l2jmobius.gameserver.LoginServerThread	LoginServer not avaible, trying to reconnect...
2016.02.06 12:50:09,148	INFO	429	com.l2jmobius.gameserver.LoginServerThread	Connecting to login on 127.0.0.1:9014
2016.02.06 12:50:10,344	WARNING	429	com.l2jmobius.gameserver.LoginServerThread	LoginServer not avaible, trying to reconnect...
2016.02.06 12:50:15,346	INFO	429	com.l2jmobius.gameserver.LoginServerThread	Connecting to login on 127.0.0.1:9014
2016.02.06 12:50:16,447	WARNING	429	com.l2jmobius.gameserver.LoginServerThread	LoginServer not avaible, trying to reconnect...
2016.02.06 12:50:21,499	INFO	429	com.l2jmobius.gameserver.LoginServerThread	Connecting to login on 127.0.0.1:9014
2016.02.06 12:50:22,752	WARNING	429	com.l2jmobius.gameserver.LoginServerThread	LoginServer not avaible, trying to reconnect...
2016.02.06 12:50:27,757	INFO	429	com.l2jmobius.gameserver.LoginServerThread	Connecting to login on 127.0.0.1:9014
2016.02.06 12:50:28,783	WARNING	429	com.l2jmobius.gameserver.LoginServerThread	LoginServer not avaible, trying to reconnect...
2016.02.06 12:50:34,012	INFO	429	com.l2jmobius.gameserver.LoginServerThread	Connecting to login on 127.0.0.1:9014
2016.02.06 12:50:35,099	WARNING	429	com.l2jmobius.gameserver.LoginServerThread	LoginServer not avaible, trying to reconnect...
2016.02.06 12:50:40,418	INFO	429	com.l2jmobius.gameserver.LoginServerThread	Connecting to login on 127.0.0.1:9014
2016.02.06 12:50:41,549	WARNING	429	com.l2jmobius.gameserver.LoginServerThread	LoginServer not avaible, trying to reconnect...
2016.02.06 12:50:46,662	INFO	429	com.l2jmobius.gameserver.LoginServerThread	Connecting to login on 127.0.0.1:9014
2016.02.06 12:50:47,846	WARNING	429	com.l2jmobius.gameserver.LoginServerThread	LoginServer not avaible, trying to reconnect...
2016.02.06 12:50:52,851	INFO	429	com.l2jmobius.gameserver.LoginServerThread	Connecting to login on 127.0.0.1:9014
2016.02.06 12:50:54,148	WARNING	429	com.l2jmobius.gameserver.LoginServerThread	LoginServer not avaible, trying to reconnect...
2016.02.06 12:50:59,215	INFO	429	com.l2jmobius.gameserver.LoginServerThread	Connecting to login on 127.0.0.1:9014
2016.02.06 12:51:00,394	WARNING	429	com.l2jmobius.gameserver.LoginServerThread	LoginServer not avaible, trying to reconnect...
2016.02.06 12:51:05,404	INFO	429	com.l2jmobius.gameserver.LoginServerThread	Connecting to login on 127.0.0.1:9014
2016.02.06 12:51:06,647	WARNING	429	com.l2jmobius.gameserver.LoginServerThread	LoginServer not avaible, trying to reconnect...
2016.02.06 12:51:11,679	INFO	429	com.l2jmobius.gameserver.LoginServerThread	Connecting to login on 127.0.0.1:9014
2016.02.06 12:51:12,681	WARNING	429	com.l2jmobius.gameserver.LoginServerThread	LoginServer not avaible, trying to reconnect...
2016.02.06 12:51:17,682	INFO	429	com.l2jmobius.gameserver.LoginServerThread	Connecting to login on 127.0.0.1:9014
2016.02.06 12:51:18,694	WARNING	429	com.l2jmobius.gameserver.LoginServerThread	LoginServer not avaible, trying to reconnect...
