2016.02.06 13:54:46,120	INFO	1	com.l2jmobius.gameserver.GameServer	-----------------------------------=[ Network Configuration ]
2016.02.06 13:54:46,203	INFO	1	com.l2jmobius.util.data.xml.IXmlReader	Using existing ipconfig.xml.
2016.02.06 13:54:46,872	INFO	1	com.l2jmobius.Config	Loaded 6 Filter Words.
2016.02.06 13:54:46,886	INFO	1	com.l2jmobius.gameserver.GameServer	------------------------------------------------=[ Database ]
2016.02.06 13:54:48,453	INFO	1	com.l2jmobius.gameserver.idfactory.BitSetIDFactory	Updated characters online status.
2016.02.06 13:54:48,558	INFO	1	com.l2jmobius.gameserver.idfactory.BitSetIDFactory	Cleaned 0 elements from database in 0 s
2016.02.06 13:54:48,573	INFO	1	com.l2jmobius.gameserver.idfactory.BitSetIDFactory	Cleaned 0 expired timestamps from database.
2016.02.06 13:54:48,604	INFO	1	com.l2jmobius.gameserver.idfactory.BitSetIDFactory	BitSetIDFactory: 102912 id's available.
2016.02.06 13:54:48,604	INFO	1	com.l2jmobius.gameserver.GameServer	-------------------------------------------------=[ Engines ]
2016.02.06 13:54:48,655	INFO	1	com.l2jmobius.gameserver.scripting.L2ScriptEngineManager	Script Engine: java 1.8 - Language: java - Language Version: 1.8
2016.02.06 13:54:48,655	INFO	1	com.l2jmobius.gameserver.GameServer	---------------------------------------------------=[ World ]
2016.02.06 13:54:48,669	CONFIG	19	com.l2jmobius.gameserver.GameTimeController	GameTimeController: Started.
2016.02.06 13:54:48,684	INFO	1	com.l2jmobius.util.data.xml.IXmlReader	InstanceManager: Multiverse Instance created.
2016.02.06 13:54:48,702	INFO	1	com.l2jmobius.util.data.xml.IXmlReader	InstanceManager: Universe Instance created.
2016.02.06 13:54:48,865	INFO	1	com.l2jmobius.util.data.xml.IXmlReader	InstanceManager: Loaded 263 instance names.
2016.02.06 13:54:48,929	INFO	1	com.l2jmobius.gameserver.model.L2World	L2World: (144 by 136) World Region Grid set up.
2016.02.06 13:54:49,667	INFO	1	com.l2jmobius.util.data.xml.IXmlReader	MapRegionManager: Loaded 59 map regions.
2016.02.06 13:54:49,715	INFO	1	com.l2jmobius.gameserver.instancemanager.GlobalVariablesManager	GlobalVariablesManager: Loaded 5 variables.
2016.02.06 13:54:49,717	INFO	1	com.l2jmobius.gameserver.GameServer	----------------------------------------------------=[ Data ]
2016.02.06 13:54:49,852	INFO	1	com.l2jmobius.gameserver.data.xml.impl.CategoryData	CategoryData: Loaded 142 Categories.
2016.02.06 13:54:49,864	INFO	1	com.l2jmobius.util.data.xml.IXmlReader	SecondaryAuthData: Loaded 328 forbidden passwords.
2016.02.06 13:54:49,884	INFO	1	com.l2jmobius.util.data.xml.IXmlReader	AbilityPointsData: Loaded: 4 range fees.
2016.02.06 13:54:49,903	INFO	1	com.l2jmobius.gameserver.GameServer	-------------------------------------------------=[ Effects ]
2016.02.06 13:54:57,856	INFO	1	handlers.EffectMasterHandler	EffectMasterHandler: Loaded 178 effect handlers.
2016.02.06 13:54:57,864	INFO	1	com.l2jmobius.gameserver.GameServer	------------------------------------=[ Enchant Skill Groups ]
2016.02.06 13:54:57,915	INFO	1	com.l2jmobius.util.data.xml.IXmlReader	EnchantSkillGroupsData: Loaded 5 groups and 100 routes.
2016.02.06 13:54:57,915	INFO	1	com.l2jmobius.gameserver.GameServer	---------------------------------------------=[ Skill Trees ]
2016.02.06 13:55:00,335	INFO	1	com.l2jmobius.util.data.xml.IXmlReader	SkillTreesData: Loaded 27794 Class Skills for 145 Class Skill Trees.
2016.02.06 13:55:00,511	INFO	1	com.l2jmobius.util.data.xml.IXmlReader	SkillTreesData: Loaded 24 Sub-Class Skills.
2016.02.06 13:55:00,596	INFO	1	com.l2jmobius.util.data.xml.IXmlReader	SkillTreesData: Loaded 38 Dual-Class Skills.
2016.02.06 13:55:00,613	INFO	1	com.l2jmobius.util.data.xml.IXmlReader	SkillTreesData: Loaded 105 Transfer Skills for 3 Transfer Skill Trees.
2016.02.06 13:55:00,633	INFO	1	com.l2jmobius.util.data.xml.IXmlReader	SkillTreesData: Loaded 14 Race skills for 6 Race Skill Trees.
2016.02.06 13:55:00,683	INFO	1	com.l2jmobius.util.data.xml.IXmlReader	SkillTreesData: Loaded 35 Fishing Skills, 8 Dwarven only Fishing Skills.
2016.02.06 13:55:00,719	INFO	1	com.l2jmobius.util.data.xml.IXmlReader	SkillTreesData: Loaded 3 Collect Skills.
2016.02.06 13:55:00,734	INFO	1	com.l2jmobius.util.data.xml.IXmlReader	SkillTreesData: Loaded 172 Pledge Skills, 142 for Pledge and 30 Residential.
2016.02.06 13:55:00,745	INFO	1	com.l2jmobius.util.data.xml.IXmlReader	SkillTreesData: Loaded 18 Sub-Pledge Skills.
2016.02.06 13:55:00,752	INFO	1	com.l2jmobius.util.data.xml.IXmlReader	SkillTreesData: Loaded 32 Transform Skills.
2016.02.06 13:55:00,762	INFO	1	com.l2jmobius.util.data.xml.IXmlReader	SkillTreesData: Loaded 8 Noble Skills.
2016.02.06 13:55:00,763	INFO	1	com.l2jmobius.util.data.xml.IXmlReader	SkillTreesData: Loaded 5 Hero Skills.
2016.02.06 13:55:00,772	INFO	1	com.l2jmobius.util.data.xml.IXmlReader	SkillTreesData: Loaded 14 Game Master Skills.
2016.02.06 13:55:00,777	INFO	1	com.l2jmobius.util.data.xml.IXmlReader	SkillTreesData: Loaded 14 Game Master Aura Skills.
2016.02.06 13:55:00,785	INFO	1	com.l2jmobius.util.data.xml.IXmlReader	SkillTreesData: Loaded 138 Ability Skills.
2016.02.06 13:55:00,794	INFO	1	com.l2jmobius.util.data.xml.IXmlReader	SkillTreesData: Loaded 120 Alchemy Skills.
2016.02.06 13:55:00,797	INFO	1	com.l2jmobius.util.data.xml.IXmlReader	SkillTreesData: Loaded 20 Revelation Skills.
2016.02.06 13:55:00,806	INFO	1	com.l2jmobius.util.data.xml.IXmlReader	SkillTreesData: Loaded 4 Subclass change Skills.
2016.02.06 13:55:00,814	INFO	1	com.l2jmobius.gameserver.GameServer	--------------------------------------------------=[ Skills ]
2016.02.06 13:55:18,963	INFO	1	com.l2jmobius.gameserver.engines.DocumentEngine	DocumentEngine: Loaded 88396 Skill templates from XML files.
2016.02.06 13:55:19,161	INFO	1	com.l2jmobius.gameserver.data.sql.impl.SummonSkillsTable	SummonSkillsTable: Loaded 2674 skills.
2016.02.06 13:55:19,178	INFO	1	com.l2jmobius.gameserver.GameServer	---------------------------------------------------=[ Items ]
2016.02.06 13:55:24,096	INFO	1	com.l2jmobius.gameserver.datatables.ItemTable	ItemTable: Highest item id used:46692
2016.02.06 13:55:24,140	INFO	1	com.l2jmobius.gameserver.datatables.ItemTable	ItemTable: Loaded: 20025 Etc Items
2016.02.06 13:55:24,148	INFO	1	com.l2jmobius.gameserver.datatables.ItemTable	ItemTable: Loaded: 10168 Armor Items
2016.02.06 13:55:24,150	INFO	1	com.l2jmobius.gameserver.datatables.ItemTable	ItemTable: Loaded: 8490 Weapon Items
2016.02.06 13:55:24,158	INFO	1	com.l2jmobius.gameserver.datatables.ItemTable	ItemTable: Loaded: 38683 Items in total.
2016.02.06 13:55:24,187	INFO	1	com.l2jmobius.util.data.xml.IXmlReader	EnchantItemGroupsData: Loaded: 4 item group templates.
2016.02.06 13:55:24,188	INFO	1	com.l2jmobius.util.data.xml.IXmlReader	EnchantItemGroupsData: Loaded: 1 scroll group templates.
2016.02.06 13:55:24,253	INFO	1	com.l2jmobius.util.data.xml.IXmlReader	EnchantItemData: Loaded 251 Enchant Scrolls.
2016.02.06 13:55:24,268	INFO	1	com.l2jmobius.util.data.xml.IXmlReader	EnchantItemData: Loaded 97 Support Items.
2016.02.06 13:55:24,300	INFO	1	com.l2jmobius.util.data.xml.IXmlReader	EnchantItemOptionsData: Loaded: 24 Items and 1107 Options.
2016.02.06 13:55:24,331	INFO	1	com.l2jmobius.util.data.xml.IXmlReader	ItemCrystalizationData: Loaded: 170 Items
2016.02.06 13:55:27,380	INFO	1	com.l2jmobius.util.data.xml.IXmlReader	OptionData: Loaded: 25035 Options.
2016.02.06 13:55:27,425	INFO	1	com.l2jmobius.util.data.xml.IXmlReader	EnchantItemHPBonusData: Loaded 11 Enchant HP Bonuses.
2016.02.06 13:55:27,453	INFO	1	com.l2jmobius.gameserver.datatables.MerchantPriceConfigTable	MerchantPriceConfigTable: Loaded 28 merchant price configs.
2016.02.06 13:55:31,744	INFO	1	com.l2jmobius.util.data.xml.IXmlReader	BuyListData: Loaded 850 BuyLists.
2016.02.06 13:55:33,664	INFO	1	com.l2jmobius.util.data.xml.IXmlReader	MultisellData: Loaded 331 multisell lists.
2016.02.06 13:55:33,827	INFO	1	com.l2jmobius.util.data.xml.IXmlReader	RecipeData: Loaded 1611 recipes.
2016.02.06 13:55:33,996	INFO	1	com.l2jmobius.util.data.xml.IXmlReader	ArmorSetsData: Loaded 297 Armor sets.
2016.02.06 13:55:34,098	INFO	1	com.l2jmobius.util.data.xml.IXmlReader	HennaData: Loaded 440 Henna data.
2016.02.06 13:55:34,141	INFO	1	com.l2jmobius.util.data.xml.IXmlReader	FishData: Loaded 321 Fishes.
2016.02.06 13:55:34,150	INFO	1	com.l2jmobius.util.data.xml.IXmlReader	FishingMonstersData: Loaded 8 Fishing Monsters.
2016.02.06 13:55:34,155	INFO	1	com.l2jmobius.util.data.xml.IXmlReader	FishingRodsData: Loaded 8 Fishing Rods.
2016.02.06 13:55:34,183	WARNING	1	com.l2jmobius.util.data.xml.IXmlReader	PrimeShopData: Could not parse file PrimeShop.xml at line 3, column 10: The string "--" is not permitted within comments.
2016.02.06 13:55:34,187	INFO	1	com.l2jmobius.util.data.xml.IXmlReader	PrimeShopData: System is disabled.
2016.02.06 13:55:34,216	INFO	1	com.l2jmobius.util.data.xml.IXmlReader	AppearanceItemData: Loaded: 246 Stones
2016.02.06 13:55:34,227	INFO	1	com.l2jmobius.util.data.xml.IXmlReader	LuckyGameData: Loaded 52 Normal item rewards.
2016.02.06 13:55:34,229	INFO	1	com.l2jmobius.util.data.xml.IXmlReader	LuckyGameData: Loaded 96 Luxury item rewards.
2016.02.06 13:55:34,231	INFO	1	com.l2jmobius.util.data.xml.IXmlReader	LuckyGameData: Loaded 68 Rare item rewards.
2016.02.06 13:55:34,239	INFO	1	com.l2jmobius.gameserver.GameServer	----------------------------------------------=[ Characters ]
2016.02.06 13:55:34,242	INFO	1	com.l2jmobius.util.data.xml.IXmlReader	ClassListData: Loaded 157 Class data.
2016.02.06 13:55:34,251	INFO	1	com.l2jmobius.util.data.xml.IXmlReader	InitialEquipmentData: Loaded 13 Initial Equipment data.
2016.02.06 13:55:34,263	INFO	1	com.l2jmobius.util.data.xml.IXmlReader	InitialShortcutData: Loaded 5 Initial Global Shortcuts data.
2016.02.06 13:55:34,277	INFO	1	com.l2jmobius.util.data.xml.IXmlReader	InitialShortcutData: Loaded 5 Initial Shortcuts data.
2016.02.06 13:55:34,279	INFO	1	com.l2jmobius.util.data.xml.IXmlReader	InitialShortcutData: Loaded 0 Macros presets.
2016.02.06 13:55:34,289	INFO	1	com.l2jmobius.util.data.xml.IXmlReader	ExperienceData: Loaded 75 levels.
2016.02.06 13:55:34,290	INFO	1	com.l2jmobius.util.data.xml.IXmlReader	ExperienceData: Max Player Level is: 75
2016.02.06 13:55:34,291	INFO	1	com.l2jmobius.util.data.xml.IXmlReader	ExperienceData: Max Pet Level is: 75
2016.02.06 13:55:34,300	INFO	1	com.l2jmobius.util.data.xml.IXmlReader	KarmaData: Loaded 75 karma modifiers.
2016.02.06 13:55:34,316	INFO	1	com.l2jmobius.util.data.xml.IXmlReader	HitConditionBonusData: Loaded Hit Condition bonuses.
2016.02.06 13:55:35,943	INFO	1	com.l2jmobius.gameserver.data.xml.impl.PlayerTemplateData	PlayerTemplateData: Loaded 145 character templates.
2016.02.06 13:55:35,951	INFO	1	com.l2jmobius.gameserver.data.xml.impl.PlayerTemplateData	PlayerTemplateData: Loaded 65250 level up gain records.
2016.02.06 13:55:35,963	INFO	1	com.l2jmobius.gameserver.data.sql.impl.CharNameTable	CharNameTable: Loaded 1 char names.
2016.02.06 13:55:36,001	INFO	1	com.l2jmobius.util.data.xml.IXmlReader	AdminData: Loaded: 10 Access Levels.
2016.02.06 13:55:36,016	INFO	1	com.l2jmobius.util.data.xml.IXmlReader	AdminData: Loaded: 438 Access Commands.
2016.02.06 13:55:37,181	INFO	1	com.l2jmobius.util.data.xml.IXmlReader	PetDataTable: Loaded 49 Pets.
2016.02.06 13:55:37,248	INFO	1	com.l2jmobius.gameserver.GameServer	---------------------------------------------------=[ Clans ]
2016.02.06 13:55:37,333	INFO	1	com.l2jmobius.gameserver.communitybbs.Manager.ForumsBBSManager	Loaded 4 forums. Last forum id used: 4
2016.02.06 13:55:37,342	INFO	1	com.l2jmobius.gameserver.data.sql.impl.ClanTable	ClanTable: Restored 0 clans from the database.
2016.02.06 13:55:37,418	INFO	1	com.l2jmobius.gameserver.instancemanager.CHSiegeManager	CHSiegeManager: Loaded 6 conquerable clan halls.
2016.02.06 13:55:37,938	INFO	1	com.l2jmobius.gameserver.instancemanager.ClanHallAuctionManager	ClanHallAuctionManager: Loaded: 38 auction(s)
2016.02.06 13:55:37,953	INFO	1	com.l2jmobius.gameserver.instancemanager.ClanHallManager	ClanHallManager: Loaded: 0 clan halls
2016.02.06 13:55:37,953	INFO	1	com.l2jmobius.gameserver.instancemanager.ClanHallManager	ClanHallManager: Loaded: 38 free clan halls
2016.02.06 13:55:38,000	INFO	1	com.l2jmobius.gameserver.instancemanager.ClanEntryManager	ClanEntryManager: Loaded: 0 clan entry
2016.02.06 13:55:38,016	INFO	1	com.l2jmobius.gameserver.instancemanager.ClanEntryManager	ClanEntryManager: Loaded: 0 player in waiting list
2016.02.06 13:55:38,036	INFO	1	com.l2jmobius.gameserver.instancemanager.ClanEntryManager	ClanEntryManager: Loaded: 0 player application
2016.02.06 13:55:38,036	INFO	1	com.l2jmobius.gameserver.GameServer	-------------------------------------------------=[ Geodata ]
2016.02.06 13:55:38,176	INFO	1	com.l2jmobius.gameserver.GeoData	GeoData: Loaded 0 regions.
2016.02.06 13:55:38,208	INFO	1	com.l2jmobius.gameserver.GameServer	----------------------------------------------------=[ NPCs ]
2016.02.06 13:55:38,230	INFO	1	com.l2jmobius.util.data.xml.IXmlReader	SkillLearnData: Loaded 256 Skill Learn data.
2016.02.06 13:55:38,261	INFO	1	com.l2jmobius.util.data.xml.IXmlReader	MinionData: Loaded 128 minions data.
2016.02.06 13:55:45,745	INFO	1	com.l2jmobius.util.data.xml.IXmlReader	NpcData: Loaded 13835 NPCs.
2016.02.06 13:55:45,785	INFO	1	com.l2jmobius.util.data.xml.IXmlReader	NpcData: Loaded 10 Custom NPCs.
2016.02.06 13:55:47,207	INFO	1	com.l2jmobius.util.data.xml.IXmlReader	WalkingManager: Loaded 141 walking routes.
2016.02.06 13:55:47,300	INFO	1	com.l2jmobius.util.data.xml.IXmlReader	StaticObjectData: Loaded 51 static object templates.
2016.02.06 13:55:48,013	INFO	1	com.l2jmobius.gameserver.instancemanager.GrandBossManager	GrandBossManager: Queen Ant(29001) status is 0.
2016.02.06 13:55:48,013	INFO	1	com.l2jmobius.gameserver.instancemanager.GrandBossManager	GrandBossManager: Core(29006) status is 0.
2016.02.06 13:55:48,020	INFO	1	com.l2jmobius.gameserver.instancemanager.GrandBossManager	GrandBossManager: Orfen(29014) status is 0.
2016.02.06 13:55:48,020	INFO	1	com.l2jmobius.gameserver.instancemanager.GrandBossManager	GrandBossManager: Baium(29020) status is 0.
2016.02.06 13:55:48,020	INFO	1	com.l2jmobius.gameserver.instancemanager.GrandBossManager	GrandBossManager: Valakas(29028) status is 0.
2016.02.06 13:55:48,020	INFO	1	com.l2jmobius.gameserver.instancemanager.GrandBossManager	GrandBossManager: Antharas(29068) status is 0.
2016.02.06 13:55:48,039	INFO	1	com.l2jmobius.gameserver.instancemanager.GrandBossManager	GrandBossManager: Beleth(29118) status is 0.
2016.02.06 13:55:48,039	INFO	1	com.l2jmobius.gameserver.instancemanager.GrandBossManager	GrandBossManager: Loaded 7 Instances
2016.02.06 13:55:54,519	INFO	1	com.l2jmobius.util.data.xml.IXmlReader	DoorData: Loaded 1435 Door Templates for 22 regions.
2016.02.06 13:55:58,739	INFO	1	com.l2jmobius.util.data.xml.IXmlReader	ZoneManager: Loaded 29 zone classes and 2878 zones.
2016.02.06 13:55:58,821	INFO	1	com.l2jmobius.util.data.xml.IXmlReader	ZoneManager: Loaded 0 NPC spawn territoriers.
2016.02.06 13:55:59,035	INFO	1	com.l2jmobius.gameserver.instancemanager.CastleManager	CastleManager: Loaded: 9 castles
2016.02.06 13:55:59,054	INFO	1	com.l2jmobius.gameserver.data.sql.impl.NpcBufferTable	NpcBufferTable: Loaded 2 buffers and 64 skills.
2016.02.06 13:55:59,055	INFO	1	com.l2jmobius.gameserver.instancemanager.GrandBossManager	GrandBossManager: Initialized 12 Grand Boss Zones
2016.02.06 13:55:59,075	INFO	1	com.l2jmobius.gameserver.GameServer	-----------------------------------------=[ Auction Manager ]
2016.02.06 13:55:59,142	INFO	1	com.l2jmobius.gameserver.model.itemauction.ItemAuctionInstance	ItemAuctionInstance: Loaded 49 item(s) and registered 1 auction(s) for instance 32320.
2016.02.06 13:55:59,161	INFO	1	com.l2jmobius.gameserver.model.itemauction.ItemAuctionInstance	ItemAuctionInstance: Schedule next auction 1 on 17:00:00 12.02.16 for instance 32320
2016.02.06 13:55:59,173	INFO	1	com.l2jmobius.gameserver.model.itemauction.ItemAuctionInstance	ItemAuctionInstance: Loaded 49 item(s) and registered 1 auction(s) for instance 32321.
2016.02.06 13:55:59,190	INFO	1	com.l2jmobius.gameserver.model.itemauction.ItemAuctionInstance	ItemAuctionInstance: Schedule next auction 2 on 17:00:00 08.02.16 for instance 32321
2016.02.06 13:55:59,226	INFO	1	com.l2jmobius.gameserver.model.itemauction.ItemAuctionInstance	ItemAuctionInstance: Loaded 49 item(s) and registered 1 auction(s) for instance 32322.
2016.02.06 13:55:59,226	INFO	1	com.l2jmobius.gameserver.model.itemauction.ItemAuctionInstance	ItemAuctionInstance: Schedule next auction 3 on 17:00:00 10.02.16 for instance 32322
2016.02.06 13:55:59,237	INFO	1	com.l2jmobius.gameserver.instancemanager.ItemAuctionManager	ItemAuctionManager: Loaded 3 instance(s).
2016.02.06 13:55:59,237	INFO	1	com.l2jmobius.gameserver.GameServer	------------------------------------------------=[ Olympiad ]
2016.02.06 13:55:59,270	INFO	1	com.l2jmobius.gameserver.model.olympiad.Olympiad	Olympiad System: Loading Olympiad System....
2016.02.06 13:55:59,273	INFO	1	com.l2jmobius.gameserver.model.olympiad.Olympiad	Olympiad System: Currently in Olympiad Period
2016.02.06 13:55:59,281	INFO	1	com.l2jmobius.gameserver.model.olympiad.Olympiad	Olympiad System: 34444 minutes until period ends
2016.02.06 13:55:59,288	INFO	1	com.l2jmobius.gameserver.model.olympiad.Olympiad	Olympiad System: Next weekly change is in 9972 minutes
2016.02.06 13:55:59,290	INFO	1	com.l2jmobius.gameserver.model.olympiad.Olympiad	Olympiad System: Loaded 0 Nobles
2016.02.06 13:55:59,299	INFO	1	com.l2jmobius.gameserver.model.olympiad.Olympiad	Olympiad System: Competition Period Starts in 0 days, 4 hours and 4 mins.
2016.02.06 13:55:59,311	INFO	1	com.l2jmobius.gameserver.model.olympiad.Olympiad	Olympiad System: Event starts/started : Sat Feb 06 18:00:59 UTC 2016
2016.02.06 13:55:59,325	INFO	1	com.l2jmobius.gameserver.model.entity.Hero	Hero System: Loaded 0 Heroes.
2016.02.06 13:55:59,327	INFO	1	com.l2jmobius.gameserver.model.entity.Hero	Hero System: Loaded 0 all time Heroes.
2016.02.06 13:55:59,327	INFO	1	com.l2jmobius.gameserver.GameServer	---------------------------------------------------=[ Cache ]
2016.02.06 13:55:59,327	INFO	1	com.l2jmobius.gameserver.cache.HtmCache	Html cache start...
2016.02.06 13:56:04,572	INFO	1	com.l2jmobius.gameserver.cache.HtmCache	Cache[HTML]: 5.954 megabytes on 11133 files loaded
2016.02.06 13:56:04,572	INFO	1	com.l2jmobius.gameserver.data.sql.impl.CrestTable	CrestTable: Loaded 0 Crests.
2016.02.06 13:56:04,606	INFO	1	com.l2jmobius.gameserver.data.sql.impl.TeleportLocationTable	TeleportLocationTable: Loaded 1008 Teleport Location Templates.
2016.02.06 13:56:04,714	INFO	1	com.l2jmobius.util.data.xml.IXmlReader	Loaded: 21 npc teleporters.
2016.02.06 13:56:04,765	INFO	1	com.l2jmobius.gameserver.data.xml.impl.UIData	UIData: Loaded 4 keys 5 categories.
2016.02.06 13:56:04,978	INFO	1	com.l2jmobius.gameserver.datatables.AugmentationData	AugmentationData: Loaded: 40756 augmentations.
2016.02.06 13:56:04,990	INFO	1	com.l2jmobius.gameserver.datatables.AugmentationData	AugmentationData: Loaded: 3060 accessory augmentations.
2016.02.06 13:56:05,029	INFO	1	com.l2jmobius.gameserver.instancemanager.CursedWeaponsManager	CursedWeaponsManager: Loaded : 2 cursed weapon(s).
2016.02.06 13:56:06,009	INFO	1	com.l2jmobius.util.data.xml.IXmlReader	TransformData: Loaded: 124 transform templates.
2016.02.06 13:56:06,096	INFO	1	com.l2jmobius.gameserver.datatables.BotReportTable	BotReportTable: Loaded 0 bot reports
2016.02.06 13:56:06,133	WARNING	1	com.l2jmobius.util.data.xml.IXmlReader	DailyMissionData: Could not parse file dailyMissions.xml at line 356, column 75: cvc-elt.1: Cannot find the declaration of element 'mission'.
2016.02.06 13:56:06,163	INFO	1	com.l2jmobius.util.data.xml.IXmlReader	DailyMissionData: Loaded 0 daily missions.
2016.02.06 13:56:06,182	INFO	1	com.l2jmobius.gameserver.GameServer	-------------------------------------------------=[ Scripts ]
2016.02.06 13:56:06,264	INFO	1	com.l2jmobius.gameserver.instancemanager.AirShipManager	AirShipManager: Loaded 0 private airships
2016.02.06 13:56:06,325	INFO	1	com.l2jmobius.util.data.xml.IXmlReader	ShuttleData: Loaded: 3 Shuttles.
2016.02.06 13:56:06,399	INFO	1	com.l2jmobius.gameserver.instancemanager.JumpManager	JumpManager: Loaded 32 Jump Routes.
2016.02.06 13:56:06,409	INFO	1	com.l2jmobius.gameserver.GameServer	GameServer: Loading server scripts:
2016.02.06 13:56:14,094	INFO	1	handlers.MasterHandler	Loading Handlers...
2016.02.06 13:56:15,966	INFO	1	handlers.MasterHandler	ActionHandler: Loaded 10 Handlers
2016.02.06 13:56:15,969	INFO	1	handlers.MasterHandler	ActionShiftHandler: Loaded 6 Handlers
2016.02.06 13:56:16,025	INFO	1	handlers.MasterHandler	AdminCommandHandler: Loaded 436 Handlers
2016.02.06 13:56:16,027	INFO	1	handlers.MasterHandler	BypassHandler: Loaded 42 Handlers
2016.02.06 13:56:16,054	INFO	1	handlers.MasterHandler	ChatHandler: Loaded 14 Handlers
2016.02.06 13:56:16,056	INFO	1	handlers.MasterHandler	CommunityBoardHandler: Loaded 19 Handlers
2016.02.06 13:56:16,077	INFO	1	handlers.MasterHandler	ItemHandler: Loaded 31 Handlers
2016.02.06 13:56:16,085	INFO	1	handlers.MasterHandler	PunishmentHandler: Loaded 3 Handlers
2016.02.06 13:56:16,151	INFO	1	handlers.MasterHandler	UserCommandHandler: Loaded 16 Handlers
2016.02.06 13:56:16,163	INFO	1	handlers.MasterHandler	VoicedCommandHandler: Loaded 5 Handlers
2016.02.06 13:56:16,165	INFO	1	handlers.MasterHandler	TargetHandler: Loaded 35 Handlers
2016.02.06 13:56:16,172	INFO	1	handlers.MasterHandler	TelnetHandler: Loaded 20 Handlers
2016.02.06 13:56:16,181	INFO	1	handlers.MasterHandler	Handlers Loaded...
2016.02.06 13:56:39,517	INFO	1	com.l2jmobius.util.data.xml.IXmlReader	MentorGuide: Loaded: 41 mentee coins
2016.02.06 13:56:43,548	INFO	1	com.l2jmobius.util.data.xml.IXmlReader	NpcBuffersData: Loaded: 40 buffers data.
2016.02.06 13:57:03,705	INFO	1	com.l2jmobius.gameserver.model.events.AbstractScript	Handy's Block Checker Event is enabled
2016.02.06 13:57:04,131	INFO	1	com.l2jmobius.gameserver.model.events.AbstractScript	Fantasy Isle: Parade starting at 2016/02/06 17:20 and is scheduled each next 1 hours.
2016.02.06 13:57:45,293	INFO	1	instances.InstanceLoader	InstanceLoader: Loading Instances scripts.
2016.02.06 13:57:46,118	INFO	1	gracia.GraciaLoader	GraciaLoader: Loading Gracia related scripts.
2016.02.06 13:57:53,822	INFO	1	com.l2jmobius.gameserver.model.events.AbstractScript	[EnhanceYourWeapon] Loaded 54 Soul Crystal data.
2016.02.06 13:57:53,831	INFO	1	com.l2jmobius.gameserver.model.events.AbstractScript	[EnhanceYourWeapon] Loaded 240 npc Leveling info data.
2016.02.06 13:57:57,714	CONFIG	1	conquerablehalls.flagwar.BanditStronghold.BanditStronghold	Bandit StrongHold siege scheduled for Sat Feb 20 12:00:00 UTC 2016.
2016.02.06 13:57:58,077	CONFIG	1	conquerablehalls.flagwar.WildBeastReserve.WildBeastReserve	Beast Farm siege scheduled for Sat Feb 20 12:00:00 UTC 2016.
2016.02.06 13:57:58,485	CONFIG	1	conquerablehalls.DevastatedCastle.DevastatedCastle	Devastated Castle siege scheduled for Sat Feb 20 12:00:00 UTC 2016.
2016.02.06 13:57:58,777	CONFIG	1	conquerablehalls.FortressOfResistance.FortressOfResistance	Fortress of Resistance siege scheduled for Sat Feb 20 12:00:00 UTC 2016.
2016.02.06 13:57:59,123	CONFIG	1	conquerablehalls.FortressOfTheDead.FortressOfTheDead	Fortresss of the Dead siege scheduled for Sat Feb 20 12:00:00 UTC 2016.
2016.02.06 13:57:59,367	CONFIG	1	conquerablehalls.RainbowSpringsChateau.RainbowSpringsChateau	Rainbow Springs siege scheduled for Sat Feb 20 12:00:00 UTC 2016.
2016.02.06 13:58:00,231	INFO	1	com.l2jmobius.gameserver.model.events.AbstractScript	Event Eve the Fortune Teller has passed... Ignored 
2016.02.06 13:58:00,594	INFO	1	com.l2jmobius.gameserver.model.events.AbstractScript	Event Hunt for Santa has passed... Ignored 
2016.02.06 13:58:00,815	INFO	1	com.l2jmobius.gameserver.model.events.AbstractScript	Event Red Libra has passed... Ignored 
2016.02.06 13:58:05,010	INFO	1	com.l2jmobius.gameserver.datatables.SpawnTable	SpawnTable: Loaded 3610 npc spawns.
2016.02.06 13:58:05,026	INFO	1	com.l2jmobius.gameserver.datatables.SpawnTable	SpawnTable: Loaded 0 custom npc spawns.
2016.02.06 13:58:05,265	INFO	1	com.l2jmobius.gameserver.datatables.SpawnTable	SpawnTable: Loaded 914 npc spawns from XML.
2016.02.06 13:58:05,285	INFO	1	com.l2jmobius.gameserver.instancemanager.DayNightSpawnManager	DayNightSpawnManager: Removed 0 night creatures
2016.02.06 13:58:05,306	INFO	1	com.l2jmobius.gameserver.instancemanager.DayNightSpawnManager	DayNightSpawnManager: Spawned 726 day creatures
2016.02.06 13:58:05,403	INFO	1	com.l2jmobius.gameserver.instancemanager.RaidBossSpawnManager	RaidBossSpawnManager: Loaded 179 Instances
2016.02.06 13:58:05,444	INFO	1	com.l2jmobius.gameserver.instancemanager.RaidBossSpawnManager	RaidBossSpawnManager: Scheduled 0 Instances
2016.02.06 13:58:05,465	INFO	1	com.l2jmobius.gameserver.instancemanager.FourSepulchersManager	FourSepulchersManager: loaded 20 Mysterious-Box spawns.
2016.02.06 13:58:05,570	INFO	1	com.l2jmobius.gameserver.instancemanager.FourSepulchersManager	FourSepulchersManager: loaded 716 Physical type monsters spawns.
2016.02.06 13:58:05,645	INFO	1	com.l2jmobius.gameserver.instancemanager.FourSepulchersManager	FourSepulchersManager: loaded 716 Magical type monsters spawns.
2016.02.06 13:58:05,682	INFO	1	com.l2jmobius.gameserver.instancemanager.FourSepulchersManager	FourSepulchersManager: loaded 92 Church of duke monsters spawns.
2016.02.06 13:58:05,723	INFO	1	com.l2jmobius.gameserver.instancemanager.FourSepulchersManager	FourSepulchersManager: loaded 68 Emperor's grave NPC spawns.
2016.02.06 13:58:05,725	INFO	1	com.l2jmobius.gameserver.instancemanager.FourSepulchersManager	FourSepulchersManager: spawned Conquerors' Sepulcher Manager
2016.02.06 13:58:05,734	INFO	1	com.l2jmobius.gameserver.instancemanager.FourSepulchersManager	FourSepulchersManager: spawned Sepulcher of Rulers Manager
2016.02.06 13:58:05,736	INFO	1	com.l2jmobius.gameserver.instancemanager.FourSepulchersManager	FourSepulchersManager: spawned Great Sages' Sepulcher Manager
2016.02.06 13:58:05,738	INFO	1	com.l2jmobius.gameserver.instancemanager.FourSepulchersManager	FourSepulchersManager: spawned Judges' Sepulcher Manager
2016.02.06 13:58:05,748	INFO	1	com.l2jmobius.gameserver.instancemanager.FourSepulchersManager	FourSepulchersManager: Beginning in WarmUp time
2016.02.06 13:58:05,756	INFO	1	com.l2jmobius.gameserver.GameServer	---------------------------------------------------=[ Siege ]
2016.02.06 13:58:05,783	INFO	1	com.l2jmobius.gameserver.model.entity.Siege	Siege of Gludio: Sun Feb 14 16:00:00 UTC 2016
2016.02.06 13:58:05,791	INFO	1	com.l2jmobius.gameserver.model.entity.Siege	Siege of Dion: Sun Feb 14 16:00:00 UTC 2016
2016.02.06 13:58:05,798	INFO	1	com.l2jmobius.gameserver.model.entity.Siege	Siege of Giran: Sun Feb 14 16:00:00 UTC 2016
2016.02.06 13:58:05,798	INFO	1	com.l2jmobius.gameserver.model.entity.Siege	Siege of Oren: Sun Feb 14 16:00:00 UTC 2016
2016.02.06 13:58:05,831	INFO	1	com.l2jmobius.gameserver.model.entity.Siege	Siege of Aden: Sun Feb 14 16:00:00 UTC 2016
2016.02.06 13:58:05,842	INFO	1	com.l2jmobius.gameserver.model.entity.Siege	Siege of Innadril: Sun Feb 14 20:00:00 UTC 2016
2016.02.06 13:58:05,874	INFO	1	com.l2jmobius.gameserver.model.entity.Siege	Siege of Goddard: Sun Feb 14 20:00:00 UTC 2016
2016.02.06 13:58:05,926	INFO	1	com.l2jmobius.gameserver.model.entity.Siege	Siege of Rune: Sun Feb 14 20:00:00 UTC 2016
2016.02.06 13:58:05,943	INFO	1	com.l2jmobius.gameserver.model.entity.Siege	Siege of Schuttgart: Sun Feb 14 20:00:00 UTC 2016
2016.02.06 13:58:06,268	INFO	1	com.l2jmobius.gameserver.instancemanager.FortManager	FortManager: Loaded: 20 fortress
2016.02.06 13:58:06,990	INFO	1	com.l2jmobius.util.data.xml.IXmlReader	SiegeScheduleData: Loaded: 2 siege schedulers.
2016.02.06 13:58:07,009	INFO	1	com.l2jmobius.util.data.xml.IXmlReader	CastleManorManager: Manor system is deactivated.
2016.02.06 13:58:07,019	INFO	1	com.l2jmobius.gameserver.instancemanager.MercTicketManager	MercTicketManager: Loaded: 0 Mercenary Tickets
2016.02.06 13:58:07,028	INFO	1	com.l2jmobius.gameserver.instancemanager.QuestManager	QuestManager: Loaded: 243 quests.
2016.02.06 13:58:07,028	INFO	1	com.l2jmobius.gameserver.instancemanager.QuestManager	QuestManager: Loaded: 265 scripts.
2016.02.06 13:58:07,098	INFO	1	com.l2jmobius.gameserver.script.faenor.FaenorEventParser	Event ID: (Valentines Event) has passed... Ignored.
2016.02.06 13:58:07,107	INFO	1	com.l2jmobius.gameserver.script.faenor.FaenorScriptEngine	FaenorScriptEngine: Loaded  Valentines.xml successfully.
2016.02.06 13:58:07,110	INFO	1	com.l2jmobius.gameserver.GameServer	AutoSpawnHandler: Loaded 6 handlers in total.
2016.02.06 13:58:07,168	INFO	1	com.l2jmobius.gameserver.taskmanager.TaskManager	TaskManager: Loaded: 12 Tasks
2016.02.06 13:58:07,185	INFO	1	com.l2jmobius.gameserver.instancemanager.MailManager	MailManager: Successfully loaded 0 messages.
2016.02.06 13:58:07,195	INFO	1	com.l2jmobius.gameserver.instancemanager.PunishmentManager	PunishmentManager: Loaded 0 active and 0 expired punishments.
2016.02.06 13:58:07,202	INFO	1	com.l2jmobius.gameserver.GameServer	IdFactory: Free ObjectID's remaining: 1878997017
2016.02.06 13:58:07,210	INFO	1	com.l2jmobius.gameserver.model.entity.TvTManager	TvTEventEngine[TvTManager.TvTManager()]: Engine is disabled.
2016.02.06 13:58:07,210	INFO	1	com.l2jmobius.gameserver.data.sql.impl.OfflineTradersTable	OfflineTradersTable: Loading offline traders...
2016.02.06 13:58:07,241	INFO	1	com.l2jmobius.gameserver.data.sql.impl.OfflineTradersTable	OfflineTradersTable: Loaded: 0 offline trader(s)
2016.02.06 13:58:10,726	INFO	1	com.l2jmobius.gameserver.GameServer	GameServer: Started, using 512 of 3993 MB total memory.
2016.02.06 13:58:10,833	INFO	1	com.l2jmobius.gameserver.GameServer	GameServer: Geodata use 0 MB of memory.
2016.02.06 13:58:10,871	INFO	1	com.l2jmobius.gameserver.GameServer	GameServer: Maximum number of connected players is 2000.
2016.02.06 13:58:10,899	INFO	1	com.l2jmobius.gameserver.GameServer	GameServer: Server loaded in 202 seconds.
2016.02.06 13:58:11,963	INFO	1	com.l2jmobius.gameserver.GameServer	GameServer: is now listening on: *:7777
2016.02.06 13:58:12,268	INFO	430	com.l2jmobius.gameserver.LoginServerThread	Connecting to login on 127.0.0.1:9014
2016.02.06 13:58:13,358	INFO	430	com.l2jmobius.gameserver.LoginServerThread	Registered on login as Server 1 : Bartz
2016.02.06 13:59:48,613	WARNING	440	com.l2jmobius.gameserver.model.actor.L2Character	Master access level set for character ReEdiT! Just a warning to be careful ;)
2016.02.06 14:11:45,562	WARNING	443	com.l2jmobius.util.data.xml.IXmlReader	PrimeShopData: Could not parse file PrimeShop.xml at line 20, column 41: The string "--" is not permitted within comments.
2016.02.06 14:11:45,562	INFO	443	com.l2jmobius.util.data.xml.IXmlReader	PrimeShopData: System is disabled.
2016.02.06 14:15:45,976	WARNING	453	com.l2jmobius.util.data.xml.IXmlReader	PrimeShopData: Could not parse file PrimeShop.xml at line 16, column 2: The markup in the document following the root element must be well-formed.
2016.02.06 14:15:45,980	INFO	453	com.l2jmobius.util.data.xml.IXmlReader	PrimeShopData: System is disabled.
2016.02.06 14:16:13,813	WARNING	446	com.l2jmobius.gameserver.model.actor.L2Character	Master access level set for character ReEdiT! Just a warning to be careful ;)
2016.02.06 14:17:37,099	WARNING	443	com.l2jmobius.util.data.xml.IXmlReader	PrimeShopData: Could not parse file PrimeShop.xml at line 11, column 41: The string "--" is not permitted within comments.
2016.02.06 14:17:37,108	INFO	443	com.l2jmobius.util.data.xml.IXmlReader	PrimeShopData: System is disabled.
2016.02.06 14:19:27,010	WARNING	440	com.l2jmobius.gameserver.Shutdown	GM: ReEdiT(268489123) issued shutdown command. restarting in 5 seconds!
2016.02.06 14:19:32,017	WARNING	461	com.l2jmobius.gameserver.Shutdown	GM shutdown countdown is over. restarting NOW!
2016.02.06 14:19:32,067	INFO	426	com.l2jmobius.gameserver.Shutdown	All players disconnected and saved(47ms).
2016.02.06 14:19:32,069	INFO	426	com.l2jmobius.gameserver.GameTimeController	Stopping GameTimeController
2016.02.06 14:19:32,075	INFO	426	com.l2jmobius.gameserver.Shutdown	Game Time Controller: Timer stopped(8ms).
2016.02.06 14:19:38,109	INFO	426	com.l2jmobius.gameserver.ThreadPoolManager	All ThreadPools are now stopped
2016.02.06 14:19:38,118	INFO	426	com.l2jmobius.gameserver.Shutdown	Thread Pool Manager: Manager has been shut down(6043ms).
2016.02.06 14:19:38,141	INFO	426	com.l2jmobius.gameserver.Shutdown	Login Server Thread: Thread interruped(23ms).
2016.02.06 14:19:38,143	INFO	426	com.l2jmobius.gameserver.Shutdown	GM restart received. Restarting NOW!
2016.02.06 14:19:43,426	INFO	426	com.l2jmobius.gameserver.Shutdown	RaidBossSpawnManager: All raidboss info saved(5278ms).
2016.02.06 14:19:43,566	INFO	426	com.l2jmobius.gameserver.Shutdown	GrandBossManager: All Grand Boss info saved(140ms).
2016.02.06 14:19:43,567	INFO	426	com.l2jmobius.gameserver.Shutdown	Item Auction Manager: All tasks stopped(1ms).
2016.02.06 14:19:43,595	INFO	426	com.l2jmobius.gameserver.Shutdown	Olympiad System: Data saved(28ms).
2016.02.06 14:19:43,603	INFO	426	com.l2jmobius.gameserver.Shutdown	Hero System: Data saved(8ms).
2016.02.06 14:19:43,604	INFO	426	com.l2jmobius.gameserver.Shutdown	Clan System: Data saved(1ms).
2016.02.06 14:19:43,613	INFO	426	com.l2jmobius.gameserver.Shutdown	Cursed Weapons Manager: Data saved(9ms).
2016.02.06 14:19:43,623	INFO	426	com.l2jmobius.gameserver.Shutdown	Castle Manor Manager: Data saved(10ms).
2016.02.06 14:19:43,632	CONFIG	426	conquerablehalls.FortressOfTheDead.FortressOfTheDead	FortressOfTheDead: Successfully saved attackers to database.
2016.02.06 14:19:43,635	CONFIG	426	conquerablehalls.DevastatedCastle.DevastatedCastle	DevastatedCastle: Successfully saved attackers to database.
2016.02.06 14:19:43,637	CONFIG	426	conquerablehalls.flagwar.BanditStronghold.BanditStronghold	BanditStronghold: Successfully saved attackers to database.
2016.02.06 14:19:43,646	CONFIG	426	conquerablehalls.FortressOfResistance.FortressOfResistance	FortressOfResistance: Successfully saved attackers to database.
2016.02.06 14:19:43,648	CONFIG	426	conquerablehalls.flagwar.WildBeastReserve.WildBeastReserve	WildBeastReserve: Successfully saved attackers to database.
2016.02.06 14:19:43,650	INFO	426	com.l2jmobius.gameserver.Shutdown	CHSiegeManager: Siegable hall attacker lists saved!
2016.02.06 14:19:43,700	INFO	426	com.l2jmobius.gameserver.Shutdown	Quest Manager: Data saved(77ms).
2016.02.06 14:19:43,700	INFO	426	com.l2jmobius.gameserver.Shutdown	Global Variables Manager: Variables saved(0ms).
2016.02.06 14:19:43,700	INFO	426	com.l2jmobius.gameserver.Shutdown	Fishing Championship data has been saved.
2016.02.06 14:19:43,715	INFO	426	com.l2jmobius.gameserver.Shutdown	Bot Report Table: Sucessfully saved reports to database!
2016.02.06 14:19:48,716	INFO	426	com.l2jmobius.gameserver.Shutdown	Game Server: Selector thread has been shut down(0ms).
2016.02.06 14:19:48,719	INFO	426	com.l2jmobius.gameserver.Shutdown	Database Factory: Database connection has been shut down(3ms).
