2016.02.11 12:39:34,030	INFO	1	com.l2jmobius.gameserver.GameServer	-----------------------------------=[ Network Configuration ]
2016.02.11 12:39:34,421	INFO	1	com.l2jmobius.util.data.xml.IXmlReader	Using existing ipconfig.xml.
2016.02.11 12:39:35,405	WARNING	1	com.l2jmobius.util.PropertiesParser	[Custom.ini] Invalid value specified for key: ChampionRewardItemID specified value:  should be "int" using default value: 6393
2016.02.11 12:39:35,624	INFO	1	com.l2jmobius.Config	Loaded 6 Filter Words.
2016.02.11 12:39:35,624	INFO	1	com.l2jmobius.gameserver.GameServer	------------------------------------------------=[ Database ]
2016.02.11 12:39:40,793	WARNING	1	com.l2jmobius.commons.database.DatabaseFactory	DatabaseFactory: Unable to get a connection: Communications link failure

The last packet sent successfully to the server was 0 milliseconds ago. The driver has not received any packets from the server.
2016.02.11 12:39:42,799	WARNING	1	com.l2jmobius.commons.database.DatabaseFactory	DatabaseFactory: Unable to get a connection: Communications link failure

The last packet sent successfully to the server was 0 milliseconds ago. The driver has not received any packets from the server.
2016.02.11 12:39:44,804	WARNING	1	com.l2jmobius.commons.database.DatabaseFactory	DatabaseFactory: Unable to get a connection: Communications link failure

The last packet sent successfully to the server was 0 milliseconds ago. The driver has not received any packets from the server.
2016.02.11 12:39:46,809	WARNING	1	com.l2jmobius.commons.database.DatabaseFactory	DatabaseFactory: Unable to get a connection: Communications link failure

The last packet sent successfully to the server was 0 milliseconds ago. The driver has not received any packets from the server.
2016.02.11 12:39:48,809	WARNING	1	com.l2jmobius.commons.database.DatabaseFactory	DatabaseFactory: Unable to get a connection: Communications link failure

The last packet sent successfully to the server was 0 milliseconds ago. The driver has not received any packets from the server.
2016.02.11 12:39:50,843	WARNING	1	com.l2jmobius.commons.database.DatabaseFactory	DatabaseFactory: Unable to get a connection: Communications link failure

The last packet sent successfully to the server was 0 milliseconds ago. The driver has not received any packets from the server.
2016.02.11 12:39:52,890	WARNING	1	com.l2jmobius.commons.database.DatabaseFactory	DatabaseFactory: Unable to get a connection: Communications link failure

The last packet sent successfully to the server was 0 milliseconds ago. The driver has not received any packets from the server.
2016.02.11 12:39:54,905	WARNING	1	com.l2jmobius.commons.database.DatabaseFactory	DatabaseFactory: Unable to get a connection: Communications link failure

The last packet sent successfully to the server was 0 milliseconds ago. The driver has not received any packets from the server.
2016.02.11 12:39:56,952	WARNING	1	com.l2jmobius.commons.database.DatabaseFactory	DatabaseFactory: Unable to get a connection: Communications link failure

The last packet sent successfully to the server was 0 milliseconds ago. The driver has not received any packets from the server.
2016.02.11 12:39:58,999	WARNING	1	com.l2jmobius.commons.database.DatabaseFactory	DatabaseFactory: Unable to get a connection: Communications link failure

The last packet sent successfully to the server was 0 milliseconds ago. The driver has not received any packets from the server.
2016.02.11 12:40:01,014	WARNING	1	com.l2jmobius.commons.database.DatabaseFactory	DatabaseFactory: Unable to get a connection: Communications link failure

The last packet sent successfully to the server was 0 milliseconds ago. The driver has not received any packets from the server.
2016.02.11 12:40:03,061	WARNING	1	com.l2jmobius.commons.database.DatabaseFactory	DatabaseFactory: Unable to get a connection: Communications link failure

The last packet sent successfully to the server was 0 milliseconds ago. The driver has not received any packets from the server.
2016.02.11 12:40:05,124	WARNING	1	com.l2jmobius.commons.database.DatabaseFactory	DatabaseFactory: Unable to get a connection: Communications link failure

The last packet sent successfully to the server was 0 milliseconds ago. The driver has not received any packets from the server.
2016.02.11 12:40:07,171	WARNING	1	com.l2jmobius.commons.database.DatabaseFactory	DatabaseFactory: Unable to get a connection: Communications link failure

The last packet sent successfully to the server was 0 milliseconds ago. The driver has not received any packets from the server.
2016.02.11 12:40:09,233	WARNING	1	com.l2jmobius.commons.database.DatabaseFactory	DatabaseFactory: Unable to get a connection: Communications link failure

The last packet sent successfully to the server was 0 milliseconds ago. The driver has not received any packets from the server.
2016.02.11 12:40:12,311	WARNING	1	com.l2jmobius.commons.database.DatabaseFactory	DatabaseFactory: Unable to get a connection: Communications link failure

The last packet sent successfully to the server was 0 milliseconds ago. The driver has not received any packets from the server.
2016.02.11 12:40:14,358	WARNING	1	com.l2jmobius.commons.database.DatabaseFactory	DatabaseFactory: Unable to get a connection: Communications link failure

The last packet sent successfully to the server was 0 milliseconds ago. The driver has not received any packets from the server.
2016.02.11 12:40:16,389	WARNING	1	com.l2jmobius.commons.database.DatabaseFactory	DatabaseFactory: Unable to get a connection: Communications link failure

The last packet sent successfully to the server was 0 milliseconds ago. The driver has not received any packets from the server.
2016.02.11 12:40:18,405	WARNING	1	com.l2jmobius.commons.database.DatabaseFactory	DatabaseFactory: Unable to get a connection: Communications link failure

The last packet sent successfully to the server was 0 milliseconds ago. The driver has not received any packets from the server.
2016.02.11 12:40:20,421	WARNING	1	com.l2jmobius.commons.database.DatabaseFactory	DatabaseFactory: Unable to get a connection: Communications link failure

The last packet sent successfully to the server was 0 milliseconds ago. The driver has not received any packets from the server.
2016.02.11 12:40:22,468	WARNING	1	com.l2jmobius.commons.database.DatabaseFactory	DatabaseFactory: Unable to get a connection: Communications link failure

The last packet sent successfully to the server was 0 milliseconds ago. The driver has not received any packets from the server.
2016.02.11 12:40:24,483	WARNING	1	com.l2jmobius.commons.database.DatabaseFactory	DatabaseFactory: Unable to get a connection: Communications link failure

The last packet sent successfully to the server was 0 milliseconds ago. The driver has not received any packets from the server.
2016.02.11 12:40:26,530	WARNING	1	com.l2jmobius.commons.database.DatabaseFactory	DatabaseFactory: Unable to get a connection: Communications link failure

The last packet sent successfully to the server was 0 milliseconds ago. The driver has not received any packets from the server.
2016.02.11 12:40:28,577	WARNING	1	com.l2jmobius.commons.database.DatabaseFactory	DatabaseFactory: Unable to get a connection: Communications link failure

The last packet sent successfully to the server was 0 milliseconds ago. The driver has not received any packets from the server.
2016.02.11 12:40:30,624	WARNING	1	com.l2jmobius.commons.database.DatabaseFactory	DatabaseFactory: Unable to get a connection: Communications link failure

The last packet sent successfully to the server was 0 milliseconds ago. The driver has not received any packets from the server.
2016.02.11 12:40:32,639	WARNING	1	com.l2jmobius.commons.database.DatabaseFactory	DatabaseFactory: Unable to get a connection: Communications link failure

The last packet sent successfully to the server was 0 milliseconds ago. The driver has not received any packets from the server.
2016.02.11 12:40:34,671	WARNING	1	com.l2jmobius.commons.database.DatabaseFactory	DatabaseFactory: Unable to get a connection: Communications link failure

The last packet sent successfully to the server was 0 milliseconds ago. The driver has not received any packets from the server.
2016.02.11 12:40:36,733	WARNING	1	com.l2jmobius.commons.database.DatabaseFactory	DatabaseFactory: Unable to get a connection: Communications link failure

The last packet sent successfully to the server was 0 milliseconds ago. The driver has not received any packets from the server.
2016.02.11 12:40:38,764	WARNING	1	com.l2jmobius.commons.database.DatabaseFactory	DatabaseFactory: Unable to get a connection: Communications link failure

The last packet sent successfully to the server was 0 milliseconds ago. The driver has not received any packets from the server.
2016.02.11 12:40:40,796	WARNING	1	com.l2jmobius.commons.database.DatabaseFactory	DatabaseFactory: Unable to get a connection: Communications link failure

The last packet sent successfully to the server was 0 milliseconds ago. The driver has not received any packets from the server.
2016.02.11 12:40:42,827	WARNING	1	com.l2jmobius.commons.database.DatabaseFactory	DatabaseFactory: Unable to get a connection: Communications link failure

The last packet sent successfully to the server was 0 milliseconds ago. The driver has not received any packets from the server.
2016.02.11 12:40:44,858	WARNING	1	com.l2jmobius.commons.database.DatabaseFactory	DatabaseFactory: Unable to get a connection: Communications link failure

The last packet sent successfully to the server was 0 milliseconds ago. The driver has not received any packets from the server.
2016.02.11 12:40:46,905	WARNING	1	com.l2jmobius.commons.database.DatabaseFactory	DatabaseFactory: Unable to get a connection: Communications link failure

The last packet sent successfully to the server was 0 milliseconds ago. The driver has not received any packets from the server.
2016.02.11 12:40:48,921	WARNING	1	com.l2jmobius.commons.database.DatabaseFactory	DatabaseFactory: Unable to get a connection: Communications link failure

The last packet sent successfully to the server was 0 milliseconds ago. The driver has not received any packets from the server.
2016.02.11 12:40:50,952	WARNING	1	com.l2jmobius.commons.database.DatabaseFactory	DatabaseFactory: Unable to get a connection: Communications link failure

The last packet sent successfully to the server was 0 milliseconds ago. The driver has not received any packets from the server.
2016.02.11 12:40:52,983	WARNING	1	com.l2jmobius.commons.database.DatabaseFactory	DatabaseFactory: Unable to get a connection: Communications link failure

The last packet sent successfully to the server was 0 milliseconds ago. The driver has not received any packets from the server.
2016.02.11 12:40:55,030	WARNING	1	com.l2jmobius.commons.database.DatabaseFactory	DatabaseFactory: Unable to get a connection: Communications link failure

The last packet sent successfully to the server was 0 milliseconds ago. The driver has not received any packets from the server.
2016.02.11 12:40:57,030	WARNING	1	com.l2jmobius.commons.database.DatabaseFactory	DatabaseFactory: Unable to get a connection: Communications link failure

The last packet sent successfully to the server was 0 milliseconds ago. The driver has not received any packets from the server.
2016.02.11 12:40:59,077	WARNING	1	com.l2jmobius.commons.database.DatabaseFactory	DatabaseFactory: Unable to get a connection: Communications link failure

The last packet sent successfully to the server was 0 milliseconds ago. The driver has not received any packets from the server.
2016.02.11 12:41:01,093	WARNING	1	com.l2jmobius.commons.database.DatabaseFactory	DatabaseFactory: Unable to get a connection: Communications link failure

The last packet sent successfully to the server was 0 milliseconds ago. The driver has not received any packets from the server.
2016.02.11 12:41:03,155	WARNING	1	com.l2jmobius.commons.database.DatabaseFactory	DatabaseFactory: Unable to get a connection: Communications link failure

The last packet sent successfully to the server was 0 milliseconds ago. The driver has not received any packets from the server.
2016.02.11 12:41:05,202	WARNING	1	com.l2jmobius.commons.database.DatabaseFactory	DatabaseFactory: Unable to get a connection: Communications link failure

The last packet sent successfully to the server was 0 milliseconds ago. The driver has not received any packets from the server.
2016.02.11 12:41:07,264	WARNING	1	com.l2jmobius.commons.database.DatabaseFactory	DatabaseFactory: Unable to get a connection: Communications link failure

The last packet sent successfully to the server was 0 milliseconds ago. The driver has not received any packets from the server.
2016.02.11 12:41:09,311	WARNING	1	com.l2jmobius.commons.database.DatabaseFactory	DatabaseFactory: Unable to get a connection: Communications link failure

The last packet sent successfully to the server was 0 milliseconds ago. The driver has not received any packets from the server.
2016.02.11 12:41:11,343	WARNING	1	com.l2jmobius.commons.database.DatabaseFactory	DatabaseFactory: Unable to get a connection: Communications link failure

The last packet sent successfully to the server was 0 milliseconds ago. The driver has not received any packets from the server.
2016.02.11 12:41:13,389	WARNING	1	com.l2jmobius.commons.database.DatabaseFactory	DatabaseFactory: Unable to get a connection: Communications link failure

The last packet sent successfully to the server was 0 milliseconds ago. The driver has not received any packets from the server.
2016.02.11 12:41:15,389	WARNING	1	com.l2jmobius.commons.database.DatabaseFactory	DatabaseFactory: Unable to get a connection: Communications link failure

The last packet sent successfully to the server was 0 milliseconds ago. The driver has not received any packets from the server.
2016.02.11 12:41:17,405	INFO	1	com.l2jmobius.gameserver.idfactory.BitSetIDFactory	Updated characters online status.
2016.02.11 12:41:17,718	INFO	1	com.l2jmobius.gameserver.idfactory.BitSetIDFactory	Cleaned 0 elements from database in 0 s
2016.02.11 12:41:17,733	INFO	1	com.l2jmobius.gameserver.idfactory.BitSetIDFactory	Cleaned 0 expired timestamps from database.
2016.02.11 12:41:17,749	INFO	1	com.l2jmobius.gameserver.idfactory.BitSetIDFactory	BitSetIDFactory: 102912 id's available.
2016.02.11 12:41:17,780	INFO	1	com.l2jmobius.gameserver.GameServer	-------------------------------------------------=[ Engines ]
2016.02.11 12:41:17,874	INFO	1	com.l2jmobius.gameserver.scripting.L2ScriptEngineManager	Script Engine: java 1.8 - Language: java - Language Version: 1.8
2016.02.11 12:41:17,874	INFO	1	com.l2jmobius.gameserver.GameServer	---------------------------------------------------=[ World ]
2016.02.11 12:41:17,874	CONFIG	21	com.l2jmobius.gameserver.GameTimeController	GameTimeController: Started.
2016.02.11 12:41:17,952	INFO	1	com.l2jmobius.util.data.xml.IXmlReader	InstanceManager: Multiverse Instance created.
2016.02.11 12:41:17,952	INFO	1	com.l2jmobius.util.data.xml.IXmlReader	InstanceManager: Universe Instance created.
2016.02.11 12:41:18,046	INFO	1	com.l2jmobius.util.data.xml.IXmlReader	InstanceManager: Loaded 263 instance names.
2016.02.11 12:41:18,061	INFO	1	com.l2jmobius.gameserver.model.L2World	L2World: (144 by 136) World Region Grid set up.
2016.02.11 12:41:18,326	INFO	1	com.l2jmobius.util.data.xml.IXmlReader	MapRegionManager: Loaded 59 map regions.
2016.02.11 12:41:18,367	INFO	1	com.l2jmobius.gameserver.instancemanager.GlobalVariablesManager	GlobalVariablesManager: Loaded 5 variables.
2016.02.11 12:41:18,367	INFO	1	com.l2jmobius.gameserver.GameServer	----------------------------------------------------=[ Data ]
2016.02.11 12:41:18,462	INFO	1	com.l2jmobius.gameserver.data.xml.impl.CategoryData	CategoryData: Loaded 142 Categories.
2016.02.11 12:41:18,514	INFO	1	com.l2jmobius.util.data.xml.IXmlReader	SecondaryAuthData: Loaded 328 forbidden passwords.
2016.02.11 12:41:18,546	INFO	1	com.l2jmobius.util.data.xml.IXmlReader	AbilityPointsData: Loaded: 4 range fees.
2016.02.11 12:41:18,546	INFO	1	com.l2jmobius.gameserver.GameServer	-------------------------------------------------=[ Effects ]
2016.02.11 12:41:20,657	INFO	1	handlers.EffectMasterHandler	EffectMasterHandler: Loaded 178 effect handlers.
2016.02.11 12:41:20,657	INFO	1	com.l2jmobius.gameserver.GameServer	------------------------------------=[ Enchant Skill Groups ]
2016.02.11 12:41:20,708	INFO	1	com.l2jmobius.util.data.xml.IXmlReader	EnchantSkillGroupsData: Loaded 5 groups and 100 routes.
2016.02.11 12:41:20,708	INFO	1	com.l2jmobius.gameserver.GameServer	---------------------------------------------=[ Skill Trees ]
2016.02.11 12:41:21,661	INFO	1	com.l2jmobius.util.data.xml.IXmlReader	SkillTreesData: Loaded 27827 Class Skills for 145 Class Skill Trees.
2016.02.11 12:41:21,662	INFO	1	com.l2jmobius.util.data.xml.IXmlReader	SkillTreesData: Loaded 24 Sub-Class Skills.
2016.02.11 12:41:21,662	INFO	1	com.l2jmobius.util.data.xml.IXmlReader	SkillTreesData: Loaded 38 Dual-Class Skills.
2016.02.11 12:41:21,663	INFO	1	com.l2jmobius.util.data.xml.IXmlReader	SkillTreesData: Loaded 105 Transfer Skills for 3 Transfer Skill Trees.
2016.02.11 12:41:21,663	INFO	1	com.l2jmobius.util.data.xml.IXmlReader	SkillTreesData: Loaded 14 Race skills for 6 Race Skill Trees.
2016.02.11 12:41:21,663	INFO	1	com.l2jmobius.util.data.xml.IXmlReader	SkillTreesData: Loaded 35 Fishing Skills, 8 Dwarven only Fishing Skills.
2016.02.11 12:41:21,664	INFO	1	com.l2jmobius.util.data.xml.IXmlReader	SkillTreesData: Loaded 3 Collect Skills.
2016.02.11 12:41:21,664	INFO	1	com.l2jmobius.util.data.xml.IXmlReader	SkillTreesData: Loaded 172 Pledge Skills, 142 for Pledge and 30 Residential.
2016.02.11 12:41:21,665	INFO	1	com.l2jmobius.util.data.xml.IXmlReader	SkillTreesData: Loaded 18 Sub-Pledge Skills.
2016.02.11 12:41:21,665	INFO	1	com.l2jmobius.util.data.xml.IXmlReader	SkillTreesData: Loaded 32 Transform Skills.
2016.02.11 12:41:21,665	INFO	1	com.l2jmobius.util.data.xml.IXmlReader	SkillTreesData: Loaded 8 Noble Skills.
2016.02.11 12:41:21,666	INFO	1	com.l2jmobius.util.data.xml.IXmlReader	SkillTreesData: Loaded 5 Hero Skills.
2016.02.11 12:41:21,666	INFO	1	com.l2jmobius.util.data.xml.IXmlReader	SkillTreesData: Loaded 14 Game Master Skills.
2016.02.11 12:41:21,666	INFO	1	com.l2jmobius.util.data.xml.IXmlReader	SkillTreesData: Loaded 14 Game Master Aura Skills.
2016.02.11 12:41:21,666	INFO	1	com.l2jmobius.util.data.xml.IXmlReader	SkillTreesData: Loaded 138 Ability Skills.
2016.02.11 12:41:21,667	INFO	1	com.l2jmobius.util.data.xml.IXmlReader	SkillTreesData: Loaded 120 Alchemy Skills.
2016.02.11 12:41:21,667	INFO	1	com.l2jmobius.util.data.xml.IXmlReader	SkillTreesData: Loaded 20 Revelation Skills.
2016.02.11 12:41:21,667	INFO	1	com.l2jmobius.util.data.xml.IXmlReader	SkillTreesData: Loaded 4 Subclass change Skills.
2016.02.11 12:41:21,668	INFO	1	com.l2jmobius.gameserver.GameServer	--------------------------------------------------=[ Skills ]
2016.02.11 12:41:29,323	INFO	1	com.l2jmobius.gameserver.engines.DocumentEngine	DocumentEngine: Loaded 88480 Skill templates from XML files.
2016.02.11 12:41:29,409	INFO	1	com.l2jmobius.gameserver.data.sql.impl.SummonSkillsTable	SummonSkillsTable: Loaded 2674 skills.
2016.02.11 12:41:29,409	INFO	1	com.l2jmobius.gameserver.GameServer	---------------------------------------------------=[ Items ]
2016.02.11 12:41:31,530	INFO	1	com.l2jmobius.gameserver.datatables.ItemTable	ItemTable: Highest item id used:46692
2016.02.11 12:41:31,530	INFO	1	com.l2jmobius.gameserver.datatables.ItemTable	ItemTable: Loaded: 20025 Etc Items
2016.02.11 12:41:31,530	INFO	1	com.l2jmobius.gameserver.datatables.ItemTable	ItemTable: Loaded: 10168 Armor Items
2016.02.11 12:41:31,530	INFO	1	com.l2jmobius.gameserver.datatables.ItemTable	ItemTable: Loaded: 8490 Weapon Items
2016.02.11 12:41:31,530	INFO	1	com.l2jmobius.gameserver.datatables.ItemTable	ItemTable: Loaded: 38683 Items in total.
2016.02.11 12:41:31,546	INFO	1	com.l2jmobius.util.data.xml.IXmlReader	EnchantItemGroupsData: Loaded: 4 item group templates.
2016.02.11 12:41:31,546	INFO	1	com.l2jmobius.util.data.xml.IXmlReader	EnchantItemGroupsData: Loaded: 1 scroll group templates.
2016.02.11 12:41:31,577	INFO	1	com.l2jmobius.util.data.xml.IXmlReader	EnchantItemData: Loaded 251 Enchant Scrolls.
2016.02.11 12:41:31,577	INFO	1	com.l2jmobius.util.data.xml.IXmlReader	EnchantItemData: Loaded 97 Support Items.
2016.02.11 12:41:31,592	INFO	1	com.l2jmobius.util.data.xml.IXmlReader	EnchantItemOptionsData: Loaded: 24 Items and 1107 Options.
2016.02.11 12:41:31,610	INFO	1	com.l2jmobius.util.data.xml.IXmlReader	ItemCrystalizationData: Loaded: 170 Items
2016.02.11 12:41:32,858	INFO	1	com.l2jmobius.util.data.xml.IXmlReader	OptionData: Loaded: 25035 Options.
2016.02.11 12:41:32,897	INFO	1	com.l2jmobius.util.data.xml.IXmlReader	EnchantItemHPBonusData: Loaded 11 Enchant HP Bonuses.
2016.02.11 12:41:32,901	INFO	1	com.l2jmobius.gameserver.datatables.MerchantPriceConfigTable	MerchantPriceConfigTable: Loaded 28 merchant price configs.
2016.02.11 12:41:34,577	INFO	1	com.l2jmobius.util.data.xml.IXmlReader	BuyListData: Loaded 850 BuyLists.
2016.02.11 12:41:36,168	INFO	1	com.l2jmobius.util.data.xml.IXmlReader	MultisellData: Loaded 331 multisell lists.
2016.02.11 12:41:36,233	INFO	1	com.l2jmobius.util.data.xml.IXmlReader	RecipeData: Loaded 1611 recipes.
2016.02.11 12:41:36,323	INFO	1	com.l2jmobius.util.data.xml.IXmlReader	ArmorSetsData: Loaded 297 Armor sets.
2016.02.11 12:41:36,397	INFO	1	com.l2jmobius.util.data.xml.IXmlReader	HennaData: Loaded 440 Henna data.
2016.02.11 12:41:36,428	INFO	1	com.l2jmobius.util.data.xml.IXmlReader	FishData: Loaded 321 Fishes.
2016.02.11 12:41:36,440	INFO	1	com.l2jmobius.util.data.xml.IXmlReader	FishingMonstersData: Loaded 8 Fishing Monsters.
2016.02.11 12:41:36,444	INFO	1	com.l2jmobius.util.data.xml.IXmlReader	FishingRodsData: Loaded 8 Fishing Rods.
2016.02.11 12:41:36,500	INFO	1	com.l2jmobius.util.data.xml.IXmlReader	PrimeShopData: Loaded 194 items
2016.02.11 12:41:36,514	INFO	1	com.l2jmobius.util.data.xml.IXmlReader	AppearanceItemData: Loaded: 246 Stones
2016.02.11 12:41:36,514	INFO	1	com.l2jmobius.util.data.xml.IXmlReader	LuckyGameData: Loaded 52 Normal item rewards.
2016.02.11 12:41:36,514	INFO	1	com.l2jmobius.util.data.xml.IXmlReader	LuckyGameData: Loaded 96 Luxury item rewards.
2016.02.11 12:41:36,514	INFO	1	com.l2jmobius.util.data.xml.IXmlReader	LuckyGameData: Loaded 68 Rare item rewards.
2016.02.11 12:41:36,514	INFO	1	com.l2jmobius.gameserver.GameServer	----------------------------------------------=[ Characters ]
2016.02.11 12:41:36,546	INFO	1	com.l2jmobius.util.data.xml.IXmlReader	ClassListData: Loaded 157 Class data.
2016.02.11 12:41:36,546	INFO	1	com.l2jmobius.util.data.xml.IXmlReader	InitialEquipmentData: Loaded 13 Initial Equipment data.
2016.02.11 12:41:36,546	INFO	1	com.l2jmobius.util.data.xml.IXmlReader	InitialShortcutData: Loaded 5 Initial Global Shortcuts data.
2016.02.11 12:41:36,546	INFO	1	com.l2jmobius.util.data.xml.IXmlReader	InitialShortcutData: Loaded 5 Initial Shortcuts data.
2016.02.11 12:41:36,546	INFO	1	com.l2jmobius.util.data.xml.IXmlReader	InitialShortcutData: Loaded 0 Macros presets.
2016.02.11 12:41:36,546	INFO	1	com.l2jmobius.util.data.xml.IXmlReader	ExperienceData: Loaded 75 levels.
2016.02.11 12:41:36,546	INFO	1	com.l2jmobius.util.data.xml.IXmlReader	ExperienceData: Max Player Level is: 75
2016.02.11 12:41:36,561	INFO	1	com.l2jmobius.util.data.xml.IXmlReader	ExperienceData: Max Pet Level is: 75
2016.02.11 12:41:36,577	INFO	1	com.l2jmobius.util.data.xml.IXmlReader	KarmaData: Loaded 75 karma modifiers.
2016.02.11 12:41:36,592	INFO	1	com.l2jmobius.util.data.xml.IXmlReader	HitConditionBonusData: Loaded Hit Condition bonuses.
2016.02.11 12:41:37,296	INFO	1	com.l2jmobius.gameserver.data.xml.impl.PlayerTemplateData	PlayerTemplateData: Loaded 145 character templates.
2016.02.11 12:41:37,296	INFO	1	com.l2jmobius.gameserver.data.xml.impl.PlayerTemplateData	PlayerTemplateData: Loaded 65250 level up gain records.
2016.02.11 12:41:37,296	INFO	1	com.l2jmobius.gameserver.data.sql.impl.CharNameTable	CharNameTable: Loaded 1 char names.
2016.02.11 12:41:37,348	INFO	1	com.l2jmobius.util.data.xml.IXmlReader	AdminData: Loaded: 10 Access Levels.
2016.02.11 12:41:37,354	INFO	1	com.l2jmobius.util.data.xml.IXmlReader	AdminData: Loaded: 438 Access Commands.
2016.02.11 12:41:37,760	INFO	1	com.l2jmobius.util.data.xml.IXmlReader	PetDataTable: Loaded 49 Pets.
2016.02.11 12:41:37,784	INFO	1	com.l2jmobius.gameserver.GameServer	PremiumManager: Premium system is enabled.
2016.02.11 12:41:37,786	INFO	1	com.l2jmobius.gameserver.GameServer	---------------------------------------------------=[ Clans ]
2016.02.11 12:41:37,800	INFO	1	com.l2jmobius.gameserver.communitybbs.Manager.ForumsBBSManager	Loaded 4 forums. Last forum id used: 4
2016.02.11 12:41:37,800	INFO	1	com.l2jmobius.gameserver.data.sql.impl.ClanTable	ClanTable: Restored 0 clans from the database.
2016.02.11 12:41:37,811	INFO	1	com.l2jmobius.gameserver.instancemanager.CHSiegeManager	CHSiegeManager: Loaded 6 conquerable clan halls.
2016.02.11 12:41:37,858	INFO	1	com.l2jmobius.gameserver.instancemanager.ClanHallAuctionManager	ClanHallAuctionManager: Loaded: 38 auction(s)
2016.02.11 12:41:37,858	INFO	1	com.l2jmobius.gameserver.instancemanager.ClanHallManager	ClanHallManager: Loaded: 0 clan halls
2016.02.11 12:41:37,858	INFO	1	com.l2jmobius.gameserver.instancemanager.ClanHallManager	ClanHallManager: Loaded: 38 free clan halls
2016.02.11 12:41:37,889	INFO	1	com.l2jmobius.gameserver.instancemanager.ClanEntryManager	ClanEntryManager: Loaded: 0 clan entry
2016.02.11 12:41:37,929	INFO	1	com.l2jmobius.gameserver.instancemanager.ClanEntryManager	ClanEntryManager: Loaded: 0 player in waiting list
2016.02.11 12:41:37,945	INFO	1	com.l2jmobius.gameserver.instancemanager.ClanEntryManager	ClanEntryManager: Loaded: 0 player application
2016.02.11 12:41:37,945	INFO	1	com.l2jmobius.gameserver.GameServer	-------------------------------------------------=[ Geodata ]
2016.02.11 12:41:37,989	INFO	1	com.l2jmobius.gameserver.GeoData	GeoData: Loading 11_23.l2j...
2016.02.11 12:41:38,077	INFO	1	com.l2jmobius.gameserver.GeoData	GeoData: Loading 11_24.l2j...
2016.02.11 12:41:38,117	INFO	1	com.l2jmobius.gameserver.GeoData	GeoData: Loading 11_25.l2j...
2016.02.11 12:41:38,152	INFO	1	com.l2jmobius.gameserver.GeoData	GeoData: Loading 11_26.l2j...
2016.02.11 12:41:38,186	INFO	1	com.l2jmobius.gameserver.GeoData	GeoData: Loading 12_23.l2j...
2016.02.11 12:41:38,207	INFO	1	com.l2jmobius.gameserver.GeoData	GeoData: Loading 12_24.l2j...
2016.02.11 12:41:38,266	INFO	1	com.l2jmobius.gameserver.GeoData	GeoData: Loading 12_25.l2j...
2016.02.11 12:41:38,317	INFO	1	com.l2jmobius.gameserver.GeoData	GeoData: Loading 12_26.l2j...
2016.02.11 12:41:38,332	INFO	1	com.l2jmobius.gameserver.GeoData	GeoData: Loading 13_21.l2j...
2016.02.11 12:41:38,346	INFO	1	com.l2jmobius.gameserver.GeoData	GeoData: Loading 13_22.l2j...
2016.02.11 12:41:38,351	INFO	1	com.l2jmobius.gameserver.GeoData	GeoData: Loading 13_23.l2j...
2016.02.11 12:41:38,373	INFO	1	com.l2jmobius.gameserver.GeoData	GeoData: Loading 13_24.l2j...
2016.02.11 12:41:38,403	INFO	1	com.l2jmobius.gameserver.GeoData	GeoData: Loading 13_25.l2j...
2016.02.11 12:41:38,454	INFO	1	com.l2jmobius.gameserver.GeoData	GeoData: Loading 13_26.l2j...
2016.02.11 12:41:38,468	INFO	1	com.l2jmobius.gameserver.GeoData	GeoData: Loading 14_21.l2j...
2016.02.11 12:41:38,489	INFO	1	com.l2jmobius.gameserver.GeoData	GeoData: Loading 14_22.l2j...
2016.02.11 12:41:38,546	INFO	1	com.l2jmobius.gameserver.GeoData	GeoData: Loading 14_23.l2j...
2016.02.11 12:41:38,628	INFO	1	com.l2jmobius.gameserver.GeoData	GeoData: Loading 14_24.l2j...
2016.02.11 12:41:38,702	INFO	1	com.l2jmobius.gameserver.GeoData	GeoData: Loading 14_25.l2j...
2016.02.11 12:41:38,733	INFO	1	com.l2jmobius.gameserver.GeoData	GeoData: Loading 14_26.l2j...
2016.02.11 12:41:38,749	INFO	1	com.l2jmobius.gameserver.GeoData	GeoData: Loading 15_10.l2j...
2016.02.11 12:41:38,749	INFO	1	com.l2jmobius.gameserver.GeoData	GeoData: Loading 15_11.l2j...
2016.02.11 12:41:38,764	INFO	1	com.l2jmobius.gameserver.GeoData	GeoData: Loading 15_12.l2j...
2016.02.11 12:41:38,796	INFO	1	com.l2jmobius.gameserver.GeoData	GeoData: Loading 15_18.l2j...
2016.02.11 12:41:38,827	INFO	1	com.l2jmobius.gameserver.GeoData	GeoData: Loading 15_19.l2j...
2016.02.11 12:41:38,895	INFO	1	com.l2jmobius.gameserver.GeoData	GeoData: Loading 15_20.l2j...
2016.02.11 12:41:38,912	INFO	1	com.l2jmobius.gameserver.GeoData	GeoData: Loading 15_21.l2j...
2016.02.11 12:41:38,917	INFO	1	com.l2jmobius.gameserver.GeoData	GeoData: Loading 15_22.l2j...
2016.02.11 12:41:38,928	INFO	1	com.l2jmobius.gameserver.GeoData	GeoData: Loading 15_23.l2j...
2016.02.11 12:41:38,946	INFO	1	com.l2jmobius.gameserver.GeoData	GeoData: Loading 15_24.l2j...
2016.02.11 12:41:38,954	INFO	1	com.l2jmobius.gameserver.GeoData	GeoData: Loading 15_25.l2j...
2016.02.11 12:41:38,977	INFO	1	com.l2jmobius.gameserver.GeoData	GeoData: Loading 15_26.l2j...
2016.02.11 12:41:39,045	INFO	1	com.l2jmobius.gameserver.GeoData	GeoData: Loading 16_10.l2j...
2016.02.11 12:41:39,131	INFO	1	com.l2jmobius.gameserver.GeoData	GeoData: Loading 16_11.l2j...
2016.02.11 12:41:39,142	INFO	1	com.l2jmobius.gameserver.GeoData	GeoData: Loading 16_12.l2j...
2016.02.11 12:41:39,151	INFO	1	com.l2jmobius.gameserver.GeoData	GeoData: Loading 16_13.l2j...
2016.02.11 12:41:39,155	INFO	1	com.l2jmobius.gameserver.GeoData	GeoData: Loading 16_14.l2j...
2016.02.11 12:41:39,167	INFO	1	com.l2jmobius.gameserver.GeoData	GeoData: Loading 16_15.l2j...
2016.02.11 12:41:39,194	INFO	1	com.l2jmobius.gameserver.GeoData	GeoData: Loading 16_16.l2j...
2016.02.11 12:41:39,195	INFO	1	com.l2jmobius.gameserver.GeoData	GeoData: Loading 16_17.l2j...
2016.02.11 12:41:39,218	INFO	1	com.l2jmobius.gameserver.GeoData	GeoData: Loading 16_18.l2j...
2016.02.11 12:41:39,229	INFO	1	com.l2jmobius.gameserver.GeoData	GeoData: Loading 16_19.l2j...
2016.02.11 12:41:39,290	INFO	1	com.l2jmobius.gameserver.GeoData	GeoData: Loading 16_20.l2j...
2016.02.11 12:41:39,625	INFO	1	com.l2jmobius.gameserver.GeoData	GeoData: Loading 16_21.l2j...
2016.02.11 12:41:39,630	INFO	1	com.l2jmobius.gameserver.GeoData	GeoData: Loading 16_22.l2j...
2016.02.11 12:41:39,676	INFO	1	com.l2jmobius.gameserver.GeoData	GeoData: Loading 16_23.l2j...
2016.02.11 12:41:39,770	INFO	1	com.l2jmobius.gameserver.GeoData	GeoData: Loading 16_24.l2j...
2016.02.11 12:41:39,789	INFO	1	com.l2jmobius.gameserver.GeoData	GeoData: Loading 16_25.l2j...
2016.02.11 12:41:39,842	INFO	1	com.l2jmobius.gameserver.GeoData	GeoData: Loading 16_26.l2j...
2016.02.11 12:41:39,842	INFO	1	com.l2jmobius.gameserver.GeoData	GeoData: Loading 17_10.l2j...
2016.02.11 12:41:39,858	INFO	1	com.l2jmobius.gameserver.GeoData	GeoData: Loading 17_11.l2j...
2016.02.11 12:41:39,874	INFO	1	com.l2jmobius.gameserver.GeoData	GeoData: Loading 17_12.l2j...
2016.02.11 12:41:39,874	INFO	1	com.l2jmobius.gameserver.GeoData	GeoData: Loading 17_13.l2j...
2016.02.11 12:41:39,874	INFO	1	com.l2jmobius.gameserver.GeoData	GeoData: Loading 17_14.l2j...
2016.02.11 12:41:39,874	INFO	1	com.l2jmobius.gameserver.GeoData	GeoData: Loading 17_15.l2j...
2016.02.11 12:41:39,889	INFO	1	com.l2jmobius.gameserver.GeoData	GeoData: Loading 17_16.l2j...
2016.02.11 12:41:39,947	INFO	1	com.l2jmobius.gameserver.GeoData	GeoData: Loading 17_17.l2j...
2016.02.11 12:41:39,953	INFO	1	com.l2jmobius.gameserver.GeoData	GeoData: Loading 17_18.l2j...
2016.02.11 12:41:39,956	INFO	1	com.l2jmobius.gameserver.GeoData	GeoData: Loading 17_19.l2j...
2016.02.11 12:41:39,971	INFO	1	com.l2jmobius.gameserver.GeoData	GeoData: Loading 17_20.l2j...
2016.02.11 12:41:39,986	INFO	1	com.l2jmobius.gameserver.GeoData	GeoData: Loading 17_21.l2j...
2016.02.11 12:41:40,014	INFO	1	com.l2jmobius.gameserver.GeoData	GeoData: Loading 17_22.l2j...
2016.02.11 12:41:40,030	INFO	1	com.l2jmobius.gameserver.GeoData	GeoData: Loading 17_23.l2j...
2016.02.11 12:41:40,061	INFO	1	com.l2jmobius.gameserver.GeoData	GeoData: Loading 17_24.l2j...
2016.02.11 12:41:40,077	INFO	1	com.l2jmobius.gameserver.GeoData	GeoData: Loading 17_25.l2j...
2016.02.11 12:41:40,092	INFO	1	com.l2jmobius.gameserver.GeoData	GeoData: Loading 17_26.l2j...
2016.02.11 12:41:40,092	INFO	1	com.l2jmobius.gameserver.GeoData	GeoData: Loading 18_10.l2j...
2016.02.11 12:41:40,112	INFO	1	com.l2jmobius.gameserver.GeoData	GeoData: Loading 18_11.l2j...
2016.02.11 12:41:40,134	INFO	1	com.l2jmobius.gameserver.GeoData	GeoData: Loading 18_12.l2j...
2016.02.11 12:41:40,139	INFO	1	com.l2jmobius.gameserver.GeoData	GeoData: Loading 18_13.l2j...
2016.02.11 12:41:40,142	INFO	1	com.l2jmobius.gameserver.GeoData	GeoData: Loading 18_14.l2j...
2016.02.11 12:41:40,176	INFO	1	com.l2jmobius.gameserver.GeoData	GeoData: Loading 18_15.l2j...
2016.02.11 12:41:40,190	INFO	1	com.l2jmobius.gameserver.GeoData	GeoData: Loading 18_16.l2j...
2016.02.11 12:41:40,212	INFO	1	com.l2jmobius.gameserver.GeoData	GeoData: Loading 18_17.l2j...
2016.02.11 12:41:40,215	INFO	1	com.l2jmobius.gameserver.GeoData	GeoData: Loading 18_18.l2j...
2016.02.11 12:41:40,218	INFO	1	com.l2jmobius.gameserver.GeoData	GeoData: Loading 18_19.l2j...
2016.02.11 12:41:40,276	INFO	1	com.l2jmobius.gameserver.GeoData	GeoData: Loading 18_20.l2j...
2016.02.11 12:41:40,312	INFO	1	com.l2jmobius.gameserver.GeoData	GeoData: Loading 18_21.l2j...
2016.02.11 12:41:40,360	INFO	1	com.l2jmobius.gameserver.GeoData	GeoData: Loading 18_22.l2j...
2016.02.11 12:41:40,396	INFO	1	com.l2jmobius.gameserver.GeoData	GeoData: Loading 18_23.l2j...
2016.02.11 12:41:40,409	INFO	1	com.l2jmobius.gameserver.GeoData	GeoData: Loading 18_24.l2j...
2016.02.11 12:41:40,431	INFO	1	com.l2jmobius.gameserver.GeoData	GeoData: Loading 18_25.l2j...
2016.02.11 12:41:40,446	INFO	1	com.l2jmobius.gameserver.GeoData	GeoData: Loading 18_26.l2j...
2016.02.11 12:41:40,449	INFO	1	com.l2jmobius.gameserver.GeoData	GeoData: Loading 19_10.l2j...
2016.02.11 12:41:40,458	INFO	1	com.l2jmobius.gameserver.GeoData	GeoData: Loading 19_11.l2j...
2016.02.11 12:41:40,461	INFO	1	com.l2jmobius.gameserver.GeoData	GeoData: Loading 19_12.l2j...
2016.02.11 12:41:40,467	INFO	1	com.l2jmobius.gameserver.GeoData	GeoData: Loading 19_13.l2j...
2016.02.11 12:41:40,514	INFO	1	com.l2jmobius.gameserver.GeoData	GeoData: Loading 19_14.l2j...
2016.02.11 12:41:40,546	INFO	1	com.l2jmobius.gameserver.GeoData	GeoData: Loading 19_15.l2j...
2016.02.11 12:41:40,614	INFO	1	com.l2jmobius.gameserver.GeoData	GeoData: Loading 19_16.l2j...
2016.02.11 12:41:40,644	INFO	1	com.l2jmobius.gameserver.GeoData	GeoData: Loading 19_17.l2j...
2016.02.11 12:41:40,652	INFO	1	com.l2jmobius.gameserver.GeoData	GeoData: Loading 19_18.l2j...
2016.02.11 12:41:40,689	INFO	1	com.l2jmobius.gameserver.GeoData	GeoData: Loading 19_19.l2j...
2016.02.11 12:41:40,758	INFO	1	com.l2jmobius.gameserver.GeoData	GeoData: Loading 19_20.l2j...
2016.02.11 12:41:40,811	INFO	1	com.l2jmobius.gameserver.GeoData	GeoData: Loading 19_21.l2j...
2016.02.11 12:41:40,842	INFO	1	com.l2jmobius.gameserver.GeoData	GeoData: Loading 19_22.l2j...
2016.02.11 12:41:40,913	INFO	1	com.l2jmobius.gameserver.GeoData	GeoData: Loading 19_23.l2j...
2016.02.11 12:41:40,987	INFO	1	com.l2jmobius.gameserver.GeoData	GeoData: Loading 19_24.l2j...
2016.02.11 12:41:41,011	INFO	1	com.l2jmobius.gameserver.GeoData	GeoData: Loading 19_25.l2j...
2016.02.11 12:41:41,061	INFO	1	com.l2jmobius.gameserver.GeoData	GeoData: Loading 19_26.l2j...
2016.02.11 12:41:41,077	INFO	1	com.l2jmobius.gameserver.GeoData	GeoData: Loading 20_10.l2j...
2016.02.11 12:41:41,086	INFO	1	com.l2jmobius.gameserver.GeoData	GeoData: Loading 20_11.l2j...
2016.02.11 12:41:41,093	INFO	1	com.l2jmobius.gameserver.GeoData	GeoData: Loading 20_12.l2j...
2016.02.11 12:41:41,099	INFO	1	com.l2jmobius.gameserver.GeoData	GeoData: Loading 20_13.l2j...
2016.02.11 12:41:41,134	INFO	1	com.l2jmobius.gameserver.GeoData	GeoData: Loading 20_14.l2j...
2016.02.11 12:41:41,197	INFO	1	com.l2jmobius.gameserver.GeoData	GeoData: Loading 20_15.l2j...
2016.02.11 12:41:41,233	INFO	1	com.l2jmobius.gameserver.GeoData	GeoData: Loading 20_16.l2j...
2016.02.11 12:41:41,264	INFO	1	com.l2jmobius.gameserver.GeoData	GeoData: Loading 20_17.l2j...
2016.02.11 12:41:41,349	INFO	1	com.l2jmobius.gameserver.GeoData	GeoData: Loading 20_18.l2j...
2016.02.11 12:41:41,372	INFO	1	com.l2jmobius.gameserver.GeoData	GeoData: Loading 20_19.l2j...
2016.02.11 12:41:41,385	INFO	1	com.l2jmobius.gameserver.GeoData	GeoData: Loading 20_20.l2j...
2016.02.11 12:41:41,452	INFO	1	com.l2jmobius.gameserver.GeoData	GeoData: Loading 20_21.l2j...
2016.02.11 12:41:41,530	INFO	1	com.l2jmobius.gameserver.GeoData	GeoData: Loading 20_22.l2j...
2016.02.11 12:41:41,577	INFO	1	com.l2jmobius.gameserver.GeoData	GeoData: Loading 20_23.l2j...
2016.02.11 12:41:41,592	INFO	1	com.l2jmobius.gameserver.GeoData	GeoData: Loading 20_24.l2j...
2016.02.11 12:41:41,615	INFO	1	com.l2jmobius.gameserver.GeoData	GeoData: Loading 20_25.l2j...
2016.02.11 12:41:41,675	INFO	1	com.l2jmobius.gameserver.GeoData	GeoData: Loading 20_26.l2j...
2016.02.11 12:41:41,692	INFO	1	com.l2jmobius.gameserver.GeoData	GeoData: Loading 21_10.l2j...
2016.02.11 12:41:41,698	INFO	1	com.l2jmobius.gameserver.GeoData	GeoData: Loading 21_11.l2j...
2016.02.11 12:41:41,701	INFO	1	com.l2jmobius.gameserver.GeoData	GeoData: Loading 21_12.l2j...
2016.02.11 12:41:41,711	INFO	1	com.l2jmobius.gameserver.GeoData	GeoData: Loading 21_13.l2j...
2016.02.11 12:41:41,715	INFO	1	com.l2jmobius.gameserver.GeoData	GeoData: Loading 21_14.l2j...
2016.02.11 12:41:41,775	INFO	1	com.l2jmobius.gameserver.GeoData	GeoData: Loading 21_15.l2j...
2016.02.11 12:41:41,858	INFO	1	com.l2jmobius.gameserver.GeoData	GeoData: Loading 21_16.l2j...
2016.02.11 12:41:41,913	INFO	1	com.l2jmobius.gameserver.GeoData	GeoData: Loading 21_17.l2j...
2016.02.11 12:41:41,949	INFO	1	com.l2jmobius.gameserver.GeoData	GeoData: Loading 21_18.l2j...
2016.02.11 12:41:41,970	INFO	1	com.l2jmobius.gameserver.GeoData	GeoData: Loading 21_19.l2j...
2016.02.11 12:41:41,994	INFO	1	com.l2jmobius.gameserver.GeoData	GeoData: Loading 21_20.l2j...
2016.02.11 12:41:42,070	INFO	1	com.l2jmobius.gameserver.GeoData	GeoData: Loading 21_21.l2j...
2016.02.11 12:41:42,131	INFO	1	com.l2jmobius.gameserver.GeoData	GeoData: Loading 21_22.l2j...
2016.02.11 12:41:42,176	INFO	1	com.l2jmobius.gameserver.GeoData	GeoData: Loading 21_23.l2j...
2016.02.11 12:41:42,218	INFO	1	com.l2jmobius.gameserver.GeoData	GeoData: Loading 21_24.l2j...
2016.02.11 12:41:42,272	INFO	1	com.l2jmobius.gameserver.GeoData	GeoData: Loading 21_25.l2j...
2016.02.11 12:41:42,285	INFO	1	com.l2jmobius.gameserver.GeoData	GeoData: Loading 22_10.l2j...
2016.02.11 12:41:42,290	INFO	1	com.l2jmobius.gameserver.GeoData	GeoData: Loading 22_11.l2j...
2016.02.11 12:41:42,343	INFO	1	com.l2jmobius.gameserver.GeoData	GeoData: Loading 22_12.l2j...
2016.02.11 12:41:42,343	INFO	1	com.l2jmobius.gameserver.GeoData	GeoData: Loading 22_13.l2j...
2016.02.11 12:41:42,406	INFO	1	com.l2jmobius.gameserver.GeoData	GeoData: Loading 22_14.l2j...
2016.02.11 12:41:42,464	INFO	1	com.l2jmobius.gameserver.GeoData	GeoData: Loading 22_15.l2j...
2016.02.11 12:41:42,546	INFO	1	com.l2jmobius.gameserver.GeoData	GeoData: Loading 22_16.l2j...
2016.02.11 12:41:42,611	INFO	1	com.l2jmobius.gameserver.GeoData	GeoData: Loading 22_17.l2j...
2016.02.11 12:41:42,646	INFO	1	com.l2jmobius.gameserver.GeoData	GeoData: Loading 22_18.l2j...
2016.02.11 12:41:42,699	INFO	1	com.l2jmobius.gameserver.GeoData	GeoData: Loading 22_19.l2j...
2016.02.11 12:41:42,764	INFO	1	com.l2jmobius.gameserver.GeoData	GeoData: Loading 22_20.l2j...
2016.02.11 12:41:42,811	INFO	1	com.l2jmobius.gameserver.GeoData	GeoData: Loading 22_21.l2j...
2016.02.11 12:41:42,874	INFO	1	com.l2jmobius.gameserver.GeoData	GeoData: Loading 22_22.l2j...
2016.02.11 12:41:42,943	INFO	1	com.l2jmobius.gameserver.GeoData	GeoData: Loading 22_23.l2j...
2016.02.11 12:41:43,014	INFO	1	com.l2jmobius.gameserver.GeoData	GeoData: Loading 22_24.l2j...
2016.02.11 12:41:43,092	INFO	1	com.l2jmobius.gameserver.GeoData	GeoData: Loading 22_25.l2j...
2016.02.11 12:41:43,127	INFO	1	com.l2jmobius.gameserver.GeoData	GeoData: Loading 22_26.l2j...
2016.02.11 12:41:43,130	INFO	1	com.l2jmobius.gameserver.GeoData	GeoData: Loading 23_10.l2j...
2016.02.11 12:41:43,132	INFO	1	com.l2jmobius.gameserver.GeoData	GeoData: Loading 23_11.l2j...
2016.02.11 12:41:43,175	INFO	1	com.l2jmobius.gameserver.GeoData	GeoData: Loading 23_12.l2j...
2016.02.11 12:41:43,228	INFO	1	com.l2jmobius.gameserver.GeoData	GeoData: Loading 23_13.l2j...
2016.02.11 12:41:43,311	INFO	1	com.l2jmobius.gameserver.GeoData	GeoData: Loading 23_14.l2j...
2016.02.11 12:41:43,389	INFO	1	com.l2jmobius.gameserver.GeoData	GeoData: Loading 23_15.l2j...
2016.02.11 12:41:43,462	INFO	1	com.l2jmobius.gameserver.GeoData	GeoData: Loading 23_16.l2j...
2016.02.11 12:41:43,500	INFO	1	com.l2jmobius.gameserver.GeoData	GeoData: Loading 23_17.l2j...
2016.02.11 12:41:43,577	INFO	1	com.l2jmobius.gameserver.GeoData	GeoData: Loading 23_18.l2j...
2016.02.11 12:41:43,654	INFO	1	com.l2jmobius.gameserver.GeoData	GeoData: Loading 23_19.l2j...
2016.02.11 12:41:43,742	INFO	1	com.l2jmobius.gameserver.GeoData	GeoData: Loading 23_20.l2j...
2016.02.11 12:41:43,777	INFO	1	com.l2jmobius.gameserver.GeoData	GeoData: Loading 23_21.l2j...
2016.02.11 12:41:43,811	INFO	1	com.l2jmobius.gameserver.GeoData	GeoData: Loading 23_22.l2j...
2016.02.11 12:41:43,874	INFO	1	com.l2jmobius.gameserver.GeoData	GeoData: Loading 23_23.l2j...
2016.02.11 12:41:43,916	INFO	1	com.l2jmobius.gameserver.GeoData	GeoData: Loading 23_24.l2j...
2016.02.11 12:41:43,952	INFO	1	com.l2jmobius.gameserver.GeoData	GeoData: Loading 23_25.l2j...
2016.02.11 12:41:44,000	INFO	1	com.l2jmobius.gameserver.GeoData	GeoData: Loading 23_26.l2j...
2016.02.11 12:41:44,002	INFO	1	com.l2jmobius.gameserver.GeoData	GeoData: Loading 24_10.l2j...
2016.02.11 12:41:44,005	INFO	1	com.l2jmobius.gameserver.GeoData	GeoData: Loading 24_11.l2j...
2016.02.11 12:41:44,052	INFO	1	com.l2jmobius.gameserver.GeoData	GeoData: Loading 24_12.l2j...
2016.02.11 12:41:44,131	INFO	1	com.l2jmobius.gameserver.GeoData	GeoData: Loading 24_13.l2j...
2016.02.11 12:41:44,183	INFO	1	com.l2jmobius.gameserver.GeoData	GeoData: Loading 24_14.l2j...
2016.02.11 12:41:44,233	INFO	1	com.l2jmobius.gameserver.GeoData	GeoData: Loading 24_15.l2j...
2016.02.11 12:41:44,311	INFO	1	com.l2jmobius.gameserver.GeoData	GeoData: Loading 24_16.l2j...
2016.02.11 12:41:44,343	INFO	1	com.l2jmobius.gameserver.GeoData	GeoData: Loading 24_17.l2j...
2016.02.11 12:41:45,296	INFO	1	com.l2jmobius.gameserver.GeoData	GeoData: Loading 24_18.l2j...
2016.02.11 12:41:45,398	INFO	1	com.l2jmobius.gameserver.GeoData	GeoData: Loading 24_19.l2j...
2016.02.11 12:41:45,449	INFO	1	com.l2jmobius.gameserver.GeoData	GeoData: Loading 24_20.l2j...
2016.02.11 12:41:45,514	INFO	1	com.l2jmobius.gameserver.GeoData	GeoData: Loading 24_21.l2j...
2016.02.11 12:41:45,561	INFO	1	com.l2jmobius.gameserver.GeoData	GeoData: Loading 24_22.l2j...
2016.02.11 12:41:45,617	INFO	1	com.l2jmobius.gameserver.GeoData	GeoData: Loading 24_23.l2j...
2016.02.11 12:41:45,637	INFO	1	com.l2jmobius.gameserver.GeoData	GeoData: Loading 24_24.l2j...
2016.02.11 12:41:45,654	INFO	1	com.l2jmobius.gameserver.GeoData	GeoData: Loading 24_25.l2j...
2016.02.11 12:41:45,658	INFO	1	com.l2jmobius.gameserver.GeoData	GeoData: Loading 24_26.l2j...
2016.02.11 12:41:45,660	INFO	1	com.l2jmobius.gameserver.GeoData	GeoData: Loading 25_10.l2j...
2016.02.11 12:41:45,663	INFO	1	com.l2jmobius.gameserver.GeoData	GeoData: Loading 25_11.l2j...
2016.02.11 12:41:45,724	INFO	1	com.l2jmobius.gameserver.GeoData	GeoData: Loading 25_12.l2j...
2016.02.11 12:41:45,776	INFO	1	com.l2jmobius.gameserver.GeoData	GeoData: Loading 25_14.l2j...
2016.02.11 12:41:45,880	INFO	1	com.l2jmobius.gameserver.GeoData	GeoData: Loading 25_15.l2j...
2016.02.11 12:41:45,989	INFO	1	com.l2jmobius.gameserver.GeoData	GeoData: Loading 25_16.l2j...
2016.02.11 12:41:46,024	INFO	1	com.l2jmobius.gameserver.GeoData	GeoData: Loading 25_17.l2j...
2016.02.11 12:41:46,112	INFO	1	com.l2jmobius.gameserver.GeoData	GeoData: Loading 25_18.l2j...
2016.02.11 12:41:46,151	INFO	1	com.l2jmobius.gameserver.GeoData	GeoData: Loading 25_19.l2j...
2016.02.11 12:41:46,194	INFO	1	com.l2jmobius.gameserver.GeoData	GeoData: Loading 25_20.l2j...
2016.02.11 12:41:46,228	INFO	1	com.l2jmobius.gameserver.GeoData	GeoData: Loading 25_21.l2j...
2016.02.11 12:41:46,247	INFO	1	com.l2jmobius.gameserver.GeoData	GeoData: Loading 25_22.l2j...
2016.02.11 12:41:46,261	INFO	1	com.l2jmobius.gameserver.GeoData	GeoData: Loading 25_23.l2j...
2016.02.11 12:41:46,268	INFO	1	com.l2jmobius.gameserver.GeoData	GeoData: Loading 25_24.l2j...
2016.02.11 12:41:46,272	INFO	1	com.l2jmobius.gameserver.GeoData	GeoData: Loading 26_11.l2j...
2016.02.11 12:41:46,280	INFO	1	com.l2jmobius.gameserver.GeoData	GeoData: Loading 26_12.l2j...
2016.02.11 12:41:46,290	INFO	1	com.l2jmobius.gameserver.GeoData	GeoData: Loading 26_14.l2j...
2016.02.11 12:41:46,300	INFO	1	com.l2jmobius.gameserver.GeoData	GeoData: Loading 26_15.l2j...
2016.02.11 12:41:46,300	INFO	1	com.l2jmobius.gameserver.GeoData	GeoData: Loading 26_16.l2j...
2016.02.11 12:41:46,300	INFO	1	com.l2jmobius.gameserver.GeoData	GeoData: Loading 26_18.l2j...
2016.02.11 12:41:46,358	INFO	1	com.l2jmobius.gameserver.GeoData	GeoData: Loading 26_19.l2j...
2016.02.11 12:41:46,389	INFO	1	com.l2jmobius.gameserver.GeoData	GeoData: Loading 26_20.l2j...
2016.02.11 12:41:46,447	INFO	1	com.l2jmobius.gameserver.GeoData	GeoData: Loading 26_21.l2j...
2016.02.11 12:41:46,561	INFO	1	com.l2jmobius.gameserver.GeoData	GeoData: Loading 26_22.l2j...
2016.02.11 12:41:46,592	INFO	1	com.l2jmobius.gameserver.GeoData	GeoData: Loading 27_19.l2j...
2016.02.11 12:41:46,592	INFO	1	com.l2jmobius.gameserver.GeoData	GeoData: Loading 27_20.l2j...
2016.02.11 12:41:46,618	INFO	1	com.l2jmobius.gameserver.GeoData	GeoData: Loading 27_21.l2j...
2016.02.11 12:41:46,639	INFO	1	com.l2jmobius.gameserver.GeoData	GeoData: Loading 28_19.l2j...
2016.02.11 12:41:46,642	INFO	1	com.l2jmobius.gameserver.GeoData	GeoData: Loading 28_20.l2j...
2016.02.11 12:41:46,653	INFO	1	com.l2jmobius.gameserver.GeoData	GeoData: Loading 28_21.l2j...
2016.02.11 12:41:46,655	INFO	1	com.l2jmobius.gameserver.GeoData	GeoData: Loaded 214 regions.
2016.02.11 12:41:46,663	INFO	1	com.l2jmobius.gameserver.pathfinding.geonodes.GeoPathFinding	Path Engine: - Loading Path Nodes...
2016.02.11 12:41:46,680	INFO	1	com.l2jmobius.gameserver.pathfinding.geonodes.GeoPathFinding	Path Engine: - Loading: 11_23.pn -> region offset: 375 X: 11 Y: 23
2016.02.11 12:41:46,716	INFO	1	com.l2jmobius.gameserver.pathfinding.geonodes.GeoPathFinding	Path Engine: - Loading: 11_24.pn -> region offset: 376 X: 11 Y: 24
2016.02.11 12:41:46,721	INFO	1	com.l2jmobius.gameserver.pathfinding.geonodes.GeoPathFinding	Path Engine: - Loading: 11_25.pn -> region offset: 377 X: 11 Y: 25
2016.02.11 12:41:46,727	INFO	1	com.l2jmobius.gameserver.pathfinding.geonodes.GeoPathFinding	Path Engine: - Loading: 11_26.pn -> region offset: 378 X: 11 Y: 26
2016.02.11 12:41:46,732	INFO	1	com.l2jmobius.gameserver.pathfinding.geonodes.GeoPathFinding	Path Engine: - Loading: 12_23.pn -> region offset: 407 X: 12 Y: 23
2016.02.11 12:41:46,745	INFO	1	com.l2jmobius.gameserver.pathfinding.geonodes.GeoPathFinding	Path Engine: - Loading: 12_24.pn -> region offset: 408 X: 12 Y: 24
2016.02.11 12:41:46,751	INFO	1	com.l2jmobius.gameserver.pathfinding.geonodes.GeoPathFinding	Path Engine: - Loading: 12_25.pn -> region offset: 409 X: 12 Y: 25
2016.02.11 12:41:46,755	INFO	1	com.l2jmobius.gameserver.pathfinding.geonodes.GeoPathFinding	Path Engine: - Loading: 12_26.pn -> region offset: 410 X: 12 Y: 26
2016.02.11 12:41:46,758	INFO	1	com.l2jmobius.gameserver.pathfinding.geonodes.GeoPathFinding	Path Engine: - Loading: 13_21.pn -> region offset: 437 X: 13 Y: 21
2016.02.11 12:41:46,763	INFO	1	com.l2jmobius.gameserver.pathfinding.geonodes.GeoPathFinding	Path Engine: - Loading: 13_22.pn -> region offset: 438 X: 13 Y: 22
2016.02.11 12:41:46,766	INFO	1	com.l2jmobius.gameserver.pathfinding.geonodes.GeoPathFinding	Path Engine: - Loading: 13_23.pn -> region offset: 439 X: 13 Y: 23
2016.02.11 12:41:46,770	INFO	1	com.l2jmobius.gameserver.pathfinding.geonodes.GeoPathFinding	Path Engine: - Loading: 13_24.pn -> region offset: 440 X: 13 Y: 24
2016.02.11 12:41:46,783	INFO	1	com.l2jmobius.gameserver.pathfinding.geonodes.GeoPathFinding	Path Engine: - Loading: 13_25.pn -> region offset: 441 X: 13 Y: 25
2016.02.11 12:41:46,786	INFO	1	com.l2jmobius.gameserver.pathfinding.geonodes.GeoPathFinding	Path Engine: - Loading: 13_26.pn -> region offset: 442 X: 13 Y: 26
2016.02.11 12:41:46,790	INFO	1	com.l2jmobius.gameserver.pathfinding.geonodes.GeoPathFinding	Path Engine: - Loading: 14_21.pn -> region offset: 469 X: 14 Y: 21
2016.02.11 12:41:46,802	INFO	1	com.l2jmobius.gameserver.pathfinding.geonodes.GeoPathFinding	Path Engine: - Loading: 14_22.pn -> region offset: 470 X: 14 Y: 22
2016.02.11 12:41:46,806	INFO	1	com.l2jmobius.gameserver.pathfinding.geonodes.GeoPathFinding	Path Engine: - Loading: 14_23.pn -> region offset: 471 X: 14 Y: 23
2016.02.11 12:41:46,811	INFO	1	com.l2jmobius.gameserver.pathfinding.geonodes.GeoPathFinding	Path Engine: - Loading: 14_24.pn -> region offset: 472 X: 14 Y: 24
2016.02.11 12:41:46,815	INFO	1	com.l2jmobius.gameserver.pathfinding.geonodes.GeoPathFinding	Path Engine: - Loading: 14_25.pn -> region offset: 473 X: 14 Y: 25
2016.02.11 12:41:46,820	INFO	1	com.l2jmobius.gameserver.pathfinding.geonodes.GeoPathFinding	Path Engine: - Loading: 14_26.pn -> region offset: 474 X: 14 Y: 26
2016.02.11 12:41:46,824	INFO	1	com.l2jmobius.gameserver.pathfinding.geonodes.GeoPathFinding	Path Engine: - Loading: 15_10.pn -> region offset: 490 X: 15 Y: 10
2016.02.11 12:41:46,828	INFO	1	com.l2jmobius.gameserver.pathfinding.geonodes.GeoPathFinding	Path Engine: - Loading: 15_11.pn -> region offset: 491 X: 15 Y: 11
2016.02.11 12:41:46,830	INFO	1	com.l2jmobius.gameserver.pathfinding.geonodes.GeoPathFinding	Path Engine: - Loading: 15_12.pn -> region offset: 492 X: 15 Y: 12
2016.02.11 12:41:46,834	INFO	1	com.l2jmobius.gameserver.pathfinding.geonodes.GeoPathFinding	Path Engine: - Loading: 15_18.pn -> region offset: 498 X: 15 Y: 18
2016.02.11 12:41:46,837	INFO	1	com.l2jmobius.gameserver.pathfinding.geonodes.GeoPathFinding	Path Engine: - Loading: 15_19.pn -> region offset: 499 X: 15 Y: 19
2016.02.11 12:41:46,841	INFO	1	com.l2jmobius.gameserver.pathfinding.geonodes.GeoPathFinding	Path Engine: - Loading: 15_20.pn -> region offset: 500 X: 15 Y: 20
2016.02.11 12:41:46,843	INFO	1	com.l2jmobius.gameserver.pathfinding.geonodes.GeoPathFinding	Path Engine: - Loading: 15_21.pn -> region offset: 501 X: 15 Y: 21
2016.02.11 12:41:46,847	INFO	1	com.l2jmobius.gameserver.pathfinding.geonodes.GeoPathFinding	Path Engine: - Loading: 15_22.pn -> region offset: 502 X: 15 Y: 22
2016.02.11 12:41:46,857	INFO	1	com.l2jmobius.gameserver.pathfinding.geonodes.GeoPathFinding	Path Engine: - Loading: 15_23.pn -> region offset: 503 X: 15 Y: 23
2016.02.11 12:41:46,860	INFO	1	com.l2jmobius.gameserver.pathfinding.geonodes.GeoPathFinding	Path Engine: - Loading: 15_24.pn -> region offset: 504 X: 15 Y: 24
2016.02.11 12:41:46,863	INFO	1	com.l2jmobius.gameserver.pathfinding.geonodes.GeoPathFinding	Path Engine: - Loading: 15_25.pn -> region offset: 505 X: 15 Y: 25
2016.02.11 12:41:46,867	INFO	1	com.l2jmobius.gameserver.pathfinding.geonodes.GeoPathFinding	Path Engine: - Loading: 15_26.pn -> region offset: 506 X: 15 Y: 26
2016.02.11 12:41:46,870	INFO	1	com.l2jmobius.gameserver.pathfinding.geonodes.GeoPathFinding	Path Engine: - Loading: 16_10.pn -> region offset: 522 X: 16 Y: 10
2016.02.11 12:41:46,879	INFO	1	com.l2jmobius.gameserver.pathfinding.geonodes.GeoPathFinding	Path Engine: - Loading: 16_11.pn -> region offset: 523 X: 16 Y: 11
2016.02.11 12:41:46,883	INFO	1	com.l2jmobius.gameserver.pathfinding.geonodes.GeoPathFinding	Path Engine: - Loading: 16_12.pn -> region offset: 524 X: 16 Y: 12
2016.02.11 12:41:46,891	INFO	1	com.l2jmobius.gameserver.pathfinding.geonodes.GeoPathFinding	Path Engine: - Loading: 16_13.pn -> region offset: 525 X: 16 Y: 13
2016.02.11 12:41:46,897	INFO	1	com.l2jmobius.gameserver.pathfinding.geonodes.GeoPathFinding	Path Engine: - Loading: 16_14.pn -> region offset: 526 X: 16 Y: 14
2016.02.11 12:41:46,902	INFO	1	com.l2jmobius.gameserver.pathfinding.geonodes.GeoPathFinding	Path Engine: - Loading: 16_15.pn -> region offset: 527 X: 16 Y: 15
2016.02.11 12:41:46,908	INFO	1	com.l2jmobius.gameserver.pathfinding.geonodes.GeoPathFinding	Path Engine: - Loading: 16_16.pn -> region offset: 528 X: 16 Y: 16
2016.02.11 12:41:46,915	INFO	1	com.l2jmobius.gameserver.pathfinding.geonodes.GeoPathFinding	Path Engine: - Loading: 16_17.pn -> region offset: 529 X: 16 Y: 17
2016.02.11 12:41:46,923	INFO	1	com.l2jmobius.gameserver.pathfinding.geonodes.GeoPathFinding	Path Engine: - Loading: 16_18.pn -> region offset: 530 X: 16 Y: 18
2016.02.11 12:41:46,931	INFO	1	com.l2jmobius.gameserver.pathfinding.geonodes.GeoPathFinding	Path Engine: - Loading: 16_19.pn -> region offset: 531 X: 16 Y: 19
2016.02.11 12:41:46,936	INFO	1	com.l2jmobius.gameserver.pathfinding.geonodes.GeoPathFinding	Path Engine: - Loading: 16_20.pn -> region offset: 532 X: 16 Y: 20
2016.02.11 12:41:46,943	INFO	1	com.l2jmobius.gameserver.pathfinding.geonodes.GeoPathFinding	Path Engine: - Loading: 16_21.pn -> region offset: 533 X: 16 Y: 21
2016.02.11 12:41:46,948	INFO	1	com.l2jmobius.gameserver.pathfinding.geonodes.GeoPathFinding	Path Engine: - Loading: 16_22.pn -> region offset: 534 X: 16 Y: 22
2016.02.11 12:41:46,955	INFO	1	com.l2jmobius.gameserver.pathfinding.geonodes.GeoPathFinding	Path Engine: - Loading: 16_23.pn -> region offset: 535 X: 16 Y: 23
2016.02.11 12:41:46,967	INFO	1	com.l2jmobius.gameserver.pathfinding.geonodes.GeoPathFinding	Path Engine: - Loading: 16_24.pn -> region offset: 536 X: 16 Y: 24
2016.02.11 12:41:46,973	INFO	1	com.l2jmobius.gameserver.pathfinding.geonodes.GeoPathFinding	Path Engine: - Loading: 16_25.pn -> region offset: 537 X: 16 Y: 25
2016.02.11 12:41:46,980	INFO	1	com.l2jmobius.gameserver.pathfinding.geonodes.GeoPathFinding	Path Engine: - Loading: 16_26.pn -> region offset: 538 X: 16 Y: 26
2016.02.11 12:41:46,985	INFO	1	com.l2jmobius.gameserver.pathfinding.geonodes.GeoPathFinding	Path Engine: - Loading: 17_10.pn -> region offset: 554 X: 17 Y: 10
2016.02.11 12:41:46,991	INFO	1	com.l2jmobius.gameserver.pathfinding.geonodes.GeoPathFinding	Path Engine: - Loading: 17_11.pn -> region offset: 555 X: 17 Y: 11
2016.02.11 12:41:47,000	INFO	1	com.l2jmobius.gameserver.pathfinding.geonodes.GeoPathFinding	Path Engine: - Loading: 17_12.pn -> region offset: 556 X: 17 Y: 12
2016.02.11 12:41:47,000	INFO	1	com.l2jmobius.gameserver.pathfinding.geonodes.GeoPathFinding	Path Engine: - Loading: 17_13.pn -> region offset: 557 X: 17 Y: 13
2016.02.11 12:41:47,000	INFO	1	com.l2jmobius.gameserver.pathfinding.geonodes.GeoPathFinding	Path Engine: - Loading: 17_14.pn -> region offset: 558 X: 17 Y: 14
2016.02.11 12:41:47,014	INFO	1	com.l2jmobius.gameserver.pathfinding.geonodes.GeoPathFinding	Path Engine: - Loading: 17_15.pn -> region offset: 559 X: 17 Y: 15
2016.02.11 12:41:47,014	INFO	1	com.l2jmobius.gameserver.pathfinding.geonodes.GeoPathFinding	Path Engine: - Loading: 17_16.pn -> region offset: 560 X: 17 Y: 16
2016.02.11 12:41:47,030	INFO	1	com.l2jmobius.gameserver.pathfinding.geonodes.GeoPathFinding	Path Engine: - Loading: 17_17.pn -> region offset: 561 X: 17 Y: 17
2016.02.11 12:41:47,030	INFO	1	com.l2jmobius.gameserver.pathfinding.geonodes.GeoPathFinding	Path Engine: - Loading: 17_18.pn -> region offset: 562 X: 17 Y: 18
2016.02.11 12:41:47,030	INFO	1	com.l2jmobius.gameserver.pathfinding.geonodes.GeoPathFinding	Path Engine: - Loading: 17_19.pn -> region offset: 563 X: 17 Y: 19
2016.02.11 12:41:47,046	INFO	1	com.l2jmobius.gameserver.pathfinding.geonodes.GeoPathFinding	Path Engine: - Loading: 17_20.pn -> region offset: 564 X: 17 Y: 20
2016.02.11 12:41:47,046	INFO	1	com.l2jmobius.gameserver.pathfinding.geonodes.GeoPathFinding	Path Engine: - Loading: 17_21.pn -> region offset: 565 X: 17 Y: 21
2016.02.11 12:41:47,061	INFO	1	com.l2jmobius.gameserver.pathfinding.geonodes.GeoPathFinding	Path Engine: - Loading: 17_22.pn -> region offset: 566 X: 17 Y: 22
2016.02.11 12:41:47,061	INFO	1	com.l2jmobius.gameserver.pathfinding.geonodes.GeoPathFinding	Path Engine: - Loading: 17_23.pn -> region offset: 567 X: 17 Y: 23
2016.02.11 12:41:47,077	INFO	1	com.l2jmobius.gameserver.pathfinding.geonodes.GeoPathFinding	Path Engine: - Loading: 17_24.pn -> region offset: 568 X: 17 Y: 24
2016.02.11 12:41:47,077	INFO	1	com.l2jmobius.gameserver.pathfinding.geonodes.GeoPathFinding	Path Engine: - Loading: 17_25.pn -> region offset: 569 X: 17 Y: 25
2016.02.11 12:41:47,077	INFO	1	com.l2jmobius.gameserver.pathfinding.geonodes.GeoPathFinding	Path Engine: - Loading: 17_26.pn -> region offset: 570 X: 17 Y: 26
2016.02.11 12:41:47,092	INFO	1	com.l2jmobius.gameserver.pathfinding.geonodes.GeoPathFinding	Path Engine: - Loading: 18_10.pn -> region offset: 586 X: 18 Y: 10
2016.02.11 12:41:47,092	INFO	1	com.l2jmobius.gameserver.pathfinding.geonodes.GeoPathFinding	Path Engine: - Loading: 18_11.pn -> region offset: 587 X: 18 Y: 11
2016.02.11 12:41:47,092	INFO	1	com.l2jmobius.gameserver.pathfinding.geonodes.GeoPathFinding	Path Engine: - Loading: 18_12.pn -> region offset: 588 X: 18 Y: 12
2016.02.11 12:41:47,113	INFO	1	com.l2jmobius.gameserver.pathfinding.geonodes.GeoPathFinding	Path Engine: - Loading: 18_13.pn -> region offset: 589 X: 18 Y: 13
2016.02.11 12:41:47,118	INFO	1	com.l2jmobius.gameserver.pathfinding.geonodes.GeoPathFinding	Path Engine: - Loading: 18_14.pn -> region offset: 590 X: 18 Y: 14
2016.02.11 12:41:47,126	INFO	1	com.l2jmobius.gameserver.pathfinding.geonodes.GeoPathFinding	Path Engine: - Loading: 18_15.pn -> region offset: 591 X: 18 Y: 15
2016.02.11 12:41:47,131	INFO	1	com.l2jmobius.gameserver.pathfinding.geonodes.GeoPathFinding	Path Engine: - Loading: 18_16.pn -> region offset: 592 X: 18 Y: 16
2016.02.11 12:41:47,138	INFO	1	com.l2jmobius.gameserver.pathfinding.geonodes.GeoPathFinding	Path Engine: - Loading: 18_17.pn -> region offset: 593 X: 18 Y: 17
2016.02.11 12:41:47,144	INFO	1	com.l2jmobius.gameserver.pathfinding.geonodes.GeoPathFinding	Path Engine: - Loading: 18_18.pn -> region offset: 594 X: 18 Y: 18
2016.02.11 12:41:47,152	INFO	1	com.l2jmobius.gameserver.pathfinding.geonodes.GeoPathFinding	Path Engine: - Loading: 18_19.pn -> region offset: 595 X: 18 Y: 19
2016.02.11 12:41:47,157	INFO	1	com.l2jmobius.gameserver.pathfinding.geonodes.GeoPathFinding	Path Engine: - Loading: 18_20.pn -> region offset: 596 X: 18 Y: 20
2016.02.11 12:41:47,162	INFO	1	com.l2jmobius.gameserver.pathfinding.geonodes.GeoPathFinding	Path Engine: - Loading: 18_21.pn -> region offset: 597 X: 18 Y: 21
2016.02.11 12:41:47,175	INFO	1	com.l2jmobius.gameserver.pathfinding.geonodes.GeoPathFinding	Path Engine: - Loading: 18_22.pn -> region offset: 598 X: 18 Y: 22
2016.02.11 12:41:47,179	INFO	1	com.l2jmobius.gameserver.pathfinding.geonodes.GeoPathFinding	Path Engine: - Loading: 18_23.pn -> region offset: 599 X: 18 Y: 23
2016.02.11 12:41:47,182	INFO	1	com.l2jmobius.gameserver.pathfinding.geonodes.GeoPathFinding	Path Engine: - Loading: 18_24.pn -> region offset: 600 X: 18 Y: 24
2016.02.11 12:41:47,190	INFO	1	com.l2jmobius.gameserver.pathfinding.geonodes.GeoPathFinding	Path Engine: - Loading: 18_25.pn -> region offset: 601 X: 18 Y: 25
2016.02.11 12:41:47,195	INFO	1	com.l2jmobius.gameserver.pathfinding.geonodes.GeoPathFinding	Path Engine: - Loading: 18_26.pn -> region offset: 602 X: 18 Y: 26
2016.02.11 12:41:47,204	INFO	1	com.l2jmobius.gameserver.pathfinding.geonodes.GeoPathFinding	Path Engine: - Loading: 19_10.pn -> region offset: 618 X: 19 Y: 10
2016.02.11 12:41:47,209	INFO	1	com.l2jmobius.gameserver.pathfinding.geonodes.GeoPathFinding	Path Engine: - Loading: 19_11.pn -> region offset: 619 X: 19 Y: 11
2016.02.11 12:41:47,214	INFO	1	com.l2jmobius.gameserver.pathfinding.geonodes.GeoPathFinding	Path Engine: - Loading: 19_12.pn -> region offset: 620 X: 19 Y: 12
2016.02.11 12:41:47,221	INFO	1	com.l2jmobius.gameserver.pathfinding.geonodes.GeoPathFinding	Path Engine: - Loading: 19_13.pn -> region offset: 621 X: 19 Y: 13
2016.02.11 12:41:47,235	INFO	1	com.l2jmobius.gameserver.pathfinding.geonodes.GeoPathFinding	Path Engine: - Loading: 19_14.pn -> region offset: 622 X: 19 Y: 14
2016.02.11 12:41:47,238	INFO	1	com.l2jmobius.gameserver.pathfinding.geonodes.GeoPathFinding	Path Engine: - Loading: 19_15.pn -> region offset: 623 X: 19 Y: 15
2016.02.11 12:41:47,241	INFO	1	com.l2jmobius.gameserver.pathfinding.geonodes.GeoPathFinding	Path Engine: - Loading: 19_16.pn -> region offset: 624 X: 19 Y: 16
2016.02.11 12:41:47,251	INFO	1	com.l2jmobius.gameserver.pathfinding.geonodes.GeoPathFinding	Path Engine: - Loading: 19_17.pn -> region offset: 625 X: 19 Y: 17
2016.02.11 12:41:47,255	INFO	1	com.l2jmobius.gameserver.pathfinding.geonodes.GeoPathFinding	Path Engine: - Loading: 19_18.pn -> region offset: 626 X: 19 Y: 18
2016.02.11 12:41:47,258	INFO	1	com.l2jmobius.gameserver.pathfinding.geonodes.GeoPathFinding	Path Engine: - Loading: 19_19.pn -> region offset: 627 X: 19 Y: 19
2016.02.11 12:41:47,265	INFO	1	com.l2jmobius.gameserver.pathfinding.geonodes.GeoPathFinding	Path Engine: - Loading: 19_20.pn -> region offset: 628 X: 19 Y: 20
2016.02.11 12:41:47,271	INFO	1	com.l2jmobius.gameserver.pathfinding.geonodes.GeoPathFinding	Path Engine: - Loading: 19_21.pn -> region offset: 629 X: 19 Y: 21
2016.02.11 12:41:47,278	INFO	1	com.l2jmobius.gameserver.pathfinding.geonodes.GeoPathFinding	Path Engine: - Loading: 19_22.pn -> region offset: 630 X: 19 Y: 22
2016.02.11 12:41:47,284	INFO	1	com.l2jmobius.gameserver.pathfinding.geonodes.GeoPathFinding	Path Engine: - Loading: 19_23.pn -> region offset: 631 X: 19 Y: 23
2016.02.11 12:41:47,291	INFO	1	com.l2jmobius.gameserver.pathfinding.geonodes.GeoPathFinding	Path Engine: - Loading: 19_24.pn -> region offset: 632 X: 19 Y: 24
2016.02.11 12:41:47,297	INFO	1	com.l2jmobius.gameserver.pathfinding.geonodes.GeoPathFinding	Path Engine: - Loading: 19_25.pn -> region offset: 633 X: 19 Y: 25
2016.02.11 12:41:47,303	INFO	1	com.l2jmobius.gameserver.pathfinding.geonodes.GeoPathFinding	Path Engine: - Loading: 19_26.pn -> region offset: 634 X: 19 Y: 26
2016.02.11 12:41:47,311	INFO	1	com.l2jmobius.gameserver.pathfinding.geonodes.GeoPathFinding	Path Engine: - Loading: 20_10.pn -> region offset: 650 X: 20 Y: 10
2016.02.11 12:41:47,318	INFO	1	com.l2jmobius.gameserver.pathfinding.geonodes.GeoPathFinding	Path Engine: - Loading: 20_11.pn -> region offset: 651 X: 20 Y: 11
2016.02.11 12:41:47,323	INFO	1	com.l2jmobius.gameserver.pathfinding.geonodes.GeoPathFinding	Path Engine: - Loading: 20_12.pn -> region offset: 652 X: 20 Y: 12
2016.02.11 12:41:47,331	INFO	1	com.l2jmobius.gameserver.pathfinding.geonodes.GeoPathFinding	Path Engine: - Loading: 20_13.pn -> region offset: 653 X: 20 Y: 13
2016.02.11 12:41:47,336	INFO	1	com.l2jmobius.gameserver.pathfinding.geonodes.GeoPathFinding	Path Engine: - Loading: 20_14.pn -> region offset: 654 X: 20 Y: 14
2016.02.11 12:41:47,344	INFO	1	com.l2jmobius.gameserver.pathfinding.geonodes.GeoPathFinding	Path Engine: - Loading: 20_15.pn -> region offset: 655 X: 20 Y: 15
2016.02.11 12:41:47,349	INFO	1	com.l2jmobius.gameserver.pathfinding.geonodes.GeoPathFinding	Path Engine: - Loading: 20_16.pn -> region offset: 656 X: 20 Y: 16
2016.02.11 12:41:47,357	INFO	1	com.l2jmobius.gameserver.pathfinding.geonodes.GeoPathFinding	Path Engine: - Loading: 20_17.pn -> region offset: 657 X: 20 Y: 17
2016.02.11 12:41:47,363	INFO	1	com.l2jmobius.gameserver.pathfinding.geonodes.GeoPathFinding	Path Engine: - Loading: 20_18.pn -> region offset: 658 X: 20 Y: 18
2016.02.11 12:41:47,368	INFO	1	com.l2jmobius.gameserver.pathfinding.geonodes.GeoPathFinding	Path Engine: - Loading: 20_19.pn -> region offset: 659 X: 20 Y: 19
2016.02.11 12:41:47,373	INFO	1	com.l2jmobius.gameserver.pathfinding.geonodes.GeoPathFinding	Path Engine: - Loading: 20_20.pn -> region offset: 660 X: 20 Y: 20
2016.02.11 12:41:47,382	INFO	1	com.l2jmobius.gameserver.pathfinding.geonodes.GeoPathFinding	Path Engine: - Loading: 20_21.pn -> region offset: 661 X: 20 Y: 21
2016.02.11 12:41:47,389	INFO	1	com.l2jmobius.gameserver.pathfinding.geonodes.GeoPathFinding	Path Engine: - Loading: 20_22.pn -> region offset: 662 X: 20 Y: 22
2016.02.11 12:41:47,396	INFO	1	com.l2jmobius.gameserver.pathfinding.geonodes.GeoPathFinding	Path Engine: - Loading: 20_23.pn -> region offset: 663 X: 20 Y: 23
2016.02.11 12:41:47,405	INFO	1	com.l2jmobius.gameserver.pathfinding.geonodes.GeoPathFinding	Path Engine: - Loading: 20_24.pn -> region offset: 664 X: 20 Y: 24
2016.02.11 12:41:47,409	INFO	1	com.l2jmobius.gameserver.pathfinding.geonodes.GeoPathFinding	Path Engine: - Loading: 20_25.pn -> region offset: 665 X: 20 Y: 25
2016.02.11 12:41:47,415	INFO	1	com.l2jmobius.gameserver.pathfinding.geonodes.GeoPathFinding	Path Engine: - Loading: 20_26.pn -> region offset: 666 X: 20 Y: 26
2016.02.11 12:41:47,422	INFO	1	com.l2jmobius.gameserver.pathfinding.geonodes.GeoPathFinding	Path Engine: - Loading: 21_10.pn -> region offset: 682 X: 21 Y: 10
2016.02.11 12:41:47,426	INFO	1	com.l2jmobius.gameserver.pathfinding.geonodes.GeoPathFinding	Path Engine: - Loading: 21_11.pn -> region offset: 683 X: 21 Y: 11
2016.02.11 12:41:47,435	INFO	1	com.l2jmobius.gameserver.pathfinding.geonodes.GeoPathFinding	Path Engine: - Loading: 21_12.pn -> region offset: 684 X: 21 Y: 12
2016.02.11 12:41:47,440	INFO	1	com.l2jmobius.gameserver.pathfinding.geonodes.GeoPathFinding	Path Engine: - Loading: 21_13.pn -> region offset: 685 X: 21 Y: 13
2016.02.11 12:41:47,448	INFO	1	com.l2jmobius.gameserver.pathfinding.geonodes.GeoPathFinding	Path Engine: - Loading: 21_14.pn -> region offset: 686 X: 21 Y: 14
2016.02.11 12:41:47,453	INFO	1	com.l2jmobius.gameserver.pathfinding.geonodes.GeoPathFinding	Path Engine: - Loading: 21_15.pn -> region offset: 687 X: 21 Y: 15
2016.02.11 12:41:47,464	INFO	1	com.l2jmobius.gameserver.pathfinding.geonodes.GeoPathFinding	Path Engine: - Loading: 21_16.pn -> region offset: 688 X: 21 Y: 16
2016.02.11 12:41:47,466	INFO	1	com.l2jmobius.gameserver.pathfinding.geonodes.GeoPathFinding	Path Engine: - Loading: 21_17.pn -> region offset: 689 X: 21 Y: 17
2016.02.11 12:41:47,472	INFO	1	com.l2jmobius.gameserver.pathfinding.geonodes.GeoPathFinding	Path Engine: - Loading: 21_18.pn -> region offset: 690 X: 21 Y: 18
2016.02.11 12:41:47,477	INFO	1	com.l2jmobius.gameserver.pathfinding.geonodes.GeoPathFinding	Path Engine: - Loading: 21_19.pn -> region offset: 691 X: 21 Y: 19
2016.02.11 12:41:47,486	INFO	1	com.l2jmobius.gameserver.pathfinding.geonodes.GeoPathFinding	Path Engine: - Loading: 21_20.pn -> region offset: 692 X: 21 Y: 20
2016.02.11 12:41:47,491	INFO	1	com.l2jmobius.gameserver.pathfinding.geonodes.GeoPathFinding	Path Engine: - Loading: 21_21.pn -> region offset: 693 X: 21 Y: 21
2016.02.11 12:41:47,496	INFO	1	com.l2jmobius.gameserver.pathfinding.geonodes.GeoPathFinding	Path Engine: - Loading: 21_22.pn -> region offset: 694 X: 21 Y: 22
2016.02.11 12:41:47,500	INFO	1	com.l2jmobius.gameserver.pathfinding.geonodes.GeoPathFinding	Path Engine: - Loading: 21_23.pn -> region offset: 695 X: 21 Y: 23
2016.02.11 12:41:47,530	INFO	1	com.l2jmobius.gameserver.pathfinding.geonodes.GeoPathFinding	Path Engine: - Loading: 21_24.pn -> region offset: 696 X: 21 Y: 24
2016.02.11 12:41:47,546	INFO	1	com.l2jmobius.gameserver.pathfinding.geonodes.GeoPathFinding	Path Engine: - Loading: 21_25.pn -> region offset: 697 X: 21 Y: 25
2016.02.11 12:41:47,546	INFO	1	com.l2jmobius.gameserver.pathfinding.geonodes.GeoPathFinding	Path Engine: - Loading: 22_10.pn -> region offset: 714 X: 22 Y: 10
2016.02.11 12:41:47,546	INFO	1	com.l2jmobius.gameserver.pathfinding.geonodes.GeoPathFinding	Path Engine: - Loading: 22_11.pn -> region offset: 715 X: 22 Y: 11
2016.02.11 12:41:47,546	INFO	1	com.l2jmobius.gameserver.pathfinding.geonodes.GeoPathFinding	Path Engine: - Loading: 22_12.pn -> region offset: 716 X: 22 Y: 12
2016.02.11 12:41:47,546	INFO	1	com.l2jmobius.gameserver.pathfinding.geonodes.GeoPathFinding	Path Engine: - Loading: 22_13.pn -> region offset: 717 X: 22 Y: 13
2016.02.11 12:41:47,561	INFO	1	com.l2jmobius.gameserver.pathfinding.geonodes.GeoPathFinding	Path Engine: - Loading: 22_14.pn -> region offset: 718 X: 22 Y: 14
2016.02.11 12:41:47,561	INFO	1	com.l2jmobius.gameserver.pathfinding.geonodes.GeoPathFinding	Path Engine: - Loading: 22_15.pn -> region offset: 719 X: 22 Y: 15
2016.02.11 12:41:47,561	INFO	1	com.l2jmobius.gameserver.pathfinding.geonodes.GeoPathFinding	Path Engine: - Loading: 22_16.pn -> region offset: 720 X: 22 Y: 16
2016.02.11 12:41:47,577	INFO	1	com.l2jmobius.gameserver.pathfinding.geonodes.GeoPathFinding	Path Engine: - Loading: 22_17.pn -> region offset: 721 X: 22 Y: 17
2016.02.11 12:41:47,593	INFO	1	com.l2jmobius.gameserver.pathfinding.geonodes.GeoPathFinding	Path Engine: - Loading: 22_18.pn -> region offset: 722 X: 22 Y: 18
2016.02.11 12:41:47,593	INFO	1	com.l2jmobius.gameserver.pathfinding.geonodes.GeoPathFinding	Path Engine: - Loading: 22_19.pn -> region offset: 723 X: 22 Y: 19
2016.02.11 12:41:47,593	INFO	1	com.l2jmobius.gameserver.pathfinding.geonodes.GeoPathFinding	Path Engine: - Loading: 22_20.pn -> region offset: 724 X: 22 Y: 20
2016.02.11 12:41:47,593	INFO	1	com.l2jmobius.gameserver.pathfinding.geonodes.GeoPathFinding	Path Engine: - Loading: 22_21.pn -> region offset: 725 X: 22 Y: 21
2016.02.11 12:41:47,609	INFO	1	com.l2jmobius.gameserver.pathfinding.geonodes.GeoPathFinding	Path Engine: - Loading: 22_22.pn -> region offset: 726 X: 22 Y: 22
2016.02.11 12:41:47,622	INFO	1	com.l2jmobius.gameserver.pathfinding.geonodes.GeoPathFinding	Path Engine: - Loading: 22_23.pn -> region offset: 727 X: 22 Y: 23
2016.02.11 12:41:47,625	INFO	1	com.l2jmobius.gameserver.pathfinding.geonodes.GeoPathFinding	Path Engine: - Loading: 22_24.pn -> region offset: 728 X: 22 Y: 24
2016.02.11 12:41:47,640	INFO	1	com.l2jmobius.gameserver.pathfinding.geonodes.GeoPathFinding	Path Engine: - Loading: 22_25.pn -> region offset: 729 X: 22 Y: 25
2016.02.11 12:41:47,644	INFO	1	com.l2jmobius.gameserver.pathfinding.geonodes.GeoPathFinding	Path Engine: - Loading: 22_26.pn -> region offset: 730 X: 22 Y: 26
2016.02.11 12:41:47,647	INFO	1	com.l2jmobius.gameserver.pathfinding.geonodes.GeoPathFinding	Path Engine: - Loading: 23_10.pn -> region offset: 746 X: 23 Y: 10
2016.02.11 12:41:47,651	INFO	1	com.l2jmobius.gameserver.pathfinding.geonodes.GeoPathFinding	Path Engine: - Loading: 23_11.pn -> region offset: 747 X: 23 Y: 11
2016.02.11 12:41:47,653	INFO	1	com.l2jmobius.gameserver.pathfinding.geonodes.GeoPathFinding	Path Engine: - Loading: 23_12.pn -> region offset: 748 X: 23 Y: 12
2016.02.11 12:41:47,657	INFO	1	com.l2jmobius.gameserver.pathfinding.geonodes.GeoPathFinding	Path Engine: - Loading: 23_13.pn -> region offset: 749 X: 23 Y: 13
2016.02.11 12:41:47,662	INFO	1	com.l2jmobius.gameserver.pathfinding.geonodes.GeoPathFinding	Path Engine: - Loading: 23_14.pn -> region offset: 750 X: 23 Y: 14
2016.02.11 12:41:47,665	INFO	1	com.l2jmobius.gameserver.pathfinding.geonodes.GeoPathFinding	Path Engine: - Loading: 23_15.pn -> region offset: 751 X: 23 Y: 15
2016.02.11 12:41:47,672	INFO	1	com.l2jmobius.gameserver.pathfinding.geonodes.GeoPathFinding	Path Engine: - Loading: 23_16.pn -> region offset: 752 X: 23 Y: 16
2016.02.11 12:41:47,676	INFO	1	com.l2jmobius.gameserver.pathfinding.geonodes.GeoPathFinding	Path Engine: - Loading: 23_17.pn -> region offset: 753 X: 23 Y: 17
2016.02.11 12:41:47,684	INFO	1	com.l2jmobius.gameserver.pathfinding.geonodes.GeoPathFinding	Path Engine: - Loading: 23_18.pn -> region offset: 754 X: 23 Y: 18
2016.02.11 12:41:47,693	INFO	1	com.l2jmobius.gameserver.pathfinding.geonodes.GeoPathFinding	Path Engine: - Loading: 23_19.pn -> region offset: 755 X: 23 Y: 19
2016.02.11 12:41:47,698	INFO	1	com.l2jmobius.gameserver.pathfinding.geonodes.GeoPathFinding	Path Engine: - Loading: 23_20.pn -> region offset: 756 X: 23 Y: 20
2016.02.11 12:41:47,702	INFO	1	com.l2jmobius.gameserver.pathfinding.geonodes.GeoPathFinding	Path Engine: - Loading: 23_21.pn -> region offset: 757 X: 23 Y: 21
2016.02.11 12:41:47,702	INFO	1	com.l2jmobius.gameserver.pathfinding.geonodes.GeoPathFinding	Path Engine: - Loading: 23_22.pn -> region offset: 758 X: 23 Y: 22
2016.02.11 12:41:47,717	INFO	1	com.l2jmobius.gameserver.pathfinding.geonodes.GeoPathFinding	Path Engine: - Loading: 23_23.pn -> region offset: 759 X: 23 Y: 23
2016.02.11 12:41:47,717	INFO	1	com.l2jmobius.gameserver.pathfinding.geonodes.GeoPathFinding	Path Engine: - Loading: 23_24.pn -> region offset: 760 X: 23 Y: 24
2016.02.11 12:41:47,717	INFO	1	com.l2jmobius.gameserver.pathfinding.geonodes.GeoPathFinding	Path Engine: - Loading: 23_25.pn -> region offset: 761 X: 23 Y: 25
2016.02.11 12:41:47,733	INFO	1	com.l2jmobius.gameserver.pathfinding.geonodes.GeoPathFinding	Path Engine: - Loading: 23_26.pn -> region offset: 762 X: 23 Y: 26
2016.02.11 12:41:47,733	INFO	1	com.l2jmobius.gameserver.pathfinding.geonodes.GeoPathFinding	Path Engine: - Loading: 24_10.pn -> region offset: 778 X: 24 Y: 10
2016.02.11 12:41:47,749	INFO	1	com.l2jmobius.gameserver.pathfinding.geonodes.GeoPathFinding	Path Engine: - Loading: 24_11.pn -> region offset: 779 X: 24 Y: 11
2016.02.11 12:41:47,749	INFO	1	com.l2jmobius.gameserver.pathfinding.geonodes.GeoPathFinding	Path Engine: - Loading: 24_12.pn -> region offset: 780 X: 24 Y: 12
2016.02.11 12:41:47,749	INFO	1	com.l2jmobius.gameserver.pathfinding.geonodes.GeoPathFinding	Path Engine: - Loading: 24_13.pn -> region offset: 781 X: 24 Y: 13
2016.02.11 12:41:47,764	INFO	1	com.l2jmobius.gameserver.pathfinding.geonodes.GeoPathFinding	Path Engine: - Loading: 24_14.pn -> region offset: 782 X: 24 Y: 14
2016.02.11 12:41:47,764	INFO	1	com.l2jmobius.gameserver.pathfinding.geonodes.GeoPathFinding	Path Engine: - Loading: 24_15.pn -> region offset: 783 X: 24 Y: 15
2016.02.11 12:41:47,780	INFO	1	com.l2jmobius.gameserver.pathfinding.geonodes.GeoPathFinding	Path Engine: - Loading: 24_16.pn -> region offset: 784 X: 24 Y: 16
2016.02.11 12:41:47,780	INFO	1	com.l2jmobius.gameserver.pathfinding.geonodes.GeoPathFinding	Path Engine: - Loading: 24_17.pn -> region offset: 785 X: 24 Y: 17
2016.02.11 12:41:47,780	INFO	1	com.l2jmobius.gameserver.pathfinding.geonodes.GeoPathFinding	Path Engine: - Loading: 24_18.pn -> region offset: 786 X: 24 Y: 18
2016.02.11 12:41:47,796	INFO	1	com.l2jmobius.gameserver.pathfinding.geonodes.GeoPathFinding	Path Engine: - Loading: 24_19.pn -> region offset: 787 X: 24 Y: 19
2016.02.11 12:41:47,796	INFO	1	com.l2jmobius.gameserver.pathfinding.geonodes.GeoPathFinding	Path Engine: - Loading: 24_20.pn -> region offset: 788 X: 24 Y: 20
2016.02.11 12:41:47,813	INFO	1	com.l2jmobius.gameserver.pathfinding.geonodes.GeoPathFinding	Path Engine: - Loading: 24_21.pn -> region offset: 789 X: 24 Y: 21
2016.02.11 12:41:47,819	INFO	1	com.l2jmobius.gameserver.pathfinding.geonodes.GeoPathFinding	Path Engine: - Loading: 24_22.pn -> region offset: 790 X: 24 Y: 22
2016.02.11 12:41:47,826	INFO	1	com.l2jmobius.gameserver.pathfinding.geonodes.GeoPathFinding	Path Engine: - Loading: 24_23.pn -> region offset: 791 X: 24 Y: 23
2016.02.11 12:41:47,831	INFO	1	com.l2jmobius.gameserver.pathfinding.geonodes.GeoPathFinding	Path Engine: - Loading: 24_24.pn -> region offset: 792 X: 24 Y: 24
2016.02.11 12:41:47,841	INFO	1	com.l2jmobius.gameserver.pathfinding.geonodes.GeoPathFinding	Path Engine: - Loading: 24_25.pn -> region offset: 793 X: 24 Y: 25
2016.02.11 12:41:47,844	INFO	1	com.l2jmobius.gameserver.pathfinding.geonodes.GeoPathFinding	Path Engine: - Loading: 24_26.pn -> region offset: 794 X: 24 Y: 26
2016.02.11 12:41:47,851	INFO	1	com.l2jmobius.gameserver.pathfinding.geonodes.GeoPathFinding	Path Engine: - Loading: 25_10.pn -> region offset: 810 X: 25 Y: 10
2016.02.11 12:41:47,856	INFO	1	com.l2jmobius.gameserver.pathfinding.geonodes.GeoPathFinding	Path Engine: - Loading: 25_11.pn -> region offset: 811 X: 25 Y: 11
2016.02.11 12:41:47,863	INFO	1	com.l2jmobius.gameserver.pathfinding.geonodes.GeoPathFinding	Path Engine: - Loading: 25_12.pn -> region offset: 812 X: 25 Y: 12
2016.02.11 12:41:47,870	INFO	1	com.l2jmobius.gameserver.pathfinding.geonodes.GeoPathFinding	Path Engine: - Loading: 25_14.pn -> region offset: 814 X: 25 Y: 14
2016.02.11 12:41:47,877	INFO	1	com.l2jmobius.gameserver.pathfinding.geonodes.GeoPathFinding	Path Engine: - Loading: 25_15.pn -> region offset: 815 X: 25 Y: 15
2016.02.11 12:41:47,884	INFO	1	com.l2jmobius.gameserver.pathfinding.geonodes.GeoPathFinding	Path Engine: - Loading: 25_16.pn -> region offset: 816 X: 25 Y: 16
2016.02.11 12:41:47,889	INFO	1	com.l2jmobius.gameserver.pathfinding.geonodes.GeoPathFinding	Path Engine: - Loading: 25_17.pn -> region offset: 817 X: 25 Y: 17
2016.02.11 12:41:47,897	INFO	1	com.l2jmobius.gameserver.pathfinding.geonodes.GeoPathFinding	Path Engine: - Loading: 25_18.pn -> region offset: 818 X: 25 Y: 18
2016.02.11 12:41:47,904	INFO	1	com.l2jmobius.gameserver.pathfinding.geonodes.GeoPathFinding	Path Engine: - Loading: 25_19.pn -> region offset: 819 X: 25 Y: 19
2016.02.11 12:41:47,910	INFO	1	com.l2jmobius.gameserver.pathfinding.geonodes.GeoPathFinding	Path Engine: - Loading: 25_20.pn -> region offset: 820 X: 25 Y: 20
2016.02.11 12:41:47,919	INFO	1	com.l2jmobius.gameserver.pathfinding.geonodes.GeoPathFinding	Path Engine: - Loading: 25_21.pn -> region offset: 821 X: 25 Y: 21
2016.02.11 12:41:47,924	INFO	1	com.l2jmobius.gameserver.pathfinding.geonodes.GeoPathFinding	Path Engine: - Loading: 25_22.pn -> region offset: 822 X: 25 Y: 22
2016.02.11 12:41:47,930	INFO	1	com.l2jmobius.gameserver.pathfinding.geonodes.GeoPathFinding	Path Engine: - Loading: 25_23.pn -> region offset: 823 X: 25 Y: 23
2016.02.11 12:41:47,937	INFO	1	com.l2jmobius.gameserver.pathfinding.geonodes.GeoPathFinding	Path Engine: - Loading: 25_24.pn -> region offset: 824 X: 25 Y: 24
2016.02.11 12:41:47,941	INFO	1	com.l2jmobius.gameserver.pathfinding.geonodes.GeoPathFinding	Path Engine: - Loading: 26_11.pn -> region offset: 843 X: 26 Y: 11
2016.02.11 12:41:47,948	INFO	1	com.l2jmobius.gameserver.pathfinding.geonodes.GeoPathFinding	Path Engine: - Loading: 26_12.pn -> region offset: 844 X: 26 Y: 12
2016.02.11 12:41:47,955	INFO	1	com.l2jmobius.gameserver.pathfinding.geonodes.GeoPathFinding	Path Engine: - Loading: 26_14.pn -> region offset: 846 X: 26 Y: 14
2016.02.11 12:41:47,959	INFO	1	com.l2jmobius.gameserver.pathfinding.geonodes.GeoPathFinding	Path Engine: - Loading: 26_15.pn -> region offset: 847 X: 26 Y: 15
2016.02.11 12:41:47,975	INFO	1	com.l2jmobius.gameserver.pathfinding.geonodes.GeoPathFinding	Path Engine: - Loading: 26_16.pn -> region offset: 848 X: 26 Y: 16
2016.02.11 12:41:47,980	INFO	1	com.l2jmobius.gameserver.pathfinding.geonodes.GeoPathFinding	Path Engine: - Loading: 26_18.pn -> region offset: 850 X: 26 Y: 18
2016.02.11 12:41:47,984	INFO	1	com.l2jmobius.gameserver.pathfinding.geonodes.GeoPathFinding	Path Engine: - Loading: 26_19.pn -> region offset: 851 X: 26 Y: 19
2016.02.11 12:41:47,987	INFO	1	com.l2jmobius.gameserver.pathfinding.geonodes.GeoPathFinding	Path Engine: - Loading: 26_20.pn -> region offset: 852 X: 26 Y: 20
2016.02.11 12:41:48,000	INFO	1	com.l2jmobius.gameserver.pathfinding.geonodes.GeoPathFinding	Path Engine: - Loading: 26_21.pn -> region offset: 853 X: 26 Y: 21
2016.02.11 12:41:48,014	INFO	1	com.l2jmobius.gameserver.pathfinding.geonodes.GeoPathFinding	Path Engine: - Loading: 26_22.pn -> region offset: 854 X: 26 Y: 22
2016.02.11 12:41:48,014	INFO	1	com.l2jmobius.gameserver.pathfinding.geonodes.GeoPathFinding	Path Engine: - Loading: 27_19.pn -> region offset: 883 X: 27 Y: 19
2016.02.11 12:41:48,014	INFO	1	com.l2jmobius.gameserver.pathfinding.geonodes.GeoPathFinding	Path Engine: - Loading: 27_20.pn -> region offset: 884 X: 27 Y: 20
2016.02.11 12:41:48,014	INFO	1	com.l2jmobius.gameserver.pathfinding.geonodes.GeoPathFinding	Path Engine: - Loading: 27_21.pn -> region offset: 885 X: 27 Y: 21
2016.02.11 12:41:48,030	INFO	1	com.l2jmobius.gameserver.pathfinding.geonodes.GeoPathFinding	Path Engine: - Loading: 28_19.pn -> region offset: 915 X: 28 Y: 19
2016.02.11 12:41:48,030	INFO	1	com.l2jmobius.gameserver.pathfinding.geonodes.GeoPathFinding	Path Engine: - Loading: 28_20.pn -> region offset: 916 X: 28 Y: 20
2016.02.11 12:41:48,030	INFO	1	com.l2jmobius.gameserver.pathfinding.geonodes.GeoPathFinding	Path Engine: - Loading: 28_21.pn -> region offset: 917 X: 28 Y: 21
2016.02.11 12:41:48,046	INFO	1	com.l2jmobius.gameserver.GameServer	----------------------------------------------------=[ NPCs ]
2016.02.11 12:41:48,061	INFO	1	com.l2jmobius.util.data.xml.IXmlReader	SkillLearnData: Loaded 256 Skill Learn data.
2016.02.11 12:41:48,092	INFO	1	com.l2jmobius.util.data.xml.IXmlReader	MinionData: Loaded 128 minions data.
2016.02.11 12:41:51,465	INFO	1	com.l2jmobius.util.data.xml.IXmlReader	NpcData: Loaded 13835 NPCs.
2016.02.11 12:41:51,469	INFO	1	com.l2jmobius.util.data.xml.IXmlReader	NpcData: Loaded 10 Custom NPCs.
2016.02.11 12:41:52,283	INFO	1	com.l2jmobius.util.data.xml.IXmlReader	WalkingManager: Loaded 141 walking routes.
2016.02.11 12:41:52,316	INFO	1	com.l2jmobius.util.data.xml.IXmlReader	StaticObjectData: Loaded 51 static object templates.
2016.02.11 12:41:52,741	INFO	1	com.l2jmobius.gameserver.instancemanager.GrandBossManager	GrandBossManager: Queen Ant(29001) status is 0.
2016.02.11 12:41:52,742	INFO	1	com.l2jmobius.gameserver.instancemanager.GrandBossManager	GrandBossManager: Core(29006) status is 0.
2016.02.11 12:41:52,742	INFO	1	com.l2jmobius.gameserver.instancemanager.GrandBossManager	GrandBossManager: Orfen(29014) status is 0.
2016.02.11 12:41:52,743	INFO	1	com.l2jmobius.gameserver.instancemanager.GrandBossManager	GrandBossManager: Baium(29020) status is 0.
2016.02.11 12:41:52,743	INFO	1	com.l2jmobius.gameserver.instancemanager.GrandBossManager	GrandBossManager: Valakas(29028) status is 0.
2016.02.11 12:41:52,743	INFO	1	com.l2jmobius.gameserver.instancemanager.GrandBossManager	GrandBossManager: Antharas(29068) status is 0.
2016.02.11 12:41:52,743	INFO	1	com.l2jmobius.gameserver.instancemanager.GrandBossManager	GrandBossManager: Beleth(29118) status is 0.
2016.02.11 12:41:52,744	INFO	1	com.l2jmobius.gameserver.instancemanager.GrandBossManager	GrandBossManager: Loaded 7 Instances
2016.02.11 12:41:53,782	INFO	1	com.l2jmobius.util.data.xml.IXmlReader	DoorData: Loaded 1435 Door Templates for 22 regions.
2016.02.11 12:41:55,186	INFO	1	com.l2jmobius.util.data.xml.IXmlReader	ZoneManager: Loaded 29 zone classes and 2878 zones.
2016.02.11 12:41:55,186	INFO	1	com.l2jmobius.util.data.xml.IXmlReader	ZoneManager: Loaded 0 NPC spawn territoriers.
2016.02.11 12:41:55,233	INFO	1	com.l2jmobius.gameserver.instancemanager.CastleManager	CastleManager: Loaded: 9 castles
2016.02.11 12:41:55,233	INFO	1	com.l2jmobius.gameserver.data.sql.impl.NpcBufferTable	NpcBufferTable: Loaded 2 buffers and 64 skills.
2016.02.11 12:41:55,249	INFO	1	com.l2jmobius.gameserver.instancemanager.GrandBossManager	GrandBossManager: Initialized 12 Grand Boss Zones
2016.02.11 12:41:55,264	INFO	1	com.l2jmobius.gameserver.GameServer	-----------------------------------------=[ Auction Manager ]
2016.02.11 12:41:55,318	INFO	1	com.l2jmobius.gameserver.model.itemauction.ItemAuctionInstance	ItemAuctionInstance: Loaded 49 item(s) and registered 1 auction(s) for instance 32320.
2016.02.11 12:41:55,320	INFO	1	com.l2jmobius.gameserver.model.itemauction.ItemAuctionInstance	ItemAuctionInstance: Schedule next auction 1 on 17:00:00 12.02.16 for instance 32320
2016.02.11 12:41:55,322	INFO	1	com.l2jmobius.gameserver.model.itemauction.ItemAuctionInstance	ItemAuctionInstance: Loaded 49 item(s) and registered 1 auction(s) for instance 32321.
2016.02.11 12:41:55,322	INFO	1	com.l2jmobius.gameserver.model.itemauction.ItemAuctionInstance	ItemAuctionInstance: Schedule next auction 2 on 17:00:00 15.02.16 for instance 32321
2016.02.11 12:41:55,324	INFO	1	com.l2jmobius.gameserver.model.itemauction.ItemAuctionInstance	ItemAuctionInstance: Loaded 49 item(s) and registered 1 auction(s) for instance 32322.
2016.02.11 12:41:55,324	INFO	1	com.l2jmobius.gameserver.model.itemauction.ItemAuctionInstance	ItemAuctionInstance: Schedule next auction 3 on 17:00:00 17.02.16 for instance 32322
2016.02.11 12:41:55,325	INFO	1	com.l2jmobius.gameserver.instancemanager.ItemAuctionManager	ItemAuctionManager: Loaded 3 instance(s).
2016.02.11 12:41:55,325	INFO	1	com.l2jmobius.gameserver.GameServer	------------------------------------------------=[ Olympiad ]
2016.02.11 12:41:55,339	INFO	1	com.l2jmobius.gameserver.model.olympiad.Olympiad	Olympiad System: failed to load data from database, trying to load from file.
2016.02.11 12:41:55,527	INFO	1	com.l2jmobius.gameserver.model.olympiad.Olympiad	Olympiad System: Loading Olympiad System....
2016.02.11 12:41:55,528	INFO	1	com.l2jmobius.gameserver.model.olympiad.Olympiad	Olympiad System: Currently in Olympiad Period
2016.02.11 12:41:55,528	INFO	1	com.l2jmobius.gameserver.model.olympiad.Olympiad	Olympiad System: 27318 minutes until period ends
2016.02.11 12:41:55,528	INFO	1	com.l2jmobius.gameserver.model.olympiad.Olympiad	Olympiad System: Next weekly change is in 10079 minutes
2016.02.11 12:41:55,529	INFO	1	com.l2jmobius.gameserver.model.olympiad.Olympiad	Olympiad System: Loaded 0 Nobles
2016.02.11 12:41:55,550	INFO	1	com.l2jmobius.gameserver.model.olympiad.Olympiad	Olympiad System: Competition Period Starts in 0 days, 5 hours and 18 mins.
2016.02.11 12:41:55,564	INFO	1	com.l2jmobius.gameserver.model.olympiad.Olympiad	Olympiad System: Event starts/started : Thu Feb 11 18:00:55 CET 2016
2016.02.11 12:41:55,572	INFO	1	com.l2jmobius.gameserver.model.entity.Hero	Hero System: Loaded 0 Heroes.
2016.02.11 12:41:55,572	INFO	1	com.l2jmobius.gameserver.model.entity.Hero	Hero System: Loaded 0 all time Heroes.
2016.02.11 12:41:55,572	INFO	1	com.l2jmobius.gameserver.GameServer	---------------------------------------------------=[ Cache ]
2016.02.11 12:41:55,574	INFO	1	com.l2jmobius.gameserver.cache.HtmCache	Html cache start...
2016.02.11 12:42:03,000	INFO	1	com.l2jmobius.gameserver.cache.HtmCache	Cache[HTML]: 5.954 megabytes on 11133 files loaded
2016.02.11 12:42:03,030	INFO	1	com.l2jmobius.gameserver.data.sql.impl.CrestTable	CrestTable: Loaded 0 Crests.
2016.02.11 12:42:03,061	INFO	1	com.l2jmobius.gameserver.data.sql.impl.TeleportLocationTable	TeleportLocationTable: Loaded 1008 Teleport Location Templates.
2016.02.11 12:42:03,113	INFO	1	com.l2jmobius.util.data.xml.IXmlReader	Loaded: 21 npc teleporters.
2016.02.11 12:42:03,120	INFO	1	com.l2jmobius.gameserver.data.xml.impl.UIData	UIData: Loaded 4 keys 5 categories.
2016.02.11 12:42:03,264	INFO	1	com.l2jmobius.gameserver.datatables.AugmentationData	AugmentationData: Loaded: 40756 augmentations.
2016.02.11 12:42:03,264	INFO	1	com.l2jmobius.gameserver.datatables.AugmentationData	AugmentationData: Loaded: 3060 accessory augmentations.
2016.02.11 12:42:03,280	INFO	1	com.l2jmobius.gameserver.instancemanager.CursedWeaponsManager	CursedWeaponsManager: Loaded : 2 cursed weapon(s).
2016.02.11 12:42:03,717	INFO	1	com.l2jmobius.util.data.xml.IXmlReader	TransformData: Loaded: 124 transform templates.
2016.02.11 12:42:03,900	INFO	1	com.l2jmobius.gameserver.datatables.BotReportTable	BotReportTable: Loaded 0 bot reports
2016.02.11 12:42:03,926	WARNING	1	com.l2jmobius.util.data.xml.IXmlReader	DailyMissionData: Could not parse file dailyMissions.xml at line 356, column 75: cvc-elt.1: Cannot find the declaration of element 'mission'.
2016.02.11 12:42:03,927	INFO	1	com.l2jmobius.util.data.xml.IXmlReader	DailyMissionData: Loaded 0 daily missions.
2016.02.11 12:42:03,927	INFO	1	com.l2jmobius.gameserver.GameServer	-------------------------------------------------=[ Scripts ]
2016.02.11 12:42:03,960	INFO	1	com.l2jmobius.gameserver.instancemanager.AirShipManager	AirShipManager: Loaded 0 private airships
2016.02.11 12:42:03,974	INFO	1	com.l2jmobius.util.data.xml.IXmlReader	ShuttleData: Loaded: 3 Shuttles.
2016.02.11 12:42:03,996	INFO	1	com.l2jmobius.gameserver.instancemanager.JumpManager	JumpManager: Loaded 32 Jump Routes.
2016.02.11 12:42:03,998	INFO	1	com.l2jmobius.gameserver.GameServer	GameServer: Loading server scripts:
2016.02.11 12:42:05,699	INFO	1	handlers.MasterHandler	Loading Handlers...
2016.02.11 12:42:05,797	INFO	1	handlers.MasterHandler	ActionHandler: Loaded 10 Handlers
2016.02.11 12:42:05,797	INFO	1	handlers.MasterHandler	ActionShiftHandler: Loaded 6 Handlers
2016.02.11 12:42:05,798	INFO	1	handlers.MasterHandler	AdminCommandHandler: Loaded 436 Handlers
2016.02.11 12:42:05,798	INFO	1	handlers.MasterHandler	BypassHandler: Loaded 42 Handlers
2016.02.11 12:42:05,798	INFO	1	handlers.MasterHandler	ChatHandler: Loaded 14 Handlers
2016.02.11 12:42:05,798	INFO	1	handlers.MasterHandler	CommunityBoardHandler: Loaded 19 Handlers
2016.02.11 12:42:05,798	INFO	1	handlers.MasterHandler	ItemHandler: Loaded 31 Handlers
2016.02.11 12:42:05,798	INFO	1	handlers.MasterHandler	PunishmentHandler: Loaded 3 Handlers
2016.02.11 12:42:05,799	INFO	1	handlers.MasterHandler	UserCommandHandler: Loaded 16 Handlers
2016.02.11 12:42:05,799	INFO	1	handlers.MasterHandler	VoicedCommandHandler: Loaded 6 Handlers
2016.02.11 12:42:05,799	INFO	1	handlers.MasterHandler	TargetHandler: Loaded 35 Handlers
2016.02.11 12:42:05,799	INFO	1	handlers.MasterHandler	TelnetHandler: Loaded 20 Handlers
2016.02.11 12:42:05,799	INFO	1	handlers.MasterHandler	Handlers Loaded...
2016.02.11 12:42:11,863	INFO	1	com.l2jmobius.util.data.xml.IXmlReader	MentorGuide: Loaded: 41 mentee coins
2016.02.11 12:42:12,733	INFO	1	com.l2jmobius.util.data.xml.IXmlReader	NpcBuffersData: Loaded: 40 buffers data.
2016.02.11 12:42:18,861	INFO	1	com.l2jmobius.gameserver.model.events.AbstractScript	Handy's Block Checker Event is enabled
2016.02.11 12:42:19,000	INFO	1	com.l2jmobius.gameserver.model.events.AbstractScript	Fantasy Isle: Parade starting at 2016/02/11 13:20 and is scheduled each next 1 hours.
