2016.02.06 14:19:50,010	INFO	1	com.l2jmobius.gameserver.GameServer	-----------------------------------=[ Network Configuration ]
2016.02.06 14:19:50,100	INFO	1	com.l2jmobius.util.data.xml.IXmlReader	Using existing ipconfig.xml.
2016.02.06 14:19:50,710	INFO	1	com.l2jmobius.Config	Loaded 6 Filter Words.
2016.02.06 14:19:50,757	INFO	1	com.l2jmobius.gameserver.GameServer	------------------------------------------------=[ Database ]
2016.02.06 14:19:52,539	INFO	1	com.l2jmobius.gameserver.idfactory.BitSetIDFactory	Updated characters online status.
2016.02.06 14:19:52,757	INFO	1	com.l2jmobius.gameserver.idfactory.BitSetIDFactory	Cleaned 0 elements from database in 0 s
2016.02.06 14:19:52,772	INFO	1	com.l2jmobius.gameserver.idfactory.BitSetIDFactory	Cleaned 0 expired timestamps from database.
2016.02.06 14:19:52,789	INFO	1	com.l2jmobius.gameserver.idfactory.BitSetIDFactory	BitSetIDFactory: 102912 id's available.
2016.02.06 14:19:52,789	INFO	1	com.l2jmobius.gameserver.GameServer	-------------------------------------------------=[ Engines ]
2016.02.06 14:19:52,838	INFO	1	com.l2jmobius.gameserver.scripting.L2ScriptEngineManager	Script Engine: java 1.8 - Language: java - Language Version: 1.8
2016.02.06 14:19:52,838	INFO	1	com.l2jmobius.gameserver.GameServer	---------------------------------------------------=[ World ]
2016.02.06 14:19:52,850	CONFIG	19	com.l2jmobius.gameserver.GameTimeController	GameTimeController: Started.
2016.02.06 14:19:52,887	INFO	1	com.l2jmobius.util.data.xml.IXmlReader	InstanceManager: Multiverse Instance created.
2016.02.06 14:19:52,887	INFO	1	com.l2jmobius.util.data.xml.IXmlReader	InstanceManager: Universe Instance created.
2016.02.06 14:19:52,985	INFO	1	com.l2jmobius.util.data.xml.IXmlReader	InstanceManager: Loaded 263 instance names.
2016.02.06 14:19:53,030	INFO	1	com.l2jmobius.gameserver.model.L2World	L2World: (144 by 136) World Region Grid set up.
2016.02.06 14:19:53,778	INFO	1	com.l2jmobius.util.data.xml.IXmlReader	MapRegionManager: Loaded 59 map regions.
2016.02.06 14:19:53,852	INFO	1	com.l2jmobius.gameserver.instancemanager.GlobalVariablesManager	GlobalVariablesManager: Loaded 5 variables.
2016.02.06 14:19:53,860	INFO	1	com.l2jmobius.gameserver.GameServer	----------------------------------------------------=[ Data ]
2016.02.06 14:19:53,977	INFO	1	com.l2jmobius.gameserver.data.xml.impl.CategoryData	CategoryData: Loaded 142 Categories.
2016.02.06 14:19:53,998	INFO	1	com.l2jmobius.util.data.xml.IXmlReader	SecondaryAuthData: Loaded 328 forbidden passwords.
2016.02.06 14:19:54,008	INFO	1	com.l2jmobius.util.data.xml.IXmlReader	AbilityPointsData: Loaded: 4 range fees.
2016.02.06 14:19:54,018	INFO	1	com.l2jmobius.gameserver.GameServer	-------------------------------------------------=[ Effects ]
2016.02.06 14:20:01,875	INFO	1	handlers.EffectMasterHandler	EffectMasterHandler: Loaded 178 effect handlers.
2016.02.06 14:20:01,883	INFO	1	com.l2jmobius.gameserver.GameServer	------------------------------------=[ Enchant Skill Groups ]
2016.02.06 14:20:01,961	INFO	1	com.l2jmobius.util.data.xml.IXmlReader	EnchantSkillGroupsData: Loaded 5 groups and 100 routes.
2016.02.06 14:20:01,970	INFO	1	com.l2jmobius.gameserver.GameServer	---------------------------------------------=[ Skill Trees ]
2016.02.06 14:20:04,846	INFO	1	com.l2jmobius.util.data.xml.IXmlReader	SkillTreesData: Loaded 27794 Class Skills for 145 Class Skill Trees.
2016.02.06 14:20:04,858	INFO	1	com.l2jmobius.util.data.xml.IXmlReader	SkillTreesData: Loaded 24 Sub-Class Skills.
2016.02.06 14:20:04,940	INFO	1	com.l2jmobius.util.data.xml.IXmlReader	SkillTreesData: Loaded 38 Dual-Class Skills.
2016.02.06 14:20:04,951	INFO	1	com.l2jmobius.util.data.xml.IXmlReader	SkillTreesData: Loaded 105 Transfer Skills for 3 Transfer Skill Trees.
2016.02.06 14:20:04,962	INFO	1	com.l2jmobius.util.data.xml.IXmlReader	SkillTreesData: Loaded 14 Race skills for 6 Race Skill Trees.
2016.02.06 14:20:04,980	INFO	1	com.l2jmobius.util.data.xml.IXmlReader	SkillTreesData: Loaded 35 Fishing Skills, 8 Dwarven only Fishing Skills.
2016.02.06 14:20:04,998	INFO	1	com.l2jmobius.util.data.xml.IXmlReader	SkillTreesData: Loaded 3 Collect Skills.
2016.02.06 14:20:05,000	INFO	1	com.l2jmobius.util.data.xml.IXmlReader	SkillTreesData: Loaded 172 Pledge Skills, 142 for Pledge and 30 Residential.
2016.02.06 14:20:05,000	INFO	1	com.l2jmobius.util.data.xml.IXmlReader	SkillTreesData: Loaded 18 Sub-Pledge Skills.
2016.02.06 14:20:05,000	INFO	1	com.l2jmobius.util.data.xml.IXmlReader	SkillTreesData: Loaded 32 Transform Skills.
2016.02.06 14:20:05,017	INFO	1	com.l2jmobius.util.data.xml.IXmlReader	SkillTreesData: Loaded 8 Noble Skills.
2016.02.06 14:20:05,017	INFO	1	com.l2jmobius.util.data.xml.IXmlReader	SkillTreesData: Loaded 5 Hero Skills.
2016.02.06 14:20:05,036	INFO	1	com.l2jmobius.util.data.xml.IXmlReader	SkillTreesData: Loaded 14 Game Master Skills.
2016.02.06 14:20:05,036	INFO	1	com.l2jmobius.util.data.xml.IXmlReader	SkillTreesData: Loaded 14 Game Master Aura Skills.
2016.02.06 14:20:05,047	INFO	1	com.l2jmobius.util.data.xml.IXmlReader	SkillTreesData: Loaded 138 Ability Skills.
2016.02.06 14:20:05,047	INFO	1	com.l2jmobius.util.data.xml.IXmlReader	SkillTreesData: Loaded 120 Alchemy Skills.
2016.02.06 14:20:05,047	INFO	1	com.l2jmobius.util.data.xml.IXmlReader	SkillTreesData: Loaded 20 Revelation Skills.
2016.02.06 14:20:05,047	INFO	1	com.l2jmobius.util.data.xml.IXmlReader	SkillTreesData: Loaded 4 Subclass change Skills.
2016.02.06 14:20:05,047	INFO	1	com.l2jmobius.gameserver.GameServer	--------------------------------------------------=[ Skills ]
2016.02.06 14:20:24,543	INFO	1	com.l2jmobius.gameserver.engines.DocumentEngine	DocumentEngine: Loaded 88396 Skill templates from XML files.
2016.02.06 14:20:24,704	INFO	1	com.l2jmobius.gameserver.data.sql.impl.SummonSkillsTable	SummonSkillsTable: Loaded 2674 skills.
2016.02.06 14:20:24,720	INFO	1	com.l2jmobius.gameserver.GameServer	---------------------------------------------------=[ Items ]
2016.02.06 14:20:29,338	INFO	1	com.l2jmobius.gameserver.datatables.ItemTable	ItemTable: Highest item id used:46692
2016.02.06 14:20:29,366	INFO	1	com.l2jmobius.gameserver.datatables.ItemTable	ItemTable: Loaded: 20025 Etc Items
2016.02.06 14:20:29,367	INFO	1	com.l2jmobius.gameserver.datatables.ItemTable	ItemTable: Loaded: 10168 Armor Items
2016.02.06 14:20:29,369	INFO	1	com.l2jmobius.gameserver.datatables.ItemTable	ItemTable: Loaded: 8490 Weapon Items
2016.02.06 14:20:29,370	INFO	1	com.l2jmobius.gameserver.datatables.ItemTable	ItemTable: Loaded: 38683 Items in total.
2016.02.06 14:20:29,383	INFO	1	com.l2jmobius.util.data.xml.IXmlReader	EnchantItemGroupsData: Loaded: 4 item group templates.
2016.02.06 14:20:29,391	INFO	1	com.l2jmobius.util.data.xml.IXmlReader	EnchantItemGroupsData: Loaded: 1 scroll group templates.
2016.02.06 14:20:29,469	INFO	1	com.l2jmobius.util.data.xml.IXmlReader	EnchantItemData: Loaded 251 Enchant Scrolls.
2016.02.06 14:20:29,472	INFO	1	com.l2jmobius.util.data.xml.IXmlReader	EnchantItemData: Loaded 97 Support Items.
2016.02.06 14:20:29,500	INFO	1	com.l2jmobius.util.data.xml.IXmlReader	EnchantItemOptionsData: Loaded: 24 Items and 1107 Options.
2016.02.06 14:20:29,532	INFO	1	com.l2jmobius.util.data.xml.IXmlReader	ItemCrystalizationData: Loaded: 170 Items
2016.02.06 14:20:31,502	INFO	1	com.l2jmobius.util.data.xml.IXmlReader	OptionData: Loaded: 25035 Options.
2016.02.06 14:20:31,676	INFO	1	com.l2jmobius.util.data.xml.IXmlReader	EnchantItemHPBonusData: Loaded 11 Enchant HP Bonuses.
2016.02.06 14:20:31,703	INFO	1	com.l2jmobius.gameserver.datatables.MerchantPriceConfigTable	MerchantPriceConfigTable: Loaded 28 merchant price configs.
2016.02.06 14:20:35,236	INFO	1	com.l2jmobius.util.data.xml.IXmlReader	BuyListData: Loaded 850 BuyLists.
2016.02.06 14:20:37,083	INFO	1	com.l2jmobius.util.data.xml.IXmlReader	MultisellData: Loaded 331 multisell lists.
2016.02.06 14:20:37,263	INFO	1	com.l2jmobius.util.data.xml.IXmlReader	RecipeData: Loaded 1611 recipes.
2016.02.06 14:20:37,361	INFO	1	com.l2jmobius.util.data.xml.IXmlReader	ArmorSetsData: Loaded 297 Armor sets.
2016.02.06 14:20:37,531	INFO	1	com.l2jmobius.util.data.xml.IXmlReader	HennaData: Loaded 440 Henna data.
2016.02.06 14:20:37,569	INFO	1	com.l2jmobius.util.data.xml.IXmlReader	FishData: Loaded 321 Fishes.
2016.02.06 14:20:37,579	INFO	1	com.l2jmobius.util.data.xml.IXmlReader	FishingMonstersData: Loaded 8 Fishing Monsters.
2016.02.06 14:20:37,598	INFO	1	com.l2jmobius.util.data.xml.IXmlReader	FishingRodsData: Loaded 8 Fishing Rods.
2016.02.06 14:20:37,650	WARNING	1	com.l2jmobius.util.data.xml.IXmlReader	PrimeShopData: Could not parse file PrimeShop.xml at line 11, column 41: The string "--" is not permitted within comments.
2016.02.06 14:20:37,660	INFO	1	com.l2jmobius.util.data.xml.IXmlReader	PrimeShopData: System is disabled.
2016.02.06 14:20:37,691	INFO	1	com.l2jmobius.util.data.xml.IXmlReader	AppearanceItemData: Loaded: 246 Stones
2016.02.06 14:20:37,700	INFO	1	com.l2jmobius.util.data.xml.IXmlReader	LuckyGameData: Loaded 52 Normal item rewards.
2016.02.06 14:20:37,700	INFO	1	com.l2jmobius.util.data.xml.IXmlReader	LuckyGameData: Loaded 96 Luxury item rewards.
2016.02.06 14:20:37,700	INFO	1	com.l2jmobius.util.data.xml.IXmlReader	LuckyGameData: Loaded 68 Rare item rewards.
2016.02.06 14:20:37,715	INFO	1	com.l2jmobius.gameserver.GameServer	----------------------------------------------=[ Characters ]
2016.02.06 14:20:37,715	INFO	1	com.l2jmobius.util.data.xml.IXmlReader	ClassListData: Loaded 157 Class data.
2016.02.06 14:20:37,731	INFO	1	com.l2jmobius.util.data.xml.IXmlReader	InitialEquipmentData: Loaded 13 Initial Equipment data.
2016.02.06 14:20:37,731	INFO	1	com.l2jmobius.util.data.xml.IXmlReader	InitialShortcutData: Loaded 5 Initial Global Shortcuts data.
2016.02.06 14:20:37,731	INFO	1	com.l2jmobius.util.data.xml.IXmlReader	InitialShortcutData: Loaded 5 Initial Shortcuts data.
2016.02.06 14:20:37,747	INFO	1	com.l2jmobius.util.data.xml.IXmlReader	InitialShortcutData: Loaded 0 Macros presets.
2016.02.06 14:20:37,747	INFO	1	com.l2jmobius.util.data.xml.IXmlReader	ExperienceData: Loaded 75 levels.
2016.02.06 14:20:37,762	INFO	1	com.l2jmobius.util.data.xml.IXmlReader	ExperienceData: Max Player Level is: 75
2016.02.06 14:20:37,762	INFO	1	com.l2jmobius.util.data.xml.IXmlReader	ExperienceData: Max Pet Level is: 75
2016.02.06 14:20:37,762	INFO	1	com.l2jmobius.util.data.xml.IXmlReader	KarmaData: Loaded 75 karma modifiers.
2016.02.06 14:20:37,778	INFO	1	com.l2jmobius.util.data.xml.IXmlReader	HitConditionBonusData: Loaded Hit Condition bonuses.
2016.02.06 14:20:38,846	INFO	1	com.l2jmobius.gameserver.data.xml.impl.PlayerTemplateData	PlayerTemplateData: Loaded 145 character templates.
2016.02.06 14:20:38,894	INFO	1	com.l2jmobius.gameserver.data.xml.impl.PlayerTemplateData	PlayerTemplateData: Loaded 65250 level up gain records.
2016.02.06 14:20:38,930	INFO	1	com.l2jmobius.gameserver.data.sql.impl.CharNameTable	CharNameTable: Loaded 1 char names.
2016.02.06 14:20:38,964	INFO	1	com.l2jmobius.util.data.xml.IXmlReader	AdminData: Loaded: 10 Access Levels.
2016.02.06 14:20:38,975	INFO	1	com.l2jmobius.util.data.xml.IXmlReader	AdminData: Loaded: 438 Access Commands.
2016.02.06 14:20:39,894	INFO	1	com.l2jmobius.util.data.xml.IXmlReader	PetDataTable: Loaded 49 Pets.
2016.02.06 14:20:40,164	INFO	1	com.l2jmobius.gameserver.GameServer	---------------------------------------------------=[ Clans ]
2016.02.06 14:20:40,340	INFO	1	com.l2jmobius.gameserver.communitybbs.Manager.ForumsBBSManager	Loaded 4 forums. Last forum id used: 4
2016.02.06 14:20:40,390	INFO	1	com.l2jmobius.gameserver.data.sql.impl.ClanTable	ClanTable: Restored 0 clans from the database.
2016.02.06 14:20:40,426	INFO	1	com.l2jmobius.gameserver.instancemanager.CHSiegeManager	CHSiegeManager: Loaded 6 conquerable clan halls.
2016.02.06 14:20:40,849	INFO	1	com.l2jmobius.gameserver.instancemanager.ClanHallAuctionManager	ClanHallAuctionManager: Loaded: 38 auction(s)
2016.02.06 14:20:40,858	INFO	1	com.l2jmobius.gameserver.instancemanager.ClanHallManager	ClanHallManager: Loaded: 0 clan halls
2016.02.06 14:20:40,865	INFO	1	com.l2jmobius.gameserver.instancemanager.ClanHallManager	ClanHallManager: Loaded: 38 free clan halls
2016.02.06 14:20:40,894	INFO	1	com.l2jmobius.gameserver.instancemanager.ClanEntryManager	ClanEntryManager: Loaded: 0 clan entry
2016.02.06 14:20:40,900	INFO	1	com.l2jmobius.gameserver.instancemanager.ClanEntryManager	ClanEntryManager: Loaded: 0 player in waiting list
2016.02.06 14:20:40,900	INFO	1	com.l2jmobius.gameserver.instancemanager.ClanEntryManager	ClanEntryManager: Loaded: 0 player application
2016.02.06 14:20:40,900	INFO	1	com.l2jmobius.gameserver.GameServer	-------------------------------------------------=[ Geodata ]
2016.02.06 14:20:41,050	INFO	1	com.l2jmobius.gameserver.GeoData	GeoData: Loaded 0 regions.
2016.02.06 14:20:41,052	INFO	1	com.l2jmobius.gameserver.GameServer	----------------------------------------------------=[ NPCs ]
2016.02.06 14:20:41,070	INFO	1	com.l2jmobius.util.data.xml.IXmlReader	SkillLearnData: Loaded 256 Skill Learn data.
2016.02.06 14:20:41,094	INFO	1	com.l2jmobius.util.data.xml.IXmlReader	MinionData: Loaded 128 minions data.
2016.02.06 14:20:47,273	INFO	1	com.l2jmobius.util.data.xml.IXmlReader	NpcData: Loaded 13835 NPCs.
2016.02.06 14:20:47,336	INFO	1	com.l2jmobius.util.data.xml.IXmlReader	NpcData: Loaded 10 Custom NPCs.
2016.02.06 14:20:49,029	INFO	1	com.l2jmobius.util.data.xml.IXmlReader	WalkingManager: Loaded 141 walking routes.
2016.02.06 14:20:49,564	INFO	1	com.l2jmobius.util.data.xml.IXmlReader	StaticObjectData: Loaded 51 static object templates.
2016.02.06 14:20:50,697	INFO	1	com.l2jmobius.gameserver.instancemanager.GrandBossManager	GrandBossManager: Queen Ant(29001) status is 0.
2016.02.06 14:20:50,790	INFO	1	com.l2jmobius.gameserver.instancemanager.GrandBossManager	GrandBossManager: Core(29006) status is 0.
2016.02.06 14:20:50,810	INFO	1	com.l2jmobius.gameserver.instancemanager.GrandBossManager	GrandBossManager: Orfen(29014) status is 0.
2016.02.06 14:20:50,810	INFO	1	com.l2jmobius.gameserver.instancemanager.GrandBossManager	GrandBossManager: Baium(29020) status is 0.
2016.02.06 14:20:50,946	INFO	1	com.l2jmobius.gameserver.instancemanager.GrandBossManager	GrandBossManager: Valakas(29028) status is 0.
2016.02.06 14:20:51,032	INFO	1	com.l2jmobius.gameserver.instancemanager.GrandBossManager	GrandBossManager: Antharas(29068) status is 0.
2016.02.06 14:20:52,070	INFO	1	com.l2jmobius.gameserver.instancemanager.GrandBossManager	GrandBossManager: Beleth(29118) status is 0.
2016.02.06 14:20:52,117	INFO	1	com.l2jmobius.gameserver.instancemanager.GrandBossManager	GrandBossManager: Loaded 7 Instances
2016.02.06 14:20:57,672	INFO	1	com.l2jmobius.util.data.xml.IXmlReader	DoorData: Loaded 1435 Door Templates for 22 regions.
2016.02.06 14:20:59,588	INFO	1	com.l2jmobius.util.data.xml.IXmlReader	ZoneManager: Loaded 29 zone classes and 2878 zones.
2016.02.06 14:20:59,634	INFO	1	com.l2jmobius.util.data.xml.IXmlReader	ZoneManager: Loaded 0 NPC spawn territoriers.
2016.02.06 14:20:59,808	INFO	1	com.l2jmobius.gameserver.instancemanager.CastleManager	CastleManager: Loaded: 9 castles
2016.02.06 14:20:59,846	INFO	1	com.l2jmobius.gameserver.data.sql.impl.NpcBufferTable	NpcBufferTable: Loaded 2 buffers and 64 skills.
2016.02.06 14:20:59,855	INFO	1	com.l2jmobius.gameserver.instancemanager.GrandBossManager	GrandBossManager: Initialized 12 Grand Boss Zones
2016.02.06 14:20:59,871	INFO	1	com.l2jmobius.gameserver.GameServer	-----------------------------------------=[ Auction Manager ]
2016.02.06 14:21:00,003	INFO	1	com.l2jmobius.gameserver.model.itemauction.ItemAuctionInstance	ItemAuctionInstance: Loaded 49 item(s) and registered 1 auction(s) for instance 32320.
2016.02.06 14:21:00,015	INFO	1	com.l2jmobius.gameserver.model.itemauction.ItemAuctionInstance	ItemAuctionInstance: Schedule next auction 1 on 17:00:00 12.02.16 for instance 32320
2016.02.06 14:21:00,041	INFO	1	com.l2jmobius.gameserver.model.itemauction.ItemAuctionInstance	ItemAuctionInstance: Loaded 49 item(s) and registered 1 auction(s) for instance 32321.
2016.02.06 14:21:00,049	INFO	1	com.l2jmobius.gameserver.model.itemauction.ItemAuctionInstance	ItemAuctionInstance: Schedule next auction 2 on 17:00:00 08.02.16 for instance 32321
2016.02.06 14:21:00,060	INFO	1	com.l2jmobius.gameserver.model.itemauction.ItemAuctionInstance	ItemAuctionInstance: Loaded 49 item(s) and registered 1 auction(s) for instance 32322.
2016.02.06 14:21:00,067	INFO	1	com.l2jmobius.gameserver.model.itemauction.ItemAuctionInstance	ItemAuctionInstance: Schedule next auction 3 on 17:00:00 10.02.16 for instance 32322
2016.02.06 14:21:00,070	INFO	1	com.l2jmobius.gameserver.instancemanager.ItemAuctionManager	ItemAuctionManager: Loaded 3 instance(s).
2016.02.06 14:21:00,077	INFO	1	com.l2jmobius.gameserver.GameServer	------------------------------------------------=[ Olympiad ]
2016.02.06 14:21:00,098	INFO	1	com.l2jmobius.gameserver.model.olympiad.Olympiad	Olympiad System: Loading Olympiad System....
2016.02.06 14:21:00,107	INFO	1	com.l2jmobius.gameserver.model.olympiad.Olympiad	Olympiad System: Currently in Olympiad Period
2016.02.06 14:21:00,112	INFO	1	com.l2jmobius.gameserver.model.olympiad.Olympiad	Olympiad System: 34419 minutes until period ends
2016.02.06 14:21:00,114	INFO	1	com.l2jmobius.gameserver.model.olympiad.Olympiad	Olympiad System: Next weekly change is in 9947 minutes
2016.02.06 14:21:00,120	INFO	1	com.l2jmobius.gameserver.model.olympiad.Olympiad	Olympiad System: Loaded 0 Nobles
2016.02.06 14:21:00,120	INFO	1	com.l2jmobius.gameserver.model.olympiad.Olympiad	Olympiad System: Competition Period Starts in 0 days, 3 hours and 39 mins.
2016.02.06 14:21:00,130	INFO	1	com.l2jmobius.gameserver.model.olympiad.Olympiad	Olympiad System: Event starts/started : Sat Feb 06 18:00:00 UTC 2016
2016.02.06 14:21:00,154	INFO	1	com.l2jmobius.gameserver.model.entity.Hero	Hero System: Loaded 0 Heroes.
2016.02.06 14:21:00,156	INFO	1	com.l2jmobius.gameserver.model.entity.Hero	Hero System: Loaded 0 all time Heroes.
2016.02.06 14:21:00,164	INFO	1	com.l2jmobius.gameserver.GameServer	---------------------------------------------------=[ Cache ]
2016.02.06 14:21:00,172	INFO	1	com.l2jmobius.gameserver.cache.HtmCache	Html cache start...
2016.02.06 14:21:04,195	INFO	1	com.l2jmobius.gameserver.cache.HtmCache	Cache[HTML]: 5.954 megabytes on 11133 files loaded
2016.02.06 14:21:04,212	INFO	1	com.l2jmobius.gameserver.data.sql.impl.CrestTable	CrestTable: Loaded 0 Crests.
2016.02.06 14:21:04,271	INFO	1	com.l2jmobius.gameserver.data.sql.impl.TeleportLocationTable	TeleportLocationTable: Loaded 1008 Teleport Location Templates.
2016.02.06 14:21:04,364	INFO	1	com.l2jmobius.util.data.xml.IXmlReader	Loaded: 21 npc teleporters.
2016.02.06 14:21:04,409	INFO	1	com.l2jmobius.gameserver.data.xml.impl.UIData	UIData: Loaded 4 keys 5 categories.
2016.02.06 14:21:04,638	INFO	1	com.l2jmobius.gameserver.datatables.AugmentationData	AugmentationData: Loaded: 40756 augmentations.
2016.02.06 14:21:04,647	INFO	1	com.l2jmobius.gameserver.datatables.AugmentationData	AugmentationData: Loaded: 3060 accessory augmentations.
2016.02.06 14:21:04,673	INFO	1	com.l2jmobius.gameserver.instancemanager.CursedWeaponsManager	CursedWeaponsManager: Loaded : 2 cursed weapon(s).
2016.02.06 14:21:05,813	INFO	1	com.l2jmobius.util.data.xml.IXmlReader	TransformData: Loaded: 124 transform templates.
2016.02.06 14:21:05,852	INFO	1	com.l2jmobius.gameserver.datatables.BotReportTable	BotReportTable: Loaded 0 bot reports
2016.02.06 14:21:05,886	WARNING	1	com.l2jmobius.util.data.xml.IXmlReader	DailyMissionData: Could not parse file dailyMissions.xml at line 356, column 75: cvc-elt.1: Cannot find the declaration of element 'mission'.
2016.02.06 14:21:05,897	INFO	1	com.l2jmobius.util.data.xml.IXmlReader	DailyMissionData: Loaded 0 daily missions.
2016.02.06 14:21:05,905	INFO	1	com.l2jmobius.gameserver.GameServer	-------------------------------------------------=[ Scripts ]
2016.02.06 14:21:05,974	INFO	1	com.l2jmobius.gameserver.instancemanager.AirShipManager	AirShipManager: Loaded 0 private airships
2016.02.06 14:21:06,001	INFO	1	com.l2jmobius.util.data.xml.IXmlReader	ShuttleData: Loaded: 3 Shuttles.
2016.02.06 14:21:06,013	INFO	1	com.l2jmobius.gameserver.instancemanager.JumpManager	JumpManager: Loaded 32 Jump Routes.
2016.02.06 14:21:06,039	INFO	1	com.l2jmobius.gameserver.GameServer	GameServer: Loading server scripts:
2016.02.06 14:21:14,036	INFO	1	handlers.MasterHandler	Loading Handlers...
2016.02.06 14:21:15,978	INFO	1	handlers.MasterHandler	ActionHandler: Loaded 10 Handlers
2016.02.06 14:21:16,007	INFO	1	handlers.MasterHandler	ActionShiftHandler: Loaded 6 Handlers
2016.02.06 14:21:16,015	INFO	1	handlers.MasterHandler	AdminCommandHandler: Loaded 436 Handlers
2016.02.06 14:21:16,016	INFO	1	handlers.MasterHandler	BypassHandler: Loaded 42 Handlers
2016.02.06 14:21:16,033	INFO	1	handlers.MasterHandler	ChatHandler: Loaded 14 Handlers
2016.02.06 14:21:16,042	INFO	1	handlers.MasterHandler	CommunityBoardHandler: Loaded 19 Handlers
2016.02.06 14:21:16,043	INFO	1	handlers.MasterHandler	ItemHandler: Loaded 31 Handlers
2016.02.06 14:21:16,043	INFO	1	handlers.MasterHandler	PunishmentHandler: Loaded 3 Handlers
2016.02.06 14:21:16,045	INFO	1	handlers.MasterHandler	UserCommandHandler: Loaded 16 Handlers
2016.02.06 14:21:16,052	INFO	1	handlers.MasterHandler	VoicedCommandHandler: Loaded 5 Handlers
2016.02.06 14:21:16,053	INFO	1	handlers.MasterHandler	TargetHandler: Loaded 35 Handlers
2016.02.06 14:21:16,054	INFO	1	handlers.MasterHandler	TelnetHandler: Loaded 20 Handlers
2016.02.06 14:21:16,061	INFO	1	handlers.MasterHandler	Handlers Loaded...
2016.02.06 14:21:30,901	INFO	1	com.l2jmobius.util.data.xml.IXmlReader	MentorGuide: Loaded: 41 mentee coins
2016.02.06 14:21:33,341	INFO	1	com.l2jmobius.util.data.xml.IXmlReader	NpcBuffersData: Loaded: 40 buffers data.
2016.02.06 14:21:50,849	INFO	1	com.l2jmobius.gameserver.model.events.AbstractScript	Handy's Block Checker Event is enabled
2016.02.06 14:21:51,170	INFO	1	com.l2jmobius.gameserver.model.events.AbstractScript	Fantasy Isle: Parade starting at 2016/02/06 17:20 and is scheduled each next 1 hours.
2016.02.06 14:22:29,694	INFO	1	instances.InstanceLoader	InstanceLoader: Loading Instances scripts.
2016.02.06 14:22:30,865	INFO	1	gracia.GraciaLoader	GraciaLoader: Loading Gracia related scripts.
2016.02.06 14:22:38,491	INFO	1	com.l2jmobius.gameserver.model.events.AbstractScript	[EnhanceYourWeapon] Loaded 54 Soul Crystal data.
2016.02.06 14:22:38,493	INFO	1	com.l2jmobius.gameserver.model.events.AbstractScript	[EnhanceYourWeapon] Loaded 240 npc Leveling info data.
2016.02.06 14:22:42,174	CONFIG	1	conquerablehalls.flagwar.BanditStronghold.BanditStronghold	Bandit StrongHold siege scheduled for Sat Feb 20 12:00:00 UTC 2016.
2016.02.06 14:22:42,463	CONFIG	1	conquerablehalls.flagwar.WildBeastReserve.WildBeastReserve	Beast Farm siege scheduled for Sat Feb 20 12:00:00 UTC 2016.
2016.02.06 14:22:42,852	CONFIG	1	conquerablehalls.DevastatedCastle.DevastatedCastle	Devastated Castle siege scheduled for Sat Feb 20 12:00:00 UTC 2016.
2016.02.06 14:22:43,148	CONFIG	1	conquerablehalls.FortressOfResistance.FortressOfResistance	Fortress of Resistance siege scheduled for Sat Feb 20 12:00:00 UTC 2016.
2016.02.06 14:22:43,487	CONFIG	1	conquerablehalls.FortressOfTheDead.FortressOfTheDead	Fortresss of the Dead siege scheduled for Sat Feb 20 12:00:00 UTC 2016.
2016.02.06 14:22:43,751	CONFIG	1	conquerablehalls.RainbowSpringsChateau.RainbowSpringsChateau	Rainbow Springs siege scheduled for Sat Feb 20 12:00:00 UTC 2016.
2016.02.06 14:22:44,522	INFO	1	com.l2jmobius.gameserver.model.events.AbstractScript	Event Eve the Fortune Teller has passed... Ignored 
2016.02.06 14:22:44,820	INFO	1	com.l2jmobius.gameserver.model.events.AbstractScript	Event Hunt for Santa has passed... Ignored 
2016.02.06 14:22:45,114	INFO	1	com.l2jmobius.gameserver.model.events.AbstractScript	Event Red Libra has passed... Ignored 
2016.02.06 14:22:49,160	INFO	1	com.l2jmobius.gameserver.datatables.SpawnTable	SpawnTable: Loaded 3610 npc spawns.
2016.02.06 14:22:49,200	INFO	1	com.l2jmobius.gameserver.datatables.SpawnTable	SpawnTable: Loaded 0 custom npc spawns.
2016.02.06 14:22:49,336	INFO	1	com.l2jmobius.gameserver.datatables.SpawnTable	SpawnTable: Loaded 914 npc spawns from XML.
2016.02.06 14:22:49,373	INFO	1	com.l2jmobius.gameserver.instancemanager.DayNightSpawnManager	DayNightSpawnManager: Removed 0 night creatures
2016.02.06 14:22:49,393	INFO	1	com.l2jmobius.gameserver.instancemanager.DayNightSpawnManager	DayNightSpawnManager: Spawned 726 day creatures
2016.02.06 14:22:49,455	INFO	1	com.l2jmobius.gameserver.instancemanager.RaidBossSpawnManager	RaidBossSpawnManager: Loaded 179 Instances
2016.02.06 14:22:49,513	INFO	1	com.l2jmobius.gameserver.instancemanager.RaidBossSpawnManager	RaidBossSpawnManager: Scheduled 0 Instances
2016.02.06 14:22:49,560	INFO	1	com.l2jmobius.gameserver.instancemanager.FourSepulchersManager	FourSepulchersManager: loaded 20 Mysterious-Box spawns.
2016.02.06 14:22:49,650	INFO	1	com.l2jmobius.gameserver.instancemanager.FourSepulchersManager	FourSepulchersManager: loaded 716 Physical type monsters spawns.
2016.02.06 14:22:49,757	INFO	1	com.l2jmobius.gameserver.instancemanager.FourSepulchersManager	FourSepulchersManager: loaded 716 Magical type monsters spawns.
2016.02.06 14:22:49,788	INFO	1	com.l2jmobius.gameserver.instancemanager.FourSepulchersManager	FourSepulchersManager: loaded 92 Church of duke monsters spawns.
2016.02.06 14:22:49,810	INFO	1	com.l2jmobius.gameserver.instancemanager.FourSepulchersManager	FourSepulchersManager: loaded 68 Emperor's grave NPC spawns.
2016.02.06 14:22:49,818	INFO	1	com.l2jmobius.gameserver.instancemanager.FourSepulchersManager	FourSepulchersManager: spawned Conquerors' Sepulcher Manager
2016.02.06 14:22:49,820	INFO	1	com.l2jmobius.gameserver.instancemanager.FourSepulchersManager	FourSepulchersManager: spawned Sepulcher of Rulers Manager
2016.02.06 14:22:49,821	INFO	1	com.l2jmobius.gameserver.instancemanager.FourSepulchersManager	FourSepulchersManager: spawned Great Sages' Sepulcher Manager
2016.02.06 14:22:49,821	INFO	1	com.l2jmobius.gameserver.instancemanager.FourSepulchersManager	FourSepulchersManager: spawned Judges' Sepulcher Manager
2016.02.06 14:22:49,832	INFO	1	com.l2jmobius.gameserver.instancemanager.FourSepulchersManager	FourSepulchersManager: Beginning in Attack time
2016.02.06 14:22:49,832	INFO	1	com.l2jmobius.gameserver.GameServer	---------------------------------------------------=[ Siege ]
2016.02.06 14:22:49,896	INFO	1	com.l2jmobius.gameserver.model.entity.Siege	Siege of Gludio: Sun Feb 14 16:00:00 UTC 2016
2016.02.06 14:22:49,909	INFO	1	com.l2jmobius.gameserver.model.entity.Siege	Siege of Dion: Sun Feb 14 16:00:00 UTC 2016
2016.02.06 14:22:49,928	INFO	1	com.l2jmobius.gameserver.model.entity.Siege	Siege of Giran: Sun Feb 14 16:00:00 UTC 2016
2016.02.06 14:22:49,938	INFO	1	com.l2jmobius.gameserver.model.entity.Siege	Siege of Oren: Sun Feb 14 16:00:00 UTC 2016
2016.02.06 14:22:49,969	INFO	1	com.l2jmobius.gameserver.model.entity.Siege	Siege of Aden: Sun Feb 14 16:00:00 UTC 2016
2016.02.06 14:22:49,989	INFO	1	com.l2jmobius.gameserver.model.entity.Siege	Siege of Innadril: Sun Feb 14 20:00:00 UTC 2016
2016.02.06 14:22:49,996	INFO	1	com.l2jmobius.gameserver.model.entity.Siege	Siege of Goddard: Sun Feb 14 20:00:00 UTC 2016
2016.02.06 14:22:50,028	INFO	1	com.l2jmobius.gameserver.model.entity.Siege	Siege of Rune: Sun Feb 14 20:00:00 UTC 2016
2016.02.06 14:22:50,047	INFO	1	com.l2jmobius.gameserver.model.entity.Siege	Siege of Schuttgart: Sun Feb 14 20:00:00 UTC 2016
2016.02.06 14:22:51,057	INFO	1	com.l2jmobius.gameserver.instancemanager.FortManager	FortManager: Loaded: 20 fortress
2016.02.06 14:22:52,310	INFO	1	com.l2jmobius.util.data.xml.IXmlReader	SiegeScheduleData: Loaded: 2 siege schedulers.
2016.02.06 14:22:52,326	INFO	1	com.l2jmobius.util.data.xml.IXmlReader	CastleManorManager: Manor system is deactivated.
2016.02.06 14:22:52,342	INFO	1	com.l2jmobius.gameserver.instancemanager.MercTicketManager	MercTicketManager: Loaded: 0 Mercenary Tickets
2016.02.06 14:22:52,342	INFO	1	com.l2jmobius.gameserver.instancemanager.QuestManager	QuestManager: Loaded: 243 quests.
2016.02.06 14:22:52,342	INFO	1	com.l2jmobius.gameserver.instancemanager.QuestManager	QuestManager: Loaded: 265 scripts.
2016.02.06 14:22:52,389	INFO	1	com.l2jmobius.gameserver.script.faenor.FaenorEventParser	Event ID: (Valentines Event) has passed... Ignored.
2016.02.06 14:22:52,389	INFO	1	com.l2jmobius.gameserver.script.faenor.FaenorScriptEngine	FaenorScriptEngine: Loaded  Valentines.xml successfully.
2016.02.06 14:22:52,389	INFO	1	com.l2jmobius.gameserver.GameServer	AutoSpawnHandler: Loaded 6 handlers in total.
2016.02.06 14:22:52,459	INFO	1	com.l2jmobius.gameserver.taskmanager.TaskManager	TaskManager: Loaded: 12 Tasks
2016.02.06 14:22:52,469	INFO	1	com.l2jmobius.gameserver.instancemanager.MailManager	MailManager: Successfully loaded 0 messages.
2016.02.06 14:22:52,479	INFO	1	com.l2jmobius.gameserver.instancemanager.PunishmentManager	PunishmentManager: Loaded 0 active and 0 expired punishments.
2016.02.06 14:22:52,489	INFO	1	com.l2jmobius.gameserver.GameServer	IdFactory: Free ObjectID's remaining: 1878997013
2016.02.06 14:22:52,490	INFO	1	com.l2jmobius.gameserver.model.entity.TvTManager	TvTEventEngine[TvTManager.TvTManager()]: Engine is disabled.
2016.02.06 14:22:52,510	INFO	1	com.l2jmobius.gameserver.data.sql.impl.OfflineTradersTable	OfflineTradersTable: Loading offline traders...
2016.02.06 14:22:52,513	INFO	1	com.l2jmobius.gameserver.data.sql.impl.OfflineTradersTable	OfflineTradersTable: Loaded: 0 offline trader(s)
2016.02.06 14:22:56,081	INFO	1	com.l2jmobius.gameserver.GameServer	GameServer: Started, using 496 of 3993 MB total memory.
2016.02.06 14:22:56,213	INFO	1	com.l2jmobius.gameserver.GameServer	GameServer: Geodata use 0 MB of memory.
2016.02.06 14:22:56,213	INFO	1	com.l2jmobius.gameserver.GameServer	GameServer: Maximum number of connected players is 2000.
2016.02.06 14:22:56,223	INFO	1	com.l2jmobius.gameserver.GameServer	GameServer: Server loaded in 183 seconds.
2016.02.06 14:22:56,498	INFO	1	com.l2jmobius.gameserver.GameServer	GameServer: is now listening on: *:7777
2016.02.06 14:22:56,706	INFO	430	com.l2jmobius.gameserver.LoginServerThread	Connecting to login on 127.0.0.1:9014
2016.02.06 14:22:57,541	INFO	430	com.l2jmobius.gameserver.LoginServerThread	Registered on login as Server 1 : Bartz
2016.02.06 14:23:07,669	WARNING	439	com.l2jmobius.gameserver.model.actor.L2Character	Master access level set for character ReEdiT! Just a warning to be careful ;)
2016.02.06 14:25:14,478	WARNING	460	com.l2jmobius.gameserver.model.actor.L2Character	Master access level set for character Nerfyo! Just a warning to be careful ;)
2016.02.06 14:25:51,832	WARNING	449	com.l2jmobius.gameserver.model.actor.L2Character	Master access level set for character Nerfyo! Just a warning to be careful ;)
2016.02.06 14:30:50,039	WARNING	27	com.l2jmobius.gameserver.model.actor.L2Character	Could not store char base data: L2PcInstance:Nerfyo[268486660] - Data truncation: Out of range value for column 'reputation' at row 1
2016.02.06 14:34:20,374	WARNING	445	com.l2jmobius.gameserver.network.clientpackets.L2GameClientPacket	L2PcInstance:Nerfyo[268486660] requested not registered admin command 'admin_account_level'
2016.02.06 14:34:30,349	INFO	449	com.l2jmobius.util.data.xml.IXmlReader	AdminData: No rights defined for admin command admin_jail auto setting accesslevel: 100 !
2016.02.06 14:34:41,463	INFO	446	com.l2jmobius.util.data.xml.IXmlReader	PrimeShopData: Loaded 194 items
2016.02.06 14:36:09,316	WARNING	460	com.l2jmobius.gameserver.model.actor.L2Character	Master access level set for character ReEdiT! Just a warning to be careful ;)
2016.02.06 14:47:57,188	WARNING	444	com.l2jmobius.gameserver.model.actor.L2Character	Master access level set for character ReEdiT! Just a warning to be careful ;)
2016.02.06 14:52:32,580	WARNING	443	com.l2jmobius.gameserver.model.actor.L2Character	Master access level set for character ReEdiT! Just a warning to be careful ;)
2016.02.06 14:56:07,697	WARNING	443	com.l2jmobius.gameserver.model.actor.L2Character	Master access level set for character ReEdiT! Just a warning to be careful ;)
2016.02.06 14:56:17,206	INFO	458	com.l2jmobius.util.data.xml.IXmlReader	AdminData: No rights defined for admin command admin_ban_char auto setting accesslevel: 100 !
2016.02.06 15:10:09,487	WARNING	452	com.l2jmobius.gameserver.model.actor.L2Character	Master access level set for character GravieR! Just a warning to be careful ;)
2016.02.06 15:13:48,678	WARNING	450	com.l2jmobius.gameserver.network.clientpackets.L2GameClientPacket	Living player [Nerfyo] called RestartPointPacket! Ban this player!
2016.02.06 15:22:36,631	WARNING	56	com.l2jmobius.gameserver.model.actor.L2Character	Could not store char base data: L2PcInstance:GravieR[268487827] - Data truncation: Out of range value for column 'reputation' at row 1
2016.02.06 15:23:29,904	WARNING	438	com.l2jmobius.gameserver.model.actor.L2Character	Master access level set for character GravieR! Just a warning to be careful ;)
2016.02.06 15:30:50,136	WARNING	65	com.l2jmobius.gameserver.model.actor.L2Character	Could not store char base data: L2PcInstance:Nerfyo[268486660] - Data truncation: Out of range value for column 'reputation' at row 1
2016.02.06 16:00:00,013	INFO	102	com.l2jmobius.gameserver.instancemanager.DayNightSpawnManager	DayNightSpawnManager: Removed 726 day creatures
2016.02.06 16:00:00,051	INFO	102	com.l2jmobius.gameserver.instancemanager.DayNightSpawnManager	DayNightSpawnManager: Spawned 1162 night creatures
2016.02.06 16:14:43,150	INFO	444	com.l2jmobius.gameserver.engines.DocumentEngine	DocumentEngine: Loaded 88459 Skill templates from XML files.
2016.02.06 16:14:44,778	INFO	444	com.l2jmobius.util.data.xml.IXmlReader	SkillTreesData: Loaded 27794 Class Skills for 145 Class Skill Trees.
2016.02.06 16:14:44,848	INFO	444	com.l2jmobius.util.data.xml.IXmlReader	SkillTreesData: Loaded 24 Sub-Class Skills.
2016.02.06 16:14:44,892	INFO	444	com.l2jmobius.util.data.xml.IXmlReader	SkillTreesData: Loaded 38 Dual-Class Skills.
2016.02.06 16:14:44,894	INFO	444	com.l2jmobius.util.data.xml.IXmlReader	SkillTreesData: Loaded 105 Transfer Skills for 3 Transfer Skill Trees.
2016.02.06 16:14:44,903	INFO	444	com.l2jmobius.util.data.xml.IXmlReader	SkillTreesData: Loaded 14 Race skills for 6 Race Skill Trees.
2016.02.06 16:14:44,912	INFO	444	com.l2jmobius.util.data.xml.IXmlReader	SkillTreesData: Loaded 35 Fishing Skills, 8 Dwarven only Fishing Skills.
2016.02.06 16:14:44,920	INFO	444	com.l2jmobius.util.data.xml.IXmlReader	SkillTreesData: Loaded 3 Collect Skills.
2016.02.06 16:14:44,922	INFO	444	com.l2jmobius.util.data.xml.IXmlReader	SkillTreesData: Loaded 172 Pledge Skills, 142 for Pledge and 30 Residential.
2016.02.06 16:14:44,930	INFO	444	com.l2jmobius.util.data.xml.IXmlReader	SkillTreesData: Loaded 18 Sub-Pledge Skills.
2016.02.06 16:14:44,932	INFO	444	com.l2jmobius.util.data.xml.IXmlReader	SkillTreesData: Loaded 32 Transform Skills.
2016.02.06 16:14:44,941	INFO	444	com.l2jmobius.util.data.xml.IXmlReader	SkillTreesData: Loaded 8 Noble Skills.
2016.02.06 16:14:44,942	INFO	444	com.l2jmobius.util.data.xml.IXmlReader	SkillTreesData: Loaded 5 Hero Skills.
2016.02.06 16:14:44,950	INFO	444	com.l2jmobius.util.data.xml.IXmlReader	SkillTreesData: Loaded 14 Game Master Skills.
2016.02.06 16:14:44,952	INFO	444	com.l2jmobius.util.data.xml.IXmlReader	SkillTreesData: Loaded 14 Game Master Aura Skills.
2016.02.06 16:14:44,960	INFO	444	com.l2jmobius.util.data.xml.IXmlReader	SkillTreesData: Loaded 138 Ability Skills.
2016.02.06 16:14:44,962	INFO	444	com.l2jmobius.util.data.xml.IXmlReader	SkillTreesData: Loaded 120 Alchemy Skills.
2016.02.06 16:14:44,971	INFO	444	com.l2jmobius.util.data.xml.IXmlReader	SkillTreesData: Loaded 20 Revelation Skills.
2016.02.06 16:14:44,980	INFO	444	com.l2jmobius.util.data.xml.IXmlReader	SkillTreesData: Loaded 4 Subclass change Skills.
2016.02.06 16:22:42,662	INFO	449	com.l2jmobius.gameserver.engines.DocumentEngine	DocumentEngine: Loaded 88480 Skill templates from XML files.
2016.02.06 16:22:43,614	INFO	449	com.l2jmobius.util.data.xml.IXmlReader	SkillTreesData: Loaded 27794 Class Skills for 145 Class Skill Trees.
2016.02.06 16:22:43,641	INFO	449	com.l2jmobius.util.data.xml.IXmlReader	SkillTreesData: Loaded 24 Sub-Class Skills.
2016.02.06 16:22:43,643	INFO	449	com.l2jmobius.util.data.xml.IXmlReader	SkillTreesData: Loaded 38 Dual-Class Skills.
2016.02.06 16:22:43,649	INFO	449	com.l2jmobius.util.data.xml.IXmlReader	SkillTreesData: Loaded 105 Transfer Skills for 3 Transfer Skill Trees.
2016.02.06 16:22:43,654	INFO	449	com.l2jmobius.util.data.xml.IXmlReader	SkillTreesData: Loaded 14 Race skills for 6 Race Skill Trees.
2016.02.06 16:22:43,662	INFO	449	com.l2jmobius.util.data.xml.IXmlReader	SkillTreesData: Loaded 35 Fishing Skills, 8 Dwarven only Fishing Skills.
2016.02.06 16:22:43,671	INFO	449	com.l2jmobius.util.data.xml.IXmlReader	SkillTreesData: Loaded 3 Collect Skills.
2016.02.06 16:22:43,676	INFO	449	com.l2jmobius.util.data.xml.IXmlReader	SkillTreesData: Loaded 172 Pledge Skills, 142 for Pledge and 30 Residential.
2016.02.06 16:22:43,682	INFO	449	com.l2jmobius.util.data.xml.IXmlReader	SkillTreesData: Loaded 18 Sub-Pledge Skills.
2016.02.06 16:22:43,682	INFO	449	com.l2jmobius.util.data.xml.IXmlReader	SkillTreesData: Loaded 32 Transform Skills.
2016.02.06 16:22:43,700	INFO	449	com.l2jmobius.util.data.xml.IXmlReader	SkillTreesData: Loaded 8 Noble Skills.
2016.02.06 16:22:43,708	INFO	449	com.l2jmobius.util.data.xml.IXmlReader	SkillTreesData: Loaded 5 Hero Skills.
2016.02.06 16:22:43,708	INFO	449	com.l2jmobius.util.data.xml.IXmlReader	SkillTreesData: Loaded 14 Game Master Skills.
2016.02.06 16:22:43,717	INFO	449	com.l2jmobius.util.data.xml.IXmlReader	SkillTreesData: Loaded 14 Game Master Aura Skills.
2016.02.06 16:22:43,717	INFO	449	com.l2jmobius.util.data.xml.IXmlReader	SkillTreesData: Loaded 138 Ability Skills.
2016.02.06 16:22:43,724	INFO	449	com.l2jmobius.util.data.xml.IXmlReader	SkillTreesData: Loaded 120 Alchemy Skills.
2016.02.06 16:22:43,730	INFO	449	com.l2jmobius.util.data.xml.IXmlReader	SkillTreesData: Loaded 20 Revelation Skills.
2016.02.06 16:22:43,731	INFO	449	com.l2jmobius.util.data.xml.IXmlReader	SkillTreesData: Loaded 4 Subclass change Skills.
2016.02.06 16:29:17,072	WARNING	452	com.l2jmobius.gameserver.Shutdown	GM: ReEdiT(268489123) issued shutdown command. restarting in 30 seconds!
2016.02.06 16:29:47,233	WARNING	471	com.l2jmobius.gameserver.Shutdown	GM shutdown countdown is over. restarting NOW!
2016.02.06 16:29:52,618	INFO	426	com.l2jmobius.gameserver.Shutdown	All players disconnected and saved(5377ms).
2016.02.06 16:29:52,620	INFO	426	com.l2jmobius.gameserver.GameTimeController	Stopping GameTimeController
2016.02.06 16:29:52,620	INFO	426	com.l2jmobius.gameserver.Shutdown	Game Time Controller: Timer stopped(2ms).
2016.02.06 16:29:58,663	INFO	426	com.l2jmobius.gameserver.ThreadPoolManager	All ThreadPools are now stopped
2016.02.06 16:29:58,694	INFO	426	com.l2jmobius.gameserver.Shutdown	Thread Pool Manager: Manager has been shut down(6074ms).
2016.02.06 16:29:58,694	INFO	426	com.l2jmobius.gameserver.Shutdown	Login Server Thread: Thread interruped(0ms).
2016.02.06 16:29:58,724	INFO	426	com.l2jmobius.gameserver.Shutdown	GM restart received. Restarting NOW!
2016.02.06 16:30:07,510	INFO	426	com.l2jmobius.gameserver.Shutdown	RaidBossSpawnManager: All raidboss info saved(8785ms).
2016.02.06 16:30:07,751	INFO	426	com.l2jmobius.gameserver.Shutdown	GrandBossManager: All Grand Boss info saved(241ms).
2016.02.06 16:30:07,751	INFO	426	com.l2jmobius.gameserver.Shutdown	Item Auction Manager: All tasks stopped(0ms).
2016.02.06 16:30:07,762	INFO	426	com.l2jmobius.gameserver.Shutdown	Olympiad System: Data saved(11ms).
2016.02.06 16:30:07,762	INFO	426	com.l2jmobius.gameserver.Shutdown	Hero System: Data saved(0ms).
2016.02.06 16:30:07,778	INFO	426	com.l2jmobius.gameserver.Shutdown	Clan System: Data saved(16ms).
2016.02.06 16:30:07,794	INFO	426	com.l2jmobius.gameserver.Shutdown	Cursed Weapons Manager: Data saved(16ms).
2016.02.06 16:30:07,794	INFO	426	com.l2jmobius.gameserver.Shutdown	Castle Manor Manager: Data saved(0ms).
2016.02.06 16:30:07,811	CONFIG	426	conquerablehalls.FortressOfTheDead.FortressOfTheDead	FortressOfTheDead: Successfully saved attackers to database.
2016.02.06 16:30:07,813	CONFIG	426	conquerablehalls.DevastatedCastle.DevastatedCastle	DevastatedCastle: Successfully saved attackers to database.
2016.02.06 16:30:07,821	CONFIG	426	conquerablehalls.flagwar.BanditStronghold.BanditStronghold	BanditStronghold: Successfully saved attackers to database.
2016.02.06 16:30:07,829	CONFIG	426	conquerablehalls.FortressOfResistance.FortressOfResistance	FortressOfResistance: Successfully saved attackers to database.
2016.02.06 16:30:07,831	CONFIG	426	conquerablehalls.flagwar.WildBeastReserve.WildBeastReserve	WildBeastReserve: Successfully saved attackers to database.
2016.02.06 16:30:07,842	INFO	426	com.l2jmobius.gameserver.Shutdown	CHSiegeManager: Siegable hall attacker lists saved!
2016.02.06 16:30:07,881	INFO	426	com.l2jmobius.gameserver.Shutdown	Quest Manager: Data saved(87ms).
2016.02.06 16:30:07,883	INFO	426	com.l2jmobius.gameserver.Shutdown	Global Variables Manager: Variables saved(2ms).
2016.02.06 16:30:07,900	INFO	426	com.l2jmobius.gameserver.Shutdown	Fishing Championship data has been saved.
2016.02.06 16:30:07,900	INFO	426	com.l2jmobius.gameserver.Shutdown	Bot Report Table: Sucessfully saved reports to database!
2016.02.06 16:30:12,916	INFO	426	com.l2jmobius.gameserver.Shutdown	Game Server: Selector thread has been shut down(0ms).
2016.02.06 16:30:12,916	INFO	426	com.l2jmobius.gameserver.Shutdown	Database Factory: Database connection has been shut down(0ms).
