2016.02.11 12:02:58,555	INFO	1	com.l2jmobius.gameserver.GameServer	-----------------------------------=[ Network Configuration ]
2016.02.11 12:02:58,587	INFO	1	com.l2jmobius.util.data.xml.IXmlReader	Using existing ipconfig.xml.
2016.02.11 12:02:58,680	WARNING	1	com.l2jmobius.util.PropertiesParser	[Custom.ini] Invalid value specified for key: ChampionRewardItemID specified value:  should be "int" using default value: 6393
2016.02.11 12:02:58,759	INFO	1	com.l2jmobius.Config	Loaded 6 Filter Words.
2016.02.11 12:02:58,759	INFO	1	com.l2jmobius.gameserver.GameServer	------------------------------------------------=[ Database ]
2016.02.11 12:02:59,337	INFO	1	com.l2jmobius.gameserver.idfactory.BitSetIDFactory	Updated characters online status.
2016.02.11 12:02:59,696	INFO	1	com.l2jmobius.gameserver.idfactory.BitSetIDFactory	Cleaned 0 elements from database in 0 s
2016.02.11 12:02:59,712	INFO	1	com.l2jmobius.gameserver.idfactory.BitSetIDFactory	Cleaned 0 expired timestamps from database.
2016.02.11 12:02:59,727	INFO	1	com.l2jmobius.gameserver.idfactory.BitSetIDFactory	BitSetIDFactory: 102912 id's available.
2016.02.11 12:02:59,727	INFO	1	com.l2jmobius.gameserver.GameServer	-------------------------------------------------=[ Engines ]
2016.02.11 12:02:59,727	INFO	1	com.l2jmobius.gameserver.scripting.L2ScriptEngineManager	Script Engine: java 1.8 - Language: java - Language Version: 1.8
2016.02.11 12:02:59,727	INFO	1	com.l2jmobius.gameserver.GameServer	---------------------------------------------------=[ World ]
2016.02.11 12:02:59,743	CONFIG	21	com.l2jmobius.gameserver.GameTimeController	GameTimeController: Started.
2016.02.11 12:02:59,743	INFO	1	com.l2jmobius.util.data.xml.IXmlReader	InstanceManager: Multiverse Instance created.
2016.02.11 12:02:59,743	INFO	1	com.l2jmobius.util.data.xml.IXmlReader	InstanceManager: Universe Instance created.
2016.02.11 12:02:59,784	INFO	1	com.l2jmobius.util.data.xml.IXmlReader	InstanceManager: Loaded 263 instance names.
2016.02.11 12:02:59,800	INFO	1	com.l2jmobius.gameserver.model.L2World	L2World: (144 by 136) World Region Grid set up.
2016.02.11 12:02:59,966	INFO	1	com.l2jmobius.util.data.xml.IXmlReader	MapRegionManager: Loaded 59 map regions.
2016.02.11 12:02:59,990	INFO	1	com.l2jmobius.gameserver.instancemanager.GlobalVariablesManager	GlobalVariablesManager: Loaded 0 variables.
2016.02.11 12:02:59,991	INFO	1	com.l2jmobius.gameserver.GameServer	----------------------------------------------------=[ Data ]
2016.02.11 12:03:00,024	INFO	1	com.l2jmobius.gameserver.data.xml.impl.CategoryData	CategoryData: Loaded 142 Categories.
2016.02.11 12:03:00,031	INFO	1	com.l2jmobius.util.data.xml.IXmlReader	SecondaryAuthData: Loaded 328 forbidden passwords.
2016.02.11 12:03:00,034	INFO	1	com.l2jmobius.util.data.xml.IXmlReader	AbilityPointsData: Loaded: 4 range fees.
2016.02.11 12:03:00,035	INFO	1	com.l2jmobius.gameserver.GameServer	-------------------------------------------------=[ Effects ]
2016.02.11 12:03:01,305	INFO	1	handlers.EffectMasterHandler	EffectMasterHandler: Loaded 178 effect handlers.
2016.02.11 12:03:01,305	INFO	1	com.l2jmobius.gameserver.GameServer	------------------------------------=[ Enchant Skill Groups ]
2016.02.11 12:03:01,337	INFO	1	com.l2jmobius.util.data.xml.IXmlReader	EnchantSkillGroupsData: Loaded 5 groups and 100 routes.
2016.02.11 12:03:01,337	INFO	1	com.l2jmobius.gameserver.GameServer	---------------------------------------------=[ Skill Trees ]
2016.02.11 12:03:02,134	INFO	1	com.l2jmobius.util.data.xml.IXmlReader	SkillTreesData: Loaded 27827 Class Skills for 145 Class Skill Trees.
2016.02.11 12:03:02,134	INFO	1	com.l2jmobius.util.data.xml.IXmlReader	SkillTreesData: Loaded 24 Sub-Class Skills.
2016.02.11 12:03:02,134	INFO	1	com.l2jmobius.util.data.xml.IXmlReader	SkillTreesData: Loaded 38 Dual-Class Skills.
2016.02.11 12:03:02,134	INFO	1	com.l2jmobius.util.data.xml.IXmlReader	SkillTreesData: Loaded 105 Transfer Skills for 3 Transfer Skill Trees.
2016.02.11 12:03:02,134	INFO	1	com.l2jmobius.util.data.xml.IXmlReader	SkillTreesData: Loaded 14 Race skills for 6 Race Skill Trees.
2016.02.11 12:03:02,134	INFO	1	com.l2jmobius.util.data.xml.IXmlReader	SkillTreesData: Loaded 35 Fishing Skills, 8 Dwarven only Fishing Skills.
2016.02.11 12:03:02,134	INFO	1	com.l2jmobius.util.data.xml.IXmlReader	SkillTreesData: Loaded 3 Collect Skills.
2016.02.11 12:03:02,134	INFO	1	com.l2jmobius.util.data.xml.IXmlReader	SkillTreesData: Loaded 172 Pledge Skills, 142 for Pledge and 30 Residential.
2016.02.11 12:03:02,134	INFO	1	com.l2jmobius.util.data.xml.IXmlReader	SkillTreesData: Loaded 18 Sub-Pledge Skills.
2016.02.11 12:03:02,134	INFO	1	com.l2jmobius.util.data.xml.IXmlReader	SkillTreesData: Loaded 32 Transform Skills.
2016.02.11 12:03:02,134	INFO	1	com.l2jmobius.util.data.xml.IXmlReader	SkillTreesData: Loaded 8 Noble Skills.
2016.02.11 12:03:02,134	INFO	1	com.l2jmobius.util.data.xml.IXmlReader	SkillTreesData: Loaded 5 Hero Skills.
2016.02.11 12:03:02,134	INFO	1	com.l2jmobius.util.data.xml.IXmlReader	SkillTreesData: Loaded 14 Game Master Skills.
2016.02.11 12:03:02,134	INFO	1	com.l2jmobius.util.data.xml.IXmlReader	SkillTreesData: Loaded 14 Game Master Aura Skills.
2016.02.11 12:03:02,134	INFO	1	com.l2jmobius.util.data.xml.IXmlReader	SkillTreesData: Loaded 138 Ability Skills.
2016.02.11 12:03:02,134	INFO	1	com.l2jmobius.util.data.xml.IXmlReader	SkillTreesData: Loaded 120 Alchemy Skills.
2016.02.11 12:03:02,134	INFO	1	com.l2jmobius.util.data.xml.IXmlReader	SkillTreesData: Loaded 20 Revelation Skills.
2016.02.11 12:03:02,149	INFO	1	com.l2jmobius.util.data.xml.IXmlReader	SkillTreesData: Loaded 4 Subclass change Skills.
2016.02.11 12:03:02,149	INFO	1	com.l2jmobius.gameserver.GameServer	--------------------------------------------------=[ Skills ]
2016.02.11 12:03:09,550	INFO	1	com.l2jmobius.gameserver.engines.DocumentEngine	DocumentEngine: Loaded 88480 Skill templates from XML files.
2016.02.11 12:03:09,615	INFO	1	com.l2jmobius.gameserver.data.sql.impl.SummonSkillsTable	SummonSkillsTable: Loaded 2674 skills.
2016.02.11 12:03:09,616	INFO	1	com.l2jmobius.gameserver.GameServer	---------------------------------------------------=[ Items ]
2016.02.11 12:03:11,352	INFO	1	com.l2jmobius.gameserver.datatables.ItemTable	ItemTable: Highest item id used:46692
2016.02.11 12:03:11,368	INFO	1	com.l2jmobius.gameserver.datatables.ItemTable	ItemTable: Loaded: 20025 Etc Items
2016.02.11 12:03:11,368	INFO	1	com.l2jmobius.gameserver.datatables.ItemTable	ItemTable: Loaded: 10168 Armor Items
2016.02.11 12:03:11,368	INFO	1	com.l2jmobius.gameserver.datatables.ItemTable	ItemTable: Loaded: 8490 Weapon Items
2016.02.11 12:03:11,368	INFO	1	com.l2jmobius.gameserver.datatables.ItemTable	ItemTable: Loaded: 38683 Items in total.
2016.02.11 12:03:11,368	INFO	1	com.l2jmobius.util.data.xml.IXmlReader	EnchantItemGroupsData: Loaded: 4 item group templates.
2016.02.11 12:03:11,368	INFO	1	com.l2jmobius.util.data.xml.IXmlReader	EnchantItemGroupsData: Loaded: 1 scroll group templates.
2016.02.11 12:03:11,384	INFO	1	com.l2jmobius.util.data.xml.IXmlReader	EnchantItemData: Loaded 251 Enchant Scrolls.
2016.02.11 12:03:11,384	INFO	1	com.l2jmobius.util.data.xml.IXmlReader	EnchantItemData: Loaded 97 Support Items.
2016.02.11 12:03:11,399	INFO	1	com.l2jmobius.util.data.xml.IXmlReader	EnchantItemOptionsData: Loaded: 24 Items and 1107 Options.
2016.02.11 12:03:11,416	INFO	1	com.l2jmobius.util.data.xml.IXmlReader	ItemCrystalizationData: Loaded: 170 Items
2016.02.11 12:03:12,165	INFO	1	com.l2jmobius.util.data.xml.IXmlReader	OptionData: Loaded: 25035 Options.
2016.02.11 12:03:12,196	INFO	1	com.l2jmobius.util.data.xml.IXmlReader	EnchantItemHPBonusData: Loaded 11 Enchant HP Bonuses.
2016.02.11 12:03:12,196	INFO	1	com.l2jmobius.gameserver.datatables.MerchantPriceConfigTable	MerchantPriceConfigTable: Loaded 28 merchant price configs.
2016.02.11 12:03:13,196	INFO	1	com.l2jmobius.util.data.xml.IXmlReader	BuyListData: Loaded 850 BuyLists.
2016.02.11 12:03:14,368	INFO	1	com.l2jmobius.util.data.xml.IXmlReader	MultisellData: Loaded 331 multisell lists.
2016.02.11 12:03:14,432	INFO	1	com.l2jmobius.util.data.xml.IXmlReader	RecipeData: Loaded 1611 recipes.
2016.02.11 12:03:14,484	INFO	1	com.l2jmobius.util.data.xml.IXmlReader	ArmorSetsData: Loaded 297 Armor sets.
2016.02.11 12:03:14,534	INFO	1	com.l2jmobius.util.data.xml.IXmlReader	HennaData: Loaded 440 Henna data.
2016.02.11 12:03:14,546	INFO	1	com.l2jmobius.util.data.xml.IXmlReader	FishData: Loaded 321 Fishes.
2016.02.11 12:03:14,549	INFO	1	com.l2jmobius.util.data.xml.IXmlReader	FishingMonstersData: Loaded 8 Fishing Monsters.
2016.02.11 12:03:14,555	INFO	1	com.l2jmobius.util.data.xml.IXmlReader	FishingRodsData: Loaded 8 Fishing Rods.
2016.02.11 12:03:14,588	INFO	1	com.l2jmobius.util.data.xml.IXmlReader	PrimeShopData: Loaded 194 items
2016.02.11 12:03:14,597	INFO	1	com.l2jmobius.util.data.xml.IXmlReader	AppearanceItemData: Loaded: 246 Stones
2016.02.11 12:03:14,602	INFO	1	com.l2jmobius.util.data.xml.IXmlReader	LuckyGameData: Loaded 52 Normal item rewards.
2016.02.11 12:03:14,602	INFO	1	com.l2jmobius.util.data.xml.IXmlReader	LuckyGameData: Loaded 96 Luxury item rewards.
2016.02.11 12:03:14,602	INFO	1	com.l2jmobius.util.data.xml.IXmlReader	LuckyGameData: Loaded 68 Rare item rewards.
2016.02.11 12:03:14,602	INFO	1	com.l2jmobius.gameserver.GameServer	----------------------------------------------=[ Characters ]
2016.02.11 12:03:14,602	INFO	1	com.l2jmobius.util.data.xml.IXmlReader	ClassListData: Loaded 157 Class data.
2016.02.11 12:03:14,602	INFO	1	com.l2jmobius.util.data.xml.IXmlReader	InitialEquipmentData: Loaded 13 Initial Equipment data.
2016.02.11 12:03:14,602	INFO	1	com.l2jmobius.util.data.xml.IXmlReader	InitialShortcutData: Loaded 5 Initial Global Shortcuts data.
2016.02.11 12:03:14,602	INFO	1	com.l2jmobius.util.data.xml.IXmlReader	InitialShortcutData: Loaded 5 Initial Shortcuts data.
2016.02.11 12:03:14,602	INFO	1	com.l2jmobius.util.data.xml.IXmlReader	InitialShortcutData: Loaded 0 Macros presets.
2016.02.11 12:03:14,602	INFO	1	com.l2jmobius.util.data.xml.IXmlReader	ExperienceData: Loaded 75 levels.
2016.02.11 12:03:14,602	INFO	1	com.l2jmobius.util.data.xml.IXmlReader	ExperienceData: Max Player Level is: 75
2016.02.11 12:03:14,602	INFO	1	com.l2jmobius.util.data.xml.IXmlReader	ExperienceData: Max Pet Level is: 75
2016.02.11 12:03:14,618	INFO	1	com.l2jmobius.util.data.xml.IXmlReader	KarmaData: Loaded 75 karma modifiers.
2016.02.11 12:03:14,618	INFO	1	com.l2jmobius.util.data.xml.IXmlReader	HitConditionBonusData: Loaded Hit Condition bonuses.
2016.02.11 12:03:15,085	INFO	1	com.l2jmobius.gameserver.data.xml.impl.PlayerTemplateData	PlayerTemplateData: Loaded 145 character templates.
2016.02.11 12:03:15,086	INFO	1	com.l2jmobius.gameserver.data.xml.impl.PlayerTemplateData	PlayerTemplateData: Loaded 65250 level up gain records.
2016.02.11 12:03:15,090	INFO	1	com.l2jmobius.gameserver.data.sql.impl.CharNameTable	CharNameTable: Loaded 0 char names.
2016.02.11 12:03:15,102	INFO	1	com.l2jmobius.util.data.xml.IXmlReader	AdminData: Loaded: 10 Access Levels.
2016.02.11 12:03:15,102	INFO	1	com.l2jmobius.util.data.xml.IXmlReader	AdminData: Loaded: 438 Access Commands.
2016.02.11 12:03:15,418	INFO	1	com.l2jmobius.util.data.xml.IXmlReader	PetDataTable: Loaded 49 Pets.
2016.02.11 12:03:15,424	INFO	1	com.l2jmobius.gameserver.GameServer	PremiumManager: Premium system is enabled.
2016.02.11 12:03:15,425	INFO	1	com.l2jmobius.gameserver.GameServer	---------------------------------------------------=[ Clans ]
2016.02.11 12:03:15,441	INFO	1	com.l2jmobius.gameserver.communitybbs.Manager.ForumsBBSManager	Loaded 4 forums. Last forum id used: 4
2016.02.11 12:03:15,442	INFO	1	com.l2jmobius.gameserver.data.sql.impl.ClanTable	ClanTable: Restored 0 clans from the database.
2016.02.11 12:03:15,469	INFO	1	com.l2jmobius.gameserver.instancemanager.CHSiegeManager	CHSiegeManager: Loaded 6 conquerable clan halls.
2016.02.11 12:03:15,543	INFO	1	com.l2jmobius.gameserver.instancemanager.ClanHallAuctionManager	ClanHallAuctionManager: Loaded: 38 auction(s)
2016.02.11 12:03:15,545	INFO	1	com.l2jmobius.gameserver.instancemanager.ClanHallManager	ClanHallManager: Loaded: 0 clan halls
2016.02.11 12:03:15,545	INFO	1	com.l2jmobius.gameserver.instancemanager.ClanHallManager	ClanHallManager: Loaded: 38 free clan halls
2016.02.11 12:03:15,565	INFO	1	com.l2jmobius.gameserver.instancemanager.ClanEntryManager	ClanEntryManager: Loaded: 0 clan entry
2016.02.11 12:03:15,568	INFO	1	com.l2jmobius.gameserver.instancemanager.ClanEntryManager	ClanEntryManager: Loaded: 0 player in waiting list
2016.02.11 12:03:15,571	INFO	1	com.l2jmobius.gameserver.instancemanager.ClanEntryManager	ClanEntryManager: Loaded: 0 player application
2016.02.11 12:03:15,571	INFO	1	com.l2jmobius.gameserver.GameServer	-------------------------------------------------=[ Geodata ]
2016.02.11 12:03:15,579	INFO	1	com.l2jmobius.gameserver.GeoData	GeoData: Loading 11_23.l2j...
2016.02.11 12:03:15,602	INFO	1	com.l2jmobius.gameserver.GeoData	GeoData: Loading 11_24.l2j...
2016.02.11 12:03:15,602	INFO	1	com.l2jmobius.gameserver.GeoData	GeoData: Loading 11_25.l2j...
2016.02.11 12:03:15,602	INFO	1	com.l2jmobius.gameserver.GeoData	GeoData: Loading 11_26.l2j...
2016.02.11 12:03:15,618	INFO	1	com.l2jmobius.gameserver.GeoData	GeoData: Loading 12_23.l2j...
2016.02.11 12:03:15,634	INFO	1	com.l2jmobius.gameserver.GeoData	GeoData: Loading 12_24.l2j...
2016.02.11 12:03:15,665	INFO	1	com.l2jmobius.gameserver.GeoData	GeoData: Loading 12_25.l2j...
2016.02.11 12:03:15,665	INFO	1	com.l2jmobius.gameserver.GeoData	GeoData: Loading 12_26.l2j...
2016.02.11 12:03:15,680	INFO	1	com.l2jmobius.gameserver.GeoData	GeoData: Loading 13_21.l2j...
2016.02.11 12:03:15,680	INFO	1	com.l2jmobius.gameserver.GeoData	GeoData: Loading 13_22.l2j...
2016.02.11 12:03:15,680	INFO	1	com.l2jmobius.gameserver.GeoData	GeoData: Loading 13_23.l2j...
2016.02.11 12:03:15,680	INFO	1	com.l2jmobius.gameserver.GeoData	GeoData: Loading 13_24.l2j...
2016.02.11 12:03:15,696	INFO	1	com.l2jmobius.gameserver.GeoData	GeoData: Loading 13_25.l2j...
2016.02.11 12:03:15,696	INFO	1	com.l2jmobius.gameserver.GeoData	GeoData: Loading 13_26.l2j...
2016.02.11 12:03:15,715	INFO	1	com.l2jmobius.gameserver.GeoData	GeoData: Loading 14_21.l2j...
2016.02.11 12:03:15,717	INFO	1	com.l2jmobius.gameserver.GeoData	GeoData: Loading 14_22.l2j...
2016.02.11 12:03:15,730	INFO	1	com.l2jmobius.gameserver.GeoData	GeoData: Loading 14_23.l2j...
2016.02.11 12:03:15,765	INFO	1	com.l2jmobius.gameserver.GeoData	GeoData: Loading 14_24.l2j...
2016.02.11 12:03:15,777	INFO	1	com.l2jmobius.gameserver.GeoData	GeoData: Loading 14_25.l2j...
2016.02.11 12:03:15,787	INFO	1	com.l2jmobius.gameserver.GeoData	GeoData: Loading 14_26.l2j...
2016.02.11 12:03:15,792	INFO	1	com.l2jmobius.gameserver.GeoData	GeoData: Loading 15_10.l2j...
2016.02.11 12:03:15,795	INFO	1	com.l2jmobius.gameserver.GeoData	GeoData: Loading 15_11.l2j...
2016.02.11 12:03:15,800	INFO	1	com.l2jmobius.gameserver.GeoData	GeoData: Loading 15_12.l2j...
2016.02.11 12:03:15,805	INFO	1	com.l2jmobius.gameserver.GeoData	GeoData: Loading 15_18.l2j...
2016.02.11 12:03:15,805	INFO	1	com.l2jmobius.gameserver.GeoData	GeoData: Loading 15_19.l2j...
2016.02.11 12:03:15,805	INFO	1	com.l2jmobius.gameserver.GeoData	GeoData: Loading 15_20.l2j...
2016.02.11 12:03:15,805	INFO	1	com.l2jmobius.gameserver.GeoData	GeoData: Loading 15_21.l2j...
2016.02.11 12:03:15,805	INFO	1	com.l2jmobius.gameserver.GeoData	GeoData: Loading 15_22.l2j...
2016.02.11 12:03:15,805	INFO	1	com.l2jmobius.gameserver.GeoData	GeoData: Loading 15_23.l2j...
2016.02.11 12:03:15,821	INFO	1	com.l2jmobius.gameserver.GeoData	GeoData: Loading 15_24.l2j...
2016.02.11 12:03:15,821	INFO	1	com.l2jmobius.gameserver.GeoData	GeoData: Loading 15_25.l2j...
2016.02.11 12:03:15,821	INFO	1	com.l2jmobius.gameserver.GeoData	GeoData: Loading 15_26.l2j...
2016.02.11 12:03:15,821	INFO	1	com.l2jmobius.gameserver.GeoData	GeoData: Loading 16_10.l2j...
2016.02.11 12:03:15,852	INFO	1	com.l2jmobius.gameserver.GeoData	GeoData: Loading 16_11.l2j...
2016.02.11 12:03:15,852	INFO	1	com.l2jmobius.gameserver.GeoData	GeoData: Loading 16_12.l2j...
2016.02.11 12:03:15,852	INFO	1	com.l2jmobius.gameserver.GeoData	GeoData: Loading 16_13.l2j...
2016.02.11 12:03:15,852	INFO	1	com.l2jmobius.gameserver.GeoData	GeoData: Loading 16_14.l2j...
2016.02.11 12:03:15,868	INFO	1	com.l2jmobius.gameserver.GeoData	GeoData: Loading 16_15.l2j...
2016.02.11 12:03:15,868	INFO	1	com.l2jmobius.gameserver.GeoData	GeoData: Loading 16_16.l2j...
2016.02.11 12:03:15,868	INFO	1	com.l2jmobius.gameserver.GeoData	GeoData: Loading 16_17.l2j...
2016.02.11 12:03:15,868	INFO	1	com.l2jmobius.gameserver.GeoData	GeoData: Loading 16_18.l2j...
2016.02.11 12:03:15,884	INFO	1	com.l2jmobius.gameserver.GeoData	GeoData: Loading 16_19.l2j...
2016.02.11 12:03:15,884	INFO	1	com.l2jmobius.gameserver.GeoData	GeoData: Loading 16_20.l2j...
2016.02.11 12:03:15,899	INFO	1	com.l2jmobius.gameserver.GeoData	GeoData: Loading 16_21.l2j...
2016.02.11 12:03:15,899	INFO	1	com.l2jmobius.gameserver.GeoData	GeoData: Loading 16_22.l2j...
2016.02.11 12:03:16,207	INFO	1	com.l2jmobius.gameserver.GeoData	GeoData: Loading 16_23.l2j...
2016.02.11 12:03:16,232	INFO	1	com.l2jmobius.gameserver.GeoData	GeoData: Loading 16_24.l2j...
2016.02.11 12:03:16,236	INFO	1	com.l2jmobius.gameserver.GeoData	GeoData: Loading 16_25.l2j...
2016.02.11 12:03:16,248	INFO	1	com.l2jmobius.gameserver.GeoData	GeoData: Loading 16_26.l2j...
2016.02.11 12:03:16,248	INFO	1	com.l2jmobius.gameserver.GeoData	GeoData: Loading 17_10.l2j...
2016.02.11 12:03:16,251	INFO	1	com.l2jmobius.gameserver.GeoData	GeoData: Loading 17_11.l2j...
2016.02.11 12:03:16,256	INFO	1	com.l2jmobius.gameserver.GeoData	GeoData: Loading 17_12.l2j...
2016.02.11 12:03:16,257	INFO	1	com.l2jmobius.gameserver.GeoData	GeoData: Loading 17_13.l2j...
2016.02.11 12:03:16,259	INFO	1	com.l2jmobius.gameserver.GeoData	GeoData: Loading 17_14.l2j...
2016.02.11 12:03:16,261	INFO	1	com.l2jmobius.gameserver.GeoData	GeoData: Loading 17_15.l2j...
2016.02.11 12:03:16,264	INFO	1	com.l2jmobius.gameserver.GeoData	GeoData: Loading 17_16.l2j...
2016.02.11 12:03:16,277	INFO	1	com.l2jmobius.gameserver.GeoData	GeoData: Loading 17_17.l2j...
2016.02.11 12:03:16,280	INFO	1	com.l2jmobius.gameserver.GeoData	GeoData: Loading 17_18.l2j...
2016.02.11 12:03:16,282	INFO	1	com.l2jmobius.gameserver.GeoData	GeoData: Loading 17_19.l2j...
2016.02.11 12:03:16,288	INFO	1	com.l2jmobius.gameserver.GeoData	GeoData: Loading 17_20.l2j...
2016.02.11 12:03:16,293	INFO	1	com.l2jmobius.gameserver.GeoData	GeoData: Loading 17_21.l2j...
2016.02.11 12:03:16,301	INFO	1	com.l2jmobius.gameserver.GeoData	GeoData: Loading 17_22.l2j...
2016.02.11 12:03:16,309	INFO	1	com.l2jmobius.gameserver.GeoData	GeoData: Loading 17_23.l2j...
2016.02.11 12:03:16,312	INFO	1	com.l2jmobius.gameserver.GeoData	GeoData: Loading 17_24.l2j...
2016.02.11 12:03:16,316	INFO	1	com.l2jmobius.gameserver.GeoData	GeoData: Loading 17_25.l2j...
2016.02.11 12:03:16,327	INFO	1	com.l2jmobius.gameserver.GeoData	GeoData: Loading 17_26.l2j...
2016.02.11 12:03:16,328	INFO	1	com.l2jmobius.gameserver.GeoData	GeoData: Loading 18_10.l2j...
2016.02.11 12:03:16,331	INFO	1	com.l2jmobius.gameserver.GeoData	GeoData: Loading 18_11.l2j...
2016.02.11 12:03:16,334	INFO	1	com.l2jmobius.gameserver.GeoData	GeoData: Loading 18_12.l2j...
2016.02.11 12:03:16,338	INFO	1	com.l2jmobius.gameserver.GeoData	GeoData: Loading 18_13.l2j...
2016.02.11 12:03:16,339	INFO	1	com.l2jmobius.gameserver.GeoData	GeoData: Loading 18_14.l2j...
2016.02.11 12:03:16,352	INFO	1	com.l2jmobius.gameserver.GeoData	GeoData: Loading 18_15.l2j...
2016.02.11 12:03:16,359	INFO	1	com.l2jmobius.gameserver.GeoData	GeoData: Loading 18_16.l2j...
2016.02.11 12:03:16,366	INFO	1	com.l2jmobius.gameserver.GeoData	GeoData: Loading 18_17.l2j...
2016.02.11 12:03:16,368	INFO	1	com.l2jmobius.gameserver.GeoData	GeoData: Loading 18_18.l2j...
2016.02.11 12:03:16,369	INFO	1	com.l2jmobius.gameserver.GeoData	GeoData: Loading 18_19.l2j...
2016.02.11 12:03:16,378	INFO	1	com.l2jmobius.gameserver.GeoData	GeoData: Loading 18_20.l2j...
2016.02.11 12:03:16,386	INFO	1	com.l2jmobius.gameserver.GeoData	GeoData: Loading 18_21.l2j...
2016.02.11 12:03:16,395	INFO	1	com.l2jmobius.gameserver.GeoData	GeoData: Loading 18_22.l2j...
2016.02.11 12:03:16,410	INFO	1	com.l2jmobius.gameserver.GeoData	GeoData: Loading 18_23.l2j...
2016.02.11 12:03:16,419	INFO	1	com.l2jmobius.gameserver.GeoData	GeoData: Loading 18_24.l2j...
2016.02.11 12:03:16,427	INFO	1	com.l2jmobius.gameserver.GeoData	GeoData: Loading 18_25.l2j...
2016.02.11 12:03:16,430	INFO	1	com.l2jmobius.gameserver.GeoData	GeoData: Loading 18_26.l2j...
2016.02.11 12:03:16,431	INFO	1	com.l2jmobius.gameserver.GeoData	GeoData: Loading 19_10.l2j...
2016.02.11 12:03:16,435	INFO	1	com.l2jmobius.gameserver.GeoData	GeoData: Loading 19_11.l2j...
2016.02.11 12:03:16,437	INFO	1	com.l2jmobius.gameserver.GeoData	GeoData: Loading 19_12.l2j...
2016.02.11 12:03:16,440	INFO	1	com.l2jmobius.gameserver.GeoData	GeoData: Loading 19_13.l2j...
2016.02.11 12:03:16,447	INFO	1	com.l2jmobius.gameserver.GeoData	GeoData: Loading 19_14.l2j...
2016.02.11 12:03:16,456	INFO	1	com.l2jmobius.gameserver.GeoData	GeoData: Loading 19_15.l2j...
2016.02.11 12:03:16,465	INFO	1	com.l2jmobius.gameserver.GeoData	GeoData: Loading 19_16.l2j...
2016.02.11 12:03:16,473	INFO	1	com.l2jmobius.gameserver.GeoData	GeoData: Loading 19_17.l2j...
2016.02.11 12:03:16,476	INFO	1	com.l2jmobius.gameserver.GeoData	GeoData: Loading 19_18.l2j...
2016.02.11 12:03:16,489	INFO	1	com.l2jmobius.gameserver.GeoData	GeoData: Loading 19_19.l2j...
2016.02.11 12:03:16,501	INFO	1	com.l2jmobius.gameserver.GeoData	GeoData: Loading 19_20.l2j...
2016.02.11 12:03:16,513	INFO	1	com.l2jmobius.gameserver.GeoData	GeoData: Loading 19_21.l2j...
2016.02.11 12:03:16,520	INFO	1	com.l2jmobius.gameserver.GeoData	GeoData: Loading 19_22.l2j...
2016.02.11 12:03:16,532	INFO	1	com.l2jmobius.gameserver.GeoData	GeoData: Loading 19_23.l2j...
2016.02.11 12:03:16,547	INFO	1	com.l2jmobius.gameserver.GeoData	GeoData: Loading 19_24.l2j...
2016.02.11 12:03:16,553	INFO	1	com.l2jmobius.gameserver.GeoData	GeoData: Loading 19_25.l2j...
2016.02.11 12:03:16,573	INFO	1	com.l2jmobius.gameserver.GeoData	GeoData: Loading 19_26.l2j...
2016.02.11 12:03:16,578	INFO	1	com.l2jmobius.gameserver.GeoData	GeoData: Loading 20_10.l2j...
2016.02.11 12:03:16,580	INFO	1	com.l2jmobius.gameserver.GeoData	GeoData: Loading 20_11.l2j...
2016.02.11 12:03:16,583	INFO	1	com.l2jmobius.gameserver.GeoData	GeoData: Loading 20_12.l2j...
2016.02.11 12:03:16,585	INFO	1	com.l2jmobius.gameserver.GeoData	GeoData: Loading 20_13.l2j...
2016.02.11 12:03:16,593	INFO	1	com.l2jmobius.gameserver.GeoData	GeoData: Loading 20_14.l2j...
2016.02.11 12:03:16,602	INFO	1	com.l2jmobius.gameserver.GeoData	GeoData: Loading 20_15.l2j...
2016.02.11 12:03:16,602	INFO	1	com.l2jmobius.gameserver.GeoData	GeoData: Loading 20_16.l2j...
2016.02.11 12:03:16,602	INFO	1	com.l2jmobius.gameserver.GeoData	GeoData: Loading 20_17.l2j...
2016.02.11 12:03:16,618	INFO	1	com.l2jmobius.gameserver.GeoData	GeoData: Loading 20_18.l2j...
2016.02.11 12:03:16,634	INFO	1	com.l2jmobius.gameserver.GeoData	GeoData: Loading 20_19.l2j...
2016.02.11 12:03:16,634	INFO	1	com.l2jmobius.gameserver.GeoData	GeoData: Loading 20_20.l2j...
2016.02.11 12:03:16,649	INFO	1	com.l2jmobius.gameserver.GeoData	GeoData: Loading 20_21.l2j...
2016.02.11 12:03:16,649	INFO	1	com.l2jmobius.gameserver.GeoData	GeoData: Loading 20_22.l2j...
2016.02.11 12:03:16,665	INFO	1	com.l2jmobius.gameserver.GeoData	GeoData: Loading 20_23.l2j...
2016.02.11 12:03:16,665	INFO	1	com.l2jmobius.gameserver.GeoData	GeoData: Loading 20_24.l2j...
2016.02.11 12:03:16,665	INFO	1	com.l2jmobius.gameserver.GeoData	GeoData: Loading 20_25.l2j...
2016.02.11 12:03:16,680	INFO	1	com.l2jmobius.gameserver.GeoData	GeoData: Loading 20_26.l2j...
2016.02.11 12:03:16,680	INFO	1	com.l2jmobius.gameserver.GeoData	GeoData: Loading 21_10.l2j...
2016.02.11 12:03:16,680	INFO	1	com.l2jmobius.gameserver.GeoData	GeoData: Loading 21_11.l2j...
2016.02.11 12:03:16,696	INFO	1	com.l2jmobius.gameserver.GeoData	GeoData: Loading 21_12.l2j...
2016.02.11 12:03:16,696	INFO	1	com.l2jmobius.gameserver.GeoData	GeoData: Loading 21_13.l2j...
2016.02.11 12:03:16,696	INFO	1	com.l2jmobius.gameserver.GeoData	GeoData: Loading 21_14.l2j...
2016.02.11 12:03:16,712	INFO	1	com.l2jmobius.gameserver.GeoData	GeoData: Loading 21_15.l2j...
2016.02.11 12:03:16,724	INFO	1	com.l2jmobius.gameserver.GeoData	GeoData: Loading 21_16.l2j...
2016.02.11 12:03:16,736	INFO	1	com.l2jmobius.gameserver.GeoData	GeoData: Loading 21_17.l2j...
2016.02.11 12:03:16,741	INFO	1	com.l2jmobius.gameserver.GeoData	GeoData: Loading 21_18.l2j...
2016.02.11 12:03:16,751	INFO	1	com.l2jmobius.gameserver.GeoData	GeoData: Loading 21_19.l2j...
2016.02.11 12:03:16,758	INFO	1	com.l2jmobius.gameserver.GeoData	GeoData: Loading 21_20.l2j...
2016.02.11 12:03:16,770	INFO	1	com.l2jmobius.gameserver.GeoData	GeoData: Loading 21_21.l2j...
2016.02.11 12:03:16,787	INFO	1	com.l2jmobius.gameserver.GeoData	GeoData: Loading 21_22.l2j...
2016.02.11 12:03:16,797	INFO	1	com.l2jmobius.gameserver.GeoData	GeoData: Loading 21_23.l2j...
2016.02.11 12:03:16,805	INFO	1	com.l2jmobius.gameserver.GeoData	GeoData: Loading 21_24.l2j...
2016.02.11 12:03:16,805	INFO	1	com.l2jmobius.gameserver.GeoData	GeoData: Loading 21_25.l2j...
2016.02.11 12:03:16,805	INFO	1	com.l2jmobius.gameserver.GeoData	GeoData: Loading 22_10.l2j...
2016.02.11 12:03:16,821	INFO	1	com.l2jmobius.gameserver.GeoData	GeoData: Loading 22_11.l2j...
2016.02.11 12:03:16,821	INFO	1	com.l2jmobius.gameserver.GeoData	GeoData: Loading 22_12.l2j...
2016.02.11 12:03:16,821	INFO	1	com.l2jmobius.gameserver.GeoData	GeoData: Loading 22_13.l2j...
2016.02.11 12:03:16,837	INFO	1	com.l2jmobius.gameserver.GeoData	GeoData: Loading 22_14.l2j...
2016.02.11 12:03:16,852	INFO	1	com.l2jmobius.gameserver.GeoData	GeoData: Loading 22_15.l2j...
2016.02.11 12:03:16,868	INFO	1	com.l2jmobius.gameserver.GeoData	GeoData: Loading 22_16.l2j...
2016.02.11 12:03:16,884	INFO	1	com.l2jmobius.gameserver.GeoData	GeoData: Loading 22_17.l2j...
2016.02.11 12:03:16,884	INFO	1	com.l2jmobius.gameserver.GeoData	GeoData: Loading 22_18.l2j...
2016.02.11 12:03:16,899	INFO	1	com.l2jmobius.gameserver.GeoData	GeoData: Loading 22_19.l2j...
2016.02.11 12:03:16,899	INFO	1	com.l2jmobius.gameserver.GeoData	GeoData: Loading 22_20.l2j...
2016.02.11 12:03:16,933	INFO	1	com.l2jmobius.gameserver.GeoData	GeoData: Loading 22_21.l2j...
2016.02.11 12:03:16,947	INFO	1	com.l2jmobius.gameserver.GeoData	GeoData: Loading 22_22.l2j...
2016.02.11 12:03:16,959	INFO	1	com.l2jmobius.gameserver.GeoData	GeoData: Loading 22_23.l2j...
2016.02.11 12:03:16,971	INFO	1	com.l2jmobius.gameserver.GeoData	GeoData: Loading 22_24.l2j...
2016.02.11 12:03:16,983	INFO	1	com.l2jmobius.gameserver.GeoData	GeoData: Loading 22_25.l2j...
2016.02.11 12:03:16,996	INFO	1	com.l2jmobius.gameserver.GeoData	GeoData: Loading 22_26.l2j...
2016.02.11 12:03:16,997	INFO	1	com.l2jmobius.gameserver.GeoData	GeoData: Loading 23_10.l2j...
2016.02.11 12:03:16,999	INFO	1	com.l2jmobius.gameserver.GeoData	GeoData: Loading 23_11.l2j...
2016.02.11 12:03:17,007	INFO	1	com.l2jmobius.gameserver.GeoData	GeoData: Loading 23_12.l2j...
2016.02.11 12:03:17,018	INFO	1	com.l2jmobius.gameserver.GeoData	GeoData: Loading 23_13.l2j...
2016.02.11 12:03:17,031	INFO	1	com.l2jmobius.gameserver.GeoData	GeoData: Loading 23_14.l2j...
2016.02.11 12:03:17,045	INFO	1	com.l2jmobius.gameserver.GeoData	GeoData: Loading 23_15.l2j...
2016.02.11 12:03:17,062	INFO	1	com.l2jmobius.gameserver.GeoData	GeoData: Loading 23_16.l2j...
2016.02.11 12:03:17,072	INFO	1	com.l2jmobius.gameserver.GeoData	GeoData: Loading 23_17.l2j...
2016.02.11 12:03:17,083	INFO	1	com.l2jmobius.gameserver.GeoData	GeoData: Loading 23_18.l2j...
2016.02.11 12:03:17,097	INFO	1	com.l2jmobius.gameserver.GeoData	GeoData: Loading 23_19.l2j...
2016.02.11 12:03:17,109	INFO	1	com.l2jmobius.gameserver.GeoData	GeoData: Loading 23_20.l2j...
2016.02.11 12:03:17,120	INFO	1	com.l2jmobius.gameserver.GeoData	GeoData: Loading 23_21.l2j...
2016.02.11 12:03:17,130	INFO	1	com.l2jmobius.gameserver.GeoData	GeoData: Loading 23_22.l2j...
2016.02.11 12:03:17,141	INFO	1	com.l2jmobius.gameserver.GeoData	GeoData: Loading 23_23.l2j...
2016.02.11 12:03:17,150	INFO	1	com.l2jmobius.gameserver.GeoData	GeoData: Loading 23_24.l2j...
2016.02.11 12:03:17,158	INFO	1	com.l2jmobius.gameserver.GeoData	GeoData: Loading 23_25.l2j...
2016.02.11 12:03:17,164	INFO	1	com.l2jmobius.gameserver.GeoData	GeoData: Loading 23_26.l2j...
2016.02.11 12:03:17,165	INFO	1	com.l2jmobius.gameserver.GeoData	GeoData: Loading 24_10.l2j...
2016.02.11 12:03:17,167	INFO	1	com.l2jmobius.gameserver.GeoData	GeoData: Loading 24_11.l2j...
2016.02.11 12:03:17,176	INFO	1	com.l2jmobius.gameserver.GeoData	GeoData: Loading 24_12.l2j...
2016.02.11 12:03:17,191	INFO	1	com.l2jmobius.gameserver.GeoData	GeoData: Loading 24_13.l2j...
2016.02.11 12:03:17,197	INFO	1	com.l2jmobius.gameserver.GeoData	GeoData: Loading 24_14.l2j...
2016.02.11 12:03:17,207	INFO	1	com.l2jmobius.gameserver.GeoData	GeoData: Loading 24_15.l2j...
2016.02.11 12:03:17,216	INFO	1	com.l2jmobius.gameserver.GeoData	GeoData: Loading 24_16.l2j...
2016.02.11 12:03:17,224	INFO	1	com.l2jmobius.gameserver.GeoData	GeoData: Loading 24_17.l2j...
2016.02.11 12:03:17,234	INFO	1	com.l2jmobius.gameserver.GeoData	GeoData: Loading 24_18.l2j...
2016.02.11 12:03:17,241	INFO	1	com.l2jmobius.gameserver.GeoData	GeoData: Loading 24_19.l2j...
2016.02.11 12:03:18,550	INFO	1	com.l2jmobius.gameserver.GeoData	GeoData: Loading 24_20.l2j...
2016.02.11 12:03:18,610	INFO	1	com.l2jmobius.gameserver.GeoData	GeoData: Loading 24_21.l2j...
2016.02.11 12:03:18,623	INFO	1	com.l2jmobius.gameserver.GeoData	GeoData: Loading 24_22.l2j...
2016.02.11 12:03:18,635	INFO	1	com.l2jmobius.gameserver.GeoData	GeoData: Loading 24_23.l2j...
2016.02.11 12:03:18,642	INFO	1	com.l2jmobius.gameserver.GeoData	GeoData: Loading 24_24.l2j...
2016.02.11 12:03:18,647	INFO	1	com.l2jmobius.gameserver.GeoData	GeoData: Loading 24_25.l2j...
2016.02.11 12:03:18,648	INFO	1	com.l2jmobius.gameserver.GeoData	GeoData: Loading 24_26.l2j...
2016.02.11 12:03:18,650	INFO	1	com.l2jmobius.gameserver.GeoData	GeoData: Loading 25_10.l2j...
2016.02.11 12:03:18,651	INFO	1	com.l2jmobius.gameserver.GeoData	GeoData: Loading 25_11.l2j...
2016.02.11 12:03:18,660	INFO	1	com.l2jmobius.gameserver.GeoData	GeoData: Loading 25_12.l2j...
2016.02.11 12:03:18,676	INFO	1	com.l2jmobius.gameserver.GeoData	GeoData: Loading 25_14.l2j...
2016.02.11 12:03:18,691	INFO	1	com.l2jmobius.gameserver.GeoData	GeoData: Loading 25_15.l2j...
2016.02.11 12:03:18,704	INFO	1	com.l2jmobius.gameserver.GeoData	GeoData: Loading 25_16.l2j...
2016.02.11 12:03:18,713	INFO	1	com.l2jmobius.gameserver.GeoData	GeoData: Loading 25_17.l2j...
2016.02.11 12:03:18,724	INFO	1	com.l2jmobius.gameserver.GeoData	GeoData: Loading 25_18.l2j...
2016.02.11 12:03:18,734	INFO	1	com.l2jmobius.gameserver.GeoData	GeoData: Loading 25_19.l2j...
2016.02.11 12:03:18,748	INFO	1	com.l2jmobius.gameserver.GeoData	GeoData: Loading 25_20.l2j...
2016.02.11 12:03:18,754	INFO	1	com.l2jmobius.gameserver.GeoData	GeoData: Loading 25_21.l2j...
2016.02.11 12:03:18,761	INFO	1	com.l2jmobius.gameserver.GeoData	GeoData: Loading 25_22.l2j...
2016.02.11 12:03:18,766	INFO	1	com.l2jmobius.gameserver.GeoData	GeoData: Loading 25_23.l2j...
2016.02.11 12:03:18,768	INFO	1	com.l2jmobius.gameserver.GeoData	GeoData: Loading 25_24.l2j...
2016.02.11 12:03:18,770	INFO	1	com.l2jmobius.gameserver.GeoData	GeoData: Loading 26_11.l2j...
2016.02.11 12:03:18,773	INFO	1	com.l2jmobius.gameserver.GeoData	GeoData: Loading 26_12.l2j...
2016.02.11 12:03:18,777	INFO	1	com.l2jmobius.gameserver.GeoData	GeoData: Loading 26_14.l2j...
2016.02.11 12:03:18,781	INFO	1	com.l2jmobius.gameserver.GeoData	GeoData: Loading 26_15.l2j...
2016.02.11 12:03:18,782	INFO	1	com.l2jmobius.gameserver.GeoData	GeoData: Loading 26_16.l2j...
2016.02.11 12:03:18,784	INFO	1	com.l2jmobius.gameserver.GeoData	GeoData: Loading 26_18.l2j...
2016.02.11 12:03:18,790	INFO	1	com.l2jmobius.gameserver.GeoData	GeoData: Loading 26_19.l2j...
2016.02.11 12:03:18,805	INFO	1	com.l2jmobius.gameserver.GeoData	GeoData: Loading 26_20.l2j...
2016.02.11 12:03:18,821	INFO	1	com.l2jmobius.gameserver.GeoData	GeoData: Loading 26_21.l2j...
2016.02.11 12:03:18,868	INFO	1	com.l2jmobius.gameserver.GeoData	GeoData: Loading 26_22.l2j...
2016.02.11 12:03:18,868	INFO	1	com.l2jmobius.gameserver.GeoData	GeoData: Loading 27_19.l2j...
2016.02.11 12:03:18,868	INFO	1	com.l2jmobius.gameserver.GeoData	GeoData: Loading 27_20.l2j...
2016.02.11 12:03:18,868	INFO	1	com.l2jmobius.gameserver.GeoData	GeoData: Loading 27_21.l2j...
2016.02.11 12:03:18,868	INFO	1	com.l2jmobius.gameserver.GeoData	GeoData: Loading 28_19.l2j...
2016.02.11 12:03:18,884	INFO	1	com.l2jmobius.gameserver.GeoData	GeoData: Loading 28_20.l2j...
2016.02.11 12:03:18,884	INFO	1	com.l2jmobius.gameserver.GeoData	GeoData: Loading 28_21.l2j...
2016.02.11 12:03:18,884	INFO	1	com.l2jmobius.gameserver.GeoData	GeoData: Loaded 214 regions.
2016.02.11 12:03:18,884	INFO	1	com.l2jmobius.gameserver.pathfinding.geonodes.GeoPathFinding	Path Engine: - Loading Path Nodes...
2016.02.11 12:03:18,884	INFO	1	com.l2jmobius.gameserver.pathfinding.geonodes.GeoPathFinding	Path Engine: - Loading: 11_23.pn -> region offset: 375 X: 11 Y: 23
2016.02.11 12:03:18,917	INFO	1	com.l2jmobius.gameserver.pathfinding.geonodes.GeoPathFinding	Path Engine: - Loading: 11_24.pn -> region offset: 376 X: 11 Y: 24
2016.02.11 12:03:18,925	INFO	1	com.l2jmobius.gameserver.pathfinding.geonodes.GeoPathFinding	Path Engine: - Loading: 11_25.pn -> region offset: 377 X: 11 Y: 25
2016.02.11 12:03:18,928	INFO	1	com.l2jmobius.gameserver.pathfinding.geonodes.GeoPathFinding	Path Engine: - Loading: 11_26.pn -> region offset: 378 X: 11 Y: 26
2016.02.11 12:03:18,931	INFO	1	com.l2jmobius.gameserver.pathfinding.geonodes.GeoPathFinding	Path Engine: - Loading: 12_23.pn -> region offset: 407 X: 12 Y: 23
2016.02.11 12:03:18,934	INFO	1	com.l2jmobius.gameserver.pathfinding.geonodes.GeoPathFinding	Path Engine: - Loading: 12_24.pn -> region offset: 408 X: 12 Y: 24
2016.02.11 12:03:18,936	INFO	1	com.l2jmobius.gameserver.pathfinding.geonodes.GeoPathFinding	Path Engine: - Loading: 12_25.pn -> region offset: 409 X: 12 Y: 25
2016.02.11 12:03:18,939	INFO	1	com.l2jmobius.gameserver.pathfinding.geonodes.GeoPathFinding	Path Engine: - Loading: 12_26.pn -> region offset: 410 X: 12 Y: 26
2016.02.11 12:03:18,941	INFO	1	com.l2jmobius.gameserver.pathfinding.geonodes.GeoPathFinding	Path Engine: - Loading: 13_21.pn -> region offset: 437 X: 13 Y: 21
2016.02.11 12:03:18,944	INFO	1	com.l2jmobius.gameserver.pathfinding.geonodes.GeoPathFinding	Path Engine: - Loading: 13_22.pn -> region offset: 438 X: 13 Y: 22
2016.02.11 12:03:18,946	INFO	1	com.l2jmobius.gameserver.pathfinding.geonodes.GeoPathFinding	Path Engine: - Loading: 13_23.pn -> region offset: 439 X: 13 Y: 23
2016.02.11 12:03:18,948	INFO	1	com.l2jmobius.gameserver.pathfinding.geonodes.GeoPathFinding	Path Engine: - Loading: 13_24.pn -> region offset: 440 X: 13 Y: 24
2016.02.11 12:03:18,951	INFO	1	com.l2jmobius.gameserver.pathfinding.geonodes.GeoPathFinding	Path Engine: - Loading: 13_25.pn -> region offset: 441 X: 13 Y: 25
2016.02.11 12:03:18,953	INFO	1	com.l2jmobius.gameserver.pathfinding.geonodes.GeoPathFinding	Path Engine: - Loading: 13_26.pn -> region offset: 442 X: 13 Y: 26
2016.02.11 12:03:18,955	INFO	1	com.l2jmobius.gameserver.pathfinding.geonodes.GeoPathFinding	Path Engine: - Loading: 14_21.pn -> region offset: 469 X: 14 Y: 21
2016.02.11 12:03:18,956	INFO	1	com.l2jmobius.gameserver.pathfinding.geonodes.GeoPathFinding	Path Engine: - Loading: 14_22.pn -> region offset: 470 X: 14 Y: 22
2016.02.11 12:03:18,958	INFO	1	com.l2jmobius.gameserver.pathfinding.geonodes.GeoPathFinding	Path Engine: - Loading: 14_23.pn -> region offset: 471 X: 14 Y: 23
2016.02.11 12:03:18,959	INFO	1	com.l2jmobius.gameserver.pathfinding.geonodes.GeoPathFinding	Path Engine: - Loading: 14_24.pn -> region offset: 472 X: 14 Y: 24
2016.02.11 12:03:18,961	INFO	1	com.l2jmobius.gameserver.pathfinding.geonodes.GeoPathFinding	Path Engine: - Loading: 14_25.pn -> region offset: 473 X: 14 Y: 25
2016.02.11 12:03:18,962	INFO	1	com.l2jmobius.gameserver.pathfinding.geonodes.GeoPathFinding	Path Engine: - Loading: 14_26.pn -> region offset: 474 X: 14 Y: 26
2016.02.11 12:03:18,964	INFO	1	com.l2jmobius.gameserver.pathfinding.geonodes.GeoPathFinding	Path Engine: - Loading: 15_10.pn -> region offset: 490 X: 15 Y: 10
2016.02.11 12:03:18,965	INFO	1	com.l2jmobius.gameserver.pathfinding.geonodes.GeoPathFinding	Path Engine: - Loading: 15_11.pn -> region offset: 491 X: 15 Y: 11
2016.02.11 12:03:18,967	INFO	1	com.l2jmobius.gameserver.pathfinding.geonodes.GeoPathFinding	Path Engine: - Loading: 15_12.pn -> region offset: 492 X: 15 Y: 12
2016.02.11 12:03:18,968	INFO	1	com.l2jmobius.gameserver.pathfinding.geonodes.GeoPathFinding	Path Engine: - Loading: 15_18.pn -> region offset: 498 X: 15 Y: 18
2016.02.11 12:03:18,970	INFO	1	com.l2jmobius.gameserver.pathfinding.geonodes.GeoPathFinding	Path Engine: - Loading: 15_19.pn -> region offset: 499 X: 15 Y: 19
2016.02.11 12:03:18,971	INFO	1	com.l2jmobius.gameserver.pathfinding.geonodes.GeoPathFinding	Path Engine: - Loading: 15_20.pn -> region offset: 500 X: 15 Y: 20
2016.02.11 12:03:18,972	INFO	1	com.l2jmobius.gameserver.pathfinding.geonodes.GeoPathFinding	Path Engine: - Loading: 15_21.pn -> region offset: 501 X: 15 Y: 21
2016.02.11 12:03:18,974	INFO	1	com.l2jmobius.gameserver.pathfinding.geonodes.GeoPathFinding	Path Engine: - Loading: 15_22.pn -> region offset: 502 X: 15 Y: 22
2016.02.11 12:03:18,975	INFO	1	com.l2jmobius.gameserver.pathfinding.geonodes.GeoPathFinding	Path Engine: - Loading: 15_23.pn -> region offset: 503 X: 15 Y: 23
2016.02.11 12:03:18,977	INFO	1	com.l2jmobius.gameserver.pathfinding.geonodes.GeoPathFinding	Path Engine: - Loading: 15_24.pn -> region offset: 504 X: 15 Y: 24
2016.02.11 12:03:18,978	INFO	1	com.l2jmobius.gameserver.pathfinding.geonodes.GeoPathFinding	Path Engine: - Loading: 15_25.pn -> region offset: 505 X: 15 Y: 25
2016.02.11 12:03:18,980	INFO	1	com.l2jmobius.gameserver.pathfinding.geonodes.GeoPathFinding	Path Engine: - Loading: 15_26.pn -> region offset: 506 X: 15 Y: 26
2016.02.11 12:03:18,981	INFO	1	com.l2jmobius.gameserver.pathfinding.geonodes.GeoPathFinding	Path Engine: - Loading: 16_10.pn -> region offset: 522 X: 16 Y: 10
2016.02.11 12:03:18,982	INFO	1	com.l2jmobius.gameserver.pathfinding.geonodes.GeoPathFinding	Path Engine: - Loading: 16_11.pn -> region offset: 523 X: 16 Y: 11
2016.02.11 12:03:18,984	INFO	1	com.l2jmobius.gameserver.pathfinding.geonodes.GeoPathFinding	Path Engine: - Loading: 16_12.pn -> region offset: 524 X: 16 Y: 12
2016.02.11 12:03:18,985	INFO	1	com.l2jmobius.gameserver.pathfinding.geonodes.GeoPathFinding	Path Engine: - Loading: 16_13.pn -> region offset: 525 X: 16 Y: 13
2016.02.11 12:03:18,987	INFO	1	com.l2jmobius.gameserver.pathfinding.geonodes.GeoPathFinding	Path Engine: - Loading: 16_14.pn -> region offset: 526 X: 16 Y: 14
2016.02.11 12:03:18,988	INFO	1	com.l2jmobius.gameserver.pathfinding.geonodes.GeoPathFinding	Path Engine: - Loading: 16_15.pn -> region offset: 527 X: 16 Y: 15
2016.02.11 12:03:18,989	INFO	1	com.l2jmobius.gameserver.pathfinding.geonodes.GeoPathFinding	Path Engine: - Loading: 16_16.pn -> region offset: 528 X: 16 Y: 16
2016.02.11 12:03:18,991	INFO	1	com.l2jmobius.gameserver.pathfinding.geonodes.GeoPathFinding	Path Engine: - Loading: 16_17.pn -> region offset: 529 X: 16 Y: 17
2016.02.11 12:03:18,992	INFO	1	com.l2jmobius.gameserver.pathfinding.geonodes.GeoPathFinding	Path Engine: - Loading: 16_18.pn -> region offset: 530 X: 16 Y: 18
2016.02.11 12:03:18,993	INFO	1	com.l2jmobius.gameserver.pathfinding.geonodes.GeoPathFinding	Path Engine: - Loading: 16_19.pn -> region offset: 531 X: 16 Y: 19
2016.02.11 12:03:18,995	INFO	1	com.l2jmobius.gameserver.pathfinding.geonodes.GeoPathFinding	Path Engine: - Loading: 16_20.pn -> region offset: 532 X: 16 Y: 20
2016.02.11 12:03:18,996	INFO	1	com.l2jmobius.gameserver.pathfinding.geonodes.GeoPathFinding	Path Engine: - Loading: 16_21.pn -> region offset: 533 X: 16 Y: 21
2016.02.11 12:03:18,997	INFO	1	com.l2jmobius.gameserver.pathfinding.geonodes.GeoPathFinding	Path Engine: - Loading: 16_22.pn -> region offset: 534 X: 16 Y: 22
2016.02.11 12:03:18,998	INFO	1	com.l2jmobius.gameserver.pathfinding.geonodes.GeoPathFinding	Path Engine: - Loading: 16_23.pn -> region offset: 535 X: 16 Y: 23
2016.02.11 12:03:18,999	INFO	1	com.l2jmobius.gameserver.pathfinding.geonodes.GeoPathFinding	Path Engine: - Loading: 16_24.pn -> region offset: 536 X: 16 Y: 24
2016.02.11 12:03:19,001	INFO	1	com.l2jmobius.gameserver.pathfinding.geonodes.GeoPathFinding	Path Engine: - Loading: 16_25.pn -> region offset: 537 X: 16 Y: 25
2016.02.11 12:03:19,002	INFO	1	com.l2jmobius.gameserver.pathfinding.geonodes.GeoPathFinding	Path Engine: - Loading: 16_26.pn -> region offset: 538 X: 16 Y: 26
2016.02.11 12:03:19,004	INFO	1	com.l2jmobius.gameserver.pathfinding.geonodes.GeoPathFinding	Path Engine: - Loading: 17_10.pn -> region offset: 554 X: 17 Y: 10
2016.02.11 12:03:19,005	INFO	1	com.l2jmobius.gameserver.pathfinding.geonodes.GeoPathFinding	Path Engine: - Loading: 17_11.pn -> region offset: 555 X: 17 Y: 11
2016.02.11 12:03:19,006	INFO	1	com.l2jmobius.gameserver.pathfinding.geonodes.GeoPathFinding	Path Engine: - Loading: 17_12.pn -> region offset: 556 X: 17 Y: 12
2016.02.11 12:03:19,008	INFO	1	com.l2jmobius.gameserver.pathfinding.geonodes.GeoPathFinding	Path Engine: - Loading: 17_13.pn -> region offset: 557 X: 17 Y: 13
2016.02.11 12:03:19,009	INFO	1	com.l2jmobius.gameserver.pathfinding.geonodes.GeoPathFinding	Path Engine: - Loading: 17_14.pn -> region offset: 558 X: 17 Y: 14
2016.02.11 12:03:19,010	INFO	1	com.l2jmobius.gameserver.pathfinding.geonodes.GeoPathFinding	Path Engine: - Loading: 17_15.pn -> region offset: 559 X: 17 Y: 15
2016.02.11 12:03:19,011	INFO	1	com.l2jmobius.gameserver.pathfinding.geonodes.GeoPathFinding	Path Engine: - Loading: 17_16.pn -> region offset: 560 X: 17 Y: 16
2016.02.11 12:03:19,013	INFO	1	com.l2jmobius.gameserver.pathfinding.geonodes.GeoPathFinding	Path Engine: - Loading: 17_17.pn -> region offset: 561 X: 17 Y: 17
2016.02.11 12:03:19,014	INFO	1	com.l2jmobius.gameserver.pathfinding.geonodes.GeoPathFinding	Path Engine: - Loading: 17_18.pn -> region offset: 562 X: 17 Y: 18
2016.02.11 12:03:19,015	INFO	1	com.l2jmobius.gameserver.pathfinding.geonodes.GeoPathFinding	Path Engine: - Loading: 17_19.pn -> region offset: 563 X: 17 Y: 19
2016.02.11 12:03:19,017	INFO	1	com.l2jmobius.gameserver.pathfinding.geonodes.GeoPathFinding	Path Engine: - Loading: 17_20.pn -> region offset: 564 X: 17 Y: 20
2016.02.11 12:03:19,018	INFO	1	com.l2jmobius.gameserver.pathfinding.geonodes.GeoPathFinding	Path Engine: - Loading: 17_21.pn -> region offset: 565 X: 17 Y: 21
2016.02.11 12:03:19,020	INFO	1	com.l2jmobius.gameserver.pathfinding.geonodes.GeoPathFinding	Path Engine: - Loading: 17_22.pn -> region offset: 566 X: 17 Y: 22
2016.02.11 12:03:19,021	INFO	1	com.l2jmobius.gameserver.pathfinding.geonodes.GeoPathFinding	Path Engine: - Loading: 17_23.pn -> region offset: 567 X: 17 Y: 23
2016.02.11 12:03:19,022	INFO	1	com.l2jmobius.gameserver.pathfinding.geonodes.GeoPathFinding	Path Engine: - Loading: 17_24.pn -> region offset: 568 X: 17 Y: 24
2016.02.11 12:03:19,025	INFO	1	com.l2jmobius.gameserver.pathfinding.geonodes.GeoPathFinding	Path Engine: - Loading: 17_25.pn -> region offset: 569 X: 17 Y: 25
2016.02.11 12:03:19,026	INFO	1	com.l2jmobius.gameserver.pathfinding.geonodes.GeoPathFinding	Path Engine: - Loading: 17_26.pn -> region offset: 570 X: 17 Y: 26
2016.02.11 12:03:19,027	INFO	1	com.l2jmobius.gameserver.pathfinding.geonodes.GeoPathFinding	Path Engine: - Loading: 18_10.pn -> region offset: 586 X: 18 Y: 10
2016.02.11 12:03:19,028	INFO	1	com.l2jmobius.gameserver.pathfinding.geonodes.GeoPathFinding	Path Engine: - Loading: 18_11.pn -> region offset: 587 X: 18 Y: 11
2016.02.11 12:03:19,029	INFO	1	com.l2jmobius.gameserver.pathfinding.geonodes.GeoPathFinding	Path Engine: - Loading: 18_12.pn -> region offset: 588 X: 18 Y: 12
2016.02.11 12:03:19,030	INFO	1	com.l2jmobius.gameserver.pathfinding.geonodes.GeoPathFinding	Path Engine: - Loading: 18_13.pn -> region offset: 589 X: 18 Y: 13
2016.02.11 12:03:19,031	INFO	1	com.l2jmobius.gameserver.pathfinding.geonodes.GeoPathFinding	Path Engine: - Loading: 18_14.pn -> region offset: 590 X: 18 Y: 14
2016.02.11 12:03:19,032	INFO	1	com.l2jmobius.gameserver.pathfinding.geonodes.GeoPathFinding	Path Engine: - Loading: 18_15.pn -> region offset: 591 X: 18 Y: 15
2016.02.11 12:03:19,033	INFO	1	com.l2jmobius.gameserver.pathfinding.geonodes.GeoPathFinding	Path Engine: - Loading: 18_16.pn -> region offset: 592 X: 18 Y: 16
2016.02.11 12:03:19,034	INFO	1	com.l2jmobius.gameserver.pathfinding.geonodes.GeoPathFinding	Path Engine: - Loading: 18_17.pn -> region offset: 593 X: 18 Y: 17
2016.02.11 12:03:19,035	INFO	1	com.l2jmobius.gameserver.pathfinding.geonodes.GeoPathFinding	Path Engine: - Loading: 18_18.pn -> region offset: 594 X: 18 Y: 18
2016.02.11 12:03:19,036	INFO	1	com.l2jmobius.gameserver.pathfinding.geonodes.GeoPathFinding	Path Engine: - Loading: 18_19.pn -> region offset: 595 X: 18 Y: 19
2016.02.11 12:03:19,037	INFO	1	com.l2jmobius.gameserver.pathfinding.geonodes.GeoPathFinding	Path Engine: - Loading: 18_20.pn -> region offset: 596 X: 18 Y: 20
2016.02.11 12:03:19,038	INFO	1	com.l2jmobius.gameserver.pathfinding.geonodes.GeoPathFinding	Path Engine: - Loading: 18_21.pn -> region offset: 597 X: 18 Y: 21
2016.02.11 12:03:19,039	INFO	1	com.l2jmobius.gameserver.pathfinding.geonodes.GeoPathFinding	Path Engine: - Loading: 18_22.pn -> region offset: 598 X: 18 Y: 22
2016.02.11 12:03:19,039	INFO	1	com.l2jmobius.gameserver.pathfinding.geonodes.GeoPathFinding	Path Engine: - Loading: 18_23.pn -> region offset: 599 X: 18 Y: 23
2016.02.11 12:03:19,040	INFO	1	com.l2jmobius.gameserver.pathfinding.geonodes.GeoPathFinding	Path Engine: - Loading: 18_24.pn -> region offset: 600 X: 18 Y: 24
2016.02.11 12:03:19,041	INFO	1	com.l2jmobius.gameserver.pathfinding.geonodes.GeoPathFinding	Path Engine: - Loading: 18_25.pn -> region offset: 601 X: 18 Y: 25
2016.02.11 12:03:19,042	INFO	1	com.l2jmobius.gameserver.pathfinding.geonodes.GeoPathFinding	Path Engine: - Loading: 18_26.pn -> region offset: 602 X: 18 Y: 26
2016.02.11 12:03:19,043	INFO	1	com.l2jmobius.gameserver.pathfinding.geonodes.GeoPathFinding	Path Engine: - Loading: 19_10.pn -> region offset: 618 X: 19 Y: 10
2016.02.11 12:03:19,044	INFO	1	com.l2jmobius.gameserver.pathfinding.geonodes.GeoPathFinding	Path Engine: - Loading: 19_11.pn -> region offset: 619 X: 19 Y: 11
2016.02.11 12:03:19,045	INFO	1	com.l2jmobius.gameserver.pathfinding.geonodes.GeoPathFinding	Path Engine: - Loading: 19_12.pn -> region offset: 620 X: 19 Y: 12
2016.02.11 12:03:19,046	INFO	1	com.l2jmobius.gameserver.pathfinding.geonodes.GeoPathFinding	Path Engine: - Loading: 19_13.pn -> region offset: 621 X: 19 Y: 13
2016.02.11 12:03:19,047	INFO	1	com.l2jmobius.gameserver.pathfinding.geonodes.GeoPathFinding	Path Engine: - Loading: 19_14.pn -> region offset: 622 X: 19 Y: 14
2016.02.11 12:03:19,048	INFO	1	com.l2jmobius.gameserver.pathfinding.geonodes.GeoPathFinding	Path Engine: - Loading: 19_15.pn -> region offset: 623 X: 19 Y: 15
2016.02.11 12:03:19,049	INFO	1	com.l2jmobius.gameserver.pathfinding.geonodes.GeoPathFinding	Path Engine: - Loading: 19_16.pn -> region offset: 624 X: 19 Y: 16
2016.02.11 12:03:19,050	INFO	1	com.l2jmobius.gameserver.pathfinding.geonodes.GeoPathFinding	Path Engine: - Loading: 19_17.pn -> region offset: 625 X: 19 Y: 17
2016.02.11 12:03:19,051	INFO	1	com.l2jmobius.gameserver.pathfinding.geonodes.GeoPathFinding	Path Engine: - Loading: 19_18.pn -> region offset: 626 X: 19 Y: 18
2016.02.11 12:03:19,053	INFO	1	com.l2jmobius.gameserver.pathfinding.geonodes.GeoPathFinding	Path Engine: - Loading: 19_19.pn -> region offset: 627 X: 19 Y: 19
2016.02.11 12:03:19,054	INFO	1	com.l2jmobius.gameserver.pathfinding.geonodes.GeoPathFinding	Path Engine: - Loading: 19_20.pn -> region offset: 628 X: 19 Y: 20
2016.02.11 12:03:19,054	INFO	1	com.l2jmobius.gameserver.pathfinding.geonodes.GeoPathFinding	Path Engine: - Loading: 19_21.pn -> region offset: 629 X: 19 Y: 21
2016.02.11 12:03:19,055	INFO	1	com.l2jmobius.gameserver.pathfinding.geonodes.GeoPathFinding	Path Engine: - Loading: 19_22.pn -> region offset: 630 X: 19 Y: 22
2016.02.11 12:03:19,056	INFO	1	com.l2jmobius.gameserver.pathfinding.geonodes.GeoPathFinding	Path Engine: - Loading: 19_23.pn -> region offset: 631 X: 19 Y: 23
2016.02.11 12:03:19,057	INFO	1	com.l2jmobius.gameserver.pathfinding.geonodes.GeoPathFinding	Path Engine: - Loading: 19_24.pn -> region offset: 632 X: 19 Y: 24
2016.02.11 12:03:19,058	INFO	1	com.l2jmobius.gameserver.pathfinding.geonodes.GeoPathFinding	Path Engine: - Loading: 19_25.pn -> region offset: 633 X: 19 Y: 25
2016.02.11 12:03:19,059	INFO	1	com.l2jmobius.gameserver.pathfinding.geonodes.GeoPathFinding	Path Engine: - Loading: 19_26.pn -> region offset: 634 X: 19 Y: 26
2016.02.11 12:03:19,061	INFO	1	com.l2jmobius.gameserver.pathfinding.geonodes.GeoPathFinding	Path Engine: - Loading: 20_10.pn -> region offset: 650 X: 20 Y: 10
2016.02.11 12:03:19,062	INFO	1	com.l2jmobius.gameserver.pathfinding.geonodes.GeoPathFinding	Path Engine: - Loading: 20_11.pn -> region offset: 651 X: 20 Y: 11
2016.02.11 12:03:19,063	INFO	1	com.l2jmobius.gameserver.pathfinding.geonodes.GeoPathFinding	Path Engine: - Loading: 20_12.pn -> region offset: 652 X: 20 Y: 12
2016.02.11 12:03:19,064	INFO	1	com.l2jmobius.gameserver.pathfinding.geonodes.GeoPathFinding	Path Engine: - Loading: 20_13.pn -> region offset: 653 X: 20 Y: 13
2016.02.11 12:03:19,065	INFO	1	com.l2jmobius.gameserver.pathfinding.geonodes.GeoPathFinding	Path Engine: - Loading: 20_14.pn -> region offset: 654 X: 20 Y: 14
2016.02.11 12:03:19,066	INFO	1	com.l2jmobius.gameserver.pathfinding.geonodes.GeoPathFinding	Path Engine: - Loading: 20_15.pn -> region offset: 655 X: 20 Y: 15
2016.02.11 12:03:19,067	INFO	1	com.l2jmobius.gameserver.pathfinding.geonodes.GeoPathFinding	Path Engine: - Loading: 20_16.pn -> region offset: 656 X: 20 Y: 16
2016.02.11 12:03:19,068	INFO	1	com.l2jmobius.gameserver.pathfinding.geonodes.GeoPathFinding	Path Engine: - Loading: 20_17.pn -> region offset: 657 X: 20 Y: 17
2016.02.11 12:03:19,069	INFO	1	com.l2jmobius.gameserver.pathfinding.geonodes.GeoPathFinding	Path Engine: - Loading: 20_18.pn -> region offset: 658 X: 20 Y: 18
2016.02.11 12:03:19,070	INFO	1	com.l2jmobius.gameserver.pathfinding.geonodes.GeoPathFinding	Path Engine: - Loading: 20_19.pn -> region offset: 659 X: 20 Y: 19
2016.02.11 12:03:19,071	INFO	1	com.l2jmobius.gameserver.pathfinding.geonodes.GeoPathFinding	Path Engine: - Loading: 20_20.pn -> region offset: 660 X: 20 Y: 20
2016.02.11 12:03:19,072	INFO	1	com.l2jmobius.gameserver.pathfinding.geonodes.GeoPathFinding	Path Engine: - Loading: 20_21.pn -> region offset: 661 X: 20 Y: 21
2016.02.11 12:03:19,073	INFO	1	com.l2jmobius.gameserver.pathfinding.geonodes.GeoPathFinding	Path Engine: - Loading: 20_22.pn -> region offset: 662 X: 20 Y: 22
2016.02.11 12:03:19,074	INFO	1	com.l2jmobius.gameserver.pathfinding.geonodes.GeoPathFinding	Path Engine: - Loading: 20_23.pn -> region offset: 663 X: 20 Y: 23
2016.02.11 12:03:19,075	INFO	1	com.l2jmobius.gameserver.pathfinding.geonodes.GeoPathFinding	Path Engine: - Loading: 20_24.pn -> region offset: 664 X: 20 Y: 24
2016.02.11 12:03:19,076	INFO	1	com.l2jmobius.gameserver.pathfinding.geonodes.GeoPathFinding	Path Engine: - Loading: 20_25.pn -> region offset: 665 X: 20 Y: 25
2016.02.11 12:03:19,077	INFO	1	com.l2jmobius.gameserver.pathfinding.geonodes.GeoPathFinding	Path Engine: - Loading: 20_26.pn -> region offset: 666 X: 20 Y: 26
2016.02.11 12:03:19,078	INFO	1	com.l2jmobius.gameserver.pathfinding.geonodes.GeoPathFinding	Path Engine: - Loading: 21_10.pn -> region offset: 682 X: 21 Y: 10
2016.02.11 12:03:19,079	INFO	1	com.l2jmobius.gameserver.pathfinding.geonodes.GeoPathFinding	Path Engine: - Loading: 21_11.pn -> region offset: 683 X: 21 Y: 11
2016.02.11 12:03:19,080	INFO	1	com.l2jmobius.gameserver.pathfinding.geonodes.GeoPathFinding	Path Engine: - Loading: 21_12.pn -> region offset: 684 X: 21 Y: 12
2016.02.11 12:03:19,080	INFO	1	com.l2jmobius.gameserver.pathfinding.geonodes.GeoPathFinding	Path Engine: - Loading: 21_13.pn -> region offset: 685 X: 21 Y: 13
2016.02.11 12:03:19,081	INFO	1	com.l2jmobius.gameserver.pathfinding.geonodes.GeoPathFinding	Path Engine: - Loading: 21_14.pn -> region offset: 686 X: 21 Y: 14
2016.02.11 12:03:19,082	INFO	1	com.l2jmobius.gameserver.pathfinding.geonodes.GeoPathFinding	Path Engine: - Loading: 21_15.pn -> region offset: 687 X: 21 Y: 15
2016.02.11 12:03:19,084	INFO	1	com.l2jmobius.gameserver.pathfinding.geonodes.GeoPathFinding	Path Engine: - Loading: 21_16.pn -> region offset: 688 X: 21 Y: 16
2016.02.11 12:03:19,085	INFO	1	com.l2jmobius.gameserver.pathfinding.geonodes.GeoPathFinding	Path Engine: - Loading: 21_17.pn -> region offset: 689 X: 21 Y: 17
2016.02.11 12:03:19,085	INFO	1	com.l2jmobius.gameserver.pathfinding.geonodes.GeoPathFinding	Path Engine: - Loading: 21_18.pn -> region offset: 690 X: 21 Y: 18
2016.02.11 12:03:19,087	INFO	1	com.l2jmobius.gameserver.pathfinding.geonodes.GeoPathFinding	Path Engine: - Loading: 21_19.pn -> region offset: 691 X: 21 Y: 19
2016.02.11 12:03:19,088	INFO	1	com.l2jmobius.gameserver.pathfinding.geonodes.GeoPathFinding	Path Engine: - Loading: 21_20.pn -> region offset: 692 X: 21 Y: 20
2016.02.11 12:03:19,089	INFO	1	com.l2jmobius.gameserver.pathfinding.geonodes.GeoPathFinding	Path Engine: - Loading: 21_21.pn -> region offset: 693 X: 21 Y: 21
2016.02.11 12:03:19,090	INFO	1	com.l2jmobius.gameserver.pathfinding.geonodes.GeoPathFinding	Path Engine: - Loading: 21_22.pn -> region offset: 694 X: 21 Y: 22
2016.02.11 12:03:19,091	INFO	1	com.l2jmobius.gameserver.pathfinding.geonodes.GeoPathFinding	Path Engine: - Loading: 21_23.pn -> region offset: 695 X: 21 Y: 23
2016.02.11 12:03:19,092	INFO	1	com.l2jmobius.gameserver.pathfinding.geonodes.GeoPathFinding	Path Engine: - Loading: 21_24.pn -> region offset: 696 X: 21 Y: 24
2016.02.11 12:03:19,093	INFO	1	com.l2jmobius.gameserver.pathfinding.geonodes.GeoPathFinding	Path Engine: - Loading: 21_25.pn -> region offset: 697 X: 21 Y: 25
2016.02.11 12:03:19,094	INFO	1	com.l2jmobius.gameserver.pathfinding.geonodes.GeoPathFinding	Path Engine: - Loading: 22_10.pn -> region offset: 714 X: 22 Y: 10
2016.02.11 12:03:19,095	INFO	1	com.l2jmobius.gameserver.pathfinding.geonodes.GeoPathFinding	Path Engine: - Loading: 22_11.pn -> region offset: 715 X: 22 Y: 11
2016.02.11 12:03:19,096	INFO	1	com.l2jmobius.gameserver.pathfinding.geonodes.GeoPathFinding	Path Engine: - Loading: 22_12.pn -> region offset: 716 X: 22 Y: 12
2016.02.11 12:03:19,097	INFO	1	com.l2jmobius.gameserver.pathfinding.geonodes.GeoPathFinding	Path Engine: - Loading: 22_13.pn -> region offset: 717 X: 22 Y: 13
2016.02.11 12:03:19,098	INFO	1	com.l2jmobius.gameserver.pathfinding.geonodes.GeoPathFinding	Path Engine: - Loading: 22_14.pn -> region offset: 718 X: 22 Y: 14
2016.02.11 12:03:19,099	INFO	1	com.l2jmobius.gameserver.pathfinding.geonodes.GeoPathFinding	Path Engine: - Loading: 22_15.pn -> region offset: 719 X: 22 Y: 15
2016.02.11 12:03:19,100	INFO	1	com.l2jmobius.gameserver.pathfinding.geonodes.GeoPathFinding	Path Engine: - Loading: 22_16.pn -> region offset: 720 X: 22 Y: 16
2016.02.11 12:03:19,100	INFO	1	com.l2jmobius.gameserver.pathfinding.geonodes.GeoPathFinding	Path Engine: - Loading: 22_17.pn -> region offset: 721 X: 22 Y: 17
2016.02.11 12:03:19,100	INFO	1	com.l2jmobius.gameserver.pathfinding.geonodes.GeoPathFinding	Path Engine: - Loading: 22_18.pn -> region offset: 722 X: 22 Y: 18
2016.02.11 12:03:19,102	INFO	1	com.l2jmobius.gameserver.pathfinding.geonodes.GeoPathFinding	Path Engine: - Loading: 22_19.pn -> region offset: 723 X: 22 Y: 19
2016.02.11 12:03:19,102	INFO	1	com.l2jmobius.gameserver.pathfinding.geonodes.GeoPathFinding	Path Engine: - Loading: 22_20.pn -> region offset: 724 X: 22 Y: 20
2016.02.11 12:03:19,102	INFO	1	com.l2jmobius.gameserver.pathfinding.geonodes.GeoPathFinding	Path Engine: - Loading: 22_21.pn -> region offset: 725 X: 22 Y: 21
2016.02.11 12:03:19,102	INFO	1	com.l2jmobius.gameserver.pathfinding.geonodes.GeoPathFinding	Path Engine: - Loading: 22_22.pn -> region offset: 726 X: 22 Y: 22
2016.02.11 12:03:19,102	INFO	1	com.l2jmobius.gameserver.pathfinding.geonodes.GeoPathFinding	Path Engine: - Loading: 22_23.pn -> region offset: 727 X: 22 Y: 23
2016.02.11 12:03:19,102	INFO	1	com.l2jmobius.gameserver.pathfinding.geonodes.GeoPathFinding	Path Engine: - Loading: 22_24.pn -> region offset: 728 X: 22 Y: 24
2016.02.11 12:03:19,102	INFO	1	com.l2jmobius.gameserver.pathfinding.geonodes.GeoPathFinding	Path Engine: - Loading: 22_25.pn -> region offset: 729 X: 22 Y: 25
2016.02.11 12:03:19,102	INFO	1	com.l2jmobius.gameserver.pathfinding.geonodes.GeoPathFinding	Path Engine: - Loading: 22_26.pn -> region offset: 730 X: 22 Y: 26
2016.02.11 12:03:19,102	INFO	1	com.l2jmobius.gameserver.pathfinding.geonodes.GeoPathFinding	Path Engine: - Loading: 23_10.pn -> region offset: 746 X: 23 Y: 10
2016.02.11 12:03:19,102	INFO	1	com.l2jmobius.gameserver.pathfinding.geonodes.GeoPathFinding	Path Engine: - Loading: 23_11.pn -> region offset: 747 X: 23 Y: 11
2016.02.11 12:03:19,102	INFO	1	com.l2jmobius.gameserver.pathfinding.geonodes.GeoPathFinding	Path Engine: - Loading: 23_12.pn -> region offset: 748 X: 23 Y: 12
2016.02.11 12:03:19,102	INFO	1	com.l2jmobius.gameserver.pathfinding.geonodes.GeoPathFinding	Path Engine: - Loading: 23_13.pn -> region offset: 749 X: 23 Y: 13
2016.02.11 12:03:19,102	INFO	1	com.l2jmobius.gameserver.pathfinding.geonodes.GeoPathFinding	Path Engine: - Loading: 23_14.pn -> region offset: 750 X: 23 Y: 14
2016.02.11 12:03:19,102	INFO	1	com.l2jmobius.gameserver.pathfinding.geonodes.GeoPathFinding	Path Engine: - Loading: 23_15.pn -> region offset: 751 X: 23 Y: 15
2016.02.11 12:03:19,102	INFO	1	com.l2jmobius.gameserver.pathfinding.geonodes.GeoPathFinding	Path Engine: - Loading: 23_16.pn -> region offset: 752 X: 23 Y: 16
2016.02.11 12:03:19,102	INFO	1	com.l2jmobius.gameserver.pathfinding.geonodes.GeoPathFinding	Path Engine: - Loading: 23_17.pn -> region offset: 753 X: 23 Y: 17
2016.02.11 12:03:19,118	INFO	1	com.l2jmobius.gameserver.pathfinding.geonodes.GeoPathFinding	Path Engine: - Loading: 23_18.pn -> region offset: 754 X: 23 Y: 18
2016.02.11 12:03:19,149	INFO	1	com.l2jmobius.gameserver.pathfinding.geonodes.GeoPathFinding	Path Engine: - Loading: 23_19.pn -> region offset: 755 X: 23 Y: 19
2016.02.11 12:03:19,149	INFO	1	com.l2jmobius.gameserver.pathfinding.geonodes.GeoPathFinding	Path Engine: - Loading: 23_20.pn -> region offset: 756 X: 23 Y: 20
2016.02.11 12:03:19,149	INFO	1	com.l2jmobius.gameserver.pathfinding.geonodes.GeoPathFinding	Path Engine: - Loading: 23_21.pn -> region offset: 757 X: 23 Y: 21
2016.02.11 12:03:19,149	INFO	1	com.l2jmobius.gameserver.pathfinding.geonodes.GeoPathFinding	Path Engine: - Loading: 23_22.pn -> region offset: 758 X: 23 Y: 22
2016.02.11 12:03:19,149	INFO	1	com.l2jmobius.gameserver.pathfinding.geonodes.GeoPathFinding	Path Engine: - Loading: 23_23.pn -> region offset: 759 X: 23 Y: 23
2016.02.11 12:03:19,149	INFO	1	com.l2jmobius.gameserver.pathfinding.geonodes.GeoPathFinding	Path Engine: - Loading: 23_24.pn -> region offset: 760 X: 23 Y: 24
2016.02.11 12:03:19,149	INFO	1	com.l2jmobius.gameserver.pathfinding.geonodes.GeoPathFinding	Path Engine: - Loading: 23_25.pn -> region offset: 761 X: 23 Y: 25
2016.02.11 12:03:19,165	INFO	1	com.l2jmobius.gameserver.pathfinding.geonodes.GeoPathFinding	Path Engine: - Loading: 23_26.pn -> region offset: 762 X: 23 Y: 26
2016.02.11 12:03:19,165	INFO	1	com.l2jmobius.gameserver.pathfinding.geonodes.GeoPathFinding	Path Engine: - Loading: 24_10.pn -> region offset: 778 X: 24 Y: 10
2016.02.11 12:03:19,165	INFO	1	com.l2jmobius.gameserver.pathfinding.geonodes.GeoPathFinding	Path Engine: - Loading: 24_11.pn -> region offset: 779 X: 24 Y: 11
2016.02.11 12:03:19,165	INFO	1	com.l2jmobius.gameserver.pathfinding.geonodes.GeoPathFinding	Path Engine: - Loading: 24_12.pn -> region offset: 780 X: 24 Y: 12
2016.02.11 12:03:19,165	INFO	1	com.l2jmobius.gameserver.pathfinding.geonodes.GeoPathFinding	Path Engine: - Loading: 24_13.pn -> region offset: 781 X: 24 Y: 13
2016.02.11 12:03:19,165	INFO	1	com.l2jmobius.gameserver.pathfinding.geonodes.GeoPathFinding	Path Engine: - Loading: 24_14.pn -> region offset: 782 X: 24 Y: 14
2016.02.11 12:03:19,165	INFO	1	com.l2jmobius.gameserver.pathfinding.geonodes.GeoPathFinding	Path Engine: - Loading: 24_15.pn -> region offset: 783 X: 24 Y: 15
2016.02.11 12:03:19,165	INFO	1	com.l2jmobius.gameserver.pathfinding.geonodes.GeoPathFinding	Path Engine: - Loading: 24_16.pn -> region offset: 784 X: 24 Y: 16
2016.02.11 12:03:19,165	INFO	1	com.l2jmobius.gameserver.pathfinding.geonodes.GeoPathFinding	Path Engine: - Loading: 24_17.pn -> region offset: 785 X: 24 Y: 17
2016.02.11 12:03:19,165	INFO	1	com.l2jmobius.gameserver.pathfinding.geonodes.GeoPathFinding	Path Engine: - Loading: 24_18.pn -> region offset: 786 X: 24 Y: 18
2016.02.11 12:03:19,165	INFO	1	com.l2jmobius.gameserver.pathfinding.geonodes.GeoPathFinding	Path Engine: - Loading: 24_19.pn -> region offset: 787 X: 24 Y: 19
2016.02.11 12:03:19,165	INFO	1	com.l2jmobius.gameserver.pathfinding.geonodes.GeoPathFinding	Path Engine: - Loading: 24_20.pn -> region offset: 788 X: 24 Y: 20
2016.02.11 12:03:19,165	INFO	1	com.l2jmobius.gameserver.pathfinding.geonodes.GeoPathFinding	Path Engine: - Loading: 24_21.pn -> region offset: 789 X: 24 Y: 21
2016.02.11 12:03:19,165	INFO	1	com.l2jmobius.gameserver.pathfinding.geonodes.GeoPathFinding	Path Engine: - Loading: 24_22.pn -> region offset: 790 X: 24 Y: 22
2016.02.11 12:03:19,180	INFO	1	com.l2jmobius.gameserver.pathfinding.geonodes.GeoPathFinding	Path Engine: - Loading: 24_23.pn -> region offset: 791 X: 24 Y: 23
2016.02.11 12:03:19,180	INFO	1	com.l2jmobius.gameserver.pathfinding.geonodes.GeoPathFinding	Path Engine: - Loading: 24_24.pn -> region offset: 792 X: 24 Y: 24
2016.02.11 12:03:19,180	INFO	1	com.l2jmobius.gameserver.pathfinding.geonodes.GeoPathFinding	Path Engine: - Loading: 24_25.pn -> region offset: 793 X: 24 Y: 25
2016.02.11 12:03:19,180	INFO	1	com.l2jmobius.gameserver.pathfinding.geonodes.GeoPathFinding	Path Engine: - Loading: 24_26.pn -> region offset: 794 X: 24 Y: 26
2016.02.11 12:03:19,180	INFO	1	com.l2jmobius.gameserver.pathfinding.geonodes.GeoPathFinding	Path Engine: - Loading: 25_10.pn -> region offset: 810 X: 25 Y: 10
2016.02.11 12:03:19,180	INFO	1	com.l2jmobius.gameserver.pathfinding.geonodes.GeoPathFinding	Path Engine: - Loading: 25_11.pn -> region offset: 811 X: 25 Y: 11
2016.02.11 12:03:19,180	INFO	1	com.l2jmobius.gameserver.pathfinding.geonodes.GeoPathFinding	Path Engine: - Loading: 25_12.pn -> region offset: 812 X: 25 Y: 12
2016.02.11 12:03:19,180	INFO	1	com.l2jmobius.gameserver.pathfinding.geonodes.GeoPathFinding	Path Engine: - Loading: 25_14.pn -> region offset: 814 X: 25 Y: 14
2016.02.11 12:03:19,180	INFO	1	com.l2jmobius.gameserver.pathfinding.geonodes.GeoPathFinding	Path Engine: - Loading: 25_15.pn -> region offset: 815 X: 25 Y: 15
2016.02.11 12:03:19,180	INFO	1	com.l2jmobius.gameserver.pathfinding.geonodes.GeoPathFinding	Path Engine: - Loading: 25_16.pn -> region offset: 816 X: 25 Y: 16
2016.02.11 12:03:19,180	INFO	1	com.l2jmobius.gameserver.pathfinding.geonodes.GeoPathFinding	Path Engine: - Loading: 25_17.pn -> region offset: 817 X: 25 Y: 17
2016.02.11 12:03:19,180	INFO	1	com.l2jmobius.gameserver.pathfinding.geonodes.GeoPathFinding	Path Engine: - Loading: 25_18.pn -> region offset: 818 X: 25 Y: 18
2016.02.11 12:03:19,180	INFO	1	com.l2jmobius.gameserver.pathfinding.geonodes.GeoPathFinding	Path Engine: - Loading: 25_19.pn -> region offset: 819 X: 25 Y: 19
2016.02.11 12:03:19,180	INFO	1	com.l2jmobius.gameserver.pathfinding.geonodes.GeoPathFinding	Path Engine: - Loading: 25_20.pn -> region offset: 820 X: 25 Y: 20
2016.02.11 12:03:19,180	INFO	1	com.l2jmobius.gameserver.pathfinding.geonodes.GeoPathFinding	Path Engine: - Loading: 25_21.pn -> region offset: 821 X: 25 Y: 21
2016.02.11 12:03:19,196	INFO	1	com.l2jmobius.gameserver.pathfinding.geonodes.GeoPathFinding	Path Engine: - Loading: 25_22.pn -> region offset: 822 X: 25 Y: 22
2016.02.11 12:03:19,196	INFO	1	com.l2jmobius.gameserver.pathfinding.geonodes.GeoPathFinding	Path Engine: - Loading: 25_23.pn -> region offset: 823 X: 25 Y: 23
2016.02.11 12:03:19,196	INFO	1	com.l2jmobius.gameserver.pathfinding.geonodes.GeoPathFinding	Path Engine: - Loading: 25_24.pn -> region offset: 824 X: 25 Y: 24
2016.02.11 12:03:19,196	INFO	1	com.l2jmobius.gameserver.pathfinding.geonodes.GeoPathFinding	Path Engine: - Loading: 26_11.pn -> region offset: 843 X: 26 Y: 11
2016.02.11 12:03:19,196	INFO	1	com.l2jmobius.gameserver.pathfinding.geonodes.GeoPathFinding	Path Engine: - Loading: 26_12.pn -> region offset: 844 X: 26 Y: 12
2016.02.11 12:03:19,196	INFO	1	com.l2jmobius.gameserver.pathfinding.geonodes.GeoPathFinding	Path Engine: - Loading: 26_14.pn -> region offset: 846 X: 26 Y: 14
2016.02.11 12:03:19,196	INFO	1	com.l2jmobius.gameserver.pathfinding.geonodes.GeoPathFinding	Path Engine: - Loading: 26_15.pn -> region offset: 847 X: 26 Y: 15
2016.02.11 12:03:19,196	INFO	1	com.l2jmobius.gameserver.pathfinding.geonodes.GeoPathFinding	Path Engine: - Loading: 26_16.pn -> region offset: 848 X: 26 Y: 16
2016.02.11 12:03:19,196	INFO	1	com.l2jmobius.gameserver.pathfinding.geonodes.GeoPathFinding	Path Engine: - Loading: 26_18.pn -> region offset: 850 X: 26 Y: 18
2016.02.11 12:03:19,196	INFO	1	com.l2jmobius.gameserver.pathfinding.geonodes.GeoPathFinding	Path Engine: - Loading: 26_19.pn -> region offset: 851 X: 26 Y: 19
2016.02.11 12:03:19,196	INFO	1	com.l2jmobius.gameserver.pathfinding.geonodes.GeoPathFinding	Path Engine: - Loading: 26_20.pn -> region offset: 852 X: 26 Y: 20
2016.02.11 12:03:19,196	INFO	1	com.l2jmobius.gameserver.pathfinding.geonodes.GeoPathFinding	Path Engine: - Loading: 26_21.pn -> region offset: 853 X: 26 Y: 21
2016.02.11 12:03:19,196	INFO	1	com.l2jmobius.gameserver.pathfinding.geonodes.GeoPathFinding	Path Engine: - Loading: 26_22.pn -> region offset: 854 X: 26 Y: 22
2016.02.11 12:03:19,196	INFO	1	com.l2jmobius.gameserver.pathfinding.geonodes.GeoPathFinding	Path Engine: - Loading: 27_19.pn -> region offset: 883 X: 27 Y: 19
2016.02.11 12:03:19,196	INFO	1	com.l2jmobius.gameserver.pathfinding.geonodes.GeoPathFinding	Path Engine: - Loading: 27_20.pn -> region offset: 884 X: 27 Y: 20
2016.02.11 12:03:19,196	INFO	1	com.l2jmobius.gameserver.pathfinding.geonodes.GeoPathFinding	Path Engine: - Loading: 27_21.pn -> region offset: 885 X: 27 Y: 21
2016.02.11 12:03:19,196	INFO	1	com.l2jmobius.gameserver.pathfinding.geonodes.GeoPathFinding	Path Engine: - Loading: 28_19.pn -> region offset: 915 X: 28 Y: 19
2016.02.11 12:03:19,212	INFO	1	com.l2jmobius.gameserver.pathfinding.geonodes.GeoPathFinding	Path Engine: - Loading: 28_20.pn -> region offset: 916 X: 28 Y: 20
2016.02.11 12:03:19,213	INFO	1	com.l2jmobius.gameserver.pathfinding.geonodes.GeoPathFinding	Path Engine: - Loading: 28_21.pn -> region offset: 917 X: 28 Y: 21
2016.02.11 12:03:19,214	INFO	1	com.l2jmobius.gameserver.GameServer	----------------------------------------------------=[ NPCs ]
2016.02.11 12:03:19,221	INFO	1	com.l2jmobius.util.data.xml.IXmlReader	SkillLearnData: Loaded 256 Skill Learn data.
2016.02.11 12:03:19,231	INFO	1	com.l2jmobius.util.data.xml.IXmlReader	MinionData: Loaded 128 minions data.
2016.02.11 12:03:22,180	INFO	1	com.l2jmobius.util.data.xml.IXmlReader	NpcData: Loaded 13835 NPCs.
2016.02.11 12:03:22,180	INFO	1	com.l2jmobius.util.data.xml.IXmlReader	NpcData: Loaded 10 Custom NPCs.
2016.02.11 12:03:22,821	INFO	1	com.l2jmobius.util.data.xml.IXmlReader	WalkingManager: Loaded 141 walking routes.
2016.02.11 12:03:22,837	INFO	1	com.l2jmobius.util.data.xml.IXmlReader	StaticObjectData: Loaded 51 static object templates.
2016.02.11 12:03:23,021	INFO	1	com.l2jmobius.gameserver.instancemanager.GrandBossManager	GrandBossManager: Queen Ant(29001) status is 0.
2016.02.11 12:03:23,022	INFO	1	com.l2jmobius.gameserver.instancemanager.GrandBossManager	GrandBossManager: Core(29006) status is 0.
2016.02.11 12:03:23,022	INFO	1	com.l2jmobius.gameserver.instancemanager.GrandBossManager	GrandBossManager: Orfen(29014) status is 0.
2016.02.11 12:03:23,022	INFO	1	com.l2jmobius.gameserver.instancemanager.GrandBossManager	GrandBossManager: Baium(29020) status is 0.
2016.02.11 12:03:23,023	INFO	1	com.l2jmobius.gameserver.instancemanager.GrandBossManager	GrandBossManager: Valakas(29028) status is 0.
2016.02.11 12:03:23,023	INFO	1	com.l2jmobius.gameserver.instancemanager.GrandBossManager	GrandBossManager: Antharas(29068) status is 0.
2016.02.11 12:03:23,023	INFO	1	com.l2jmobius.gameserver.instancemanager.GrandBossManager	GrandBossManager: Beleth(29118) status is 0.
2016.02.11 12:03:23,023	INFO	1	com.l2jmobius.gameserver.instancemanager.GrandBossManager	GrandBossManager: Loaded 7 Instances
2016.02.11 12:03:24,868	INFO	1	com.l2jmobius.util.data.xml.IXmlReader	DoorData: Loaded 1435 Door Templates for 22 regions.
2016.02.11 12:03:25,757	INFO	1	com.l2jmobius.util.data.xml.IXmlReader	ZoneManager: Loaded 29 zone classes and 2878 zones.
2016.02.11 12:03:25,757	INFO	1	com.l2jmobius.util.data.xml.IXmlReader	ZoneManager: Loaded 0 NPC spawn territoriers.
2016.02.11 12:03:25,787	INFO	1	com.l2jmobius.gameserver.instancemanager.CastleManager	CastleManager: Loaded: 9 castles
2016.02.11 12:03:25,793	INFO	1	com.l2jmobius.gameserver.data.sql.impl.NpcBufferTable	NpcBufferTable: Loaded 2 buffers and 64 skills.
2016.02.11 12:03:25,805	INFO	1	com.l2jmobius.gameserver.instancemanager.GrandBossManager	GrandBossManager: Initialized 12 Grand Boss Zones
2016.02.11 12:03:25,805	INFO	1	com.l2jmobius.gameserver.GameServer	-----------------------------------------=[ Auction Manager ]
2016.02.11 12:03:25,837	INFO	1	com.l2jmobius.gameserver.model.itemauction.ItemAuctionInstance	ItemAuctionInstance: Loaded 49 item(s) and registered 1 auction(s) for instance 32320.
2016.02.11 12:03:25,837	INFO	1	com.l2jmobius.gameserver.model.itemauction.ItemAuctionInstance	ItemAuctionInstance: Schedule next auction 1 on 17:00:00 12.02.16 for instance 32320
2016.02.11 12:03:25,837	INFO	1	com.l2jmobius.gameserver.model.itemauction.ItemAuctionInstance	ItemAuctionInstance: Loaded 49 item(s) and registered 1 auction(s) for instance 32321.
2016.02.11 12:03:25,837	INFO	1	com.l2jmobius.gameserver.model.itemauction.ItemAuctionInstance	ItemAuctionInstance: Schedule next auction 2 on 17:00:00 15.02.16 for instance 32321
2016.02.11 12:03:25,837	INFO	1	com.l2jmobius.gameserver.model.itemauction.ItemAuctionInstance	ItemAuctionInstance: Loaded 49 item(s) and registered 1 auction(s) for instance 32322.
2016.02.11 12:03:25,837	INFO	1	com.l2jmobius.gameserver.model.itemauction.ItemAuctionInstance	ItemAuctionInstance: Schedule next auction 3 on 17:00:00 17.02.16 for instance 32322
2016.02.11 12:03:25,837	INFO	1	com.l2jmobius.gameserver.instancemanager.ItemAuctionManager	ItemAuctionManager: Loaded 3 instance(s).
2016.02.11 12:03:25,837	INFO	1	com.l2jmobius.gameserver.GameServer	------------------------------------------------=[ Olympiad ]
2016.02.11 12:03:25,868	INFO	1	com.l2jmobius.gameserver.model.olympiad.Olympiad	Olympiad System: failed to load data from database, trying to load from file.
2016.02.11 12:03:26,001	INFO	1	com.l2jmobius.gameserver.model.olympiad.Olympiad	Olympiad System: Loading Olympiad System....
2016.02.11 12:03:26,001	INFO	1	com.l2jmobius.gameserver.model.olympiad.Olympiad	Olympiad System: Currently in Olympiad Period
2016.02.11 12:03:26,002	INFO	1	com.l2jmobius.gameserver.model.olympiad.Olympiad	Olympiad System: 27356 minutes until period ends
2016.02.11 12:03:26,002	INFO	1	com.l2jmobius.gameserver.model.olympiad.Olympiad	Olympiad System: Next weekly change is in 10079 minutes
2016.02.11 12:03:26,002	INFO	1	com.l2jmobius.gameserver.model.olympiad.Olympiad	Olympiad System: Loaded 0 Nobles
2016.02.11 12:03:26,004	INFO	1	com.l2jmobius.gameserver.model.olympiad.Olympiad	Olympiad System: Competition Period Starts in 0 days, 5 hours and 56 mins.
2016.02.11 12:03:26,009	INFO	1	com.l2jmobius.gameserver.model.olympiad.Olympiad	Olympiad System: Event starts/started : Thu Feb 11 18:00:26 CET 2016
2016.02.11 12:03:26,015	INFO	1	com.l2jmobius.gameserver.model.entity.Hero	Hero System: Loaded 0 Heroes.
2016.02.11 12:03:26,015	INFO	1	com.l2jmobius.gameserver.model.entity.Hero	Hero System: Loaded 0 all time Heroes.
2016.02.11 12:03:26,016	INFO	1	com.l2jmobius.gameserver.GameServer	---------------------------------------------------=[ Cache ]
2016.02.11 12:03:26,017	INFO	1	com.l2jmobius.gameserver.cache.HtmCache	Html cache start...
2016.02.11 12:03:27,530	INFO	1	com.l2jmobius.gameserver.cache.HtmCache	Cache[HTML]: 5.954 megabytes on 11133 files loaded
2016.02.11 12:03:27,535	INFO	1	com.l2jmobius.gameserver.data.sql.impl.CrestTable	CrestTable: Loaded 0 Crests.
2016.02.11 12:03:27,545	INFO	1	com.l2jmobius.gameserver.data.sql.impl.TeleportLocationTable	TeleportLocationTable: Loaded 1008 Teleport Location Templates.
2016.02.11 12:03:27,599	INFO	1	com.l2jmobius.util.data.xml.IXmlReader	Loaded: 21 npc teleporters.
2016.02.11 12:03:27,602	INFO	1	com.l2jmobius.gameserver.data.xml.impl.UIData	UIData: Loaded 4 keys 5 categories.
2016.02.11 12:03:27,728	INFO	1	com.l2jmobius.gameserver.datatables.AugmentationData	AugmentationData: Loaded: 40756 augmentations.
2016.02.11 12:03:27,728	INFO	1	com.l2jmobius.gameserver.datatables.AugmentationData	AugmentationData: Loaded: 3060 accessory augmentations.
2016.02.11 12:03:27,764	INFO	1	com.l2jmobius.gameserver.instancemanager.CursedWeaponsManager	CursedWeaponsManager: Loaded : 2 cursed weapon(s).
2016.02.11 12:03:28,196	INFO	1	com.l2jmobius.util.data.xml.IXmlReader	TransformData: Loaded: 124 transform templates.
2016.02.11 12:03:28,256	INFO	1	com.l2jmobius.gameserver.datatables.BotReportTable	BotReportTable: Loaded 0 bot reports
2016.02.11 12:03:28,266	WARNING	1	com.l2jmobius.util.data.xml.IXmlReader	DailyMissionData: Could not parse file dailyMissions.xml at line 356, column 75: cvc-elt.1: Cannot find the declaration of element 'mission'.
2016.02.11 12:03:28,267	INFO	1	com.l2jmobius.util.data.xml.IXmlReader	DailyMissionData: Loaded 0 daily missions.
2016.02.11 12:03:28,267	INFO	1	com.l2jmobius.gameserver.GameServer	-------------------------------------------------=[ Scripts ]
2016.02.11 12:03:28,289	INFO	1	com.l2jmobius.gameserver.instancemanager.AirShipManager	AirShipManager: Loaded 0 private airships
2016.02.11 12:03:28,300	INFO	1	com.l2jmobius.util.data.xml.IXmlReader	ShuttleData: Loaded: 3 Shuttles.
2016.02.11 12:03:28,305	INFO	1	com.l2jmobius.gameserver.instancemanager.JumpManager	JumpManager: Loaded 32 Jump Routes.
2016.02.11 12:03:28,305	INFO	1	com.l2jmobius.gameserver.GameServer	GameServer: Loading server scripts:
2016.02.11 12:03:29,593	INFO	1	handlers.MasterHandler	Loading Handlers...
2016.02.11 12:03:29,661	INFO	1	handlers.MasterHandler	ActionHandler: Loaded 10 Handlers
2016.02.11 12:03:29,661	INFO	1	handlers.MasterHandler	ActionShiftHandler: Loaded 6 Handlers
2016.02.11 12:03:29,661	INFO	1	handlers.MasterHandler	AdminCommandHandler: Loaded 436 Handlers
2016.02.11 12:03:29,662	INFO	1	handlers.MasterHandler	BypassHandler: Loaded 42 Handlers
2016.02.11 12:03:29,662	INFO	1	handlers.MasterHandler	ChatHandler: Loaded 14 Handlers
2016.02.11 12:03:29,662	INFO	1	handlers.MasterHandler	CommunityBoardHandler: Loaded 19 Handlers
2016.02.11 12:03:29,662	INFO	1	handlers.MasterHandler	ItemHandler: Loaded 31 Handlers
2016.02.11 12:03:29,662	INFO	1	handlers.MasterHandler	PunishmentHandler: Loaded 3 Handlers
2016.02.11 12:03:29,663	INFO	1	handlers.MasterHandler	UserCommandHandler: Loaded 16 Handlers
2016.02.11 12:03:29,663	INFO	1	handlers.MasterHandler	VoicedCommandHandler: Loaded 6 Handlers
2016.02.11 12:03:29,663	INFO	1	handlers.MasterHandler	TargetHandler: Loaded 35 Handlers
2016.02.11 12:03:29,663	INFO	1	handlers.MasterHandler	TelnetHandler: Loaded 20 Handlers
2016.02.11 12:03:29,663	INFO	1	handlers.MasterHandler	Handlers Loaded...
2016.02.11 12:03:35,696	INFO	1	com.l2jmobius.util.data.xml.IXmlReader	MentorGuide: Loaded: 41 mentee coins
2016.02.11 12:03:36,580	INFO	1	com.l2jmobius.util.data.xml.IXmlReader	NpcBuffersData: Loaded: 40 buffers data.
2016.02.11 12:03:42,790	INFO	1	com.l2jmobius.gameserver.model.events.AbstractScript	Handy's Block Checker Event is enabled
2016.02.11 12:03:42,899	INFO	1	com.l2jmobius.gameserver.model.events.AbstractScript	Fantasy Isle: Parade starting at 2016/02/11 13:20 and is scheduled each next 1 hours.
2016.02.11 12:03:55,443	INFO	1	instances.InstanceLoader	InstanceLoader: Loading Instances scripts.
2016.02.11 12:03:55,721	INFO	1	gracia.GraciaLoader	GraciaLoader: Loading Gracia related scripts.
2016.02.11 12:03:56,555	INFO	1	com.l2jmobius.gameserver.model.events.AbstractScript	[EnhanceYourWeapon] Loaded 54 Soul Crystal data.
2016.02.11 12:03:56,555	INFO	1	com.l2jmobius.gameserver.model.events.AbstractScript	[EnhanceYourWeapon] Loaded 240 npc Leveling info data.
2016.02.11 12:03:58,040	CONFIG	1	conquerablehalls.flagwar.BanditStronghold.BanditStronghold	Bandit StrongHold siege scheduled for Thu Feb 25 12:00:00 CET 2016.
2016.02.11 12:03:58,202	CONFIG	1	conquerablehalls.flagwar.WildBeastReserve.WildBeastReserve	Beast Farm siege scheduled for Thu Feb 25 12:00:00 CET 2016.
2016.02.11 12:03:58,321	CONFIG	1	conquerablehalls.DevastatedCastle.DevastatedCastle	Devastated Castle siege scheduled for Thu Feb 25 12:00:00 CET 2016.
2016.02.11 12:03:58,445	CONFIG	1	conquerablehalls.FortressOfResistance.FortressOfResistance	Fortress of Resistance siege scheduled for Thu Feb 25 12:00:00 CET 2016.
2016.02.11 12:03:58,578	CONFIG	1	conquerablehalls.FortressOfTheDead.FortressOfTheDead	Fortresss of the Dead siege scheduled for Thu Feb 25 12:00:00 CET 2016.
2016.02.11 12:03:58,684	CONFIG	1	conquerablehalls.RainbowSpringsChateau.RainbowSpringsChateau	Rainbow Springs siege scheduled for Thu Feb 25 12:00:00 CET 2016.
2016.02.11 12:03:58,932	INFO	1	com.l2jmobius.gameserver.model.events.AbstractScript	Event Eve the Fortune Teller has passed... Ignored 
2016.02.11 12:03:59,016	INFO	1	com.l2jmobius.gameserver.model.events.AbstractScript	Event Hunt for Santa has passed... Ignored 
2016.02.11 12:03:59,091	INFO	1	com.l2jmobius.gameserver.model.events.AbstractScript	Event Red Libra has passed... Ignored 
2016.02.11 12:04:01,087	INFO	1	com.l2jmobius.gameserver.datatables.SpawnTable	SpawnTable: Loaded 3610 npc spawns.
2016.02.11 12:04:01,087	INFO	1	com.l2jmobius.gameserver.datatables.SpawnTable	SpawnTable: Loaded 0 custom npc spawns.
2016.02.11 12:04:01,164	INFO	1	com.l2jmobius.gameserver.datatables.SpawnTable	SpawnTable: Loaded 914 npc spawns from XML.
2016.02.11 12:04:01,164	INFO	1	com.l2jmobius.gameserver.instancemanager.DayNightSpawnManager	DayNightSpawnManager: Removed 0 day creatures
2016.02.11 12:04:01,185	INFO	1	com.l2jmobius.gameserver.instancemanager.DayNightSpawnManager	DayNightSpawnManager: Spawned 1162 night creatures
2016.02.11 12:04:01,246	INFO	1	com.l2jmobius.gameserver.instancemanager.RaidBossSpawnManager	RaidBossSpawnManager: Loaded 180 Instances
2016.02.11 12:04:01,246	INFO	1	com.l2jmobius.gameserver.instancemanager.RaidBossSpawnManager	RaidBossSpawnManager: Scheduled 0 Instances
2016.02.11 12:04:01,257	INFO	1	com.l2jmobius.gameserver.instancemanager.FourSepulchersManager	FourSepulchersManager: loaded 20 Mysterious-Box spawns.
2016.02.11 12:04:01,287	INFO	1	com.l2jmobius.gameserver.instancemanager.FourSepulchersManager	FourSepulchersManager: loaded 716 Physical type monsters spawns.
2016.02.11 12:04:01,305	INFO	1	com.l2jmobius.gameserver.instancemanager.FourSepulchersManager	FourSepulchersManager: loaded 716 Magical type monsters spawns.
2016.02.11 12:04:01,324	INFO	1	com.l2jmobius.gameserver.instancemanager.FourSepulchersManager	FourSepulchersManager: loaded 92 Church of duke monsters spawns.
2016.02.11 12:04:01,330	INFO	1	com.l2jmobius.gameserver.instancemanager.FourSepulchersManager	FourSepulchersManager: loaded 68 Emperor's grave NPC spawns.
2016.02.11 12:04:01,330	INFO	1	com.l2jmobius.gameserver.instancemanager.FourSepulchersManager	FourSepulchersManager: spawned Conquerors' Sepulcher Manager
2016.02.11 12:04:01,331	INFO	1	com.l2jmobius.gameserver.instancemanager.FourSepulchersManager	FourSepulchersManager: spawned Sepulcher of Rulers Manager
2016.02.11 12:04:01,331	INFO	1	com.l2jmobius.gameserver.instancemanager.FourSepulchersManager	FourSepulchersManager: spawned Great Sages' Sepulcher Manager
2016.02.11 12:04:01,331	INFO	1	com.l2jmobius.gameserver.instancemanager.FourSepulchersManager	FourSepulchersManager: spawned Judges' Sepulcher Manager
2016.02.11 12:04:01,333	INFO	1	com.l2jmobius.gameserver.instancemanager.FourSepulchersManager	FourSepulchersManager: Beginning in Attack time
2016.02.11 12:04:01,333	INFO	1	com.l2jmobius.gameserver.GameServer	---------------------------------------------------=[ Siege ]
2016.02.11 12:04:01,343	INFO	1	com.l2jmobius.gameserver.model.entity.Siege	Siege of Gludio: Sun Feb 21 16:00:00 CET 2016
2016.02.11 12:04:01,352	INFO	1	com.l2jmobius.gameserver.model.entity.Siege	Siege of Dion: Sun Feb 21 16:00:00 CET 2016
2016.02.11 12:04:01,352	INFO	1	com.l2jmobius.gameserver.model.entity.Siege	Siege of Giran: Sun Feb 21 16:00:00 CET 2016
2016.02.11 12:04:01,352	INFO	1	com.l2jmobius.gameserver.model.entity.Siege	Siege of Oren: Sun Feb 21 16:00:00 CET 2016
2016.02.11 12:04:01,352	INFO	1	com.l2jmobius.gameserver.model.entity.Siege	Siege of Aden: Sun Feb 21 16:00:00 CET 2016
2016.02.11 12:04:01,368	INFO	1	com.l2jmobius.gameserver.model.entity.Siege	Siege of Innadril: Sun Feb 21 20:00:00 CET 2016
2016.02.11 12:04:01,368	INFO	1	com.l2jmobius.gameserver.model.entity.Siege	Siege of Goddard: Sun Feb 21 20:00:00 CET 2016
2016.02.11 12:04:01,368	INFO	1	com.l2jmobius.gameserver.model.entity.Siege	Siege of Rune: Sun Feb 21 20:00:00 CET 2016
2016.02.11 12:04:01,368	INFO	1	com.l2jmobius.gameserver.model.entity.Siege	Siege of Schuttgart: Sun Feb 21 20:00:00 CET 2016
2016.02.11 12:04:01,479	INFO	1	com.l2jmobius.gameserver.instancemanager.FortManager	FortManager: Loaded: 20 fortress
2016.02.11 12:04:01,665	INFO	1	com.l2jmobius.util.data.xml.IXmlReader	SiegeScheduleData: Loaded: 2 siege schedulers.
2016.02.11 12:04:01,665	INFO	1	com.l2jmobius.util.data.xml.IXmlReader	CastleManorManager: Manor system is deactivated.
2016.02.11 12:04:01,665	INFO	1	com.l2jmobius.gameserver.instancemanager.MercTicketManager	MercTicketManager: Loaded: 0 Mercenary Tickets
2016.02.11 12:04:01,665	INFO	1	com.l2jmobius.gameserver.instancemanager.QuestManager	QuestManager: Loaded: 243 quests.
2016.02.11 12:04:01,665	INFO	1	com.l2jmobius.gameserver.instancemanager.QuestManager	QuestManager: Loaded: 265 scripts.
2016.02.11 12:04:01,680	INFO	1	com.l2jmobius.gameserver.script.faenor.FaenorEventParser	Event ID: (Valentines Event) has passed... Ignored.
2016.02.11 12:04:01,680	INFO	1	com.l2jmobius.gameserver.script.faenor.FaenorScriptEngine	FaenorScriptEngine: Loaded  Valentines.xml successfully.
2016.02.11 12:04:01,680	INFO	1	com.l2jmobius.gameserver.GameServer	AutoSpawnHandler: Loaded 6 handlers in total.
2016.02.11 12:04:01,696	INFO	1	com.l2jmobius.gameserver.instancemanager.FishingChampionshipManager	FishingChampionshipManager : new event period start.
2016.02.11 12:04:01,717	INFO	1	com.l2jmobius.gameserver.taskmanager.TaskManager	TaskManager: Loaded: 12 Tasks
2016.02.11 12:04:01,720	INFO	1	com.l2jmobius.gameserver.instancemanager.MailManager	MailManager: Successfully loaded 0 messages.
2016.02.11 12:04:01,722	INFO	1	com.l2jmobius.gameserver.instancemanager.PunishmentManager	PunishmentManager: Loaded 0 active and 0 expired punishments.
2016.02.11 12:04:01,724	INFO	1	com.l2jmobius.gameserver.GameServer	IdFactory: Free ObjectID's remaining: 1878996592
2016.02.11 12:04:01,728	INFO	1	com.l2jmobius.gameserver.model.entity.TvTManager	TvTEventEngine[TvTManager.TvTManager()]: Started.
2016.02.11 12:04:01,734	INFO	1	com.l2jmobius.gameserver.data.sql.impl.OfflineTradersTable	OfflineTradersTable: Loading offline traders...
2016.02.11 12:04:01,735	INFO	1	com.l2jmobius.gameserver.data.sql.impl.OfflineTradersTable	OfflineTradersTable: Loaded: 0 offline trader(s)
2016.02.11 12:04:04,915	INFO	1	com.l2jmobius.gameserver.GameServer	GameServer: Started, using 1874 of 3993 MB total memory.
2016.02.11 12:04:04,915	INFO	1	com.l2jmobius.gameserver.GameServer	GameServer: Geodata use 0 MB of memory.
2016.02.11 12:04:04,915	INFO	1	com.l2jmobius.gameserver.GameServer	GameServer: Maximum number of connected players is 2000.
2016.02.11 12:04:04,915	INFO	1	com.l2jmobius.gameserver.GameServer	GameServer: Server loaded in 65 seconds.
2016.02.11 12:04:05,054	INFO	1	com.l2jmobius.gameserver.GameServer	GameServer: is now listening on: *:7777
2016.02.11 12:04:05,065	INFO	432	com.l2jmobius.gameserver.LoginServerThread	Connecting to login on 127.0.0.1:9014
2016.02.11 12:04:05,370	INFO	432	com.l2jmobius.gameserver.LoginServerThread	Registered on login as Server 1 : Bartz
2016.02.11 12:12:21,802	INFO	51	com.l2jmobius.gameserver.instancemanager.GlobalVariablesManager	GlobalVariablesManager: Stored 5 variables.
2016.02.11 12:20:16,891	WARNING	432	com.l2jmobius.gameserver.LoginServerThread	LoginServer not avaible, trying to reconnect...
